[1.479s] Invoking command in '/f1tenth_ws/src/f1tenth_system/teleop_tools/key_teleop': PYTHONPATH=/f1tenth_ws/install/key_teleop/lib/python3.8/site-packages:${PYTHONPATH} /usr/bin/python3 setup.py egg_info --egg-base ../../../../build/key_teleop build --build-base /f1tenth_ws/build/key_teleop/build install --prefix /f1tenth_ws/install/key_teleop --record /f1tenth_ws/build/key_teleop/install.log --single-version-externally-managed
[2.591s] running egg_info
[2.593s] writing ../../../../build/key_teleop/key_teleop.egg-info/PKG-INFO
[2.596s] writing dependency_links to ../../../../build/key_teleop/key_teleop.egg-info/dependency_links.txt
[2.597s] writing entry points to ../../../../build/key_teleop/key_teleop.egg-info/entry_points.txt
[2.598s] writing requirements to ../../../../build/key_teleop/key_teleop.egg-info/requires.txt
[2.599s] writing top-level names to ../../../../build/key_teleop/key_teleop.egg-info/top_level.txt
[2.806s] reading manifest file '../../../../build/key_teleop/key_teleop.egg-info/SOURCES.txt'
[2.811s] writing manifest file '../../../../build/key_teleop/key_teleop.egg-info/SOURCES.txt'
[2.812s] running build
[2.812s] running build_py
[2.815s] running install
[2.820s] running install_lib
[2.830s] running install_data
[2.833s] running install_egg_info
[2.842s] removing '/f1tenth_ws/install/key_teleop/lib/python3.8/site-packages/key_teleop-0.3.0-py3.8.egg-info' (and everything under it)
[2.843s] Copying ../../../../build/key_teleop/key_teleop.egg-info to /f1tenth_ws/install/key_teleop/lib/python3.8/site-packages/key_teleop-0.3.0-py3.8.egg-info
[2.848s] running install_scripts
[2.935s] Installing key_teleop script to /f1tenth_ws/install/key_teleop/lib/key_teleop
[2.937s] writing list of installed files to '/f1tenth_ws/build/key_teleop/install.log'
[3.408s] Invoked command in '/f1tenth_ws/src/f1tenth_system/teleop_tools/key_teleop' returned '0': PYTHONPATH=/f1tenth_ws/install/key_teleop/lib/python3.8/site-packages:${PYTHONPATH} /usr/bin/python3 setup.py egg_info --egg-base ../../../../build/key_teleop build --build-base /f1tenth_ws/build/key_teleop/build install --prefix /f1tenth_ws/install/key_teleop --record /f1tenth_ws/build/key_teleop/install.log --single-version-externally-managed
