[0.537s] Invoking command in '/f1tenth_ws/build/vesc_msgs': CMAKE_PREFIX_PATH=${CMAKE_PREFIX_PATH}:/f1tenth_ws/install/f1tenth_stack:/f1tenth_ws/install/joy_teleop:/f1tenth_ws/install/particle_filter:/f1tenth_ws/install/mouse_teleop:/f1tenth_ws/install/key_teleop:/opt/ros/foxy /usr/bin/cmake --build /f1tenth_ws/build/vesc_msgs -- -j6 -l6
[2.545s] [  1%] Built target vesc_msgs__cpp
[2.545s] [ 12%] Built target vesc_msgs__rosidl_generator_c
[2.546s] [ 23%] Built target vesc_msgs__rosidl_typesupport_introspection_cpp
[2.546s] [ 34%] Built target vesc_msgs__rosidl_typesupport_introspection_c
[2.546s] [ 45%] Built target vesc_msgs__rosidl_typesupport_c
[2.547s] [ 56%] Built target vesc_msgs__rosidl_typesupport_fastrtps_cpp
[2.786s] [ 67%] Built target vesc_msgs__rosidl_typesupport_cpp
[3.284s] [ 78%] Built target vesc_msgs__rosidl_typesupport_fastrtps_c
[3.560s] [ 78%] Built target vesc_msgs
[3.741s] [ 80%] Built target vesc_msgs__py
[4.099s] [ 89%] Built target vesc_msgs__python
[4.525s] [ 92%] Built target vesc_msgs__rosidl_typesupport_c__pyext
[4.758s] [ 96%] Built target vesc_msgs__rosidl_typesupport_fastrtps_c__pyext
[5.049s] [100%] Built target vesc_msgs__rosidl_typesupport_introspection_c__pyext
[6.370s] Invoked command in '/f1tenth_ws/build/vesc_msgs' returned '0': CMAKE_PREFIX_PATH=${CMAKE_PREFIX_PATH}:/f1tenth_ws/install/f1tenth_stack:/f1tenth_ws/install/joy_teleop:/f1tenth_ws/install/particle_filter:/f1tenth_ws/install/mouse_teleop:/f1tenth_ws/install/key_teleop:/opt/ros/foxy /usr/bin/cmake --build /f1tenth_ws/build/vesc_msgs -- -j6 -l6
[8.683s] Invoking command in '/f1tenth_ws/build/vesc_msgs': CMAKE_PREFIX_PATH=${CMAKE_PREFIX_PATH}:/f1tenth_ws/install/f1tenth_stack:/f1tenth_ws/install/joy_teleop:/f1tenth_ws/install/particle_filter:/f1tenth_ws/install/mouse_teleop:/f1tenth_ws/install/key_teleop:/opt/ros/foxy /usr/bin/cmake --install /f1tenth_ws/build/vesc_msgs
[8.966s] -- Install configuration: ""
[8.966s] -- Up-to-date: /f1tenth_ws/install/vesc_msgs/share/ament_index/resource_index/rosidl_interfaces/vesc_msgs
[8.967s] -- Up-to-date: /f1tenth_ws/install/vesc_msgs/include/vesc_msgs
[8.967s] -- Up-to-date: /f1tenth_ws/install/vesc_msgs/include/vesc_msgs/msg
[8.967s] -- Up-to-date: /f1tenth_ws/install/vesc_msgs/include/vesc_msgs/msg/vesc_state_stamped.h
[8.968s] -- Up-to-date: /f1tenth_ws/install/vesc_msgs/include/vesc_msgs/msg/vesc_state.h
[8.968s] -- Up-to-date: /f1tenth_ws/install/vesc_msgs/include/vesc_msgs/msg/vesc_imu_stamped.h
[8.968s] -- Up-to-date: /f1tenth_ws/install/vesc_msgs/include/vesc_msgs/msg/vesc_imu.h
[8.969s] -- Up-to-date: /f1tenth_ws/install/vesc_msgs/include/vesc_msgs/msg/detail
[8.973s] -- Up-to-date: /f1tenth_ws/install/vesc_msgs/include/vesc_msgs/msg/detail/vesc_imu_stamped__functions.c
[8.974s] -- Up-to-date: /f1tenth_ws/install/vesc_msgs/include/vesc_msgs/msg/detail/vesc_imu_stamped__struct.h
[8.974s] -- Up-to-date: /f1tenth_ws/install/vesc_msgs/include/vesc_msgs/msg/detail/vesc_imu__functions.c
[8.974s] -- Up-to-date: /f1tenth_ws/install/vesc_msgs/include/vesc_msgs/msg/detail/vesc_state_stamped__type_support.h
[8.976s] -- Up-to-date: /f1tenth_ws/install/vesc_msgs/include/vesc_msgs/msg/detail/vesc_state__functions.c
[8.976s] -- Up-to-date: /f1tenth_ws/install/vesc_msgs/include/vesc_msgs/msg/detail/vesc_imu_stamped__type_support.h
[8.976s] -- Up-to-date: /f1tenth_ws/install/vesc_msgs/include/vesc_msgs/msg/detail/vesc_state__functions.h
[8.977s] -- Up-to-date: /f1tenth_ws/install/vesc_msgs/include/vesc_msgs/msg/detail/vesc_state_stamped__struct.h
[8.977s] -- Up-to-date: /f1tenth_ws/install/vesc_msgs/include/vesc_msgs/msg/detail/vesc_state__type_support.h
[8.977s] -- Up-to-date: /f1tenth_ws/install/vesc_msgs/include/vesc_msgs/msg/detail/vesc_imu__type_support.h
[8.978s] -- Up-to-date: /f1tenth_ws/install/vesc_msgs/include/vesc_msgs/msg/detail/vesc_state_stamped__functions.c
[8.978s] -- Up-to-date: /f1tenth_ws/install/vesc_msgs/include/vesc_msgs/msg/detail/vesc_imu_stamped__functions.h
[8.978s] -- Up-to-date: /f1tenth_ws/install/vesc_msgs/include/vesc_msgs/msg/detail/vesc_state_stamped__functions.h
[8.979s] -- Up-to-date: /f1tenth_ws/install/vesc_msgs/include/vesc_msgs/msg/detail/vesc_state__struct.h
[8.979s] -- Up-to-date: /f1tenth_ws/install/vesc_msgs/include/vesc_msgs/msg/detail/vesc_imu__struct.h
[8.979s] -- Up-to-date: /f1tenth_ws/install/vesc_msgs/include/vesc_msgs/msg/detail/vesc_imu__functions.h
[8.980s] -- Up-to-date: /f1tenth_ws/install/vesc_msgs/include/vesc_msgs/msg/rosidl_generator_c__visibility_control.h
[8.980s] -- Up-to-date: /f1tenth_ws/install/vesc_msgs/share/vesc_msgs/environment/library_path.sh
[8.980s] -- Up-to-date: /f1tenth_ws/install/vesc_msgs/share/vesc_msgs/environment/library_path.dsv
[8.981s] -- Up-to-date: /f1tenth_ws/install/vesc_msgs/lib/libvesc_msgs__rosidl_generator_c.so
[8.984s] -- Up-to-date: /f1tenth_ws/install/vesc_msgs/include/vesc_msgs
[8.984s] -- Up-to-date: /f1tenth_ws/install/vesc_msgs/include/vesc_msgs/msg
[8.985s] -- Up-to-date: /f1tenth_ws/install/vesc_msgs/include/vesc_msgs/msg/detail
[8.987s] -- Up-to-date: /f1tenth_ws/install/vesc_msgs/include/vesc_msgs/msg/detail/vesc_imu__rosidl_typesupport_fastrtps_c.h
[8.987s] -- Up-to-date: /f1tenth_ws/install/vesc_msgs/include/vesc_msgs/msg/detail/vesc_state_stamped__rosidl_typesupport_fastrtps_c.h
[8.987s] -- Up-to-date: /f1tenth_ws/install/vesc_msgs/include/vesc_msgs/msg/detail/vesc_imu_stamped__rosidl_typesupport_fastrtps_c.h
[8.988s] -- Up-to-date: /f1tenth_ws/install/vesc_msgs/include/vesc_msgs/msg/detail/vesc_state__rosidl_typesupport_fastrtps_c.h
[8.988s] -- Up-to-date: /f1tenth_ws/install/vesc_msgs/include/vesc_msgs/msg/rosidl_typesupport_fastrtps_c__visibility_control.h
[8.988s] -- Up-to-date: /f1tenth_ws/install/vesc_msgs/lib/libvesc_msgs__rosidl_typesupport_fastrtps_c.so
[8.988s] -- Up-to-date: /f1tenth_ws/install/vesc_msgs/include/vesc_msgs
[8.989s] -- Up-to-date: /f1tenth_ws/install/vesc_msgs/include/vesc_msgs/msg
[8.989s] -- Up-to-date: /f1tenth_ws/install/vesc_msgs/include/vesc_msgs/msg/rosidl_typesupport_fastrtps_cpp__visibility_control.h
[8.989s] -- Up-to-date: /f1tenth_ws/install/vesc_msgs/include/vesc_msgs/msg/detail
[8.990s] -- Up-to-date: /f1tenth_ws/install/vesc_msgs/include/vesc_msgs/msg/detail/vesc_imu__rosidl_typesupport_fastrtps_cpp.hpp
[8.990s] -- Up-to-date: /f1tenth_ws/install/vesc_msgs/include/vesc_msgs/msg/detail/vesc_state_stamped__rosidl_typesupport_fastrtps_cpp.hpp
[8.990s] -- Up-to-date: /f1tenth_ws/install/vesc_msgs/include/vesc_msgs/msg/detail/dds_fastrtps
[8.991s] -- Up-to-date: /f1tenth_ws/install/vesc_msgs/include/vesc_msgs/msg/detail/vesc_state__rosidl_typesupport_fastrtps_cpp.hpp
[8.991s] -- Up-to-date: /f1tenth_ws/install/vesc_msgs/include/vesc_msgs/msg/detail/vesc_imu_stamped__rosidl_typesupport_fastrtps_cpp.hpp
[8.991s] -- Up-to-date: /f1tenth_ws/install/vesc_msgs/lib/libvesc_msgs__rosidl_typesupport_fastrtps_cpp.so
[8.992s] -- Up-to-date: /f1tenth_ws/install/vesc_msgs/include/vesc_msgs
[8.992s] -- Up-to-date: /f1tenth_ws/install/vesc_msgs/include/vesc_msgs/msg
[8.992s] -- Up-to-date: /f1tenth_ws/install/vesc_msgs/include/vesc_msgs/msg/rosidl_typesupport_introspection_c__visibility_control.h
[8.992s] -- Up-to-date: /f1tenth_ws/install/vesc_msgs/include/vesc_msgs/msg/detail
[8.993s] -- Up-to-date: /f1tenth_ws/install/vesc_msgs/include/vesc_msgs/msg/detail/vesc_state_stamped__type_support.c
[8.993s] -- Up-to-date: /f1tenth_ws/install/vesc_msgs/include/vesc_msgs/msg/detail/vesc_imu__rosidl_typesupport_introspection_c.h
[8.993s] -- Up-to-date: /f1tenth_ws/install/vesc_msgs/include/vesc_msgs/msg/detail/vesc_state__type_support.c
[8.994s] -- Up-to-date: /f1tenth_ws/install/vesc_msgs/include/vesc_msgs/msg/detail/vesc_state__rosidl_typesupport_introspection_c.h
[8.994s] -- Up-to-date: /f1tenth_ws/install/vesc_msgs/include/vesc_msgs/msg/detail/vesc_state_stamped__rosidl_typesupport_introspection_c.h
[8.994s] -- Up-to-date: /f1tenth_ws/install/vesc_msgs/include/vesc_msgs/msg/detail/vesc_imu_stamped__rosidl_typesupport_introspection_c.h
[8.995s] -- Up-to-date: /f1tenth_ws/install/vesc_msgs/include/vesc_msgs/msg/detail/vesc_imu_stamped__type_support.c
[8.995s] -- Up-to-date: /f1tenth_ws/install/vesc_msgs/include/vesc_msgs/msg/detail/vesc_imu__type_support.c
[8.995s] -- Up-to-date: /f1tenth_ws/install/vesc_msgs/lib/libvesc_msgs__rosidl_typesupport_introspection_c.so
[8.995s] -- Up-to-date: /f1tenth_ws/install/vesc_msgs/lib/libvesc_msgs__rosidl_typesupport_c.so
[8.996s] -- Up-to-date: /f1tenth_ws/install/vesc_msgs/include/vesc_msgs
[8.996s] -- Up-to-date: /f1tenth_ws/install/vesc_msgs/include/vesc_msgs/msg
[8.996s] -- Up-to-date: /f1tenth_ws/install/vesc_msgs/include/vesc_msgs/msg/vesc_state.hpp
[8.998s] -- Up-to-date: /f1tenth_ws/install/vesc_msgs/include/vesc_msgs/msg/vesc_imu_stamped.hpp
[8.998s] -- Up-to-date: /f1tenth_ws/install/vesc_msgs/include/vesc_msgs/msg/vesc_imu.hpp
[8.998s] -- Up-to-date: /f1tenth_ws/install/vesc_msgs/include/vesc_msgs/msg/detail
[8.999s] -- Up-to-date: /f1tenth_ws/install/vesc_msgs/include/vesc_msgs/msg/detail/vesc_state__struct.hpp
[8.999s] -- Up-to-date: /f1tenth_ws/install/vesc_msgs/include/vesc_msgs/msg/detail/vesc_state__builder.hpp
[9.000s] -- Up-to-date: /f1tenth_ws/install/vesc_msgs/include/vesc_msgs/msg/detail/vesc_imu__traits.hpp
[9.000s] -- Up-to-date: /f1tenth_ws/install/vesc_msgs/include/vesc_msgs/msg/detail/vesc_state_stamped__builder.hpp
[9.000s] -- Up-to-date: /f1tenth_ws/install/vesc_msgs/include/vesc_msgs/msg/detail/vesc_imu_stamped__struct.hpp
[9.000s] -- Up-to-date: /f1tenth_ws/install/vesc_msgs/include/vesc_msgs/msg/detail/vesc_imu__struct.hpp
[9.001s] -- Up-to-date: /f1tenth_ws/install/vesc_msgs/include/vesc_msgs/msg/detail/vesc_state__traits.hpp
[9.001s] -- Up-to-date: /f1tenth_ws/install/vesc_msgs/include/vesc_msgs/msg/detail/vesc_state_stamped__traits.hpp
[9.001s] -- Up-to-date: /f1tenth_ws/install/vesc_msgs/include/vesc_msgs/msg/detail/vesc_imu_stamped__builder.hpp
[9.002s] -- Up-to-date: /f1tenth_ws/install/vesc_msgs/include/vesc_msgs/msg/detail/vesc_imu_stamped__traits.hpp
[9.002s] -- Up-to-date: /f1tenth_ws/install/vesc_msgs/include/vesc_msgs/msg/detail/vesc_imu__builder.hpp
[9.003s] -- Up-to-date: /f1tenth_ws/install/vesc_msgs/include/vesc_msgs/msg/detail/vesc_state_stamped__struct.hpp
[9.003s] -- Up-to-date: /f1tenth_ws/install/vesc_msgs/include/vesc_msgs/msg/vesc_state_stamped.hpp
[9.004s] -- Up-to-date: /f1tenth_ws/install/vesc_msgs/include/vesc_msgs
[9.005s] -- Up-to-date: /f1tenth_ws/install/vesc_msgs/include/vesc_msgs/msg
[9.005s] -- Up-to-date: /f1tenth_ws/install/vesc_msgs/include/vesc_msgs/msg/detail
[9.005s] -- Up-to-date: /f1tenth_ws/install/vesc_msgs/include/vesc_msgs/msg/detail/vesc_imu__type_support.cpp
[9.006s] -- Up-to-date: /f1tenth_ws/install/vesc_msgs/include/vesc_msgs/msg/detail/vesc_state_stamped__rosidl_typesupport_introspection_cpp.hpp
[9.006s] -- Up-to-date: /f1tenth_ws/install/vesc_msgs/include/vesc_msgs/msg/detail/vesc_state_stamped__type_support.cpp
[9.006s] -- Up-to-date: /f1tenth_ws/install/vesc_msgs/include/vesc_msgs/msg/detail/vesc_state__type_support.cpp
[9.006s] -- Up-to-date: /f1tenth_ws/install/vesc_msgs/include/vesc_msgs/msg/detail/vesc_state__rosidl_typesupport_introspection_cpp.hpp
[9.007s] -- Up-to-date: /f1tenth_ws/install/vesc_msgs/include/vesc_msgs/msg/detail/vesc_imu__rosidl_typesupport_introspection_cpp.hpp
[9.007s] -- Up-to-date: /f1tenth_ws/install/vesc_msgs/include/vesc_msgs/msg/detail/vesc_imu_stamped__type_support.cpp
[9.007s] -- Up-to-date: /f1tenth_ws/install/vesc_msgs/include/vesc_msgs/msg/detail/vesc_imu_stamped__rosidl_typesupport_introspection_cpp.hpp
[9.008s] -- Up-to-date: /f1tenth_ws/install/vesc_msgs/lib/libvesc_msgs__rosidl_typesupport_introspection_cpp.so
[9.008s] -- Up-to-date: /f1tenth_ws/install/vesc_msgs/lib/libvesc_msgs__rosidl_typesupport_cpp.so
[9.008s] -- Up-to-date: /f1tenth_ws/install/vesc_msgs/share/vesc_msgs/environment/pythonpath.sh
[9.009s] -- Up-to-date: /f1tenth_ws/install/vesc_msgs/share/vesc_msgs/environment/pythonpath.dsv
[9.009s] -- Up-to-date: /f1tenth_ws/install/vesc_msgs/lib/python3.8/site-packages/vesc_msgs/__init__.py
[9.223s] -- Up-to-date: /f1tenth_ws/install/vesc_msgs/lib/python3.8/site-packages/vesc_msgs/msg
[9.225s] -- Up-to-date: /f1tenth_ws/install/vesc_msgs/lib/python3.8/site-packages/vesc_msgs/msg/_vesc_state.py
[9.226s] -- Up-to-date: /f1tenth_ws/install/vesc_msgs/lib/python3.8/site-packages/vesc_msgs/msg/_vesc_imu_s.c
[9.227s] -- Up-to-date: /f1tenth_ws/install/vesc_msgs/lib/python3.8/site-packages/vesc_msgs/msg/_vesc_imu.py
[9.228s] -- Up-to-date: /f1tenth_ws/install/vesc_msgs/lib/python3.8/site-packages/vesc_msgs/msg/_vesc_state_stamped_s.c
[9.228s] -- Up-to-date: /f1tenth_ws/install/vesc_msgs/lib/python3.8/site-packages/vesc_msgs/msg/_vesc_state_s.c
[9.229s] -- Up-to-date: /f1tenth_ws/install/vesc_msgs/lib/python3.8/site-packages/vesc_msgs/msg/_vesc_imu_stamped.py
[9.229s] -- Up-to-date: /f1tenth_ws/install/vesc_msgs/lib/python3.8/site-packages/vesc_msgs/msg/_vesc_imu_stamped_s.c
[9.230s] -- Up-to-date: /f1tenth_ws/install/vesc_msgs/lib/python3.8/site-packages/vesc_msgs/msg/_vesc_state_stamped.py
[9.230s] -- Up-to-date: /f1tenth_ws/install/vesc_msgs/lib/python3.8/site-packages/vesc_msgs/msg/__init__.py
[9.231s] -- Up-to-date: /f1tenth_ws/install/vesc_msgs/lib/python3.8/site-packages/vesc_msgs/vesc_msgs_s__rosidl_typesupport_fastrtps_c.cpython-38-aarch64-linux-gnu.so
[9.232s] -- Up-to-date: /f1tenth_ws/install/vesc_msgs/lib/python3.8/site-packages/vesc_msgs/vesc_msgs_s__rosidl_typesupport_introspection_c.cpython-38-aarch64-linux-gnu.so
[9.232s] -- Up-to-date: /f1tenth_ws/install/vesc_msgs/lib/python3.8/site-packages/vesc_msgs/vesc_msgs_s__rosidl_typesupport_c.cpython-38-aarch64-linux-gnu.so
[9.232s] -- Up-to-date: /f1tenth_ws/install/vesc_msgs/lib/libvesc_msgs__python.so
[9.233s] -- Up-to-date: /f1tenth_ws/install/vesc_msgs/share/vesc_msgs/msg/VescState.idl
[9.237s] -- Up-to-date: /f1tenth_ws/install/vesc_msgs/share/vesc_msgs/msg/VescStateStamped.idl
[9.238s] -- Up-to-date: /f1tenth_ws/install/vesc_msgs/share/vesc_msgs/msg/VescImu.idl
[9.238s] -- Up-to-date: /f1tenth_ws/install/vesc_msgs/share/vesc_msgs/msg/VescImuStamped.idl
[9.238s] -- Up-to-date: /f1tenth_ws/install/vesc_msgs/share/vesc_msgs/msg/VescState.msg
[9.239s] -- Up-to-date: /f1tenth_ws/install/vesc_msgs/share/vesc_msgs/msg/VescStateStamped.msg
[9.239s] -- Up-to-date: /f1tenth_ws/install/vesc_msgs/share/vesc_msgs/msg/VescImu.msg
[9.240s] -- Up-to-date: /f1tenth_ws/install/vesc_msgs/share/vesc_msgs/msg/VescImuStamped.msg
[9.240s] -- Up-to-date: /f1tenth_ws/install/vesc_msgs/share/ament_index/resource_index/package_run_dependencies/vesc_msgs
[9.240s] -- Up-to-date: /f1tenth_ws/install/vesc_msgs/share/ament_index/resource_index/parent_prefix_path/vesc_msgs
[9.241s] -- Up-to-date: /f1tenth_ws/install/vesc_msgs/share/vesc_msgs/environment/ament_prefix_path.sh
[9.242s] -- Up-to-date: /f1tenth_ws/install/vesc_msgs/share/vesc_msgs/environment/ament_prefix_path.dsv
[9.246s] -- Up-to-date: /f1tenth_ws/install/vesc_msgs/share/vesc_msgs/environment/path.sh
[9.247s] -- Up-to-date: /f1tenth_ws/install/vesc_msgs/share/vesc_msgs/environment/path.dsv
[9.247s] -- Up-to-date: /f1tenth_ws/install/vesc_msgs/share/vesc_msgs/local_setup.bash
[9.248s] -- Up-to-date: /f1tenth_ws/install/vesc_msgs/share/vesc_msgs/local_setup.sh
[9.248s] -- Up-to-date: /f1tenth_ws/install/vesc_msgs/share/vesc_msgs/local_setup.zsh
[9.248s] -- Up-to-date: /f1tenth_ws/install/vesc_msgs/share/vesc_msgs/local_setup.dsv
[9.249s] -- Installing: /f1tenth_ws/install/vesc_msgs/share/vesc_msgs/package.dsv
[9.249s] -- Up-to-date: /f1tenth_ws/install/vesc_msgs/share/ament_index/resource_index/packages/vesc_msgs
[9.254s] -- Up-to-date: /f1tenth_ws/install/vesc_msgs/share/vesc_msgs/cmake/vesc_msgs__rosidl_generator_cExport.cmake
[9.254s] -- Up-to-date: /f1tenth_ws/install/vesc_msgs/share/vesc_msgs/cmake/vesc_msgs__rosidl_generator_cExport-noconfig.cmake
[9.254s] -- Up-to-date: /f1tenth_ws/install/vesc_msgs/share/vesc_msgs/cmake/vesc_msgs__rosidl_typesupport_introspection_cExport.cmake
[9.255s] -- Up-to-date: /f1tenth_ws/install/vesc_msgs/share/vesc_msgs/cmake/vesc_msgs__rosidl_typesupport_introspection_cExport-noconfig.cmake
[9.255s] -- Up-to-date: /f1tenth_ws/install/vesc_msgs/share/vesc_msgs/cmake/vesc_msgs__rosidl_typesupport_cExport.cmake
[9.255s] -- Up-to-date: /f1tenth_ws/install/vesc_msgs/share/vesc_msgs/cmake/vesc_msgs__rosidl_typesupport_cExport-noconfig.cmake
[9.256s] -- Up-to-date: /f1tenth_ws/install/vesc_msgs/share/vesc_msgs/cmake/vesc_msgs__rosidl_generator_cppExport.cmake
[9.256s] -- Up-to-date: /f1tenth_ws/install/vesc_msgs/share/vesc_msgs/cmake/vesc_msgs__rosidl_typesupport_introspection_cppExport.cmake
[9.256s] -- Up-to-date: /f1tenth_ws/install/vesc_msgs/share/vesc_msgs/cmake/vesc_msgs__rosidl_typesupport_introspection_cppExport-noconfig.cmake
[9.257s] -- Up-to-date: /f1tenth_ws/install/vesc_msgs/share/vesc_msgs/cmake/vesc_msgs__rosidl_typesupport_cppExport.cmake
[9.257s] -- Up-to-date: /f1tenth_ws/install/vesc_msgs/share/vesc_msgs/cmake/vesc_msgs__rosidl_typesupport_cppExport-noconfig.cmake
[9.257s] -- Up-to-date: /f1tenth_ws/install/vesc_msgs/share/vesc_msgs/cmake/rosidl_cmake-extras.cmake
[9.257s] -- Up-to-date: /f1tenth_ws/install/vesc_msgs/share/vesc_msgs/cmake/ament_cmake_export_dependencies-extras.cmake
[9.258s] -- Up-to-date: /f1tenth_ws/install/vesc_msgs/share/vesc_msgs/cmake/ament_cmake_export_libraries-extras.cmake
[9.258s] -- Up-to-date: /f1tenth_ws/install/vesc_msgs/share/vesc_msgs/cmake/ament_cmake_export_targets-extras.cmake
[9.259s] -- Up-to-date: /f1tenth_ws/install/vesc_msgs/share/vesc_msgs/cmake/ament_cmake_export_include_directories-extras.cmake
[9.259s] -- Up-to-date: /f1tenth_ws/install/vesc_msgs/share/vesc_msgs/cmake/rosidl_cmake_export_typesupport_libraries-extras.cmake
[9.260s] -- Up-to-date: /f1tenth_ws/install/vesc_msgs/share/vesc_msgs/cmake/rosidl_cmake_export_typesupport_targets-extras.cmake
[9.260s] -- Up-to-date: /f1tenth_ws/install/vesc_msgs/share/vesc_msgs/cmake/vesc_msgsConfig.cmake
[9.261s] -- Up-to-date: /f1tenth_ws/install/vesc_msgs/share/vesc_msgs/cmake/vesc_msgsConfig-version.cmake
[9.268s] -- Up-to-date: /f1tenth_ws/install/vesc_msgs/share/vesc_msgs/package.xml
[9.284s] Invoked command in '/f1tenth_ws/build/vesc_msgs' returned '0': CMAKE_PREFIX_PATH=${CMAKE_PREFIX_PATH}:/f1tenth_ws/install/f1tenth_stack:/f1tenth_ws/install/joy_teleop:/f1tenth_ws/install/particle_filter:/f1tenth_ws/install/mouse_teleop:/f1tenth_ws/install/key_teleop:/opt/ros/foxy /usr/bin/cmake --install /f1tenth_ws/build/vesc_msgs
