[3.486s] Invoking command in '/f1tenth_ws/src/f1tenth_system/teleop_tools/mouse_teleop': PYTHONPATH=/f1tenth_ws/install/mouse_teleop/lib/python3.8/site-packages:${PYTHONPATH} /usr/bin/python3 setup.py egg_info --egg-base ../../../../build/mouse_teleop build --build-base /f1tenth_ws/build/mouse_teleop/build install --prefix /f1tenth_ws/install/mouse_teleop --record /f1tenth_ws/build/mouse_teleop/install.log --single-version-externally-managed
[4.675s] running egg_info
[4.681s] writing ../../../../build/mouse_teleop/mouse_teleop.egg-info/PKG-INFO
[4.683s] writing dependency_links to ../../../../build/mouse_teleop/mouse_teleop.egg-info/dependency_links.txt
[4.686s] writing entry points to ../../../../build/mouse_teleop/mouse_teleop.egg-info/entry_points.txt
[4.686s] writing requirements to ../../../../build/mouse_teleop/mouse_teleop.egg-info/requires.txt
[4.687s] writing top-level names to ../../../../build/mouse_teleop/mouse_teleop.egg-info/top_level.txt
[4.900s] reading manifest file '../../../../build/mouse_teleop/mouse_teleop.egg-info/SOURCES.txt'
[4.911s] writing manifest file '../../../../build/mouse_teleop/mouse_teleop.egg-info/SOURCES.txt'
[4.913s] running build
[4.915s] running build_py
[4.916s] running install
[4.919s] running install_lib
[4.977s] running install_data
[4.979s] running install_egg_info
[5.011s] removing '/f1tenth_ws/install/mouse_teleop/lib/python3.8/site-packages/mouse_teleop-0.3.0-py3.8.egg-info' (and everything under it)
[5.012s] Copying ../../../../build/mouse_teleop/mouse_teleop.egg-info to /f1tenth_ws/install/mouse_teleop/lib/python3.8/site-packages/mouse_teleop-0.3.0-py3.8.egg-info
[5.012s] running install_scripts
[5.039s] Installing mouse_teleop script to /f1tenth_ws/install/mouse_teleop/lib/mouse_teleop
[5.039s] writing list of installed files to '/f1tenth_ws/build/mouse_teleop/install.log'
[5.266s] Invoked command in '/f1tenth_ws/src/f1tenth_system/teleop_tools/mouse_teleop' returned '0': PYTHONPATH=/f1tenth_ws/install/mouse_teleop/lib/python3.8/site-packages:${PYTHONPATH} /usr/bin/python3 setup.py egg_info --egg-base ../../../../build/mouse_teleop build --build-base /f1tenth_ws/build/mouse_teleop/build install --prefix /f1tenth_ws/install/mouse_teleop --record /f1tenth_ws/build/mouse_teleop/install.log --single-version-externally-managed
