[1.637s] Invoking command in '/f1tenth_ws/src/f1tenth_system/f1tenth_stack': AMENT_PREFIX_PATH=/f1tenth_ws/install/vesc:/f1tenth_ws/install/vesc_driver:/f1tenth_ws/install/vesc_ackermann:/f1tenth_ws/install/joy_teleop:/f1tenth_ws/install/vesc_msgs:/f1tenth_ws/install/teleop_tools_msgs:/f1tenth_ws/install/ackermann_mux:${AMENT_PREFIX_PATH} CMAKE_PREFIX_PATH=/f1tenth_ws/install/vesc:/f1tenth_ws/install/vesc_driver:/f1tenth_ws/install/vesc_ackermann:/f1tenth_ws/install/vesc_msgs:/f1tenth_ws/install/teleop_tools_msgs:/f1tenth_ws/install/ackermann_mux LD_LIBRARY_PATH=/f1tenth_ws/install/vesc_driver/lib:/f1tenth_ws/install/vesc_ackermann/lib:/f1tenth_ws/install/vesc_msgs/lib:/f1tenth_ws/install/teleop_tools_msgs/lib:/opt/ros/foxy/opt/yaml_cpp_vendor/lib:/opt/ros/foxy/opt/rviz_ogre_vendor/lib:/opt/ros/foxy/lib/aarch64-linux-gnu:/opt/ros/foxy/lib:/usr/local/cuda-10.2/targets/aarch64-linux/lib PYTHONPATH=/f1tenth_ws/install/f1tenth_stack/lib/python3.8/site-packages:/f1tenth_ws/install/joy_teleop/lib/python3.8/site-packages:/f1tenth_ws/install/vesc_msgs/lib/python3.8/site-packages:/f1tenth_ws/install/teleop_tools_msgs/lib/python3.8/site-packages:${PYTHONPATH} /usr/bin/python3 setup.py egg_info --egg-base ../../../build/f1tenth_stack build --build-base /f1tenth_ws/build/f1tenth_stack/build install --prefix /f1tenth_ws/install/f1tenth_stack --record /f1tenth_ws/build/f1tenth_stack/install.log --single-version-externally-managed
[2.745s] running egg_info
[2.748s] creating ../../../build/f1tenth_stack/f1tenth_stack.egg-info
[2.749s] writing ../../../build/f1tenth_stack/f1tenth_stack.egg-info/PKG-INFO
[2.750s] writing dependency_links to ../../../build/f1tenth_stack/f1tenth_stack.egg-info/dependency_links.txt
[2.751s] writing entry points to ../../../build/f1tenth_stack/f1tenth_stack.egg-info/entry_points.txt
[2.752s] writing requirements to ../../../build/f1tenth_stack/f1tenth_stack.egg-info/requires.txt
[2.752s] writing top-level names to ../../../build/f1tenth_stack/f1tenth_stack.egg-info/top_level.txt
[2.757s] writing manifest file '../../../build/f1tenth_stack/f1tenth_stack.egg-info/SOURCES.txt'
[2.940s] reading manifest file '../../../build/f1tenth_stack/f1tenth_stack.egg-info/SOURCES.txt'
[2.945s] writing manifest file '../../../build/f1tenth_stack/f1tenth_stack.egg-info/SOURCES.txt'
[2.946s] running build
[2.947s] running build_py
[2.948s] creating /f1tenth_ws/build/f1tenth_stack/build
[2.948s] creating /f1tenth_ws/build/f1tenth_stack/build/lib
[2.949s] creating /f1tenth_ws/build/f1tenth_stack/build/lib/f1tenth_stack
[2.950s] copying f1tenth_stack/throttle_interpolator.py -> /f1tenth_ws/build/f1tenth_stack/build/lib/f1tenth_stack
[2.951s] copying f1tenth_stack/__init__.py -> /f1tenth_ws/build/f1tenth_stack/build/lib/f1tenth_stack
[2.951s] running install
[2.952s] running install_lib
[2.953s] creating /f1tenth_ws/install/f1tenth_stack/lib/python3.8/site-packages/f1tenth_stack
[2.953s] copying /f1tenth_ws/build/f1tenth_stack/build/lib/f1tenth_stack/throttle_interpolator.py -> /f1tenth_ws/install/f1tenth_stack/lib/python3.8/site-packages/f1tenth_stack
[2.954s] copying /f1tenth_ws/build/f1tenth_stack/build/lib/f1tenth_stack/__init__.py -> /f1tenth_ws/install/f1tenth_stack/lib/python3.8/site-packages/f1tenth_stack
[2.954s] byte-compiling /f1tenth_ws/install/f1tenth_stack/lib/python3.8/site-packages/f1tenth_stack/throttle_interpolator.py to throttle_interpolator.cpython-38.pyc
[2.970s] byte-compiling /f1tenth_ws/install/f1tenth_stack/lib/python3.8/site-packages/f1tenth_stack/__init__.py to __init__.cpython-38.pyc
[2.970s] running install_data
[2.972s] creating /f1tenth_ws/install/f1tenth_stack/share/ament_index
[2.973s] creating /f1tenth_ws/install/f1tenth_stack/share/ament_index/resource_index
[2.974s] creating /f1tenth_ws/install/f1tenth_stack/share/ament_index/resource_index/packages
[2.975s] copying resource/f1tenth_stack -> /f1tenth_ws/install/f1tenth_stack/share/ament_index/resource_index/packages
[2.975s] copying package.xml -> /f1tenth_ws/install/f1tenth_stack/share/f1tenth_stack
[2.976s] creating /f1tenth_ws/install/f1tenth_stack/share/f1tenth_stack/launch
[2.977s] copying launch/bringup_launch.py -> /f1tenth_ws/install/f1tenth_stack/share/f1tenth_stack/launch
[2.977s] creating /f1tenth_ws/install/f1tenth_stack/share/f1tenth_stack/config
[2.978s] copying config/joy_teleop.yaml -> /f1tenth_ws/install/f1tenth_stack/share/f1tenth_stack/config
[2.978s] copying config/sensors.yaml -> /f1tenth_ws/install/f1tenth_stack/share/f1tenth_stack/config
[2.979s] copying config/mux.yaml -> /f1tenth_ws/install/f1tenth_stack/share/f1tenth_stack/config
[2.980s] copying config/vesc.yaml -> /f1tenth_ws/install/f1tenth_stack/share/f1tenth_stack/config
[2.980s] running install_egg_info
[2.981s] Copying ../../../build/f1tenth_stack/f1tenth_stack.egg-info to /f1tenth_ws/install/f1tenth_stack/lib/python3.8/site-packages/f1tenth_stack-0.0.1-py3.8.egg-info
[2.985s] running install_scripts
[3.059s] Installing throttle_interpolator script to /f1tenth_ws/install/f1tenth_stack/lib/f1tenth_stack
[3.060s] writing list of installed files to '/f1tenth_ws/build/f1tenth_stack/install.log'
[3.121s] Invoked command in '/f1tenth_ws/src/f1tenth_system/f1tenth_stack' returned '0': AMENT_PREFIX_PATH=/f1tenth_ws/install/vesc:/f1tenth_ws/install/vesc_driver:/f1tenth_ws/install/vesc_ackermann:/f1tenth_ws/install/joy_teleop:/f1tenth_ws/install/vesc_msgs:/f1tenth_ws/install/teleop_tools_msgs:/f1tenth_ws/install/ackermann_mux:${AMENT_PREFIX_PATH} CMAKE_PREFIX_PATH=/f1tenth_ws/install/vesc:/f1tenth_ws/install/vesc_driver:/f1tenth_ws/install/vesc_ackermann:/f1tenth_ws/install/vesc_msgs:/f1tenth_ws/install/teleop_tools_msgs:/f1tenth_ws/install/ackermann_mux LD_LIBRARY_PATH=/f1tenth_ws/install/vesc_driver/lib:/f1tenth_ws/install/vesc_ackermann/lib:/f1tenth_ws/install/vesc_msgs/lib:/f1tenth_ws/install/teleop_tools_msgs/lib:/opt/ros/foxy/opt/yaml_cpp_vendor/lib:/opt/ros/foxy/opt/rviz_ogre_vendor/lib:/opt/ros/foxy/lib/aarch64-linux-gnu:/opt/ros/foxy/lib:/usr/local/cuda-10.2/targets/aarch64-linux/lib PYTHONPATH=/f1tenth_ws/install/f1tenth_stack/lib/python3.8/site-packages:/f1tenth_ws/install/joy_teleop/lib/python3.8/site-packages:/f1tenth_ws/install/vesc_msgs/lib/python3.8/site-packages:/f1tenth_ws/install/teleop_tools_msgs/lib/python3.8/site-packages:${PYTHONPATH} /usr/bin/python3 setup.py egg_info --egg-base ../../../build/f1tenth_stack build --build-base /f1tenth_ws/build/f1tenth_stack/build install --prefix /f1tenth_ws/install/f1tenth_stack --record /f1tenth_ws/build/f1tenth_stack/install.log --single-version-externally-managed
