[0.252s] Invoking command in '/f1tenth_ws/build/vesc_msgs': CMAKE_PREFIX_PATH=/opt/ros/foxy /usr/bin/cmake --build /f1tenth_ws/build/vesc_msgs -- -j6 -l6
[2.433s] [  1%] Built target vesc_msgs__cpp
[2.436s] [ 12%] Built target vesc_msgs__rosidl_generator_c
[2.439s] [ 23%] Built target vesc_msgs__rosidl_typesupport_cpp
[2.446s] [ 34%] Built target vesc_msgs__rosidl_typesupport_introspection_cpp
[2.452s] [ 45%] Built target vesc_msgs__rosidl_typesupport_c
[2.453s] [ 56%] Built target vesc_msgs__rosidl_typesupport_fastrtps_cpp
[2.455s] [ 67%] Built target vesc_msgs__rosidl_typesupport_introspection_c
[2.459s] [ 78%] Built target vesc_msgs__rosidl_typesupport_fastrtps_c
[2.464s] [ 78%] Built target vesc_msgs
[2.467s] [ 80%] Built target vesc_msgs__py
[2.468s] [ 89%] Built target vesc_msgs__python
[2.471s] [ 92%] Built target vesc_msgs__rosidl_typesupport_c__pyext
[2.476s] [ 96%] Built target vesc_msgs__rosidl_typesupport_introspection_c__pyext
[2.477s] [100%] Built target vesc_msgs__rosidl_typesupport_fastrtps_c__pyext
[2.506s] Invoked command in '/f1tenth_ws/build/vesc_msgs' returned '0': CMAKE_PREFIX_PATH=/opt/ros/foxy /usr/bin/cmake --build /f1tenth_ws/build/vesc_msgs -- -j6 -l6
[3.046s] Invoking command in '/f1tenth_ws/build/vesc_msgs': CMAKE_PREFIX_PATH=/opt/ros/foxy /usr/bin/cmake --install /f1tenth_ws/build/vesc_msgs
[3.058s] -- Install configuration: ""
[3.065s] -- Up-to-date: /f1tenth_ws/install/vesc_msgs/share/ament_index/resource_index/rosidl_interfaces/vesc_msgs
[3.068s] -- Up-to-date: /f1tenth_ws/install/vesc_msgs/include/vesc_msgs
[3.070s] -- Up-to-date: /f1tenth_ws/install/vesc_msgs/include/vesc_msgs/msg
[3.071s] -- Up-to-date: /f1tenth_ws/install/vesc_msgs/include/vesc_msgs/msg/vesc_state_stamped.h
[3.072s] -- Up-to-date: /f1tenth_ws/install/vesc_msgs/include/vesc_msgs/msg/vesc_state.h
[3.072s] -- Up-to-date: /f1tenth_ws/install/vesc_msgs/include/vesc_msgs/msg/vesc_imu_stamped.h
[3.073s] -- Up-to-date: /f1tenth_ws/install/vesc_msgs/include/vesc_msgs/msg/vesc_imu.h
[3.076s] -- Up-to-date: /f1tenth_ws/install/vesc_msgs/include/vesc_msgs/msg/detail
[3.079s] -- Up-to-date: /f1tenth_ws/install/vesc_msgs/include/vesc_msgs/msg/detail/vesc_imu_stamped__functions.c
[3.081s] -- Up-to-date: /f1tenth_ws/install/vesc_msgs/include/vesc_msgs/msg/detail/vesc_imu_stamped__struct.h
[3.082s] -- Up-to-date: /f1tenth_ws/install/vesc_msgs/include/vesc_msgs/msg/detail/vesc_imu__functions.c
[3.082s] -- Up-to-date: /f1tenth_ws/install/vesc_msgs/include/vesc_msgs/msg/detail/vesc_state_stamped__type_support.h
[3.083s] -- Up-to-date: /f1tenth_ws/install/vesc_msgs/include/vesc_msgs/msg/detail/vesc_state__functions.c
[3.083s] -- Up-to-date: /f1tenth_ws/install/vesc_msgs/include/vesc_msgs/msg/detail/vesc_imu_stamped__type_support.h
[3.084s] -- Up-to-date: /f1tenth_ws/install/vesc_msgs/include/vesc_msgs/msg/detail/vesc_state__functions.h
[3.084s] -- Up-to-date: /f1tenth_ws/install/vesc_msgs/include/vesc_msgs/msg/detail/vesc_state_stamped__struct.h
[3.084s] -- Up-to-date: /f1tenth_ws/install/vesc_msgs/include/vesc_msgs/msg/detail/vesc_state__type_support.h
[3.085s] -- Up-to-date: /f1tenth_ws/install/vesc_msgs/include/vesc_msgs/msg/detail/vesc_imu__type_support.h
[3.085s] -- Up-to-date: /f1tenth_ws/install/vesc_msgs/include/vesc_msgs/msg/detail/vesc_state_stamped__functions.c
[3.085s] -- Up-to-date: /f1tenth_ws/install/vesc_msgs/include/vesc_msgs/msg/detail/vesc_imu_stamped__functions.h
[3.086s] -- Up-to-date: /f1tenth_ws/install/vesc_msgs/include/vesc_msgs/msg/detail/vesc_state_stamped__functions.h
[3.086s] -- Up-to-date: /f1tenth_ws/install/vesc_msgs/include/vesc_msgs/msg/detail/vesc_state__struct.h
[3.089s] -- Up-to-date: /f1tenth_ws/install/vesc_msgs/include/vesc_msgs/msg/detail/vesc_imu__struct.h
[3.096s] -- Up-to-date: /f1tenth_ws/install/vesc_msgs/include/vesc_msgs/msg/detail/vesc_imu__functions.h
[3.098s] -- Up-to-date: /f1tenth_ws/install/vesc_msgs/include/vesc_msgs/msg/rosidl_generator_c__visibility_control.h
[3.102s] -- Up-to-date: /f1tenth_ws/install/vesc_msgs/share/vesc_msgs/environment/library_path.sh
[3.104s] -- Up-to-date: /f1tenth_ws/install/vesc_msgs/share/vesc_msgs/environment/library_path.dsv
[3.106s] -- Up-to-date: /f1tenth_ws/install/vesc_msgs/lib/libvesc_msgs__rosidl_generator_c.so
[3.107s] -- Up-to-date: /f1tenth_ws/install/vesc_msgs/include/vesc_msgs
[3.109s] -- Up-to-date: /f1tenth_ws/install/vesc_msgs/include/vesc_msgs/msg
[3.111s] -- Up-to-date: /f1tenth_ws/install/vesc_msgs/include/vesc_msgs/msg/detail
[3.112s] -- Up-to-date: /f1tenth_ws/install/vesc_msgs/include/vesc_msgs/msg/detail/vesc_imu__rosidl_typesupport_fastrtps_c.h
[3.114s] -- Up-to-date: /f1tenth_ws/install/vesc_msgs/include/vesc_msgs/msg/detail/vesc_state_stamped__rosidl_typesupport_fastrtps_c.h
[3.114s] -- Up-to-date: /f1tenth_ws/install/vesc_msgs/include/vesc_msgs/msg/detail/vesc_imu_stamped__rosidl_typesupport_fastrtps_c.h
[3.116s] -- Up-to-date: /f1tenth_ws/install/vesc_msgs/include/vesc_msgs/msg/detail/vesc_state__rosidl_typesupport_fastrtps_c.h
[3.116s] -- Up-to-date: /f1tenth_ws/install/vesc_msgs/include/vesc_msgs/msg/rosidl_typesupport_fastrtps_c__visibility_control.h
[3.119s] -- Up-to-date: /f1tenth_ws/install/vesc_msgs/lib/libvesc_msgs__rosidl_typesupport_fastrtps_c.so
[3.125s] -- Up-to-date: /f1tenth_ws/install/vesc_msgs/include/vesc_msgs
[3.126s] -- Up-to-date: /f1tenth_ws/install/vesc_msgs/include/vesc_msgs/msg
[3.127s] -- Up-to-date: /f1tenth_ws/install/vesc_msgs/include/vesc_msgs/msg/rosidl_typesupport_fastrtps_cpp__visibility_control.h
[3.127s] -- Up-to-date: /f1tenth_ws/install/vesc_msgs/include/vesc_msgs/msg/detail
[3.128s] -- Up-to-date: /f1tenth_ws/install/vesc_msgs/include/vesc_msgs/msg/detail/vesc_imu__rosidl_typesupport_fastrtps_cpp.hpp
[3.128s] -- Up-to-date: /f1tenth_ws/install/vesc_msgs/include/vesc_msgs/msg/detail/vesc_state_stamped__rosidl_typesupport_fastrtps_cpp.hpp
[3.128s] -- Up-to-date: /f1tenth_ws/install/vesc_msgs/include/vesc_msgs/msg/detail/dds_fastrtps
[3.129s] -- Up-to-date: /f1tenth_ws/install/vesc_msgs/include/vesc_msgs/msg/detail/vesc_state__rosidl_typesupport_fastrtps_cpp.hpp
[3.129s] -- Up-to-date: /f1tenth_ws/install/vesc_msgs/include/vesc_msgs/msg/detail/vesc_imu_stamped__rosidl_typesupport_fastrtps_cpp.hpp
[3.130s] -- Up-to-date: /f1tenth_ws/install/vesc_msgs/lib/libvesc_msgs__rosidl_typesupport_fastrtps_cpp.so
[3.130s] -- Up-to-date: /f1tenth_ws/install/vesc_msgs/include/vesc_msgs
[3.131s] -- Up-to-date: /f1tenth_ws/install/vesc_msgs/include/vesc_msgs/msg
[3.132s] -- Up-to-date: /f1tenth_ws/install/vesc_msgs/include/vesc_msgs/msg/rosidl_typesupport_introspection_c__visibility_control.h
[3.132s] -- Up-to-date: /f1tenth_ws/install/vesc_msgs/include/vesc_msgs/msg/detail
[3.133s] -- Up-to-date: /f1tenth_ws/install/vesc_msgs/include/vesc_msgs/msg/detail/vesc_state_stamped__type_support.c
[3.133s] -- Up-to-date: /f1tenth_ws/install/vesc_msgs/include/vesc_msgs/msg/detail/vesc_imu__rosidl_typesupport_introspection_c.h
[3.133s] -- Up-to-date: /f1tenth_ws/install/vesc_msgs/include/vesc_msgs/msg/detail/vesc_state__type_support.c
[3.134s] -- Up-to-date: /f1tenth_ws/install/vesc_msgs/include/vesc_msgs/msg/detail/vesc_state__rosidl_typesupport_introspection_c.h
[3.134s] -- Up-to-date: /f1tenth_ws/install/vesc_msgs/include/vesc_msgs/msg/detail/vesc_state_stamped__rosidl_typesupport_introspection_c.h
[3.136s] -- Up-to-date: /f1tenth_ws/install/vesc_msgs/include/vesc_msgs/msg/detail/vesc_imu_stamped__rosidl_typesupport_introspection_c.h
[3.136s] -- Up-to-date: /f1tenth_ws/install/vesc_msgs/include/vesc_msgs/msg/detail/vesc_imu_stamped__type_support.c
[3.137s] -- Up-to-date: /f1tenth_ws/install/vesc_msgs/include/vesc_msgs/msg/detail/vesc_imu__type_support.c
[3.137s] -- Up-to-date: /f1tenth_ws/install/vesc_msgs/lib/libvesc_msgs__rosidl_typesupport_introspection_c.so
[3.137s] -- Up-to-date: /f1tenth_ws/install/vesc_msgs/lib/libvesc_msgs__rosidl_typesupport_c.so
[3.138s] -- Up-to-date: /f1tenth_ws/install/vesc_msgs/include/vesc_msgs
[3.139s] -- Up-to-date: /f1tenth_ws/install/vesc_msgs/include/vesc_msgs/msg
[3.140s] -- Up-to-date: /f1tenth_ws/install/vesc_msgs/include/vesc_msgs/msg/vesc_state.hpp
[3.140s] -- Up-to-date: /f1tenth_ws/install/vesc_msgs/include/vesc_msgs/msg/vesc_imu_stamped.hpp
[3.141s] -- Up-to-date: /f1tenth_ws/install/vesc_msgs/include/vesc_msgs/msg/vesc_imu.hpp
[3.142s] -- Up-to-date: /f1tenth_ws/install/vesc_msgs/include/vesc_msgs/msg/detail
[3.143s] -- Up-to-date: /f1tenth_ws/install/vesc_msgs/include/vesc_msgs/msg/detail/vesc_state__struct.hpp
[3.145s] -- Up-to-date: /f1tenth_ws/install/vesc_msgs/include/vesc_msgs/msg/detail/vesc_state__builder.hpp
[3.156s] -- Up-to-date: /f1tenth_ws/install/vesc_msgs/include/vesc_msgs/msg/detail/vesc_imu__traits.hpp
[3.158s] -- Up-to-date: /f1tenth_ws/install/vesc_msgs/include/vesc_msgs/msg/detail/vesc_state_stamped__builder.hpp
[3.160s] -- Up-to-date: /f1tenth_ws/install/vesc_msgs/include/vesc_msgs/msg/detail/vesc_imu_stamped__struct.hpp
[3.161s] -- Up-to-date: /f1tenth_ws/install/vesc_msgs/include/vesc_msgs/msg/detail/vesc_imu__struct.hpp
[3.161s] -- Up-to-date: /f1tenth_ws/install/vesc_msgs/include/vesc_msgs/msg/detail/vesc_state__traits.hpp
[3.161s] -- Up-to-date: /f1tenth_ws/install/vesc_msgs/include/vesc_msgs/msg/detail/vesc_state_stamped__traits.hpp
[3.162s] -- Up-to-date: /f1tenth_ws/install/vesc_msgs/include/vesc_msgs/msg/detail/vesc_imu_stamped__builder.hpp
[3.162s] -- Up-to-date: /f1tenth_ws/install/vesc_msgs/include/vesc_msgs/msg/detail/vesc_imu_stamped__traits.hpp
[3.163s] -- Up-to-date: /f1tenth_ws/install/vesc_msgs/include/vesc_msgs/msg/detail/vesc_imu__builder.hpp
[3.163s] -- Up-to-date: /f1tenth_ws/install/vesc_msgs/include/vesc_msgs/msg/detail/vesc_state_stamped__struct.hpp
[3.163s] -- Up-to-date: /f1tenth_ws/install/vesc_msgs/include/vesc_msgs/msg/vesc_state_stamped.hpp
[3.164s] -- Up-to-date: /f1tenth_ws/install/vesc_msgs/include/vesc_msgs
[3.164s] -- Up-to-date: /f1tenth_ws/install/vesc_msgs/include/vesc_msgs/msg
[3.166s] -- Up-to-date: /f1tenth_ws/install/vesc_msgs/include/vesc_msgs/msg/detail
[3.171s] -- Up-to-date: /f1tenth_ws/install/vesc_msgs/include/vesc_msgs/msg/detail/vesc_imu__type_support.cpp
[3.174s] -- Up-to-date: /f1tenth_ws/install/vesc_msgs/include/vesc_msgs/msg/detail/vesc_state_stamped__rosidl_typesupport_introspection_cpp.hpp
[3.175s] -- Up-to-date: /f1tenth_ws/install/vesc_msgs/include/vesc_msgs/msg/detail/vesc_state_stamped__type_support.cpp
[3.175s] -- Up-to-date: /f1tenth_ws/install/vesc_msgs/include/vesc_msgs/msg/detail/vesc_state__type_support.cpp
[3.175s] -- Up-to-date: /f1tenth_ws/install/vesc_msgs/include/vesc_msgs/msg/detail/vesc_state__rosidl_typesupport_introspection_cpp.hpp
[3.176s] -- Up-to-date: /f1tenth_ws/install/vesc_msgs/include/vesc_msgs/msg/detail/vesc_imu__rosidl_typesupport_introspection_cpp.hpp
[3.176s] -- Up-to-date: /f1tenth_ws/install/vesc_msgs/include/vesc_msgs/msg/detail/vesc_imu_stamped__type_support.cpp
[3.176s] -- Up-to-date: /f1tenth_ws/install/vesc_msgs/include/vesc_msgs/msg/detail/vesc_imu_stamped__rosidl_typesupport_introspection_cpp.hpp
[3.177s] -- Up-to-date: /f1tenth_ws/install/vesc_msgs/lib/libvesc_msgs__rosidl_typesupport_introspection_cpp.so
[3.179s] -- Up-to-date: /f1tenth_ws/install/vesc_msgs/lib/libvesc_msgs__rosidl_typesupport_cpp.so
[3.190s] -- Up-to-date: /f1tenth_ws/install/vesc_msgs/share/vesc_msgs/environment/pythonpath.sh
[3.191s] -- Up-to-date: /f1tenth_ws/install/vesc_msgs/share/vesc_msgs/environment/pythonpath.dsv
[3.192s] -- Up-to-date: /f1tenth_ws/install/vesc_msgs/lib/python3.8/site-packages/vesc_msgs/__init__.py
[3.272s] -- Up-to-date: /f1tenth_ws/install/vesc_msgs/lib/python3.8/site-packages/vesc_msgs/msg
[3.275s] -- Up-to-date: /f1tenth_ws/install/vesc_msgs/lib/python3.8/site-packages/vesc_msgs/msg/_vesc_state.py
[3.276s] -- Up-to-date: /f1tenth_ws/install/vesc_msgs/lib/python3.8/site-packages/vesc_msgs/msg/_vesc_imu_s.c
[3.276s] -- Up-to-date: /f1tenth_ws/install/vesc_msgs/lib/python3.8/site-packages/vesc_msgs/msg/_vesc_imu.py
[3.278s] -- Up-to-date: /f1tenth_ws/install/vesc_msgs/lib/python3.8/site-packages/vesc_msgs/msg/_vesc_state_stamped_s.c
[3.279s] -- Up-to-date: /f1tenth_ws/install/vesc_msgs/lib/python3.8/site-packages/vesc_msgs/msg/_vesc_state_s.c
[3.280s] -- Up-to-date: /f1tenth_ws/install/vesc_msgs/lib/python3.8/site-packages/vesc_msgs/msg/_vesc_imu_stamped.py
[3.281s] -- Up-to-date: /f1tenth_ws/install/vesc_msgs/lib/python3.8/site-packages/vesc_msgs/msg/_vesc_imu_stamped_s.c
[3.281s] -- Up-to-date: /f1tenth_ws/install/vesc_msgs/lib/python3.8/site-packages/vesc_msgs/msg/_vesc_state_stamped.py
[3.282s] -- Up-to-date: /f1tenth_ws/install/vesc_msgs/lib/python3.8/site-packages/vesc_msgs/msg/__init__.py
[3.283s] -- Up-to-date: /f1tenth_ws/install/vesc_msgs/lib/python3.8/site-packages/vesc_msgs/vesc_msgs_s__rosidl_typesupport_fastrtps_c.cpython-38-aarch64-linux-gnu.so
[3.283s] -- Up-to-date: /f1tenth_ws/install/vesc_msgs/lib/python3.8/site-packages/vesc_msgs/vesc_msgs_s__rosidl_typesupport_introspection_c.cpython-38-aarch64-linux-gnu.so
[3.284s] -- Up-to-date: /f1tenth_ws/install/vesc_msgs/lib/python3.8/site-packages/vesc_msgs/vesc_msgs_s__rosidl_typesupport_c.cpython-38-aarch64-linux-gnu.so
[3.284s] -- Up-to-date: /f1tenth_ws/install/vesc_msgs/lib/libvesc_msgs__python.so
[3.286s] -- Up-to-date: /f1tenth_ws/install/vesc_msgs/share/vesc_msgs/msg/VescState.idl
[3.287s] -- Up-to-date: /f1tenth_ws/install/vesc_msgs/share/vesc_msgs/msg/VescStateStamped.idl
[3.288s] -- Up-to-date: /f1tenth_ws/install/vesc_msgs/share/vesc_msgs/msg/VescImu.idl
[3.288s] -- Up-to-date: /f1tenth_ws/install/vesc_msgs/share/vesc_msgs/msg/VescImuStamped.idl
[3.290s] -- Up-to-date: /f1tenth_ws/install/vesc_msgs/share/vesc_msgs/msg/VescState.msg
[3.290s] -- Up-to-date: /f1tenth_ws/install/vesc_msgs/share/vesc_msgs/msg/VescStateStamped.msg
[3.299s] -- Up-to-date: /f1tenth_ws/install/vesc_msgs/share/vesc_msgs/msg/VescImu.msg
[3.303s] -- Up-to-date: /f1tenth_ws/install/vesc_msgs/share/vesc_msgs/msg/VescImuStamped.msg
[3.304s] -- Up-to-date: /f1tenth_ws/install/vesc_msgs/share/ament_index/resource_index/package_run_dependencies/vesc_msgs
[3.305s] -- Up-to-date: /f1tenth_ws/install/vesc_msgs/share/ament_index/resource_index/parent_prefix_path/vesc_msgs
[3.306s] -- Up-to-date: /f1tenth_ws/install/vesc_msgs/share/vesc_msgs/environment/ament_prefix_path.sh
[3.311s] -- Up-to-date: /f1tenth_ws/install/vesc_msgs/share/vesc_msgs/environment/ament_prefix_path.dsv
[3.313s] -- Up-to-date: /f1tenth_ws/install/vesc_msgs/share/vesc_msgs/environment/path.sh
[3.315s] -- Up-to-date: /f1tenth_ws/install/vesc_msgs/share/vesc_msgs/environment/path.dsv
[3.323s] -- Up-to-date: /f1tenth_ws/install/vesc_msgs/share/vesc_msgs/local_setup.bash
[3.324s] -- Up-to-date: /f1tenth_ws/install/vesc_msgs/share/vesc_msgs/local_setup.sh
[3.324s] -- Up-to-date: /f1tenth_ws/install/vesc_msgs/share/vesc_msgs/local_setup.zsh
[3.324s] -- Up-to-date: /f1tenth_ws/install/vesc_msgs/share/vesc_msgs/local_setup.dsv
[3.325s] -- Installing: /f1tenth_ws/install/vesc_msgs/share/vesc_msgs/package.dsv
[3.325s] -- Up-to-date: /f1tenth_ws/install/vesc_msgs/share/ament_index/resource_index/packages/vesc_msgs
[3.325s] -- Up-to-date: /f1tenth_ws/install/vesc_msgs/share/vesc_msgs/cmake/vesc_msgs__rosidl_generator_cExport.cmake
[3.326s] -- Up-to-date: /f1tenth_ws/install/vesc_msgs/share/vesc_msgs/cmake/vesc_msgs__rosidl_generator_cExport-noconfig.cmake
[3.329s] -- Up-to-date: /f1tenth_ws/install/vesc_msgs/share/vesc_msgs/cmake/vesc_msgs__rosidl_typesupport_introspection_cExport.cmake
[3.331s] -- Up-to-date: /f1tenth_ws/install/vesc_msgs/share/vesc_msgs/cmake/vesc_msgs__rosidl_typesupport_introspection_cExport-noconfig.cmake
[3.331s] -- Up-to-date: /f1tenth_ws/install/vesc_msgs/share/vesc_msgs/cmake/vesc_msgs__rosidl_typesupport_cExport.cmake
[3.331s] -- Up-to-date: /f1tenth_ws/install/vesc_msgs/share/vesc_msgs/cmake/vesc_msgs__rosidl_typesupport_cExport-noconfig.cmake
[3.333s] -- Up-to-date: /f1tenth_ws/install/vesc_msgs/share/vesc_msgs/cmake/vesc_msgs__rosidl_generator_cppExport.cmake
[3.334s] -- Up-to-date: /f1tenth_ws/install/vesc_msgs/share/vesc_msgs/cmake/vesc_msgs__rosidl_typesupport_introspection_cppExport.cmake
[3.334s] -- Up-to-date: /f1tenth_ws/install/vesc_msgs/share/vesc_msgs/cmake/vesc_msgs__rosidl_typesupport_introspection_cppExport-noconfig.cmake
[3.334s] -- Up-to-date: /f1tenth_ws/install/vesc_msgs/share/vesc_msgs/cmake/vesc_msgs__rosidl_typesupport_cppExport.cmake
[3.335s] -- Up-to-date: /f1tenth_ws/install/vesc_msgs/share/vesc_msgs/cmake/vesc_msgs__rosidl_typesupport_cppExport-noconfig.cmake
[3.336s] -- Up-to-date: /f1tenth_ws/install/vesc_msgs/share/vesc_msgs/cmake/rosidl_cmake-extras.cmake
[3.336s] -- Up-to-date: /f1tenth_ws/install/vesc_msgs/share/vesc_msgs/cmake/ament_cmake_export_dependencies-extras.cmake
[3.337s] -- Up-to-date: /f1tenth_ws/install/vesc_msgs/share/vesc_msgs/cmake/ament_cmake_export_libraries-extras.cmake
[3.337s] -- Up-to-date: /f1tenth_ws/install/vesc_msgs/share/vesc_msgs/cmake/ament_cmake_export_targets-extras.cmake
[3.337s] -- Up-to-date: /f1tenth_ws/install/vesc_msgs/share/vesc_msgs/cmake/ament_cmake_export_include_directories-extras.cmake
[3.338s] -- Up-to-date: /f1tenth_ws/install/vesc_msgs/share/vesc_msgs/cmake/rosidl_cmake_export_typesupport_libraries-extras.cmake
[3.339s] -- Up-to-date: /f1tenth_ws/install/vesc_msgs/share/vesc_msgs/cmake/rosidl_cmake_export_typesupport_targets-extras.cmake
[3.343s] -- Up-to-date: /f1tenth_ws/install/vesc_msgs/share/vesc_msgs/cmake/vesc_msgsConfig.cmake
[3.345s] -- Up-to-date: /f1tenth_ws/install/vesc_msgs/share/vesc_msgs/cmake/vesc_msgsConfig-version.cmake
[3.347s] -- Up-to-date: /f1tenth_ws/install/vesc_msgs/share/vesc_msgs/package.xml
[4.364s] Invoked command in '/f1tenth_ws/build/vesc_msgs' returned '0': CMAKE_PREFIX_PATH=/opt/ros/foxy /usr/bin/cmake --install /f1tenth_ws/build/vesc_msgs
