[3.792s] Invoking command in '/f1tenth_ws/src/f1tenth_system/teleop_tools/key_teleop': PYTHONPATH=/f1tenth_ws/install/key_teleop/lib/python3.8/site-packages:${PYTHONPATH} /usr/bin/python3 setup.py egg_info --egg-base ../../../../build/key_teleop build --build-base /f1tenth_ws/build/key_teleop/build install --prefix /f1tenth_ws/install/key_teleop --record /f1tenth_ws/build/key_teleop/install.log --single-version-externally-managed
[5.048s] running egg_info
[5.050s] writing ../../../../build/key_teleop/key_teleop.egg-info/PKG-INFO
[5.052s] writing dependency_links to ../../../../build/key_teleop/key_teleop.egg-info/dependency_links.txt
[5.053s] writing entry points to ../../../../build/key_teleop/key_teleop.egg-info/entry_points.txt
[5.053s] writing requirements to ../../../../build/key_teleop/key_teleop.egg-info/requires.txt
[5.054s] writing top-level names to ../../../../build/key_teleop/key_teleop.egg-info/top_level.txt
[5.270s] reading manifest file '../../../../build/key_teleop/key_teleop.egg-info/SOURCES.txt'
[5.277s] writing manifest file '../../../../build/key_teleop/key_teleop.egg-info/SOURCES.txt'
[5.277s] running build
[5.277s] running build_py
[5.280s] running install
[5.329s] running install_lib
[5.329s] running install_data
[5.330s] running install_egg_info
[5.332s] removing '/f1tenth_ws/install/key_teleop/lib/python3.8/site-packages/key_teleop-0.3.0-py3.8.egg-info' (and everything under it)
[5.332s] Copying ../../../../build/key_teleop/key_teleop.egg-info to /f1tenth_ws/install/key_teleop/lib/python3.8/site-packages/key_teleop-0.3.0-py3.8.egg-info
[5.333s] running install_scripts
[5.438s] Installing key_teleop script to /f1tenth_ws/install/key_teleop/lib/key_teleop
[5.444s] writing list of installed files to '/f1tenth_ws/build/key_teleop/install.log'
[6.619s] Invoked command in '/f1tenth_ws/src/f1tenth_system/teleop_tools/key_teleop' returned '0': PYTHONPATH=/f1tenth_ws/install/key_teleop/lib/python3.8/site-packages:${PYTHONPATH} /usr/bin/python3 setup.py egg_info --egg-base ../../../../build/key_teleop build --build-base /f1tenth_ws/build/key_teleop/build install --prefix /f1tenth_ws/install/key_teleop --record /f1tenth_ws/build/key_teleop/install.log --single-version-externally-managed
