[1.485s] Invoking command in '/f1tenth_ws/src/f1tenth_system/teleop_tools/key_teleop': PYTHONPATH=/f1tenth_ws/install/key_teleop/lib/python3.8/site-packages:${PYTHONPATH} /usr/bin/python3 setup.py egg_info --egg-base ../../../../build/key_teleop build --build-base /f1tenth_ws/build/key_teleop/build install --prefix /f1tenth_ws/install/key_teleop --record /f1tenth_ws/build/key_teleop/install.log --single-version-externally-managed
[2.530s] running egg_info
[2.535s] writing ../../../../build/key_teleop/key_teleop.egg-info/PKG-INFO
[2.546s] writing dependency_links to ../../../../build/key_teleop/key_teleop.egg-info/dependency_links.txt
[2.547s] writing entry points to ../../../../build/key_teleop/key_teleop.egg-info/entry_points.txt
[2.548s] writing requirements to ../../../../build/key_teleop/key_teleop.egg-info/requires.txt
[2.548s] writing top-level names to ../../../../build/key_teleop/key_teleop.egg-info/top_level.txt
[2.717s] reading manifest file '../../../../build/key_teleop/key_teleop.egg-info/SOURCES.txt'
[2.723s] writing manifest file '../../../../build/key_teleop/key_teleop.egg-info/SOURCES.txt'
[2.724s] running build
[2.724s] running build_py
[2.727s] running install
[2.731s] running install_lib
[2.738s] running install_data
[2.741s] running install_egg_info
[2.749s] removing '/f1tenth_ws/install/key_teleop/lib/python3.8/site-packages/key_teleop-0.3.0-py3.8.egg-info' (and everything under it)
[2.750s] Copying ../../../../build/key_teleop/key_teleop.egg-info to /f1tenth_ws/install/key_teleop/lib/python3.8/site-packages/key_teleop-0.3.0-py3.8.egg-info
[2.754s] running install_scripts
[2.832s] Installing key_teleop script to /f1tenth_ws/install/key_teleop/lib/key_teleop
[2.834s] writing list of installed files to '/f1tenth_ws/build/key_teleop/install.log'
[3.416s] Invoked command in '/f1tenth_ws/src/f1tenth_system/teleop_tools/key_teleop' returned '0': PYTHONPATH=/f1tenth_ws/install/key_teleop/lib/python3.8/site-packages:${PYTHONPATH} /usr/bin/python3 setup.py egg_info --egg-base ../../../../build/key_teleop build --build-base /f1tenth_ws/build/key_teleop/build install --prefix /f1tenth_ws/install/key_teleop --record /f1tenth_ws/build/key_teleop/install.log --single-version-externally-managed
