[1.183s] Invoking command in '/f1tenth_ws/src/f1tenth_system/teleop_tools/joy_teleop': AMENT_PREFIX_PATH=/f1tenth_ws/install/teleop_tools_msgs:${AMENT_PREFIX_PATH} CMAKE_PREFIX_PATH=/f1tenth_ws/install/teleop_tools_msgs LD_LIBRARY_PATH=/f1tenth_ws/install/teleop_tools_msgs/lib:/opt/ros/foxy/opt/yaml_cpp_vendor/lib:/opt/ros/foxy/opt/rviz_ogre_vendor/lib:/opt/ros/foxy/lib/aarch64-linux-gnu:/opt/ros/foxy/lib:/usr/local/cuda-10.2/targets/aarch64-linux/lib PYTHONPATH=/f1tenth_ws/install/joy_teleop/lib/python3.8/site-packages:/f1tenth_ws/install/teleop_tools_msgs/lib/python3.8/site-packages:${PYTHONPATH} /usr/bin/python3 setup.py egg_info --egg-base ../../../../build/joy_teleop build --build-base /f1tenth_ws/build/joy_teleop/build install --prefix /f1tenth_ws/install/joy_teleop --record /f1tenth_ws/build/joy_teleop/install.log --single-version-externally-managed
[2.148s] running egg_info
[2.151s] writing ../../../../build/joy_teleop/joy_teleop.egg-info/PKG-INFO
[2.154s] writing dependency_links to ../../../../build/joy_teleop/joy_teleop.egg-info/dependency_links.txt
[2.155s] writing entry points to ../../../../build/joy_teleop/joy_teleop.egg-info/entry_points.txt
[2.156s] writing requirements to ../../../../build/joy_teleop/joy_teleop.egg-info/requires.txt
[2.156s] writing top-level names to ../../../../build/joy_teleop/joy_teleop.egg-info/top_level.txt
[2.330s] reading manifest file '../../../../build/joy_teleop/joy_teleop.egg-info/SOURCES.txt'
[2.335s] writing manifest file '../../../../build/joy_teleop/joy_teleop.egg-info/SOURCES.txt'
[2.336s] running build
[2.336s] running build_py
[2.339s] running install
[2.342s] running install_lib
[2.349s] running install_data
[2.354s] running install_egg_info
[2.361s] removing '/f1tenth_ws/install/joy_teleop/lib/python3.8/site-packages/joy_teleop-0.3.0-py3.8.egg-info' (and everything under it)
[2.363s] Copying ../../../../build/joy_teleop/joy_teleop.egg-info to /f1tenth_ws/install/joy_teleop/lib/python3.8/site-packages/joy_teleop-0.3.0-py3.8.egg-info
[2.367s] running install_scripts
[2.444s] Installing incrementer_server script to /f1tenth_ws/install/joy_teleop/lib/joy_teleop
[2.447s] Installing joy_teleop script to /f1tenth_ws/install/joy_teleop/lib/joy_teleop
[2.448s] writing list of installed files to '/f1tenth_ws/build/joy_teleop/install.log'
[2.550s] Invoked command in '/f1tenth_ws/src/f1tenth_system/teleop_tools/joy_teleop' returned '0': AMENT_PREFIX_PATH=/f1tenth_ws/install/teleop_tools_msgs:${AMENT_PREFIX_PATH} CMAKE_PREFIX_PATH=/f1tenth_ws/install/teleop_tools_msgs LD_LIBRARY_PATH=/f1tenth_ws/install/teleop_tools_msgs/lib:/opt/ros/foxy/opt/yaml_cpp_vendor/lib:/opt/ros/foxy/opt/rviz_ogre_vendor/lib:/opt/ros/foxy/lib/aarch64-linux-gnu:/opt/ros/foxy/lib:/usr/local/cuda-10.2/targets/aarch64-linux/lib PYTHONPATH=/f1tenth_ws/install/joy_teleop/lib/python3.8/site-packages:/f1tenth_ws/install/teleop_tools_msgs/lib/python3.8/site-packages:${PYTHONPATH} /usr/bin/python3 setup.py egg_info --egg-base ../../../../build/joy_teleop build --build-base /f1tenth_ws/build/joy_teleop/build install --prefix /f1tenth_ws/install/joy_teleop --record /f1tenth_ws/build/joy_teleop/install.log --single-version-externally-managed
