running egg_info
creating ../../../../build/key_teleop/key_teleop.egg-info
writing ../../../../build/key_teleop/key_teleop.egg-info/PKG-INFO
writing dependency_links to ../../../../build/key_teleop/key_teleop.egg-info/dependency_links.txt
writing entry points to ../../../../build/key_teleop/key_teleop.egg-info/entry_points.txt
writing requirements to ../../../../build/key_teleop/key_teleop.egg-info/requires.txt
writing top-level names to ../../../../build/key_teleop/key_teleop.egg-info/top_level.txt
writing manifest file '../../../../build/key_teleop/key_teleop.egg-info/SOURCES.txt'
reading manifest file '../../../../build/key_teleop/key_teleop.egg-info/SOURCES.txt'
writing manifest file '../../../../build/key_teleop/key_teleop.egg-info/SOURCES.txt'
running build
running build_py
creating /f1tenth_ws/build/key_teleop/build
creating /f1tenth_ws/build/key_teleop/build/lib
creating /f1tenth_ws/build/key_teleop/build/lib/key_teleop
copying key_teleop/key_teleop.py -> /f1tenth_ws/build/key_teleop/build/lib/key_teleop
copying key_teleop/__init__.py -> /f1tenth_ws/build/key_teleop/build/lib/key_teleop
running install
running install_lib
creating /f1tenth_ws/install/key_teleop/lib/python3.8/site-packages/key_teleop
copying /f1tenth_ws/build/key_teleop/build/lib/key_teleop/key_teleop.py -> /f1tenth_ws/install/key_teleop/lib/python3.8/site-packages/key_teleop
copying /f1tenth_ws/build/key_teleop/build/lib/key_teleop/__init__.py -> /f1tenth_ws/install/key_teleop/lib/python3.8/site-packages/key_teleop
byte-compiling /f1tenth_ws/install/key_teleop/lib/python3.8/site-packages/key_teleop/key_teleop.py to key_teleop.cpython-38.pyc
byte-compiling /f1tenth_ws/install/key_teleop/lib/python3.8/site-packages/key_teleop/__init__.py to __init__.cpython-38.pyc
running install_data
copying package.xml -> /f1tenth_ws/install/key_teleop/share/key_teleop
creating /f1tenth_ws/install/key_teleop/share/key_teleop/config
copying config/key_teleop.yaml -> /f1tenth_ws/install/key_teleop/share/key_teleop/config
creating /f1tenth_ws/install/key_teleop/share/ament_index
creating /f1tenth_ws/install/key_teleop/share/ament_index/resource_index
creating /f1tenth_ws/install/key_teleop/share/ament_index/resource_index/packages
copying resource/key_teleop -> /f1tenth_ws/install/key_teleop/share/ament_index/resource_index/packages
running install_egg_info
Copying ../../../../build/key_teleop/key_teleop.egg-info to /f1tenth_ws/install/key_teleop/lib/python3.8/site-packages/key_teleop-0.3.0-py3.8.egg-info
running install_scripts
Installing key_teleop script to /f1tenth_ws/install/key_teleop/lib/key_teleop
writing list of installed files to '/f1tenth_ws/build/key_teleop/install.log'
