[2.469s] Invoking command in '/f1tenth_ws/src/f1tenth_system/teleop_tools/mouse_teleop': PYTHONPATH=/f1tenth_ws/install/mouse_teleop/lib/python3.8/site-packages:${PYTHONPATH} /usr/bin/python3 setup.py egg_info --egg-base ../../../../build/mouse_teleop build --build-base /f1tenth_ws/build/mouse_teleop/build install --prefix /f1tenth_ws/install/mouse_teleop --record /f1tenth_ws/build/mouse_teleop/install.log --single-version-externally-managed
[3.533s] running egg_info
[3.536s] writing ../../../../build/mouse_teleop/mouse_teleop.egg-info/PKG-INFO
[3.537s] writing dependency_links to ../../../../build/mouse_teleop/mouse_teleop.egg-info/dependency_links.txt
[3.538s] writing entry points to ../../../../build/mouse_teleop/mouse_teleop.egg-info/entry_points.txt
[3.538s] writing requirements to ../../../../build/mouse_teleop/mouse_teleop.egg-info/requires.txt
[3.539s] writing top-level names to ../../../../build/mouse_teleop/mouse_teleop.egg-info/top_level.txt
[3.754s] reading manifest file '../../../../build/mouse_teleop/mouse_teleop.egg-info/SOURCES.txt'
[3.758s] writing manifest file '../../../../build/mouse_teleop/mouse_teleop.egg-info/SOURCES.txt'
[3.759s] running build
[3.760s] running build_py
[3.764s] running install
[3.769s] running install_lib
[3.779s] running install_data
[3.783s] running install_egg_info
[3.792s] removing '/f1tenth_ws/install/mouse_teleop/lib/python3.8/site-packages/mouse_teleop-0.3.0-py3.8.egg-info' (and everything under it)
[3.794s] Copying ../../../../build/mouse_teleop/mouse_teleop.egg-info to /f1tenth_ws/install/mouse_teleop/lib/python3.8/site-packages/mouse_teleop-0.3.0-py3.8.egg-info
[3.797s] running install_scripts
[3.885s] Installing mouse_teleop script to /f1tenth_ws/install/mouse_teleop/lib/mouse_teleop
[3.887s] writing list of installed files to '/f1tenth_ws/build/mouse_teleop/install.log'
[4.437s] Invoked command in '/f1tenth_ws/src/f1tenth_system/teleop_tools/mouse_teleop' returned '0': PYTHONPATH=/f1tenth_ws/install/mouse_teleop/lib/python3.8/site-packages:${PYTHONPATH} /usr/bin/python3 setup.py egg_info --egg-base ../../../../build/mouse_teleop build --build-base /f1tenth_ws/build/mouse_teleop/build install --prefix /f1tenth_ws/install/mouse_teleop --record /f1tenth_ws/build/mouse_teleop/install.log --single-version-externally-managed
