[0.061s] Invoking command in '/f1tenth_ws/build/gap_follow': CMAKE_PREFIX_PATH=/opt/ros/foxy /usr/bin/cmake --build /f1tenth_ws/build/gap_follow -- -j6 -l6
[0.302s] [100%] Built target reactive_node
[0.340s] Invoked command in '/f1tenth_ws/build/gap_follow' returned '0': CMAKE_PREFIX_PATH=/opt/ros/foxy /usr/bin/cmake --build /f1tenth_ws/build/gap_follow -- -j6 -l6
[0.462s] Invoking command in '/f1tenth_ws/build/gap_follow': CMAKE_PREFIX_PATH=/opt/ros/foxy /usr/bin/cmake --install /f1tenth_ws/build/gap_follow
[0.494s] -- Install configuration: ""
[0.496s] -- Up-to-date: /f1tenth_ws/install/gap_follow/lib/gap_follow/reactive_node
[0.496s] -- Up-to-date: /f1tenth_ws/install/gap_follow/share/gap_follow/environment/pythonpath.sh
[0.496s] -- Up-to-date: /f1tenth_ws/install/gap_follow/share/gap_follow/environment/pythonpath.dsv
[0.497s] -- Up-to-date: /f1tenth_ws/install/gap_follow/lib/python3.8/site-packages/gap_follow
[0.498s] -- Up-to-date: /f1tenth_ws/install/gap_follow/lib/python3.8/site-packages/gap_follow/__init__.py
[0.612s] Listing '/f1tenth_ws/install/gap_follow/lib/python3.8/site-packages/gap_follow'...
[0.627s] -- Installing: /f1tenth_ws/install/gap_follow/lib/gap_follow/reactive_node.py
[0.628s] -- Up-to-date: /f1tenth_ws/install/gap_follow/share/ament_index/resource_index/package_run_dependencies/gap_follow
[0.629s] -- Up-to-date: /f1tenth_ws/install/gap_follow/share/ament_index/resource_index/parent_prefix_path/gap_follow
[0.629s] -- Up-to-date: /f1tenth_ws/install/gap_follow/share/gap_follow/environment/ament_prefix_path.sh
[0.631s] -- Up-to-date: /f1tenth_ws/install/gap_follow/share/gap_follow/environment/ament_prefix_path.dsv
[0.632s] -- Up-to-date: /f1tenth_ws/install/gap_follow/share/gap_follow/environment/path.sh
[0.632s] -- Up-to-date: /f1tenth_ws/install/gap_follow/share/gap_follow/environment/path.dsv
[0.633s] -- Up-to-date: /f1tenth_ws/install/gap_follow/share/gap_follow/local_setup.bash
[0.634s] -- Up-to-date: /f1tenth_ws/install/gap_follow/share/gap_follow/local_setup.sh
[0.634s] -- Up-to-date: /f1tenth_ws/install/gap_follow/share/gap_follow/local_setup.zsh
[0.635s] -- Up-to-date: /f1tenth_ws/install/gap_follow/share/gap_follow/local_setup.dsv
[0.635s] -- Installing: /f1tenth_ws/install/gap_follow/share/gap_follow/package.dsv
[0.635s] -- Up-to-date: /f1tenth_ws/install/gap_follow/share/ament_index/resource_index/packages/gap_follow
[0.636s] -- Up-to-date: /f1tenth_ws/install/gap_follow/share/gap_follow/cmake/gap_followConfig.cmake
[0.636s] -- Up-to-date: /f1tenth_ws/install/gap_follow/share/gap_follow/cmake/gap_followConfig-version.cmake
[0.636s] -- Up-to-date: /f1tenth_ws/install/gap_follow/share/gap_follow/package.xml
[0.644s] Invoked command in '/f1tenth_ws/build/gap_follow' returned '0': CMAKE_PREFIX_PATH=/opt/ros/foxy /usr/bin/cmake --install /f1tenth_ws/build/gap_follow
