[2.458s] Invoking command in '/f1tenth_ws/src/f1tenth_system/teleop_tools/key_teleop': PYTHONPATH=/f1tenth_ws/install/key_teleop/lib/python3.8/site-packages:${PYTHONPATH} /usr/bin/python3 setup.py egg_info --egg-base ../../../../build/key_teleop build --build-base /f1tenth_ws/build/key_teleop/build install --prefix /f1tenth_ws/install/key_teleop --record /f1tenth_ws/build/key_teleop/install.log --single-version-externally-managed
[3.459s] running egg_info
[3.461s] writing ../../../../build/key_teleop/key_teleop.egg-info/PKG-INFO
[3.462s] writing dependency_links to ../../../../build/key_teleop/key_teleop.egg-info/dependency_links.txt
[3.463s] writing entry points to ../../../../build/key_teleop/key_teleop.egg-info/entry_points.txt
[3.464s] writing requirements to ../../../../build/key_teleop/key_teleop.egg-info/requires.txt
[3.464s] writing top-level names to ../../../../build/key_teleop/key_teleop.egg-info/top_level.txt
[3.631s] reading manifest file '../../../../build/key_teleop/key_teleop.egg-info/SOURCES.txt'
[3.635s] writing manifest file '../../../../build/key_teleop/key_teleop.egg-info/SOURCES.txt'
[3.635s] running build
[3.636s] running build_py
[3.636s] running install
[3.640s] running install_lib
[3.646s] running install_data
[3.647s] running install_egg_info
[3.654s] removing '/f1tenth_ws/install/key_teleop/lib/python3.8/site-packages/key_teleop-0.3.0-py3.8.egg-info' (and everything under it)
[3.655s] Copying ../../../../build/key_teleop/key_teleop.egg-info to /f1tenth_ws/install/key_teleop/lib/python3.8/site-packages/key_teleop-0.3.0-py3.8.egg-info
[3.659s] running install_scripts
[3.731s] Installing key_teleop script to /f1tenth_ws/install/key_teleop/lib/key_teleop
[3.733s] writing list of installed files to '/f1tenth_ws/build/key_teleop/install.log'
[4.362s] Invoked command in '/f1tenth_ws/src/f1tenth_system/teleop_tools/key_teleop' returned '0': PYTHONPATH=/f1tenth_ws/install/key_teleop/lib/python3.8/site-packages:${PYTHONPATH} /usr/bin/python3 setup.py egg_info --egg-base ../../../../build/key_teleop build --build-base /f1tenth_ws/build/key_teleop/build install --prefix /f1tenth_ws/install/key_teleop --record /f1tenth_ws/build/key_teleop/install.log --single-version-externally-managed
