[0.238s] Invoking command in '/f1tenth_ws/build/teleop_tools_msgs': CMAKE_PREFIX_PATH=/opt/ros/foxy /usr/bin/cmake --build /f1tenth_ws/build/teleop_tools_msgs -- -j6 -l6
[3.615s] [  3%] Built target teleop_tools_msgs__cpp
[3.626s] [ 12%] Built target teleop_tools_msgs__rosidl_generator_c
[3.628s] [ 22%] Built target teleop_tools_msgs__rosidl_typesupport_introspection_cpp
[3.637s] [ 32%] Built target teleop_tools_msgs__rosidl_typesupport_cpp
[3.637s] [ 41%] Built target teleop_tools_msgs__rosidl_typesupport_fastrtps_cpp
[3.638s] [ 51%] Built target teleop_tools_msgs__rosidl_typesupport_introspection_c
[3.638s] [ 61%] Built target teleop_tools_msgs__rosidl_typesupport_c
[3.638s] [ 70%] Built target teleop_tools_msgs__rosidl_typesupport_fastrtps_c
[3.639s] [ 70%] Built target teleop_tools_msgs
[3.639s] [ 74%] Built target teleop_tools_msgs__py
[3.657s] [ 80%] Built target teleop_tools_msgs__python
[3.664s] [ 87%] Built target teleop_tools_msgs__rosidl_typesupport_c__pyext
[3.664s] [ 93%] Built target teleop_tools_msgs__rosidl_typesupport_introspection_c__pyext
[3.666s] [100%] Built target teleop_tools_msgs__rosidl_typesupport_fastrtps_c__pyext
[3.692s] Invoked command in '/f1tenth_ws/build/teleop_tools_msgs' returned '0': CMAKE_PREFIX_PATH=/opt/ros/foxy /usr/bin/cmake --build /f1tenth_ws/build/teleop_tools_msgs -- -j6 -l6
[4.438s] Invoking command in '/f1tenth_ws/build/teleop_tools_msgs': CMAKE_PREFIX_PATH=/opt/ros/foxy /usr/bin/cmake --install /f1tenth_ws/build/teleop_tools_msgs
[4.544s] -- Install configuration: ""
[4.545s] -- Up-to-date: /f1tenth_ws/install/teleop_tools_msgs/share/ament_index/resource_index/rosidl_interfaces/teleop_tools_msgs
[4.546s] -- Up-to-date: /f1tenth_ws/install/teleop_tools_msgs/include/teleop_tools_msgs
[4.547s] -- Up-to-date: /f1tenth_ws/install/teleop_tools_msgs/include/teleop_tools_msgs/action
[4.547s] -- Up-to-date: /f1tenth_ws/install/teleop_tools_msgs/include/teleop_tools_msgs/action/detail
[4.547s] -- Up-to-date: /f1tenth_ws/install/teleop_tools_msgs/include/teleop_tools_msgs/action/detail/increment__functions.h
[4.548s] -- Up-to-date: /f1tenth_ws/install/teleop_tools_msgs/include/teleop_tools_msgs/action/detail/increment__struct.h
[4.548s] -- Up-to-date: /f1tenth_ws/install/teleop_tools_msgs/include/teleop_tools_msgs/action/detail/increment__functions.c
[4.551s] -- Up-to-date: /f1tenth_ws/install/teleop_tools_msgs/include/teleop_tools_msgs/action/detail/increment__type_support.h
[4.554s] -- Up-to-date: /f1tenth_ws/install/teleop_tools_msgs/include/teleop_tools_msgs/action/increment.h
[4.555s] -- Up-to-date: /f1tenth_ws/install/teleop_tools_msgs/include/teleop_tools_msgs/msg
[4.555s] -- Up-to-date: /f1tenth_ws/install/teleop_tools_msgs/include/teleop_tools_msgs/msg/rosidl_generator_c__visibility_control.h
[4.555s] -- Up-to-date: /f1tenth_ws/install/teleop_tools_msgs/share/teleop_tools_msgs/environment/library_path.sh
[4.556s] -- Up-to-date: /f1tenth_ws/install/teleop_tools_msgs/share/teleop_tools_msgs/environment/library_path.dsv
[4.556s] -- Up-to-date: /f1tenth_ws/install/teleop_tools_msgs/lib/libteleop_tools_msgs__rosidl_generator_c.so
[4.557s] -- Up-to-date: /f1tenth_ws/install/teleop_tools_msgs/include/teleop_tools_msgs
[4.562s] -- Up-to-date: /f1tenth_ws/install/teleop_tools_msgs/include/teleop_tools_msgs/action
[4.565s] -- Up-to-date: /f1tenth_ws/install/teleop_tools_msgs/include/teleop_tools_msgs/action/detail
[4.565s] -- Up-to-date: /f1tenth_ws/install/teleop_tools_msgs/include/teleop_tools_msgs/action/detail/increment__rosidl_typesupport_fastrtps_c.h
[4.566s] -- Up-to-date: /f1tenth_ws/install/teleop_tools_msgs/include/teleop_tools_msgs/msg
[4.566s] -- Up-to-date: /f1tenth_ws/install/teleop_tools_msgs/include/teleop_tools_msgs/msg/rosidl_typesupport_fastrtps_c__visibility_control.h
[4.566s] -- Up-to-date: /f1tenth_ws/install/teleop_tools_msgs/lib/libteleop_tools_msgs__rosidl_typesupport_fastrtps_c.so
[4.567s] -- Up-to-date: /f1tenth_ws/install/teleop_tools_msgs/include/teleop_tools_msgs
[4.567s] -- Up-to-date: /f1tenth_ws/install/teleop_tools_msgs/include/teleop_tools_msgs/action
[4.568s] -- Up-to-date: /f1tenth_ws/install/teleop_tools_msgs/include/teleop_tools_msgs/action/detail
[4.569s] -- Up-to-date: /f1tenth_ws/install/teleop_tools_msgs/include/teleop_tools_msgs/action/detail/dds_fastrtps
[4.569s] -- Up-to-date: /f1tenth_ws/install/teleop_tools_msgs/include/teleop_tools_msgs/action/detail/increment__rosidl_typesupport_fastrtps_cpp.hpp
[4.569s] -- Up-to-date: /f1tenth_ws/install/teleop_tools_msgs/include/teleop_tools_msgs/msg
[4.570s] -- Up-to-date: /f1tenth_ws/install/teleop_tools_msgs/include/teleop_tools_msgs/msg/rosidl_typesupport_fastrtps_cpp__visibility_control.h
[4.570s] -- Up-to-date: /f1tenth_ws/install/teleop_tools_msgs/lib/libteleop_tools_msgs__rosidl_typesupport_fastrtps_cpp.so
[4.570s] -- Up-to-date: /f1tenth_ws/install/teleop_tools_msgs/include/teleop_tools_msgs
[4.571s] -- Up-to-date: /f1tenth_ws/install/teleop_tools_msgs/include/teleop_tools_msgs/action
[4.571s] -- Up-to-date: /f1tenth_ws/install/teleop_tools_msgs/include/teleop_tools_msgs/action/detail
[4.571s] -- Up-to-date: /f1tenth_ws/install/teleop_tools_msgs/include/teleop_tools_msgs/action/detail/increment__type_support.c
[4.572s] -- Up-to-date: /f1tenth_ws/install/teleop_tools_msgs/include/teleop_tools_msgs/action/detail/increment__rosidl_typesupport_introspection_c.h
[4.572s] -- Up-to-date: /f1tenth_ws/install/teleop_tools_msgs/include/teleop_tools_msgs/msg
[4.572s] -- Up-to-date: /f1tenth_ws/install/teleop_tools_msgs/include/teleop_tools_msgs/msg/rosidl_typesupport_introspection_c__visibility_control.h
[4.579s] -- Up-to-date: /f1tenth_ws/install/teleop_tools_msgs/lib/libteleop_tools_msgs__rosidl_typesupport_introspection_c.so
[4.580s] -- Up-to-date: /f1tenth_ws/install/teleop_tools_msgs/lib/libteleop_tools_msgs__rosidl_typesupport_c.so
[4.580s] -- Up-to-date: /f1tenth_ws/install/teleop_tools_msgs/include/teleop_tools_msgs
[4.580s] -- Up-to-date: /f1tenth_ws/install/teleop_tools_msgs/include/teleop_tools_msgs/action
[4.580s] -- Up-to-date: /f1tenth_ws/install/teleop_tools_msgs/include/teleop_tools_msgs/action/detail
[4.582s] -- Up-to-date: /f1tenth_ws/install/teleop_tools_msgs/include/teleop_tools_msgs/action/detail/increment__builder.hpp
[4.582s] -- Up-to-date: /f1tenth_ws/install/teleop_tools_msgs/include/teleop_tools_msgs/action/detail/increment__struct.hpp
[4.583s] -- Up-to-date: /f1tenth_ws/install/teleop_tools_msgs/include/teleop_tools_msgs/action/detail/increment__traits.hpp
[4.583s] -- Up-to-date: /f1tenth_ws/install/teleop_tools_msgs/include/teleop_tools_msgs/action/increment.hpp
[4.584s] -- Up-to-date: /f1tenth_ws/install/teleop_tools_msgs/include/teleop_tools_msgs
[4.584s] -- Up-to-date: /f1tenth_ws/install/teleop_tools_msgs/include/teleop_tools_msgs/action
[4.584s] -- Up-to-date: /f1tenth_ws/install/teleop_tools_msgs/include/teleop_tools_msgs/action/detail
[4.584s] -- Up-to-date: /f1tenth_ws/install/teleop_tools_msgs/include/teleop_tools_msgs/action/detail/increment__type_support.cpp
[4.588s] -- Up-to-date: /f1tenth_ws/install/teleop_tools_msgs/include/teleop_tools_msgs/action/detail/increment__rosidl_typesupport_introspection_cpp.hpp
[4.588s] -- Up-to-date: /f1tenth_ws/install/teleop_tools_msgs/lib/libteleop_tools_msgs__rosidl_typesupport_introspection_cpp.so
[4.589s] -- Up-to-date: /f1tenth_ws/install/teleop_tools_msgs/lib/libteleop_tools_msgs__rosidl_typesupport_cpp.so
[4.589s] -- Up-to-date: /f1tenth_ws/install/teleop_tools_msgs/share/teleop_tools_msgs/environment/pythonpath.sh
[4.590s] -- Up-to-date: /f1tenth_ws/install/teleop_tools_msgs/share/teleop_tools_msgs/environment/pythonpath.dsv
[4.590s] -- Up-to-date: /f1tenth_ws/install/teleop_tools_msgs/lib/python3.8/site-packages/teleop_tools_msgs/__init__.py
[4.759s] -- Up-to-date: /f1tenth_ws/install/teleop_tools_msgs/lib/python3.8/site-packages/teleop_tools_msgs/action
[4.760s] -- Up-to-date: /f1tenth_ws/install/teleop_tools_msgs/lib/python3.8/site-packages/teleop_tools_msgs/action/_increment_s.c
[4.760s] -- Up-to-date: /f1tenth_ws/install/teleop_tools_msgs/lib/python3.8/site-packages/teleop_tools_msgs/action/_increment.py
[4.761s] -- Up-to-date: /f1tenth_ws/install/teleop_tools_msgs/lib/python3.8/site-packages/teleop_tools_msgs/action/__init__.py
[4.762s] -- Up-to-date: /f1tenth_ws/install/teleop_tools_msgs/lib/python3.8/site-packages/teleop_tools_msgs/teleop_tools_msgs_s__rosidl_typesupport_fastrtps_c.cpython-38-aarch64-linux-gnu.so
[4.765s] -- Up-to-date: /f1tenth_ws/install/teleop_tools_msgs/lib/python3.8/site-packages/teleop_tools_msgs/teleop_tools_msgs_s__rosidl_typesupport_introspection_c.cpython-38-aarch64-linux-gnu.so
[4.767s] -- Up-to-date: /f1tenth_ws/install/teleop_tools_msgs/lib/python3.8/site-packages/teleop_tools_msgs/teleop_tools_msgs_s__rosidl_typesupport_c.cpython-38-aarch64-linux-gnu.so
[4.770s] -- Up-to-date: /f1tenth_ws/install/teleop_tools_msgs/lib/libteleop_tools_msgs__python.so
[4.790s] -- Up-to-date: /f1tenth_ws/install/teleop_tools_msgs/share/teleop_tools_msgs/action/Increment.idl
[4.790s] -- Up-to-date: /f1tenth_ws/install/teleop_tools_msgs/share/teleop_tools_msgs/action/Increment.action
[4.791s] -- Up-to-date: /f1tenth_ws/install/teleop_tools_msgs/share/ament_index/resource_index/package_run_dependencies/teleop_tools_msgs
[4.791s] -- Up-to-date: /f1tenth_ws/install/teleop_tools_msgs/share/ament_index/resource_index/parent_prefix_path/teleop_tools_msgs
[4.792s] -- Up-to-date: /f1tenth_ws/install/teleop_tools_msgs/share/teleop_tools_msgs/environment/ament_prefix_path.sh
[4.792s] -- Up-to-date: /f1tenth_ws/install/teleop_tools_msgs/share/teleop_tools_msgs/environment/ament_prefix_path.dsv
[4.792s] -- Up-to-date: /f1tenth_ws/install/teleop_tools_msgs/share/teleop_tools_msgs/environment/path.sh
[4.793s] -- Up-to-date: /f1tenth_ws/install/teleop_tools_msgs/share/teleop_tools_msgs/environment/path.dsv
[4.793s] -- Up-to-date: /f1tenth_ws/install/teleop_tools_msgs/share/teleop_tools_msgs/local_setup.bash
[4.793s] -- Up-to-date: /f1tenth_ws/install/teleop_tools_msgs/share/teleop_tools_msgs/local_setup.sh
[4.794s] -- Up-to-date: /f1tenth_ws/install/teleop_tools_msgs/share/teleop_tools_msgs/local_setup.zsh
[4.794s] -- Up-to-date: /f1tenth_ws/install/teleop_tools_msgs/share/teleop_tools_msgs/local_setup.dsv
[4.794s] -- Installing: /f1tenth_ws/install/teleop_tools_msgs/share/teleop_tools_msgs/package.dsv
[4.794s] -- Up-to-date: /f1tenth_ws/install/teleop_tools_msgs/share/ament_index/resource_index/packages/teleop_tools_msgs
[4.795s] -- Up-to-date: /f1tenth_ws/install/teleop_tools_msgs/share/teleop_tools_msgs/cmake/teleop_tools_msgs__rosidl_generator_cExport.cmake
[4.795s] -- Up-to-date: /f1tenth_ws/install/teleop_tools_msgs/share/teleop_tools_msgs/cmake/teleop_tools_msgs__rosidl_generator_cExport-noconfig.cmake
[4.796s] -- Up-to-date: /f1tenth_ws/install/teleop_tools_msgs/share/teleop_tools_msgs/cmake/teleop_tools_msgs__rosidl_typesupport_introspection_cExport.cmake
[4.796s] -- Up-to-date: /f1tenth_ws/install/teleop_tools_msgs/share/teleop_tools_msgs/cmake/teleop_tools_msgs__rosidl_typesupport_introspection_cExport-noconfig.cmake
[4.801s] -- Up-to-date: /f1tenth_ws/install/teleop_tools_msgs/share/teleop_tools_msgs/cmake/teleop_tools_msgs__rosidl_typesupport_cExport.cmake
[4.802s] -- Up-to-date: /f1tenth_ws/install/teleop_tools_msgs/share/teleop_tools_msgs/cmake/teleop_tools_msgs__rosidl_typesupport_cExport-noconfig.cmake
[4.806s] -- Up-to-date: /f1tenth_ws/install/teleop_tools_msgs/share/teleop_tools_msgs/cmake/teleop_tools_msgs__rosidl_generator_cppExport.cmake
[4.806s] -- Up-to-date: /f1tenth_ws/install/teleop_tools_msgs/share/teleop_tools_msgs/cmake/teleop_tools_msgs__rosidl_typesupport_introspection_cppExport.cmake
[4.807s] -- Up-to-date: /f1tenth_ws/install/teleop_tools_msgs/share/teleop_tools_msgs/cmake/teleop_tools_msgs__rosidl_typesupport_introspection_cppExport-noconfig.cmake
[4.808s] -- Up-to-date: /f1tenth_ws/install/teleop_tools_msgs/share/teleop_tools_msgs/cmake/teleop_tools_msgs__rosidl_typesupport_cppExport.cmake
[4.808s] -- Up-to-date: /f1tenth_ws/install/teleop_tools_msgs/share/teleop_tools_msgs/cmake/teleop_tools_msgs__rosidl_typesupport_cppExport-noconfig.cmake
[4.810s] -- Up-to-date: /f1tenth_ws/install/teleop_tools_msgs/share/teleop_tools_msgs/cmake/rosidl_cmake-extras.cmake
[4.811s] -- Up-to-date: /f1tenth_ws/install/teleop_tools_msgs/share/teleop_tools_msgs/cmake/ament_cmake_export_dependencies-extras.cmake
[4.811s] -- Up-to-date: /f1tenth_ws/install/teleop_tools_msgs/share/teleop_tools_msgs/cmake/ament_cmake_export_libraries-extras.cmake
[4.812s] -- Up-to-date: /f1tenth_ws/install/teleop_tools_msgs/share/teleop_tools_msgs/cmake/ament_cmake_export_targets-extras.cmake
[4.812s] -- Up-to-date: /f1tenth_ws/install/teleop_tools_msgs/share/teleop_tools_msgs/cmake/ament_cmake_export_include_directories-extras.cmake
[4.813s] -- Up-to-date: /f1tenth_ws/install/teleop_tools_msgs/share/teleop_tools_msgs/cmake/rosidl_cmake_export_typesupport_libraries-extras.cmake
[4.813s] -- Up-to-date: /f1tenth_ws/install/teleop_tools_msgs/share/teleop_tools_msgs/cmake/rosidl_cmake_export_typesupport_targets-extras.cmake
[4.814s] -- Up-to-date: /f1tenth_ws/install/teleop_tools_msgs/share/teleop_tools_msgs/cmake/teleop_tools_msgsConfig.cmake
[4.815s] -- Up-to-date: /f1tenth_ws/install/teleop_tools_msgs/share/teleop_tools_msgs/cmake/teleop_tools_msgsConfig-version.cmake
[4.815s] -- Up-to-date: /f1tenth_ws/install/teleop_tools_msgs/share/teleop_tools_msgs/package.xml
[4.824s] Invoked command in '/f1tenth_ws/build/teleop_tools_msgs' returned '0': CMAKE_PREFIX_PATH=/opt/ros/foxy /usr/bin/cmake --install /f1tenth_ws/build/teleop_tools_msgs
