[0.245s] Invoking command in '/f1tenth_ws/build/vesc_msgs': CMAKE_PREFIX_PATH=${CMAKE_PREFIX_PATH}:/f1tenth_ws/install/f1tenth_stack:/f1tenth_ws/install/joy_teleop:/f1tenth_ws/install/particle_filter:/f1tenth_ws/install/mouse_teleop:/f1tenth_ws/install/key_teleop:/opt/ros/foxy /usr/bin/cmake --build /f1tenth_ws/build/vesc_msgs -- -j6 -l6
[2.415s] [ 10%] Built target vesc_msgs__rosidl_generator_c
[2.420s] [ 12%] Built target vesc_msgs__cpp
[2.421s] [ 23%] Built target vesc_msgs__rosidl_typesupport_cpp
[2.422s] [ 34%] Built target vesc_msgs__rosidl_typesupport_introspection_c
[2.423s] [ 45%] Built target vesc_msgs__rosidl_typesupport_introspection_cpp
[2.423s] [ 56%] Built target vesc_msgs__rosidl_typesupport_c
[2.424s] [ 67%] Built target vesc_msgs__rosidl_typesupport_fastrtps_cpp
[2.425s] [ 78%] Built target vesc_msgs__rosidl_typesupport_fastrtps_c
[2.426s] [ 78%] Built target vesc_msgs
[2.426s] [ 80%] Built target vesc_msgs__py
[2.427s] [ 89%] Built target vesc_msgs__python
[2.428s] [ 92%] Built target vesc_msgs__rosidl_typesupport_c__pyext
[2.428s] [100%] Built target vesc_msgs__rosidl_typesupport_fastrtps_c__pyext
[2.429s] [100%] Built target vesc_msgs__rosidl_typesupport_introspection_c__pyext
[2.457s] Invoked command in '/f1tenth_ws/build/vesc_msgs' returned '0': CMAKE_PREFIX_PATH=${CMAKE_PREFIX_PATH}:/f1tenth_ws/install/f1tenth_stack:/f1tenth_ws/install/joy_teleop:/f1tenth_ws/install/particle_filter:/f1tenth_ws/install/mouse_teleop:/f1tenth_ws/install/key_teleop:/opt/ros/foxy /usr/bin/cmake --build /f1tenth_ws/build/vesc_msgs -- -j6 -l6
[3.310s] Invoking command in '/f1tenth_ws/build/vesc_msgs': CMAKE_PREFIX_PATH=${CMAKE_PREFIX_PATH}:/f1tenth_ws/install/f1tenth_stack:/f1tenth_ws/install/joy_teleop:/f1tenth_ws/install/particle_filter:/f1tenth_ws/install/mouse_teleop:/f1tenth_ws/install/key_teleop:/opt/ros/foxy /usr/bin/cmake --install /f1tenth_ws/build/vesc_msgs
[3.454s] -- Install configuration: ""
[3.455s] -- Up-to-date: /f1tenth_ws/install/vesc_msgs/share/ament_index/resource_index/rosidl_interfaces/vesc_msgs
[3.455s] -- Up-to-date: /f1tenth_ws/install/vesc_msgs/include/vesc_msgs
[3.455s] -- Up-to-date: /f1tenth_ws/install/vesc_msgs/include/vesc_msgs/msg
[3.456s] -- Up-to-date: /f1tenth_ws/install/vesc_msgs/include/vesc_msgs/msg/vesc_state_stamped.h
[3.456s] -- Up-to-date: /f1tenth_ws/install/vesc_msgs/include/vesc_msgs/msg/vesc_state.h
[3.457s] -- Up-to-date: /f1tenth_ws/install/vesc_msgs/include/vesc_msgs/msg/vesc_imu_stamped.h
[3.457s] -- Up-to-date: /f1tenth_ws/install/vesc_msgs/include/vesc_msgs/msg/vesc_imu.h
[3.458s] -- Up-to-date: /f1tenth_ws/install/vesc_msgs/include/vesc_msgs/msg/detail
[3.462s] -- Up-to-date: /f1tenth_ws/install/vesc_msgs/include/vesc_msgs/msg/detail/vesc_imu_stamped__functions.c
[3.465s] -- Up-to-date: /f1tenth_ws/install/vesc_msgs/include/vesc_msgs/msg/detail/vesc_imu_stamped__struct.h
[3.473s] -- Up-to-date: /f1tenth_ws/install/vesc_msgs/include/vesc_msgs/msg/detail/vesc_imu__functions.c
[3.474s] -- Up-to-date: /f1tenth_ws/install/vesc_msgs/include/vesc_msgs/msg/detail/vesc_state_stamped__type_support.h
[3.475s] -- Up-to-date: /f1tenth_ws/install/vesc_msgs/include/vesc_msgs/msg/detail/vesc_state__functions.c
[3.475s] -- Up-to-date: /f1tenth_ws/install/vesc_msgs/include/vesc_msgs/msg/detail/vesc_imu_stamped__type_support.h
[3.475s] -- Up-to-date: /f1tenth_ws/install/vesc_msgs/include/vesc_msgs/msg/detail/vesc_state__functions.h
[3.476s] -- Up-to-date: /f1tenth_ws/install/vesc_msgs/include/vesc_msgs/msg/detail/vesc_state_stamped__struct.h
[3.477s] -- Up-to-date: /f1tenth_ws/install/vesc_msgs/include/vesc_msgs/msg/detail/vesc_state__type_support.h
[3.478s] -- Up-to-date: /f1tenth_ws/install/vesc_msgs/include/vesc_msgs/msg/detail/vesc_imu__type_support.h
[3.478s] -- Up-to-date: /f1tenth_ws/install/vesc_msgs/include/vesc_msgs/msg/detail/vesc_state_stamped__functions.c
[3.478s] -- Up-to-date: /f1tenth_ws/install/vesc_msgs/include/vesc_msgs/msg/detail/vesc_imu_stamped__functions.h
[3.479s] -- Up-to-date: /f1tenth_ws/install/vesc_msgs/include/vesc_msgs/msg/detail/vesc_state_stamped__functions.h
[3.479s] -- Up-to-date: /f1tenth_ws/install/vesc_msgs/include/vesc_msgs/msg/detail/vesc_state__struct.h
[3.479s] -- Up-to-date: /f1tenth_ws/install/vesc_msgs/include/vesc_msgs/msg/detail/vesc_imu__struct.h
[3.480s] -- Up-to-date: /f1tenth_ws/install/vesc_msgs/include/vesc_msgs/msg/detail/vesc_imu__functions.h
[3.481s] -- Up-to-date: /f1tenth_ws/install/vesc_msgs/include/vesc_msgs/msg/rosidl_generator_c__visibility_control.h
[3.481s] -- Up-to-date: /f1tenth_ws/install/vesc_msgs/share/vesc_msgs/environment/library_path.sh
[3.482s] -- Up-to-date: /f1tenth_ws/install/vesc_msgs/share/vesc_msgs/environment/library_path.dsv
[3.482s] -- Up-to-date: /f1tenth_ws/install/vesc_msgs/lib/libvesc_msgs__rosidl_generator_c.so
[3.482s] -- Up-to-date: /f1tenth_ws/install/vesc_msgs/include/vesc_msgs
[3.483s] -- Up-to-date: /f1tenth_ws/install/vesc_msgs/include/vesc_msgs/msg
[3.483s] -- Up-to-date: /f1tenth_ws/install/vesc_msgs/include/vesc_msgs/msg/detail
[3.483s] -- Up-to-date: /f1tenth_ws/install/vesc_msgs/include/vesc_msgs/msg/detail/vesc_imu__rosidl_typesupport_fastrtps_c.h
[3.484s] -- Up-to-date: /f1tenth_ws/install/vesc_msgs/include/vesc_msgs/msg/detail/vesc_state_stamped__rosidl_typesupport_fastrtps_c.h
[3.484s] -- Up-to-date: /f1tenth_ws/install/vesc_msgs/include/vesc_msgs/msg/detail/vesc_imu_stamped__rosidl_typesupport_fastrtps_c.h
[3.484s] -- Up-to-date: /f1tenth_ws/install/vesc_msgs/include/vesc_msgs/msg/detail/vesc_state__rosidl_typesupport_fastrtps_c.h
[3.485s] -- Up-to-date: /f1tenth_ws/install/vesc_msgs/include/vesc_msgs/msg/rosidl_typesupport_fastrtps_c__visibility_control.h
[3.485s] -- Up-to-date: /f1tenth_ws/install/vesc_msgs/lib/libvesc_msgs__rosidl_typesupport_fastrtps_c.so
[3.485s] -- Up-to-date: /f1tenth_ws/install/vesc_msgs/include/vesc_msgs
[3.486s] -- Up-to-date: /f1tenth_ws/install/vesc_msgs/include/vesc_msgs/msg
[3.486s] -- Up-to-date: /f1tenth_ws/install/vesc_msgs/include/vesc_msgs/msg/rosidl_typesupport_fastrtps_cpp__visibility_control.h
[3.486s] -- Up-to-date: /f1tenth_ws/install/vesc_msgs/include/vesc_msgs/msg/detail
[3.486s] -- Up-to-date: /f1tenth_ws/install/vesc_msgs/include/vesc_msgs/msg/detail/vesc_imu__rosidl_typesupport_fastrtps_cpp.hpp
[3.487s] -- Up-to-date: /f1tenth_ws/install/vesc_msgs/include/vesc_msgs/msg/detail/vesc_state_stamped__rosidl_typesupport_fastrtps_cpp.hpp
[3.487s] -- Up-to-date: /f1tenth_ws/install/vesc_msgs/include/vesc_msgs/msg/detail/dds_fastrtps
[3.487s] -- Up-to-date: /f1tenth_ws/install/vesc_msgs/include/vesc_msgs/msg/detail/vesc_state__rosidl_typesupport_fastrtps_cpp.hpp
[3.488s] -- Up-to-date: /f1tenth_ws/install/vesc_msgs/include/vesc_msgs/msg/detail/vesc_imu_stamped__rosidl_typesupport_fastrtps_cpp.hpp
[3.489s] -- Up-to-date: /f1tenth_ws/install/vesc_msgs/lib/libvesc_msgs__rosidl_typesupport_fastrtps_cpp.so
[3.489s] -- Up-to-date: /f1tenth_ws/install/vesc_msgs/include/vesc_msgs
[3.489s] -- Up-to-date: /f1tenth_ws/install/vesc_msgs/include/vesc_msgs/msg
[3.490s] -- Up-to-date: /f1tenth_ws/install/vesc_msgs/include/vesc_msgs/msg/rosidl_typesupport_introspection_c__visibility_control.h
[3.490s] -- Up-to-date: /f1tenth_ws/install/vesc_msgs/include/vesc_msgs/msg/detail
[3.490s] -- Up-to-date: /f1tenth_ws/install/vesc_msgs/include/vesc_msgs/msg/detail/vesc_state_stamped__type_support.c
[3.491s] -- Up-to-date: /f1tenth_ws/install/vesc_msgs/include/vesc_msgs/msg/detail/vesc_imu__rosidl_typesupport_introspection_c.h
[3.491s] -- Up-to-date: /f1tenth_ws/install/vesc_msgs/include/vesc_msgs/msg/detail/vesc_state__type_support.c
[3.491s] -- Up-to-date: /f1tenth_ws/install/vesc_msgs/include/vesc_msgs/msg/detail/vesc_state__rosidl_typesupport_introspection_c.h
[3.491s] -- Up-to-date: /f1tenth_ws/install/vesc_msgs/include/vesc_msgs/msg/detail/vesc_state_stamped__rosidl_typesupport_introspection_c.h
[3.492s] -- Up-to-date: /f1tenth_ws/install/vesc_msgs/include/vesc_msgs/msg/detail/vesc_imu_stamped__rosidl_typesupport_introspection_c.h
[3.492s] -- Up-to-date: /f1tenth_ws/install/vesc_msgs/include/vesc_msgs/msg/detail/vesc_imu_stamped__type_support.c
[3.492s] -- Up-to-date: /f1tenth_ws/install/vesc_msgs/include/vesc_msgs/msg/detail/vesc_imu__type_support.c
[3.493s] -- Up-to-date: /f1tenth_ws/install/vesc_msgs/lib/libvesc_msgs__rosidl_typesupport_introspection_c.so
[3.493s] -- Up-to-date: /f1tenth_ws/install/vesc_msgs/lib/libvesc_msgs__rosidl_typesupport_c.so
[3.493s] -- Up-to-date: /f1tenth_ws/install/vesc_msgs/include/vesc_msgs
[3.494s] -- Up-to-date: /f1tenth_ws/install/vesc_msgs/include/vesc_msgs/msg
[3.494s] -- Up-to-date: /f1tenth_ws/install/vesc_msgs/include/vesc_msgs/msg/vesc_state.hpp
[3.494s] -- Up-to-date: /f1tenth_ws/install/vesc_msgs/include/vesc_msgs/msg/vesc_imu_stamped.hpp
[3.494s] -- Up-to-date: /f1tenth_ws/install/vesc_msgs/include/vesc_msgs/msg/vesc_imu.hpp
[3.495s] -- Up-to-date: /f1tenth_ws/install/vesc_msgs/include/vesc_msgs/msg/detail
[3.495s] -- Up-to-date: /f1tenth_ws/install/vesc_msgs/include/vesc_msgs/msg/detail/vesc_state__struct.hpp
[3.495s] -- Up-to-date: /f1tenth_ws/install/vesc_msgs/include/vesc_msgs/msg/detail/vesc_state__builder.hpp
[3.496s] -- Up-to-date: /f1tenth_ws/install/vesc_msgs/include/vesc_msgs/msg/detail/vesc_imu__traits.hpp
[3.496s] -- Up-to-date: /f1tenth_ws/install/vesc_msgs/include/vesc_msgs/msg/detail/vesc_state_stamped__builder.hpp
[3.496s] -- Up-to-date: /f1tenth_ws/install/vesc_msgs/include/vesc_msgs/msg/detail/vesc_imu_stamped__struct.hpp
[3.497s] -- Up-to-date: /f1tenth_ws/install/vesc_msgs/include/vesc_msgs/msg/detail/vesc_imu__struct.hpp
[3.497s] -- Up-to-date: /f1tenth_ws/install/vesc_msgs/include/vesc_msgs/msg/detail/vesc_state__traits.hpp
[3.497s] -- Up-to-date: /f1tenth_ws/install/vesc_msgs/include/vesc_msgs/msg/detail/vesc_state_stamped__traits.hpp
[3.497s] -- Up-to-date: /f1tenth_ws/install/vesc_msgs/include/vesc_msgs/msg/detail/vesc_imu_stamped__builder.hpp
[3.498s] -- Up-to-date: /f1tenth_ws/install/vesc_msgs/include/vesc_msgs/msg/detail/vesc_imu_stamped__traits.hpp
[3.499s] -- Up-to-date: /f1tenth_ws/install/vesc_msgs/include/vesc_msgs/msg/detail/vesc_imu__builder.hpp
[3.500s] -- Up-to-date: /f1tenth_ws/install/vesc_msgs/include/vesc_msgs/msg/detail/vesc_state_stamped__struct.hpp
[3.500s] -- Up-to-date: /f1tenth_ws/install/vesc_msgs/include/vesc_msgs/msg/vesc_state_stamped.hpp
[3.500s] -- Up-to-date: /f1tenth_ws/install/vesc_msgs/include/vesc_msgs
[3.501s] -- Up-to-date: /f1tenth_ws/install/vesc_msgs/include/vesc_msgs/msg
[3.501s] -- Up-to-date: /f1tenth_ws/install/vesc_msgs/include/vesc_msgs/msg/detail
[3.501s] -- Up-to-date: /f1tenth_ws/install/vesc_msgs/include/vesc_msgs/msg/detail/vesc_imu__type_support.cpp
[3.501s] -- Up-to-date: /f1tenth_ws/install/vesc_msgs/include/vesc_msgs/msg/detail/vesc_state_stamped__rosidl_typesupport_introspection_cpp.hpp
[3.502s] -- Up-to-date: /f1tenth_ws/install/vesc_msgs/include/vesc_msgs/msg/detail/vesc_state_stamped__type_support.cpp
[3.502s] -- Up-to-date: /f1tenth_ws/install/vesc_msgs/include/vesc_msgs/msg/detail/vesc_state__type_support.cpp
[3.502s] -- Up-to-date: /f1tenth_ws/install/vesc_msgs/include/vesc_msgs/msg/detail/vesc_state__rosidl_typesupport_introspection_cpp.hpp
[3.503s] -- Up-to-date: /f1tenth_ws/install/vesc_msgs/include/vesc_msgs/msg/detail/vesc_imu__rosidl_typesupport_introspection_cpp.hpp
[3.503s] -- Up-to-date: /f1tenth_ws/install/vesc_msgs/include/vesc_msgs/msg/detail/vesc_imu_stamped__type_support.cpp
[3.503s] -- Up-to-date: /f1tenth_ws/install/vesc_msgs/include/vesc_msgs/msg/detail/vesc_imu_stamped__rosidl_typesupport_introspection_cpp.hpp
[3.504s] -- Up-to-date: /f1tenth_ws/install/vesc_msgs/lib/libvesc_msgs__rosidl_typesupport_introspection_cpp.so
[3.504s] -- Up-to-date: /f1tenth_ws/install/vesc_msgs/lib/libvesc_msgs__rosidl_typesupport_cpp.so
[3.504s] -- Up-to-date: /f1tenth_ws/install/vesc_msgs/share/vesc_msgs/environment/pythonpath.sh
[3.505s] -- Up-to-date: /f1tenth_ws/install/vesc_msgs/share/vesc_msgs/environment/pythonpath.dsv
[3.505s] -- Up-to-date: /f1tenth_ws/install/vesc_msgs/lib/python3.8/site-packages/vesc_msgs/__init__.py
[3.553s] -- Up-to-date: /f1tenth_ws/install/vesc_msgs/lib/python3.8/site-packages/vesc_msgs/msg
[3.554s] -- Up-to-date: /f1tenth_ws/install/vesc_msgs/lib/python3.8/site-packages/vesc_msgs/msg/_vesc_state.py
[3.554s] -- Up-to-date: /f1tenth_ws/install/vesc_msgs/lib/python3.8/site-packages/vesc_msgs/msg/_vesc_imu_s.c
[3.555s] -- Up-to-date: /f1tenth_ws/install/vesc_msgs/lib/python3.8/site-packages/vesc_msgs/msg/_vesc_imu.py
[3.555s] -- Up-to-date: /f1tenth_ws/install/vesc_msgs/lib/python3.8/site-packages/vesc_msgs/msg/_vesc_state_stamped_s.c
[3.555s] -- Up-to-date: /f1tenth_ws/install/vesc_msgs/lib/python3.8/site-packages/vesc_msgs/msg/_vesc_state_s.c
[3.556s] -- Up-to-date: /f1tenth_ws/install/vesc_msgs/lib/python3.8/site-packages/vesc_msgs/msg/_vesc_imu_stamped.py
[3.557s] -- Up-to-date: /f1tenth_ws/install/vesc_msgs/lib/python3.8/site-packages/vesc_msgs/msg/_vesc_imu_stamped_s.c
[3.557s] -- Up-to-date: /f1tenth_ws/install/vesc_msgs/lib/python3.8/site-packages/vesc_msgs/msg/_vesc_state_stamped.py
[3.557s] -- Up-to-date: /f1tenth_ws/install/vesc_msgs/lib/python3.8/site-packages/vesc_msgs/msg/__init__.py
[3.558s] -- Up-to-date: /f1tenth_ws/install/vesc_msgs/lib/python3.8/site-packages/vesc_msgs/vesc_msgs_s__rosidl_typesupport_fastrtps_c.cpython-38-aarch64-linux-gnu.so
[3.560s] -- Up-to-date: /f1tenth_ws/install/vesc_msgs/lib/python3.8/site-packages/vesc_msgs/vesc_msgs_s__rosidl_typesupport_introspection_c.cpython-38-aarch64-linux-gnu.so
[3.562s] -- Up-to-date: /f1tenth_ws/install/vesc_msgs/lib/python3.8/site-packages/vesc_msgs/vesc_msgs_s__rosidl_typesupport_c.cpython-38-aarch64-linux-gnu.so
[3.563s] -- Up-to-date: /f1tenth_ws/install/vesc_msgs/lib/libvesc_msgs__python.so
[3.565s] -- Up-to-date: /f1tenth_ws/install/vesc_msgs/share/vesc_msgs/msg/VescState.idl
[3.566s] -- Up-to-date: /f1tenth_ws/install/vesc_msgs/share/vesc_msgs/msg/VescStateStamped.idl
[3.568s] -- Up-to-date: /f1tenth_ws/install/vesc_msgs/share/vesc_msgs/msg/VescImu.idl
[3.569s] -- Up-to-date: /f1tenth_ws/install/vesc_msgs/share/vesc_msgs/msg/VescImuStamped.idl
[3.570s] -- Up-to-date: /f1tenth_ws/install/vesc_msgs/share/vesc_msgs/msg/VescState.msg
[3.571s] -- Up-to-date: /f1tenth_ws/install/vesc_msgs/share/vesc_msgs/msg/VescStateStamped.msg
[3.573s] -- Up-to-date: /f1tenth_ws/install/vesc_msgs/share/vesc_msgs/msg/VescImu.msg
[3.574s] -- Up-to-date: /f1tenth_ws/install/vesc_msgs/share/vesc_msgs/msg/VescImuStamped.msg
[3.578s] -- Up-to-date: /f1tenth_ws/install/vesc_msgs/share/ament_index/resource_index/package_run_dependencies/vesc_msgs
[3.578s] -- Up-to-date: /f1tenth_ws/install/vesc_msgs/share/ament_index/resource_index/parent_prefix_path/vesc_msgs
[3.580s] -- Up-to-date: /f1tenth_ws/install/vesc_msgs/share/vesc_msgs/environment/ament_prefix_path.sh
[3.580s] -- Up-to-date: /f1tenth_ws/install/vesc_msgs/share/vesc_msgs/environment/ament_prefix_path.dsv
[3.581s] -- Up-to-date: /f1tenth_ws/install/vesc_msgs/share/vesc_msgs/environment/path.sh
[3.581s] -- Up-to-date: /f1tenth_ws/install/vesc_msgs/share/vesc_msgs/environment/path.dsv
[3.582s] -- Up-to-date: /f1tenth_ws/install/vesc_msgs/share/vesc_msgs/local_setup.bash
[3.583s] -- Up-to-date: /f1tenth_ws/install/vesc_msgs/share/vesc_msgs/local_setup.sh
[3.583s] -- Up-to-date: /f1tenth_ws/install/vesc_msgs/share/vesc_msgs/local_setup.zsh
[3.583s] -- Up-to-date: /f1tenth_ws/install/vesc_msgs/share/vesc_msgs/local_setup.dsv
[3.584s] -- Installing: /f1tenth_ws/install/vesc_msgs/share/vesc_msgs/package.dsv
[3.585s] -- Up-to-date: /f1tenth_ws/install/vesc_msgs/share/ament_index/resource_index/packages/vesc_msgs
[3.585s] -- Up-to-date: /f1tenth_ws/install/vesc_msgs/share/vesc_msgs/cmake/vesc_msgs__rosidl_generator_cExport.cmake
[3.585s] -- Up-to-date: /f1tenth_ws/install/vesc_msgs/share/vesc_msgs/cmake/vesc_msgs__rosidl_generator_cExport-noconfig.cmake
[3.586s] -- Up-to-date: /f1tenth_ws/install/vesc_msgs/share/vesc_msgs/cmake/vesc_msgs__rosidl_typesupport_introspection_cExport.cmake
[3.588s] -- Up-to-date: /f1tenth_ws/install/vesc_msgs/share/vesc_msgs/cmake/vesc_msgs__rosidl_typesupport_introspection_cExport-noconfig.cmake
[3.596s] -- Up-to-date: /f1tenth_ws/install/vesc_msgs/share/vesc_msgs/cmake/vesc_msgs__rosidl_typesupport_cExport.cmake
[3.596s] -- Up-to-date: /f1tenth_ws/install/vesc_msgs/share/vesc_msgs/cmake/vesc_msgs__rosidl_typesupport_cExport-noconfig.cmake
[3.597s] -- Up-to-date: /f1tenth_ws/install/vesc_msgs/share/vesc_msgs/cmake/vesc_msgs__rosidl_generator_cppExport.cmake
[3.598s] -- Up-to-date: /f1tenth_ws/install/vesc_msgs/share/vesc_msgs/cmake/vesc_msgs__rosidl_typesupport_introspection_cppExport.cmake
[3.599s] -- Up-to-date: /f1tenth_ws/install/vesc_msgs/share/vesc_msgs/cmake/vesc_msgs__rosidl_typesupport_introspection_cppExport-noconfig.cmake
[3.599s] -- Up-to-date: /f1tenth_ws/install/vesc_msgs/share/vesc_msgs/cmake/vesc_msgs__rosidl_typesupport_cppExport.cmake
[3.600s] -- Up-to-date: /f1tenth_ws/install/vesc_msgs/share/vesc_msgs/cmake/vesc_msgs__rosidl_typesupport_cppExport-noconfig.cmake
[3.600s] -- Up-to-date: /f1tenth_ws/install/vesc_msgs/share/vesc_msgs/cmake/rosidl_cmake-extras.cmake
[3.600s] -- Up-to-date: /f1tenth_ws/install/vesc_msgs/share/vesc_msgs/cmake/ament_cmake_export_dependencies-extras.cmake
[3.601s] -- Up-to-date: /f1tenth_ws/install/vesc_msgs/share/vesc_msgs/cmake/ament_cmake_export_libraries-extras.cmake
[3.602s] -- Up-to-date: /f1tenth_ws/install/vesc_msgs/share/vesc_msgs/cmake/ament_cmake_export_targets-extras.cmake
[3.602s] -- Up-to-date: /f1tenth_ws/install/vesc_msgs/share/vesc_msgs/cmake/ament_cmake_export_include_directories-extras.cmake
[3.603s] -- Up-to-date: /f1tenth_ws/install/vesc_msgs/share/vesc_msgs/cmake/rosidl_cmake_export_typesupport_libraries-extras.cmake
[3.603s] -- Up-to-date: /f1tenth_ws/install/vesc_msgs/share/vesc_msgs/cmake/rosidl_cmake_export_typesupport_targets-extras.cmake
[3.603s] -- Up-to-date: /f1tenth_ws/install/vesc_msgs/share/vesc_msgs/cmake/vesc_msgsConfig.cmake
[3.604s] -- Up-to-date: /f1tenth_ws/install/vesc_msgs/share/vesc_msgs/cmake/vesc_msgsConfig-version.cmake
[3.604s] -- Up-to-date: /f1tenth_ws/install/vesc_msgs/share/vesc_msgs/package.xml
[4.488s] Invoked command in '/f1tenth_ws/build/vesc_msgs' returned '0': CMAKE_PREFIX_PATH=${CMAKE_PREFIX_PATH}:/f1tenth_ws/install/f1tenth_stack:/f1tenth_ws/install/joy_teleop:/f1tenth_ws/install/particle_filter:/f1tenth_ws/install/mouse_teleop:/f1tenth_ws/install/key_teleop:/opt/ros/foxy /usr/bin/cmake --install /f1tenth_ws/build/vesc_msgs
