[1.489s] Invoking command in '/f1tenth_ws/src/f1tenth_system/teleop_tools/key_teleop': PYTHONPATH=/f1tenth_ws/install/key_teleop/lib/python3.8/site-packages:${PYTHONPATH} /usr/bin/python3 setup.py egg_info --egg-base ../../../../build/key_teleop build --build-base /f1tenth_ws/build/key_teleop/build install --prefix /f1tenth_ws/install/key_teleop --record /f1tenth_ws/build/key_teleop/install.log --single-version-externally-managed
[2.663s] running egg_info
[2.666s] writing ../../../../build/key_teleop/key_teleop.egg-info/PKG-INFO
[2.666s] writing dependency_links to ../../../../build/key_teleop/key_teleop.egg-info/dependency_links.txt
[2.667s] writing entry points to ../../../../build/key_teleop/key_teleop.egg-info/entry_points.txt
[2.668s] writing requirements to ../../../../build/key_teleop/key_teleop.egg-info/requires.txt
[2.669s] writing top-level names to ../../../../build/key_teleop/key_teleop.egg-info/top_level.txt
[2.872s] reading manifest file '../../../../build/key_teleop/key_teleop.egg-info/SOURCES.txt'
[2.877s] writing manifest file '../../../../build/key_teleop/key_teleop.egg-info/SOURCES.txt'
[2.877s] running build
[2.878s] running build_py
[2.879s] running install
[2.884s] running install_lib
[2.892s] running install_data
[2.894s] running install_egg_info
[2.904s] removing '/f1tenth_ws/install/key_teleop/lib/python3.8/site-packages/key_teleop-0.3.0-py3.8.egg-info' (and everything under it)
[2.905s] Copying ../../../../build/key_teleop/key_teleop.egg-info to /f1tenth_ws/install/key_teleop/lib/python3.8/site-packages/key_teleop-0.3.0-py3.8.egg-info
[2.909s] running install_scripts
[3.000s] Installing key_teleop script to /f1tenth_ws/install/key_teleop/lib/key_teleop
[3.002s] writing list of installed files to '/f1tenth_ws/build/key_teleop/install.log'
[3.521s] Invoked command in '/f1tenth_ws/src/f1tenth_system/teleop_tools/key_teleop' returned '0': PYTHONPATH=/f1tenth_ws/install/key_teleop/lib/python3.8/site-packages:${PYTHONPATH} /usr/bin/python3 setup.py egg_info --egg-base ../../../../build/key_teleop build --build-base /f1tenth_ws/build/key_teleop/build install --prefix /f1tenth_ws/install/key_teleop --record /f1tenth_ws/build/key_teleop/install.log --single-version-externally-managed
