[0.114s] Invoking command in '/f1tenth_ws/build/teleop_tools': AMENT_PREFIX_PATH=/f1tenth_ws/install/joy_teleop:/f1tenth_ws/install/teleop_tools_msgs:/f1tenth_ws/install/key_teleop:${AMENT_PREFIX_PATH} CMAKE_PREFIX_PATH=/f1tenth_ws/install/teleop_tools_msgs:/opt/ros/foxy LD_LIBRARY_PATH=/f1tenth_ws/install/teleop_tools_msgs/lib:/opt/ros/foxy/opt/yaml_cpp_vendor/lib:/opt/ros/foxy/opt/rviz_ogre_vendor/lib:/opt/ros/foxy/lib/aarch64-linux-gnu:/opt/ros/foxy/lib:/usr/local/cuda-10.2/targets/aarch64-linux/lib PYTHONPATH=/f1tenth_ws/install/joy_teleop/lib/python3.8/site-packages:/f1tenth_ws/install/teleop_tools_msgs/lib/python3.8/site-packages:/f1tenth_ws/install/key_teleop/lib/python3.8/site-packages:${PYTHONPATH} /usr/bin/cmake /f1tenth_ws/src/f1tenth_system/teleop_tools/teleop_tools -DCMAKE_INSTALL_PREFIX=/f1tenth_ws/install/teleop_tools
[0.366s] -- Found ament_cmake: 0.9.9 (/opt/ros/foxy/share/ament_cmake/cmake)
[0.648s] -- Found PythonInterp: /usr/bin/python3 (found suitable version "3.8.10", minimum required is "3") 
[0.649s] -- Using PYTHON_EXECUTABLE: /usr/bin/python3
[2.217s] -- Configuring done
[2.240s] -- Generating done
[2.248s] -- Build files have been written to: /f1tenth_ws/build/teleop_tools
[2.264s] Invoked command in '/f1tenth_ws/build/teleop_tools' returned '0': AMENT_PREFIX_PATH=/f1tenth_ws/install/joy_teleop:/f1tenth_ws/install/teleop_tools_msgs:/f1tenth_ws/install/key_teleop:${AMENT_PREFIX_PATH} CMAKE_PREFIX_PATH=/f1tenth_ws/install/teleop_tools_msgs:/opt/ros/foxy LD_LIBRARY_PATH=/f1tenth_ws/install/teleop_tools_msgs/lib:/opt/ros/foxy/opt/yaml_cpp_vendor/lib:/opt/ros/foxy/opt/rviz_ogre_vendor/lib:/opt/ros/foxy/lib/aarch64-linux-gnu:/opt/ros/foxy/lib:/usr/local/cuda-10.2/targets/aarch64-linux/lib PYTHONPATH=/f1tenth_ws/install/joy_teleop/lib/python3.8/site-packages:/f1tenth_ws/install/teleop_tools_msgs/lib/python3.8/site-packages:/f1tenth_ws/install/key_teleop/lib/python3.8/site-packages:${PYTHONPATH} /usr/bin/cmake /f1tenth_ws/src/f1tenth_system/teleop_tools/teleop_tools -DCMAKE_INSTALL_PREFIX=/f1tenth_ws/install/teleop_tools
[2.268s] Invoking command in '/f1tenth_ws/build/teleop_tools': AMENT_PREFIX_PATH=/f1tenth_ws/install/joy_teleop:/f1tenth_ws/install/teleop_tools_msgs:/f1tenth_ws/install/key_teleop:${AMENT_PREFIX_PATH} CMAKE_PREFIX_PATH=/f1tenth_ws/install/teleop_tools_msgs:/opt/ros/foxy LD_LIBRARY_PATH=/f1tenth_ws/install/teleop_tools_msgs/lib:/opt/ros/foxy/opt/yaml_cpp_vendor/lib:/opt/ros/foxy/opt/rviz_ogre_vendor/lib:/opt/ros/foxy/lib/aarch64-linux-gnu:/opt/ros/foxy/lib:/usr/local/cuda-10.2/targets/aarch64-linux/lib PYTHONPATH=/f1tenth_ws/install/joy_teleop/lib/python3.8/site-packages:/f1tenth_ws/install/teleop_tools_msgs/lib/python3.8/site-packages:/f1tenth_ws/install/key_teleop/lib/python3.8/site-packages:${PYTHONPATH} /usr/bin/cmake --build /f1tenth_ws/build/teleop_tools -- -j24 -l24
[2.644s] Invoked command in '/f1tenth_ws/build/teleop_tools' returned '0': AMENT_PREFIX_PATH=/f1tenth_ws/install/joy_teleop:/f1tenth_ws/install/teleop_tools_msgs:/f1tenth_ws/install/key_teleop:${AMENT_PREFIX_PATH} CMAKE_PREFIX_PATH=/f1tenth_ws/install/teleop_tools_msgs:/opt/ros/foxy LD_LIBRARY_PATH=/f1tenth_ws/install/teleop_tools_msgs/lib:/opt/ros/foxy/opt/yaml_cpp_vendor/lib:/opt/ros/foxy/opt/rviz_ogre_vendor/lib:/opt/ros/foxy/lib/aarch64-linux-gnu:/opt/ros/foxy/lib:/usr/local/cuda-10.2/targets/aarch64-linux/lib PYTHONPATH=/f1tenth_ws/install/joy_teleop/lib/python3.8/site-packages:/f1tenth_ws/install/teleop_tools_msgs/lib/python3.8/site-packages:/f1tenth_ws/install/key_teleop/lib/python3.8/site-packages:${PYTHONPATH} /usr/bin/cmake --build /f1tenth_ws/build/teleop_tools -- -j24 -l24
[3.039s] Invoking command in '/f1tenth_ws/build/teleop_tools': AMENT_PREFIX_PATH=/f1tenth_ws/install/joy_teleop:/f1tenth_ws/install/teleop_tools_msgs:/f1tenth_ws/install/key_teleop:${AMENT_PREFIX_PATH} CMAKE_PREFIX_PATH=/f1tenth_ws/install/teleop_tools_msgs:/opt/ros/foxy LD_LIBRARY_PATH=/f1tenth_ws/install/teleop_tools_msgs/lib:/opt/ros/foxy/opt/yaml_cpp_vendor/lib:/opt/ros/foxy/opt/rviz_ogre_vendor/lib:/opt/ros/foxy/lib/aarch64-linux-gnu:/opt/ros/foxy/lib:/usr/local/cuda-10.2/targets/aarch64-linux/lib PYTHONPATH=/f1tenth_ws/install/joy_teleop/lib/python3.8/site-packages:/f1tenth_ws/install/teleop_tools_msgs/lib/python3.8/site-packages:/f1tenth_ws/install/key_teleop/lib/python3.8/site-packages:${PYTHONPATH} /usr/bin/cmake --install /f1tenth_ws/build/teleop_tools
[3.137s] -- Install configuration: ""
[3.140s] -- Installing: /f1tenth_ws/install/teleop_tools/share/ament_index/resource_index/package_run_dependencies/teleop_tools
[3.144s] -- Installing: /f1tenth_ws/install/teleop_tools/share/ament_index/resource_index/parent_prefix_path/teleop_tools
[3.146s] -- Installing: /f1tenth_ws/install/teleop_tools/share/teleop_tools/environment/ament_prefix_path.sh
[3.148s] -- Installing: /f1tenth_ws/install/teleop_tools/share/teleop_tools/environment/ament_prefix_path.dsv
[3.148s] -- Installing: /f1tenth_ws/install/teleop_tools/share/teleop_tools/environment/path.sh
[3.149s] -- Installing: /f1tenth_ws/install/teleop_tools/share/teleop_tools/environment/path.dsv
[3.149s] -- Installing: /f1tenth_ws/install/teleop_tools/share/teleop_tools/local_setup.bash
[3.150s] -- Installing: /f1tenth_ws/install/teleop_tools/share/teleop_tools/local_setup.sh
[3.150s] -- Installing: /f1tenth_ws/install/teleop_tools/share/teleop_tools/local_setup.zsh
[3.150s] -- Installing: /f1tenth_ws/install/teleop_tools/share/teleop_tools/local_setup.dsv
[3.151s] -- Installing: /f1tenth_ws/install/teleop_tools/share/teleop_tools/package.dsv
[3.151s] -- Installing: /f1tenth_ws/install/teleop_tools/share/ament_index/resource_index/packages/teleop_tools
[3.152s] -- Installing: /f1tenth_ws/install/teleop_tools/share/teleop_tools/cmake/teleop_toolsConfig.cmake
[3.152s] -- Installing: /f1tenth_ws/install/teleop_tools/share/teleop_tools/cmake/teleop_toolsConfig-version.cmake
[3.153s] -- Installing: /f1tenth_ws/install/teleop_tools/share/teleop_tools/package.xml
[3.167s] Invoked command in '/f1tenth_ws/build/teleop_tools' returned '0': AMENT_PREFIX_PATH=/f1tenth_ws/install/joy_teleop:/f1tenth_ws/install/teleop_tools_msgs:/f1tenth_ws/install/key_teleop:${AMENT_PREFIX_PATH} CMAKE_PREFIX_PATH=/f1tenth_ws/install/teleop_tools_msgs:/opt/ros/foxy LD_LIBRARY_PATH=/f1tenth_ws/install/teleop_tools_msgs/lib:/opt/ros/foxy/opt/yaml_cpp_vendor/lib:/opt/ros/foxy/opt/rviz_ogre_vendor/lib:/opt/ros/foxy/lib/aarch64-linux-gnu:/opt/ros/foxy/lib:/usr/local/cuda-10.2/targets/aarch64-linux/lib PYTHONPATH=/f1tenth_ws/install/joy_teleop/lib/python3.8/site-packages:/f1tenth_ws/install/teleop_tools_msgs/lib/python3.8/site-packages:/f1tenth_ws/install/key_teleop/lib/python3.8/site-packages:${PYTHONPATH} /usr/bin/cmake --install /f1tenth_ws/build/teleop_tools
