[1.303s] Invoking command in '/f1tenth_ws/build/pure_pursuit': CMAKE_PREFIX_PATH=${CMAKE_PREFIX_PATH}:/f1tenth_ws/install/f1tenth_stack:/f1tenth_ws/install/joy_teleop:/f1tenth_ws/install/particle_filter:/f1tenth_ws/install/mouse_teleop:/f1tenth_ws/install/key_teleop:/opt/ros/foxy /usr/bin/cmake --build /f1tenth_ws/build/pure_pursuit -- -j6 -l6
[1.595s] [100%] Built target pure_pursuit_node
[2.562s] Invoked command in '/f1tenth_ws/build/pure_pursuit' returned '0': CMAKE_PREFIX_PATH=${CMAKE_PREFIX_PATH}:/f1tenth_ws/install/f1tenth_stack:/f1tenth_ws/install/joy_teleop:/f1tenth_ws/install/particle_filter:/f1tenth_ws/install/mouse_teleop:/f1tenth_ws/install/key_teleop:/opt/ros/foxy /usr/bin/cmake --build /f1tenth_ws/build/pure_pursuit -- -j6 -l6
[2.714s] Invoking command in '/f1tenth_ws/build/pure_pursuit': CMAKE_PREFIX_PATH=${CMAKE_PREFIX_PATH}:/f1tenth_ws/install/f1tenth_stack:/f1tenth_ws/install/joy_teleop:/f1tenth_ws/install/particle_filter:/f1tenth_ws/install/mouse_teleop:/f1tenth_ws/install/key_teleop:/opt/ros/foxy /usr/bin/cmake --install /f1tenth_ws/build/pure_pursuit
[2.760s] -- Install configuration: ""
[2.765s] -- Up-to-date: /f1tenth_ws/install/pure_pursuit/lib/pure_pursuit/pure_pursuit_node
[2.766s] -- Up-to-date: /f1tenth_ws/install/pure_pursuit/share/pure_pursuit/environment/pythonpath.sh
[2.766s] -- Up-to-date: /f1tenth_ws/install/pure_pursuit/share/pure_pursuit/environment/pythonpath.dsv
[2.766s] -- Up-to-date: /f1tenth_ws/install/pure_pursuit/lib/python3.8/site-packages/pure_pursuit
[2.767s] -- Up-to-date: /f1tenth_ws/install/pure_pursuit/lib/python3.8/site-packages/pure_pursuit/__init__.py
[2.938s] Listing '/f1tenth_ws/install/pure_pursuit/lib/python3.8/site-packages/pure_pursuit'...
[2.956s] -- Installing: /f1tenth_ws/install/pure_pursuit/lib/pure_pursuit/pure_pursuit_node.py
[2.957s] -- Installing: /f1tenth_ws/install/pure_pursuit/lib/pure_pursuit/waypoint_logger.py
[2.957s] -- Up-to-date: /f1tenth_ws/install/pure_pursuit/share/ament_index/resource_index/package_run_dependencies/pure_pursuit
[2.964s] -- Up-to-date: /f1tenth_ws/install/pure_pursuit/share/ament_index/resource_index/parent_prefix_path/pure_pursuit
[2.965s] -- Up-to-date: /f1tenth_ws/install/pure_pursuit/share/pure_pursuit/environment/ament_prefix_path.sh
[2.965s] -- Up-to-date: /f1tenth_ws/install/pure_pursuit/share/pure_pursuit/environment/ament_prefix_path.dsv
[2.966s] -- Up-to-date: /f1tenth_ws/install/pure_pursuit/share/pure_pursuit/environment/path.sh
[2.966s] -- Up-to-date: /f1tenth_ws/install/pure_pursuit/share/pure_pursuit/environment/path.dsv
[2.967s] -- Up-to-date: /f1tenth_ws/install/pure_pursuit/share/pure_pursuit/local_setup.bash
[2.967s] -- Up-to-date: /f1tenth_ws/install/pure_pursuit/share/pure_pursuit/local_setup.sh
[2.967s] -- Up-to-date: /f1tenth_ws/install/pure_pursuit/share/pure_pursuit/local_setup.zsh
[2.968s] -- Up-to-date: /f1tenth_ws/install/pure_pursuit/share/pure_pursuit/local_setup.dsv
[2.968s] -- Installing: /f1tenth_ws/install/pure_pursuit/share/pure_pursuit/package.dsv
[2.968s] -- Up-to-date: /f1tenth_ws/install/pure_pursuit/share/ament_index/resource_index/packages/pure_pursuit
[2.980s] -- Up-to-date: /f1tenth_ws/install/pure_pursuit/share/pure_pursuit/cmake/pure_pursuitConfig.cmake
[2.980s] -- Up-to-date: /f1tenth_ws/install/pure_pursuit/share/pure_pursuit/cmake/pure_pursuitConfig-version.cmake
[2.981s] -- Up-to-date: /f1tenth_ws/install/pure_pursuit/share/pure_pursuit/package.xml
[3.039s] Invoked command in '/f1tenth_ws/build/pure_pursuit' returned '0': CMAKE_PREFIX_PATH=${CMAKE_PREFIX_PATH}:/f1tenth_ws/install/f1tenth_stack:/f1tenth_ws/install/joy_teleop:/f1tenth_ws/install/particle_filter:/f1tenth_ws/install/mouse_teleop:/f1tenth_ws/install/key_teleop:/opt/ros/foxy /usr/bin/cmake --install /f1tenth_ws/build/pure_pursuit
