[0.071s] Invoking command in '/f1tenth_ws/build/lab7_pkg': CMAKE_PREFIX_PATH=${CMAKE_PREFIX_PATH}:/f1tenth_ws/install/f1tenth_stack:/f1tenth_ws/install/joy_teleop:/f1tenth_ws/install/particle_filter:/f1tenth_ws/install/mouse_teleop:/f1tenth_ws/install/key_teleop:/opt/ros/foxy /usr/bin/cmake --build /f1tenth_ws/build/lab7_pkg -- -j6 -l6
[0.571s] [100%] Built target rrt_node
[0.645s] Invoked command in '/f1tenth_ws/build/lab7_pkg' returned '0': CMAKE_PREFIX_PATH=${CMAKE_PREFIX_PATH}:/f1tenth_ws/install/f1tenth_stack:/f1tenth_ws/install/joy_teleop:/f1tenth_ws/install/particle_filter:/f1tenth_ws/install/mouse_teleop:/f1tenth_ws/install/key_teleop:/opt/ros/foxy /usr/bin/cmake --build /f1tenth_ws/build/lab7_pkg -- -j6 -l6
[1.152s] Invoking command in '/f1tenth_ws/build/lab7_pkg': CMAKE_PREFIX_PATH=${CMAKE_PREFIX_PATH}:/f1tenth_ws/install/f1tenth_stack:/f1tenth_ws/install/joy_teleop:/f1tenth_ws/install/particle_filter:/f1tenth_ws/install/mouse_teleop:/f1tenth_ws/install/key_teleop:/opt/ros/foxy /usr/bin/cmake --install /f1tenth_ws/build/lab7_pkg
[1.271s] -- Install configuration: ""
[1.272s] -- Up-to-date: /f1tenth_ws/install/lab7_pkg/lib/lab7_pkg/rrt_node
[1.273s] -- Up-to-date: /f1tenth_ws/install/lab7_pkg/share/lab7_pkg/environment/pythonpath.sh
[1.273s] -- Up-to-date: /f1tenth_ws/install/lab7_pkg/share/lab7_pkg/environment/pythonpath.dsv
[1.274s] -- Up-to-date: /f1tenth_ws/install/lab7_pkg/lib/python3.8/site-packages/lab7_pkg
[1.274s] -- Up-to-date: /f1tenth_ws/install/lab7_pkg/lib/python3.8/site-packages/lab7_pkg/__init__.py
[1.559s] Listing '/f1tenth_ws/install/lab7_pkg/lib/python3.8/site-packages/lab7_pkg'...
[1.577s] -- Installing: /f1tenth_ws/install/lab7_pkg/lib/lab7_pkg/rrt_node.py
[1.579s] -- Up-to-date: /f1tenth_ws/install/lab7_pkg/share/ament_index/resource_index/package_run_dependencies/lab7_pkg
[1.579s] -- Up-to-date: /f1tenth_ws/install/lab7_pkg/share/ament_index/resource_index/parent_prefix_path/lab7_pkg
[1.579s] -- Up-to-date: /f1tenth_ws/install/lab7_pkg/share/lab7_pkg/environment/ament_prefix_path.sh
[1.580s] -- Up-to-date: /f1tenth_ws/install/lab7_pkg/share/lab7_pkg/environment/ament_prefix_path.dsv
[1.580s] -- Up-to-date: /f1tenth_ws/install/lab7_pkg/share/lab7_pkg/environment/path.sh
[1.581s] -- Up-to-date: /f1tenth_ws/install/lab7_pkg/share/lab7_pkg/environment/path.dsv
[1.581s] -- Up-to-date: /f1tenth_ws/install/lab7_pkg/share/lab7_pkg/local_setup.bash
[1.584s] -- Up-to-date: /f1tenth_ws/install/lab7_pkg/share/lab7_pkg/local_setup.sh
[1.585s] -- Up-to-date: /f1tenth_ws/install/lab7_pkg/share/lab7_pkg/local_setup.zsh
[1.598s] -- Up-to-date: /f1tenth_ws/install/lab7_pkg/share/lab7_pkg/local_setup.dsv
[1.599s] -- Installing: /f1tenth_ws/install/lab7_pkg/share/lab7_pkg/package.dsv
[1.599s] -- Up-to-date: /f1tenth_ws/install/lab7_pkg/share/ament_index/resource_index/packages/lab7_pkg
[1.599s] -- Up-to-date: /f1tenth_ws/install/lab7_pkg/share/lab7_pkg/cmake/lab7_pkgConfig.cmake
[1.600s] -- Up-to-date: /f1tenth_ws/install/lab7_pkg/share/lab7_pkg/cmake/lab7_pkgConfig-version.cmake
[1.600s] -- Up-to-date: /f1tenth_ws/install/lab7_pkg/share/lab7_pkg/package.xml
[1.601s] Invoked command in '/f1tenth_ws/build/lab7_pkg' returned '0': CMAKE_PREFIX_PATH=${CMAKE_PREFIX_PATH}:/f1tenth_ws/install/f1tenth_stack:/f1tenth_ws/install/joy_teleop:/f1tenth_ws/install/particle_filter:/f1tenth_ws/install/mouse_teleop:/f1tenth_ws/install/key_teleop:/opt/ros/foxy /usr/bin/cmake --install /f1tenth_ws/build/lab7_pkg
