[2.403s] Invoking command in '/f1tenth_ws/src/f1tenth_system/teleop_tools/key_teleop': PYTHONPATH=/f1tenth_ws/install/key_teleop/lib/python3.8/site-packages:${PYTHONPATH} /usr/bin/python3 setup.py egg_info --egg-base ../../../../build/key_teleop build --build-base /f1tenth_ws/build/key_teleop/build install --prefix /f1tenth_ws/install/key_teleop --record /f1tenth_ws/build/key_teleop/install.log --single-version-externally-managed
[3.705s] running egg_info
[3.708s] writing ../../../../build/key_teleop/key_teleop.egg-info/PKG-INFO
[3.709s] writing dependency_links to ../../../../build/key_teleop/key_teleop.egg-info/dependency_links.txt
[3.714s] writing entry points to ../../../../build/key_teleop/key_teleop.egg-info/entry_points.txt
[3.724s] writing requirements to ../../../../build/key_teleop/key_teleop.egg-info/requires.txt
[3.725s] writing top-level names to ../../../../build/key_teleop/key_teleop.egg-info/top_level.txt
[4.188s] reading manifest file '../../../../build/key_teleop/key_teleop.egg-info/SOURCES.txt'
[4.202s] writing manifest file '../../../../build/key_teleop/key_teleop.egg-info/SOURCES.txt'
[4.212s] running build
[4.212s] running build_py
[4.213s] running install
[4.216s] running install_lib
[4.229s] running install_data
[4.246s] running install_egg_info
[4.255s] removing '/f1tenth_ws/install/key_teleop/lib/python3.8/site-packages/key_teleop-0.3.0-py3.8.egg-info' (and everything under it)
[4.265s] Copying ../../../../build/key_teleop/key_teleop.egg-info to /f1tenth_ws/install/key_teleop/lib/python3.8/site-packages/key_teleop-0.3.0-py3.8.egg-info
[4.269s] running install_scripts
[4.488s] Installing key_teleop script to /f1tenth_ws/install/key_teleop/lib/key_teleop
[4.489s] writing list of installed files to '/f1tenth_ws/build/key_teleop/install.log'
[6.023s] Invoked command in '/f1tenth_ws/src/f1tenth_system/teleop_tools/key_teleop' returned '0': PYTHONPATH=/f1tenth_ws/install/key_teleop/lib/python3.8/site-packages:${PYTHONPATH} /usr/bin/python3 setup.py egg_info --egg-base ../../../../build/key_teleop build --build-base /f1tenth_ws/build/key_teleop/build install --prefix /f1tenth_ws/install/key_teleop --record /f1tenth_ws/build/key_teleop/install.log --single-version-externally-managed
