[1.435s] Invoking command in '/f1tenth_ws/build/gap_follow': CMAKE_PREFIX_PATH=${CMAKE_PREFIX_PATH}:/f1tenth_ws/install/f1tenth_stack:/f1tenth_ws/install/joy_teleop:/f1tenth_ws/install/particle_filter:/f1tenth_ws/install/mouse_teleop:/f1tenth_ws/install/key_teleop:/opt/ros/foxy /usr/bin/cmake --build /f1tenth_ws/build/gap_follow -- -j6 -l6
[2.505s] [100%] Built target reactive_node
[2.532s] Invoked command in '/f1tenth_ws/build/gap_follow' returned '0': CMAKE_PREFIX_PATH=${CMAKE_PREFIX_PATH}:/f1tenth_ws/install/f1tenth_stack:/f1tenth_ws/install/joy_teleop:/f1tenth_ws/install/particle_filter:/f1tenth_ws/install/mouse_teleop:/f1tenth_ws/install/key_teleop:/opt/ros/foxy /usr/bin/cmake --build /f1tenth_ws/build/gap_follow -- -j6 -l6
[2.678s] Invoking command in '/f1tenth_ws/build/gap_follow': CMAKE_PREFIX_PATH=${CMAKE_PREFIX_PATH}:/f1tenth_ws/install/f1tenth_stack:/f1tenth_ws/install/joy_teleop:/f1tenth_ws/install/particle_filter:/f1tenth_ws/install/mouse_teleop:/f1tenth_ws/install/key_teleop:/opt/ros/foxy /usr/bin/cmake --install /f1tenth_ws/build/gap_follow
[2.728s] -- Install configuration: ""
[2.729s] -- Up-to-date: /f1tenth_ws/install/gap_follow/lib/gap_follow/reactive_node
[2.730s] -- Up-to-date: /f1tenth_ws/install/gap_follow/share/gap_follow/environment/pythonpath.sh
[2.731s] -- Up-to-date: /f1tenth_ws/install/gap_follow/share/gap_follow/environment/pythonpath.dsv
[2.731s] -- Up-to-date: /f1tenth_ws/install/gap_follow/lib/python3.8/site-packages/gap_follow
[2.732s] -- Up-to-date: /f1tenth_ws/install/gap_follow/lib/python3.8/site-packages/gap_follow/__init__.py
[2.945s] Listing '/f1tenth_ws/install/gap_follow/lib/python3.8/site-packages/gap_follow'...
[2.967s] -- Up-to-date: /f1tenth_ws/install/gap_follow/lib/gap_follow/reactive_node.py
[2.967s] -- Up-to-date: /f1tenth_ws/install/gap_follow/share/ament_index/resource_index/package_run_dependencies/gap_follow
[2.968s] -- Up-to-date: /f1tenth_ws/install/gap_follow/share/ament_index/resource_index/parent_prefix_path/gap_follow
[2.968s] -- Up-to-date: /f1tenth_ws/install/gap_follow/share/gap_follow/environment/ament_prefix_path.sh
[2.968s] -- Up-to-date: /f1tenth_ws/install/gap_follow/share/gap_follow/environment/ament_prefix_path.dsv
[2.969s] -- Up-to-date: /f1tenth_ws/install/gap_follow/share/gap_follow/environment/path.sh
[2.969s] -- Up-to-date: /f1tenth_ws/install/gap_follow/share/gap_follow/environment/path.dsv
[2.970s] -- Up-to-date: /f1tenth_ws/install/gap_follow/share/gap_follow/local_setup.bash
[2.970s] -- Up-to-date: /f1tenth_ws/install/gap_follow/share/gap_follow/local_setup.sh
[2.971s] -- Up-to-date: /f1tenth_ws/install/gap_follow/share/gap_follow/local_setup.zsh
[2.973s] -- Up-to-date: /f1tenth_ws/install/gap_follow/share/gap_follow/local_setup.dsv
[2.973s] -- Installing: /f1tenth_ws/install/gap_follow/share/gap_follow/package.dsv
[2.976s] -- Up-to-date: /f1tenth_ws/install/gap_follow/share/ament_index/resource_index/packages/gap_follow
[2.976s] -- Up-to-date: /f1tenth_ws/install/gap_follow/share/gap_follow/cmake/gap_followConfig.cmake
[2.993s] -- Up-to-date: /f1tenth_ws/install/gap_follow/share/gap_follow/cmake/gap_followConfig-version.cmake
[2.993s] -- Up-to-date: /f1tenth_ws/install/gap_follow/share/gap_follow/package.xml
[2.994s] Invoked command in '/f1tenth_ws/build/gap_follow' returned '0': CMAKE_PREFIX_PATH=${CMAKE_PREFIX_PATH}:/f1tenth_ws/install/f1tenth_stack:/f1tenth_ws/install/joy_teleop:/f1tenth_ws/install/particle_filter:/f1tenth_ws/install/mouse_teleop:/f1tenth_ws/install/key_teleop:/opt/ros/foxy /usr/bin/cmake --install /f1tenth_ws/build/gap_follow
