[0.222s] Invoking command in '/f1tenth_ws/build/ackermann_mux': CMAKE_PREFIX_PATH=${CMAKE_PREFIX_PATH}:/f1tenth_ws/install/f1tenth_stack:/f1tenth_ws/install/joy_teleop:/f1tenth_ws/install/particle_filter:/f1tenth_ws/install/mouse_teleop:/f1tenth_ws/install/key_teleop:/opt/ros/foxy /usr/bin/cmake --build /f1tenth_ws/build/ackermann_mux -- -j6 -l6
[2.348s] [100%] Built target ackermann_mux
[2.378s] Invoked command in '/f1tenth_ws/build/ackermann_mux' returned '0': CMAKE_PREFIX_PATH=${CMAKE_PREFIX_PATH}:/f1tenth_ws/install/f1tenth_stack:/f1tenth_ws/install/joy_teleop:/f1tenth_ws/install/particle_filter:/f1tenth_ws/install/mouse_teleop:/f1tenth_ws/install/key_teleop:/opt/ros/foxy /usr/bin/cmake --build /f1tenth_ws/build/ackermann_mux -- -j6 -l6
[2.528s] Invoking command in '/f1tenth_ws/build/ackermann_mux': CMAKE_PREFIX_PATH=${CMAKE_PREFIX_PATH}:/f1tenth_ws/install/f1tenth_stack:/f1tenth_ws/install/joy_teleop:/f1tenth_ws/install/particle_filter:/f1tenth_ws/install/mouse_teleop:/f1tenth_ws/install/key_teleop:/opt/ros/foxy /usr/bin/cmake --install /f1tenth_ws/build/ackermann_mux
[2.564s] -- Install configuration: ""
[2.565s] -- Up-to-date: /f1tenth_ws/install/ackermann_mux/lib/ackermann_mux/ackermann_mux
[2.567s] -- Up-to-date: /f1tenth_ws/install/ackermann_mux/share/ackermann_mux/launch
[2.568s] -- Up-to-date: /f1tenth_ws/install/ackermann_mux/share/ackermann_mux/launch/ackermann_mux_launch.py
[2.568s] -- Up-to-date: /f1tenth_ws/install/ackermann_mux/share/ackermann_mux/config
[2.569s] -- Up-to-date: /f1tenth_ws/install/ackermann_mux/share/ackermann_mux/config/ackermann_mux_locks.yaml
[2.569s] -- Up-to-date: /f1tenth_ws/install/ackermann_mux/share/ackermann_mux/config/ackermann_mux_topics.yaml
[2.570s] -- Up-to-date: /f1tenth_ws/install/ackermann_mux/share/ackermann_mux/config/joystick.yaml
[2.571s] -- Up-to-date: /f1tenth_ws/install/ackermann_mux/include
[2.571s] -- Up-to-date: /f1tenth_ws/install/ackermann_mux/include/ackermann_mux
[2.573s] -- Up-to-date: /f1tenth_ws/install/ackermann_mux/include/ackermann_mux/ackermann_mux.hpp
[2.576s] -- Up-to-date: /f1tenth_ws/install/ackermann_mux/include/ackermann_mux/topic_handle.hpp
[2.580s] -- Up-to-date: /f1tenth_ws/install/ackermann_mux/include/ackermann_mux/params_helpers.hpp
[2.581s] -- Up-to-date: /f1tenth_ws/install/ackermann_mux/include/ackermann_mux/utils.hpp
[2.592s] -- Up-to-date: /f1tenth_ws/install/ackermann_mux/include/ackermann_mux/ackermann_mux_diagnostics.hpp
[2.594s] -- Up-to-date: /f1tenth_ws/install/ackermann_mux/include/ackermann_mux/ackermann_mux_diagnostics_status.hpp
[2.594s] -- Up-to-date: /f1tenth_ws/install/ackermann_mux/share/ament_index/resource_index/package_run_dependencies/ackermann_mux
[2.595s] -- Up-to-date: /f1tenth_ws/install/ackermann_mux/share/ament_index/resource_index/parent_prefix_path/ackermann_mux
[2.595s] -- Up-to-date: /f1tenth_ws/install/ackermann_mux/share/ackermann_mux/environment/ament_prefix_path.sh
[2.596s] -- Up-to-date: /f1tenth_ws/install/ackermann_mux/share/ackermann_mux/environment/ament_prefix_path.dsv
[2.596s] -- Up-to-date: /f1tenth_ws/install/ackermann_mux/share/ackermann_mux/environment/path.sh
[2.597s] -- Up-to-date: /f1tenth_ws/install/ackermann_mux/share/ackermann_mux/environment/path.dsv
[2.597s] -- Up-to-date: /f1tenth_ws/install/ackermann_mux/share/ackermann_mux/local_setup.bash
[2.597s] -- Up-to-date: /f1tenth_ws/install/ackermann_mux/share/ackermann_mux/local_setup.sh
[2.598s] -- Up-to-date: /f1tenth_ws/install/ackermann_mux/share/ackermann_mux/local_setup.zsh
[2.598s] -- Up-to-date: /f1tenth_ws/install/ackermann_mux/share/ackermann_mux/local_setup.dsv
[2.598s] -- Installing: /f1tenth_ws/install/ackermann_mux/share/ackermann_mux/package.dsv
[2.599s] -- Up-to-date: /f1tenth_ws/install/ackermann_mux/share/ament_index/resource_index/packages/ackermann_mux
[2.599s] -- Up-to-date: /f1tenth_ws/install/ackermann_mux/share/ackermann_mux/cmake/ament_cmake_export_include_directories-extras.cmake
[2.599s] -- Up-to-date: /f1tenth_ws/install/ackermann_mux/share/ackermann_mux/cmake/ament_cmake_export_dependencies-extras.cmake
[2.600s] -- Up-to-date: /f1tenth_ws/install/ackermann_mux/share/ackermann_mux/cmake/ackermann_muxConfig.cmake
[2.604s] -- Up-to-date: /f1tenth_ws/install/ackermann_mux/share/ackermann_mux/cmake/ackermann_muxConfig-version.cmake
[2.606s] -- Up-to-date: /f1tenth_ws/install/ackermann_mux/share/ackermann_mux/package.xml
[2.608s] Invoked command in '/f1tenth_ws/build/ackermann_mux' returned '0': CMAKE_PREFIX_PATH=${CMAKE_PREFIX_PATH}:/f1tenth_ws/install/f1tenth_stack:/f1tenth_ws/install/joy_teleop:/f1tenth_ws/install/particle_filter:/f1tenth_ws/install/mouse_teleop:/f1tenth_ws/install/key_teleop:/opt/ros/foxy /usr/bin/cmake --install /f1tenth_ws/build/ackermann_mux
