[0.322s] Invoking command in '/f1tenth_ws/build/pure_pursuit': CMAKE_PREFIX_PATH=${CMAKE_PREFIX_PATH}:/f1tenth_ws/install/f1tenth_stack:/f1tenth_ws/install/joy_teleop:/f1tenth_ws/install/particle_filter:/f1tenth_ws/install/mouse_teleop:/f1tenth_ws/install/key_teleop:/opt/ros/foxy /usr/bin/cmake --build /f1tenth_ws/build/pure_pursuit -- -j6 -l6
[0.626s] [100%] Built target pure_pursuit_node
[1.669s] Invoked command in '/f1tenth_ws/build/pure_pursuit' returned '0': CMAKE_PREFIX_PATH=${CMAKE_PREFIX_PATH}:/f1tenth_ws/install/f1tenth_stack:/f1tenth_ws/install/joy_teleop:/f1tenth_ws/install/particle_filter:/f1tenth_ws/install/mouse_teleop:/f1tenth_ws/install/key_teleop:/opt/ros/foxy /usr/bin/cmake --build /f1tenth_ws/build/pure_pursuit -- -j6 -l6
[1.945s] Invoking command in '/f1tenth_ws/build/pure_pursuit': CMAKE_PREFIX_PATH=${CMAKE_PREFIX_PATH}:/f1tenth_ws/install/f1tenth_stack:/f1tenth_ws/install/joy_teleop:/f1tenth_ws/install/particle_filter:/f1tenth_ws/install/mouse_teleop:/f1tenth_ws/install/key_teleop:/opt/ros/foxy /usr/bin/cmake --install /f1tenth_ws/build/pure_pursuit
[2.007s] -- Install configuration: ""
[2.007s] -- Up-to-date: /f1tenth_ws/install/pure_pursuit/lib/pure_pursuit/pure_pursuit_node
[2.008s] -- Up-to-date: /f1tenth_ws/install/pure_pursuit/share/pure_pursuit/environment/pythonpath.sh
[2.008s] -- Up-to-date: /f1tenth_ws/install/pure_pursuit/share/pure_pursuit/environment/pythonpath.dsv
[2.008s] -- Up-to-date: /f1tenth_ws/install/pure_pursuit/lib/python3.8/site-packages/pure_pursuit
[2.009s] -- Up-to-date: /f1tenth_ws/install/pure_pursuit/lib/python3.8/site-packages/pure_pursuit/__init__.py
[2.171s] Listing '/f1tenth_ws/install/pure_pursuit/lib/python3.8/site-packages/pure_pursuit'...
[2.191s] -- Up-to-date: /f1tenth_ws/install/pure_pursuit/lib/pure_pursuit/pure_pursuit_node.py
[2.193s] -- Up-to-date: /f1tenth_ws/install/pure_pursuit/lib/pure_pursuit/waypoint_logger.py
[2.193s] -- Up-to-date: /f1tenth_ws/install/pure_pursuit/share/ament_index/resource_index/package_run_dependencies/pure_pursuit
[2.194s] -- Up-to-date: /f1tenth_ws/install/pure_pursuit/share/ament_index/resource_index/parent_prefix_path/pure_pursuit
[2.195s] -- Up-to-date: /f1tenth_ws/install/pure_pursuit/share/pure_pursuit/environment/ament_prefix_path.sh
[2.195s] -- Up-to-date: /f1tenth_ws/install/pure_pursuit/share/pure_pursuit/environment/ament_prefix_path.dsv
[2.196s] -- Up-to-date: /f1tenth_ws/install/pure_pursuit/share/pure_pursuit/environment/path.sh
[2.196s] -- Up-to-date: /f1tenth_ws/install/pure_pursuit/share/pure_pursuit/environment/path.dsv
[2.198s] -- Up-to-date: /f1tenth_ws/install/pure_pursuit/share/pure_pursuit/local_setup.bash
[2.227s] -- Up-to-date: /f1tenth_ws/install/pure_pursuit/share/pure_pursuit/local_setup.sh
[2.227s] -- Up-to-date: /f1tenth_ws/install/pure_pursuit/share/pure_pursuit/local_setup.zsh
[2.228s] -- Up-to-date: /f1tenth_ws/install/pure_pursuit/share/pure_pursuit/local_setup.dsv
[2.229s] -- Installing: /f1tenth_ws/install/pure_pursuit/share/pure_pursuit/package.dsv
[2.229s] -- Up-to-date: /f1tenth_ws/install/pure_pursuit/share/ament_index/resource_index/packages/pure_pursuit
[2.229s] -- Up-to-date: /f1tenth_ws/install/pure_pursuit/share/pure_pursuit/cmake/pure_pursuitConfig.cmake
[2.230s] -- Up-to-date: /f1tenth_ws/install/pure_pursuit/share/pure_pursuit/cmake/pure_pursuitConfig-version.cmake
[2.230s] -- Up-to-date: /f1tenth_ws/install/pure_pursuit/share/pure_pursuit/package.xml
[2.248s] Invoked command in '/f1tenth_ws/build/pure_pursuit' returned '0': CMAKE_PREFIX_PATH=${CMAKE_PREFIX_PATH}:/f1tenth_ws/install/f1tenth_stack:/f1tenth_ws/install/joy_teleop:/f1tenth_ws/install/particle_filter:/f1tenth_ws/install/mouse_teleop:/f1tenth_ws/install/key_teleop:/opt/ros/foxy /usr/bin/cmake --install /f1tenth_ws/build/pure_pursuit
