[3.511s] Invoking command in '/f1tenth_ws/src/f1tenth_system/teleop_tools/key_teleop': PYTHONPATH=/f1tenth_ws/install/key_teleop/lib/python3.8/site-packages:${PYTHONPATH} /usr/bin/python3 setup.py egg_info --egg-base ../../../../build/key_teleop build --build-base /f1tenth_ws/build/key_teleop/build install --prefix /f1tenth_ws/install/key_teleop --record /f1tenth_ws/build/key_teleop/install.log --single-version-externally-managed
[4.565s] running egg_info
[4.568s] writing ../../../../build/key_teleop/key_teleop.egg-info/PKG-INFO
[4.568s] writing dependency_links to ../../../../build/key_teleop/key_teleop.egg-info/dependency_links.txt
[4.571s] writing entry points to ../../../../build/key_teleop/key_teleop.egg-info/entry_points.txt
[4.572s] writing requirements to ../../../../build/key_teleop/key_teleop.egg-info/requires.txt
[4.572s] writing top-level names to ../../../../build/key_teleop/key_teleop.egg-info/top_level.txt
[4.761s] reading manifest file '../../../../build/key_teleop/key_teleop.egg-info/SOURCES.txt'
[4.765s] writing manifest file '../../../../build/key_teleop/key_teleop.egg-info/SOURCES.txt'
[4.766s] running build
[4.767s] running build_py
[4.767s] running install
[4.771s] running install_lib
[4.778s] running install_data
[4.779s] running install_egg_info
[4.786s] removing '/f1tenth_ws/install/key_teleop/lib/python3.8/site-packages/key_teleop-0.3.0-py3.8.egg-info' (and everything under it)
[4.787s] Copying ../../../../build/key_teleop/key_teleop.egg-info to /f1tenth_ws/install/key_teleop/lib/python3.8/site-packages/key_teleop-0.3.0-py3.8.egg-info
[4.794s] running install_scripts
[4.877s] Installing key_teleop script to /f1tenth_ws/install/key_teleop/lib/key_teleop
[4.879s] writing list of installed files to '/f1tenth_ws/build/key_teleop/install.log'
[5.074s] Invoked command in '/f1tenth_ws/src/f1tenth_system/teleop_tools/key_teleop' returned '0': PYTHONPATH=/f1tenth_ws/install/key_teleop/lib/python3.8/site-packages:${PYTHONPATH} /usr/bin/python3 setup.py egg_info --egg-base ../../../../build/key_teleop build --build-base /f1tenth_ws/build/key_teleop/build install --prefix /f1tenth_ws/install/key_teleop --record /f1tenth_ws/build/key_teleop/install.log --single-version-externally-managed
