[0.126s] Invoking command in '/f1tenth_ws/build/vesc_driver': CMAKE_PREFIX_PATH=/f1tenth_ws/install/vesc_msgs:/f1tenth_ws/install/wall_follow:/f1tenth_ws/install/vesc:/f1tenth_ws/install/vesc_driver:/f1tenth_ws/install/vesc_ackermann:/f1tenth_ws/install/teleop_tools:/f1tenth_ws/install/teleop_tools_msgs:/f1tenth_ws/install/gap_follow:/f1tenth_ws/install/ackermann_mux:/f1tenth_ws/install/f1tenth_stack:/f1tenth_ws/install/joy_teleop:/f1tenth_ws/install/particle_filter:/f1tenth_ws/install/mouse_teleop:/f1tenth_ws/install/key_teleop:/opt/ros/foxy LD_LIBRARY_PATH=/f1tenth_ws/install/vesc_msgs/lib:/f1tenth_ws/install/vesc_driver/lib:/f1tenth_ws/install/vesc_ackermann/lib:/f1tenth_ws/install/teleop_tools_msgs/lib:/opt/ros/foxy/opt/yaml_cpp_vendor/lib:/opt/ros/foxy/opt/rviz_ogre_vendor/lib:/opt/ros/foxy/lib/aarch64-linux-gnu:/opt/ros/foxy/lib:/usr/local/cuda-10.2/targets/aarch64-linux/lib PYTHONPATH=/f1tenth_ws/install/vesc_msgs/lib/python3.8/site-packages:/f1tenth_ws/install/wall_follow/lib/python3.8/site-packages:/f1tenth_ws/install/f1tenth_stack/lib/python3.8/site-packages:/f1tenth_ws/install/joy_teleop/lib/python3.8/site-packages:/f1tenth_ws/install/teleop_tools_msgs/lib/python3.8/site-packages:/f1tenth_ws/install/particle_filter/lib/python3.8/site-packages:/f1tenth_ws/install/mouse_teleop/lib/python3.8/site-packages:/f1tenth_ws/install/key_teleop/lib/python3.8/site-packages:/f1tenth_ws/install/gap_follow/lib/python3.8/site-packages:/opt/ros/foxy/lib/python3.8/site-packages /usr/bin/cmake --build /f1tenth_ws/build/vesc_driver -- -j6 -l6
[0.492s] [ 20%] Built target vesc_driver_node
[0.519s] [ 70%] Built target vesc_driver
[0.632s] [100%] Built target vesc_device_namer
[0.673s] Invoked command in '/f1tenth_ws/build/vesc_driver' returned '0': CMAKE_PREFIX_PATH=/f1tenth_ws/install/vesc_msgs:/f1tenth_ws/install/wall_follow:/f1tenth_ws/install/vesc:/f1tenth_ws/install/vesc_driver:/f1tenth_ws/install/vesc_ackermann:/f1tenth_ws/install/teleop_tools:/f1tenth_ws/install/teleop_tools_msgs:/f1tenth_ws/install/gap_follow:/f1tenth_ws/install/ackermann_mux:/f1tenth_ws/install/f1tenth_stack:/f1tenth_ws/install/joy_teleop:/f1tenth_ws/install/particle_filter:/f1tenth_ws/install/mouse_teleop:/f1tenth_ws/install/key_teleop:/opt/ros/foxy LD_LIBRARY_PATH=/f1tenth_ws/install/vesc_msgs/lib:/f1tenth_ws/install/vesc_driver/lib:/f1tenth_ws/install/vesc_ackermann/lib:/f1tenth_ws/install/teleop_tools_msgs/lib:/opt/ros/foxy/opt/yaml_cpp_vendor/lib:/opt/ros/foxy/opt/rviz_ogre_vendor/lib:/opt/ros/foxy/lib/aarch64-linux-gnu:/opt/ros/foxy/lib:/usr/local/cuda-10.2/targets/aarch64-linux/lib PYTHONPATH=/f1tenth_ws/install/vesc_msgs/lib/python3.8/site-packages:/f1tenth_ws/install/wall_follow/lib/python3.8/site-packages:/f1tenth_ws/install/f1tenth_stack/lib/python3.8/site-packages:/f1tenth_ws/install/joy_teleop/lib/python3.8/site-packages:/f1tenth_ws/install/teleop_tools_msgs/lib/python3.8/site-packages:/f1tenth_ws/install/particle_filter/lib/python3.8/site-packages:/f1tenth_ws/install/mouse_teleop/lib/python3.8/site-packages:/f1tenth_ws/install/key_teleop/lib/python3.8/site-packages:/f1tenth_ws/install/gap_follow/lib/python3.8/site-packages:/opt/ros/foxy/lib/python3.8/site-packages /usr/bin/cmake --build /f1tenth_ws/build/vesc_driver -- -j6 -l6
[0.878s] Invoking command in '/f1tenth_ws/build/vesc_driver': CMAKE_PREFIX_PATH=/f1tenth_ws/install/vesc_msgs:/f1tenth_ws/install/wall_follow:/f1tenth_ws/install/vesc:/f1tenth_ws/install/vesc_driver:/f1tenth_ws/install/vesc_ackermann:/f1tenth_ws/install/teleop_tools:/f1tenth_ws/install/teleop_tools_msgs:/f1tenth_ws/install/gap_follow:/f1tenth_ws/install/ackermann_mux:/f1tenth_ws/install/f1tenth_stack:/f1tenth_ws/install/joy_teleop:/f1tenth_ws/install/particle_filter:/f1tenth_ws/install/mouse_teleop:/f1tenth_ws/install/key_teleop:/opt/ros/foxy LD_LIBRARY_PATH=/f1tenth_ws/install/vesc_msgs/lib:/f1tenth_ws/install/vesc_driver/lib:/f1tenth_ws/install/vesc_ackermann/lib:/f1tenth_ws/install/teleop_tools_msgs/lib:/opt/ros/foxy/opt/yaml_cpp_vendor/lib:/opt/ros/foxy/opt/rviz_ogre_vendor/lib:/opt/ros/foxy/lib/aarch64-linux-gnu:/opt/ros/foxy/lib:/usr/local/cuda-10.2/targets/aarch64-linux/lib PYTHONPATH=/f1tenth_ws/install/vesc_msgs/lib/python3.8/site-packages:/f1tenth_ws/install/wall_follow/lib/python3.8/site-packages:/f1tenth_ws/install/f1tenth_stack/lib/python3.8/site-packages:/f1tenth_ws/install/joy_teleop/lib/python3.8/site-packages:/f1tenth_ws/install/teleop_tools_msgs/lib/python3.8/site-packages:/f1tenth_ws/install/particle_filter/lib/python3.8/site-packages:/f1tenth_ws/install/mouse_teleop/lib/python3.8/site-packages:/f1tenth_ws/install/key_teleop/lib/python3.8/site-packages:/f1tenth_ws/install/gap_follow/lib/python3.8/site-packages:/opt/ros/foxy/lib/python3.8/site-packages /usr/bin/cmake --install /f1tenth_ws/build/vesc_driver
[0.920s] -- Install configuration: ""
[0.921s] -- Up-to-date: /f1tenth_ws/install/vesc_driver/lib/vesc_driver/vesc_driver_node
[0.922s] -- Up-to-date: /f1tenth_ws/install/vesc_driver/include
[0.922s] -- Up-to-date: /f1tenth_ws/install/vesc_driver/include/vesc_driver
[0.922s] -- Up-to-date: /f1tenth_ws/install/vesc_driver/include/vesc_driver/vesc_device_uuid_lookup.hpp
[0.923s] -- Up-to-date: /f1tenth_ws/install/vesc_driver/include/vesc_driver/vesc_packet_factory.hpp
[0.923s] -- Up-to-date: /f1tenth_ws/install/vesc_driver/include/vesc_driver/datatypes.hpp
[0.924s] -- Up-to-date: /f1tenth_ws/install/vesc_driver/include/vesc_driver/vesc_interface.hpp
[0.925s] -- Up-to-date: /f1tenth_ws/install/vesc_driver/include/vesc_driver/vesc_driver.hpp
[0.925s] -- Up-to-date: /f1tenth_ws/install/vesc_driver/include/vesc_driver/crc.hpp
[0.925s] -- Up-to-date: /f1tenth_ws/install/vesc_driver/include/vesc_driver/vesc_packet.hpp
[0.926s] -- Up-to-date: /f1tenth_ws/install/vesc_driver/share/vesc_driver/environment/library_path.sh
[0.926s] -- Up-to-date: /f1tenth_ws/install/vesc_driver/share/vesc_driver/environment/library_path.dsv
[0.926s] -- Up-to-date: /f1tenth_ws/install/vesc_driver/lib/libvesc_driver.so
[0.927s] -- Up-to-date: /f1tenth_ws/install/vesc_driver/lib/vesc_driver/vesc_device_namer
[0.928s] -- Up-to-date: /f1tenth_ws/install/vesc_driver/share/vesc_driver/launch
[0.928s] -- Up-to-date: /f1tenth_ws/install/vesc_driver/share/vesc_driver/launch/vesc_driver_node.launch.py
[0.929s] -- Up-to-date: /f1tenth_ws/install/vesc_driver/share/vesc_driver/params
[0.929s] -- Up-to-date: /f1tenth_ws/install/vesc_driver/share/vesc_driver/params/vesc_config.yaml
[0.930s] -- Up-to-date: /f1tenth_ws/install/vesc_driver/share/ament_index/resource_index/package_run_dependencies/vesc_driver
[0.930s] -- Up-to-date: /f1tenth_ws/install/vesc_driver/share/ament_index/resource_index/parent_prefix_path/vesc_driver
[0.931s] -- Up-to-date: /f1tenth_ws/install/vesc_driver/share/vesc_driver/environment/ament_prefix_path.sh
[0.932s] -- Up-to-date: /f1tenth_ws/install/vesc_driver/share/vesc_driver/environment/ament_prefix_path.dsv
[0.933s] -- Up-to-date: /f1tenth_ws/install/vesc_driver/share/vesc_driver/environment/path.sh
[0.933s] -- Up-to-date: /f1tenth_ws/install/vesc_driver/share/vesc_driver/environment/path.dsv
[0.934s] -- Up-to-date: /f1tenth_ws/install/vesc_driver/share/vesc_driver/local_setup.bash
[0.935s] -- Up-to-date: /f1tenth_ws/install/vesc_driver/share/vesc_driver/local_setup.sh
[0.942s] -- Up-to-date: /f1tenth_ws/install/vesc_driver/share/vesc_driver/local_setup.zsh
[0.950s] -- Up-to-date: /f1tenth_ws/install/vesc_driver/share/vesc_driver/local_setup.dsv
[0.951s] -- Installing: /f1tenth_ws/install/vesc_driver/share/vesc_driver/package.dsv
[0.951s] -- Up-to-date: /f1tenth_ws/install/vesc_driver/share/ament_index/resource_index/packages/vesc_driver
[0.952s] -- Up-to-date: /f1tenth_ws/install/vesc_driver/share/ament_index/resource_index/rclcpp_components/vesc_driver
[0.952s] -- Up-to-date: /f1tenth_ws/install/vesc_driver/share/vesc_driver/cmake/ament_cmake_export_dependencies-extras.cmake
[0.953s] -- Up-to-date: /f1tenth_ws/install/vesc_driver/share/vesc_driver/cmake/ament_cmake_export_include_directories-extras.cmake
[0.953s] -- Up-to-date: /f1tenth_ws/install/vesc_driver/share/vesc_driver/cmake/ament_cmake_export_libraries-extras.cmake
[0.954s] -- Up-to-date: /f1tenth_ws/install/vesc_driver/share/vesc_driver/cmake/vesc_driverConfig.cmake
[0.954s] -- Up-to-date: /f1tenth_ws/install/vesc_driver/share/vesc_driver/cmake/vesc_driverConfig-version.cmake
[0.954s] -- Up-to-date: /f1tenth_ws/install/vesc_driver/share/vesc_driver/package.xml
[0.956s] Invoked command in '/f1tenth_ws/build/vesc_driver' returned '0': CMAKE_PREFIX_PATH=/f1tenth_ws/install/vesc_msgs:/f1tenth_ws/install/wall_follow:/f1tenth_ws/install/vesc:/f1tenth_ws/install/vesc_driver:/f1tenth_ws/install/vesc_ackermann:/f1tenth_ws/install/teleop_tools:/f1tenth_ws/install/teleop_tools_msgs:/f1tenth_ws/install/gap_follow:/f1tenth_ws/install/ackermann_mux:/f1tenth_ws/install/f1tenth_stack:/f1tenth_ws/install/joy_teleop:/f1tenth_ws/install/particle_filter:/f1tenth_ws/install/mouse_teleop:/f1tenth_ws/install/key_teleop:/opt/ros/foxy LD_LIBRARY_PATH=/f1tenth_ws/install/vesc_msgs/lib:/f1tenth_ws/install/vesc_driver/lib:/f1tenth_ws/install/vesc_ackermann/lib:/f1tenth_ws/install/teleop_tools_msgs/lib:/opt/ros/foxy/opt/yaml_cpp_vendor/lib:/opt/ros/foxy/opt/rviz_ogre_vendor/lib:/opt/ros/foxy/lib/aarch64-linux-gnu:/opt/ros/foxy/lib:/usr/local/cuda-10.2/targets/aarch64-linux/lib PYTHONPATH=/f1tenth_ws/install/vesc_msgs/lib/python3.8/site-packages:/f1tenth_ws/install/wall_follow/lib/python3.8/site-packages:/f1tenth_ws/install/f1tenth_stack/lib/python3.8/site-packages:/f1tenth_ws/install/joy_teleop/lib/python3.8/site-packages:/f1tenth_ws/install/teleop_tools_msgs/lib/python3.8/site-packages:/f1tenth_ws/install/particle_filter/lib/python3.8/site-packages:/f1tenth_ws/install/mouse_teleop/lib/python3.8/site-packages:/f1tenth_ws/install/key_teleop/lib/python3.8/site-packages:/f1tenth_ws/install/gap_follow/lib/python3.8/site-packages:/opt/ros/foxy/lib/python3.8/site-packages /usr/bin/cmake --install /f1tenth_ws/build/vesc_driver
