[1.302s] Invoking command in '/f1tenth_ws/build/lab7_pkg': CMAKE_PREFIX_PATH=${CMAKE_PREFIX_PATH}:/f1tenth_ws/install/f1tenth_stack:/f1tenth_ws/install/joy_teleop:/f1tenth_ws/install/particle_filter:/f1tenth_ws/install/mouse_teleop:/f1tenth_ws/install/key_teleop:/opt/ros/foxy /usr/bin/cmake /f1tenth_ws/src/lab7_pkg -DCMAKE_INSTALL_PREFIX=/f1tenth_ws/install/lab7_pkg
[2.129s] -- The C compiler identification is GNU 8.4.0
[2.739s] -- The CXX compiler identification is GNU 8.4.0
[2.780s] -- Check for working C compiler: /usr/bin/cc
[3.084s] -- Check for working C compiler: /usr/bin/cc -- works
[3.091s] -- Detecting C compiler ABI info
[3.410s] -- Detecting C compiler ABI info - done
[3.616s] -- Detecting C compile features
[3.616s] -- Detecting C compile features - done
[3.617s] -- Check for working CXX compiler: /usr/bin/c++
[3.966s] -- Check for working CXX compiler: /usr/bin/c++ -- works
[3.972s] -- Detecting CXX compiler ABI info
[4.330s] -- Detecting CXX compiler ABI info - done
[4.435s] -- Detecting CXX compile features
[4.439s] -- Detecting CXX compile features - done
[4.457s] -- Found ament_cmake: 0.9.9 (/opt/ros/foxy/share/ament_cmake/cmake)
[4.611s] -- Found PythonInterp: /usr/bin/python3 (found suitable version "3.8.10", minimum required is "3") 
[4.613s] -- Using PYTHON_EXECUTABLE: /usr/bin/python3
[5.737s] -- Found rclcpp: 2.4.0 (/opt/ros/foxy/share/rclcpp/cmake)
[6.096s] -- Using all available rosidl_typesupport_c: rosidl_typesupport_fastrtps_c;rosidl_typesupport_introspection_c
[6.155s] -- Found rosidl_adapter: 1.2.1 (/opt/ros/foxy/share/rosidl_adapter/cmake)
[6.663s] -- Found OpenSSL: /usr/lib/aarch64-linux-gnu/libcrypto.so (found version "1.1.1f")  
[6.837s] -- Found FastRTPS: /opt/ros/foxy/include  
[7.391s] -- Using all available rosidl_typesupport_cpp: rosidl_typesupport_fastrtps_cpp;rosidl_typesupport_introspection_cpp
[7.836s] -- Found rmw_implementation_cmake: 1.0.3 (/opt/ros/foxy/share/rmw_implementation_cmake/cmake)
[7.850s] -- Using RMW implementation 'rmw_fastrtps_cpp' as default
[7.857s] -- Looking for pthread.h
[8.223s] -- Looking for pthread.h - found
[8.225s] -- Performing Test CMAKE_HAVE_LIBC_PTHREAD
[8.562s] -- Performing Test CMAKE_HAVE_LIBC_PTHREAD - Failed
[8.564s] -- Looking for pthread_create in pthreads
[8.823s] -- Looking for pthread_create in pthreads - not found
[8.826s] -- Looking for pthread_create in pthread
[9.106s] -- Looking for pthread_create in pthread - found
[9.112s] -- Found Threads: TRUE  
[9.963s] -- Found rclpy: 1.0.7 (/opt/ros/foxy/share/rclpy/cmake)
[9.975s] -- Found geometry_msgs: 2.0.4 (/opt/ros/foxy/share/geometry_msgs/cmake)
[10.143s] -- Found nav_msgs: 2.0.4 (/opt/ros/foxy/share/nav_msgs/cmake)
[10.441s] -- Found ackermann_msgs: 2.0.2 (/opt/ros/foxy/share/ackermann_msgs/cmake)
[10.593s] -- Found sensor_msgs: 2.0.4 (/opt/ros/foxy/share/sensor_msgs/cmake)
[10.889s] -- Found visualization_msgs: 2.0.4 (/opt/ros/foxy/share/visualization_msgs/cmake)
[11.193s] -- Found tf2_ros: 0.13.12 (/opt/ros/foxy/share/tf2_ros/cmake)
[12.858s] -- Found ament_lint_auto: 0.9.6 (/opt/ros/foxy/share/ament_lint_auto/cmake)
[13.243s] -- Added test 'copyright' to check source files copyright and LICENSE
[13.249s] -- Added test 'cppcheck' to perform static code analysis on C / C++ code
[13.250s] -- Configured cppcheck include dirs: /f1tenth_ws/src/lab7_pkg/include
[13.250s] -- Configured cppcheck exclude dirs and/or files: 
[13.257s] -- Added test 'cpplint' to check C / C++ code against the Google style
[13.258s] -- Configured cpplint exclude dirs and/or files: 
[13.259s] -- Added test 'flake8' to check Python code syntax and style conventions
[13.261s] -- Added test 'lint_cmake' to check CMake code style
[13.264s] -- Added test 'pep257' to check Python code against some of the style conventions in PEP 257
[13.269s] -- Added test 'uncrustify' to check C / C++ code style
[13.270s] -- Configured uncrustify additional arguments: 
[13.272s] -- Added test 'xmllint' to check XML markup files
[13.286s] -- Configuring done
[13.369s] -- Generating done
[13.376s] -- Build files have been written to: /f1tenth_ws/build/lab7_pkg
[13.411s] Invoked command in '/f1tenth_ws/build/lab7_pkg' returned '0': CMAKE_PREFIX_PATH=${CMAKE_PREFIX_PATH}:/f1tenth_ws/install/f1tenth_stack:/f1tenth_ws/install/joy_teleop:/f1tenth_ws/install/particle_filter:/f1tenth_ws/install/mouse_teleop:/f1tenth_ws/install/key_teleop:/opt/ros/foxy /usr/bin/cmake /f1tenth_ws/src/lab7_pkg -DCMAKE_INSTALL_PREFIX=/f1tenth_ws/install/lab7_pkg
[13.421s] Invoking command in '/f1tenth_ws/build/lab7_pkg': CMAKE_PREFIX_PATH=${CMAKE_PREFIX_PATH}:/f1tenth_ws/install/f1tenth_stack:/f1tenth_ws/install/joy_teleop:/f1tenth_ws/install/particle_filter:/f1tenth_ws/install/mouse_teleop:/f1tenth_ws/install/key_teleop:/opt/ros/foxy /usr/bin/cmake --build /f1tenth_ws/build/lab7_pkg -- -j6 -l6
[13.578s] [35m[1mScanning dependencies of target rrt_node[0m
[13.926s] [ 66%] [32mBuilding CXX object CMakeFiles/rrt_node.dir/src/rrt_node.cpp.o[0m
[13.927s] [ 66%] [32mBuilding CXX object CMakeFiles/rrt_node.dir/src/rrt.cpp.o[0m
[20.503s] [01m[K/f1tenth_ws/src/lab7_pkg/src/rrt.cpp:[m[K In member function ‘[01m[Kvoid RRT::scan_callback(sensor_msgs::msg::LaserScan_<std::allocator<void> >::ConstSharedPtr)[m[K’:
[20.503s] [01m[K/f1tenth_ws/src/lab7_pkg/src/rrt.cpp:33:75:[m[K [01;35m[Kwarning: [m[Kunused parameter ‘[01m[Kscan_msg[m[K’ [[01;35m[K-Wunused-parameter[m[K]
[20.504s]  void RRT::scan_callback([01;35m[Kconst sensor_msgs::msg::LaserScan::ConstSharedPtr scan_msg[m[K) {
[20.504s]                          [01;35m[K~~~~~~~~~~~~~~~~~~~~~~~~~~~~~~~~~~~~~~~~~~~~~~~~~~^~~~~~~~[m[K
[20.522s] [01m[K/f1tenth_ws/src/lab7_pkg/src/rrt.cpp:[m[K In member function ‘[01m[Kvoid RRT::pose_callback(nav_msgs::msg::Odometry_<std::allocator<void> >::ConstSharedPtr)[m[K’:
[20.523s] [01m[K/f1tenth_ws/src/lab7_pkg/src/rrt.cpp:43:71:[m[K [01;35m[Kwarning: [m[Kunused parameter ‘[01m[Kpose_msg[m[K’ [[01;35m[K-Wunused-parameter[m[K]
[20.523s]  void RRT::pose_callback([01;35m[Kconst nav_msgs::msg::Odometry::ConstSharedPtr pose_msg[m[K) {
[20.524s]                          [01;35m[K~~~~~~~~~~~~~~~~~~~~~~~~~~~~~~~~~~~~~~~~~~~~~~^~~~~~~~[m[K
[20.525s] [01m[K/f1tenth_ws/src/lab7_pkg/src/rrt.cpp:[m[K In member function ‘[01m[Kint RRT::nearest(std::vector<RRT_Node>&, std::vector<double>&)[m[K’:
[20.525s] [01m[K/f1tenth_ws/src/lab7_pkg/src/rrt.cpp:79:41:[m[K [01;35m[Kwarning: [m[Kunused parameter ‘[01m[Ktree[m[K’ [[01;35m[K-Wunused-parameter[m[K]
[20.525s]  int RRT::nearest([01;35m[Kstd::vector<RRT_Node> &tree[m[K, std::vector<double> &sampled_point) {
[20.526s]                   [01;35m[K~~~~~~~~~~~~~~~~~~~~~~~^~~~[m[K
[20.526s] [01m[K/f1tenth_ws/src/lab7_pkg/src/rrt.cpp:79:68:[m[K [01;35m[Kwarning: [m[Kunused parameter ‘[01m[Ksampled_point[m[K’ [[01;35m[K-Wunused-parameter[m[K]
[20.526s]  int RRT::nearest(std::vector<RRT_Node> &tree, [01;35m[Kstd::vector<double> &sampled_point[m[K) {
[20.527s]                                                [01;35m[K~~~~~~~~~~~~~~~~~~~~~^~~~~~~~~~~~~[m[K
[20.529s] [01m[K/f1tenth_ws/src/lab7_pkg/src/rrt.cpp:[m[K In member function ‘[01m[KRRT_Node RRT::steer(RRT_Node&, std::vector<double>&)[m[K’:
[20.529s] [01m[K/f1tenth_ws/src/lab7_pkg/src/rrt.cpp:93:31:[m[K [01;35m[Kwarning: [m[Kunused parameter ‘[01m[Knearest_node[m[K’ [[01;35m[K-Wunused-parameter[m[K]
[20.530s]  RRT_Node RRT::steer([01;35m[KRRT_Node &nearest_node[m[K, std::vector<double> &sampled_point) {
[20.530s]                      [01;35m[K~~~~~~~~~~^~~~~~~~~~~~[m[K
[20.530s] [01m[K/f1tenth_ws/src/lab7_pkg/src/rrt.cpp:93:66:[m[K [01;35m[Kwarning: [m[Kunused parameter ‘[01m[Ksampled_point[m[K’ [[01;35m[K-Wunused-parameter[m[K]
[20.531s]  RRT_Node RRT::steer(RRT_Node &nearest_node, [01;35m[Kstd::vector<double> &sampled_point[m[K) {
[20.531s]                                              [01;35m[K~~~~~~~~~~~~~~~~~~~~~^~~~~~~~~~~~~[m[K
[20.531s] [01m[K/f1tenth_ws/src/lab7_pkg/src/rrt.cpp:[m[K In member function ‘[01m[Kbool RRT::check_collision(RRT_Node&, RRT_Node&)[m[K’:
[20.532s] [01m[K/f1tenth_ws/src/lab7_pkg/src/rrt.cpp:113:37:[m[K [01;35m[Kwarning: [m[Kunused parameter ‘[01m[Knearest_node[m[K’ [[01;35m[K-Wunused-parameter[m[K]
[20.532s]  bool RRT::check_collision([01;35m[KRRT_Node &nearest_node[m[K, RRT_Node &new_node) {
[20.532s]                            [01;35m[K~~~~~~~~~~^~~~~~~~~~~~[m[K
[20.533s] [01m[K/f1tenth_ws/src/lab7_pkg/src/rrt.cpp:113:61:[m[K [01;35m[Kwarning: [m[Kunused parameter ‘[01m[Knew_node[m[K’ [[01;35m[K-Wunused-parameter[m[K]
[20.533s]  bool RRT::check_collision(RRT_Node &nearest_node, [01;35m[KRRT_Node &new_node[m[K) {
[20.533s]                                                    [01;35m[K~~~~~~~~~~^~~~~~~~[m[K
[20.534s] [01m[K/f1tenth_ws/src/lab7_pkg/src/rrt.cpp:[m[K In member function ‘[01m[Kbool RRT::is_goal(RRT_Node&, double, double)[m[K’:
[20.534s] [01m[K/f1tenth_ws/src/lab7_pkg/src/rrt.cpp:128:29:[m[K [01;35m[Kwarning: [m[Kunused parameter ‘[01m[Klatest_added_node[m[K’ [[01;35m[K-Wunused-parameter[m[K]
[20.534s]  bool RRT::is_goal([01;35m[KRRT_Node &latest_added_node[m[K, double goal_x, double goal_y) {
[20.535s]                    [01;35m[K~~~~~~~~~~^~~~~~~~~~~~~~~~~[m[K
[20.535s] [01m[K/f1tenth_ws/src/lab7_pkg/src/rrt.cpp:128:55:[m[K [01;35m[Kwarning: [m[Kunused parameter ‘[01m[Kgoal_x[m[K’ [[01;35m[K-Wunused-parameter[m[K]
[20.535s]  bool RRT::is_goal(RRT_Node &latest_added_node, [01;35m[Kdouble goal_x[m[K, double goal_y) {
[20.536s]                                                 [01;35m[K~~~~~~~^~~~~~[m[K
[20.537s] [01m[K/f1tenth_ws/src/lab7_pkg/src/rrt.cpp:128:70:[m[K [01;35m[Kwarning: [m[Kunused parameter ‘[01m[Kgoal_y[m[K’ [[01;35m[K-Wunused-parameter[m[K]
[20.537s]  bool RRT::is_goal(RRT_Node &latest_added_node, double goal_x, [01;35m[Kdouble goal_y[m[K) {
[20.538s]                                                                [01;35m[K~~~~~~~^~~~~~[m[K
[20.538s] [01m[K/f1tenth_ws/src/lab7_pkg/src/rrt.cpp:[m[K In member function ‘[01m[Kstd::vector<RRT_Node> RRT::find_path(std::vector<RRT_Node>&, RRT_Node&)[m[K’:
[20.538s] [01m[K/f1tenth_ws/src/lab7_pkg/src/rrt.cpp:145:61:[m[K [01;35m[Kwarning: [m[Kunused parameter ‘[01m[Ktree[m[K’ [[01;35m[K-Wunused-parameter[m[K]
[20.539s]  std::vector<RRT_Node> RRT::find_path([01;35m[Kstd::vector<RRT_Node> &tree[m[K, RRT_Node &latest_added_node) {
[20.539s]                                       [01;35m[K~~~~~~~~~~~~~~~~~~~~~~~^~~~[m[K
[20.539s] [01m[K/f1tenth_ws/src/lab7_pkg/src/rrt.cpp:145:77:[m[K [01;35m[Kwarning: [m[Kunused parameter ‘[01m[Klatest_added_node[m[K’ [[01;35m[K-Wunused-parameter[m[K]
[20.540s]  std::vector<RRT_Node> RRT::find_path(std::vector<RRT_Node> &tree, [01;35m[KRRT_Node &latest_added_node[m[K) {
[20.540s]                                                                    [01;35m[K~~~~~~~~~~^~~~~~~~~~~~~~~~~[m[K
[20.540s] [01m[K/f1tenth_ws/src/lab7_pkg/src/rrt.cpp:[m[K In member function ‘[01m[Kdouble RRT::cost(std::vector<RRT_Node>&, RRT_Node&)[m[K’:
[20.541s] [01m[K/f1tenth_ws/src/lab7_pkg/src/rrt.cpp:162:41:[m[K [01;35m[Kwarning: [m[Kunused parameter ‘[01m[Ktree[m[K’ [[01;35m[K-Wunused-parameter[m[K]
[20.541s]  double RRT::cost([01;35m[Kstd::vector<RRT_Node> &tree[m[K, RRT_Node &node) {
[20.541s]                   [01;35m[K~~~~~~~~~~~~~~~~~~~~~~~^~~~[m[K
[20.542s] [01m[K/f1tenth_ws/src/lab7_pkg/src/rrt.cpp:162:57:[m[K [01;35m[Kwarning: [m[Kunused parameter ‘[01m[Knode[m[K’ [[01;35m[K-Wunused-parameter[m[K]
[20.542s]  double RRT::cost(std::vector<RRT_Node> &tree, [01;35m[KRRT_Node &node[m[K) {
[20.542s]                                                [01;35m[K~~~~~~~~~~^~~~[m[K
[20.543s] [01m[K/f1tenth_ws/src/lab7_pkg/src/rrt.cpp:[m[K In member function ‘[01m[Kdouble RRT::line_cost(RRT_Node&, RRT_Node&)[m[K’:
[20.543s] [01m[K/f1tenth_ws/src/lab7_pkg/src/rrt.cpp:176:33:[m[K [01;35m[Kwarning: [m[Kunused parameter ‘[01m[Kn1[m[K’ [[01;35m[K-Wunused-parameter[m[K]
[20.543s]  double RRT::line_cost([01;35m[KRRT_Node &n1[m[K, RRT_Node &n2) {
[20.544s]                        [01;35m[K~~~~~~~~~~^~[m[K
[20.544s] [01m[K/f1tenth_ws/src/lab7_pkg/src/rrt.cpp:176:47:[m[K [01;35m[Kwarning: [m[Kunused parameter ‘[01m[Kn2[m[K’ [[01;35m[K-Wunused-parameter[m[K]
[20.544s]  double RRT::line_cost(RRT_Node &n1, [01;35m[KRRT_Node &n2[m[K) {
[20.545s]                                      [01;35m[K~~~~~~~~~~^~[m[K
[20.545s] [01m[K/f1tenth_ws/src/lab7_pkg/src/rrt.cpp:[m[K In member function ‘[01m[Kstd::vector<int> RRT::near(std::vector<RRT_Node>&, RRT_Node&)[m[K’:
[20.545s] [01m[K/f1tenth_ws/src/lab7_pkg/src/rrt.cpp:190:51:[m[K [01;35m[Kwarning: [m[Kunused parameter ‘[01m[Ktree[m[K’ [[01;35m[K-Wunused-parameter[m[K]
[20.546s]  std::vector<int> RRT::near([01;35m[Kstd::vector<RRT_Node> &tree[m[K, RRT_Node &node) {
[20.546s]                             [01;35m[K~~~~~~~~~~~~~~~~~~~~~~~^~~~[m[K
[20.546s] [01m[K/f1tenth_ws/src/lab7_pkg/src/rrt.cpp:190:67:[m[K [01;35m[Kwarning: [m[Kunused parameter ‘[01m[Knode[m[K’ [[01;35m[K-Wunused-parameter[m[K]
[20.547s]  std::vector<int> RRT::near(std::vector<RRT_Node> &tree, [01;35m[KRRT_Node &node[m[K) {
[20.547s]                                                          [01;35m[K~~~~~~~~~~^~~~[m[K
[39.652s] [100%] [32m[1mLinking CXX executable rrt_node[0m
[41.027s] [100%] Built target rrt_node
[41.068s] Invoked command in '/f1tenth_ws/build/lab7_pkg' returned '0': CMAKE_PREFIX_PATH=${CMAKE_PREFIX_PATH}:/f1tenth_ws/install/f1tenth_stack:/f1tenth_ws/install/joy_teleop:/f1tenth_ws/install/particle_filter:/f1tenth_ws/install/mouse_teleop:/f1tenth_ws/install/key_teleop:/opt/ros/foxy /usr/bin/cmake --build /f1tenth_ws/build/lab7_pkg -- -j6 -l6
[41.180s] Invoking command in '/f1tenth_ws/build/lab7_pkg': CMAKE_PREFIX_PATH=${CMAKE_PREFIX_PATH}:/f1tenth_ws/install/f1tenth_stack:/f1tenth_ws/install/joy_teleop:/f1tenth_ws/install/particle_filter:/f1tenth_ws/install/mouse_teleop:/f1tenth_ws/install/key_teleop:/opt/ros/foxy /usr/bin/cmake --install /f1tenth_ws/build/lab7_pkg
[41.210s] -- Install configuration: ""
[41.211s] -- Installing: /f1tenth_ws/install/lab7_pkg/lib/lab7_pkg/rrt_node
[41.226s] -- Set runtime path of "/f1tenth_ws/install/lab7_pkg/lib/lab7_pkg/rrt_node" to ""
[41.227s] -- Installing: /f1tenth_ws/install/lab7_pkg/share/lab7_pkg/environment/pythonpath.sh
[41.227s] -- Installing: /f1tenth_ws/install/lab7_pkg/share/lab7_pkg/environment/pythonpath.dsv
[41.228s] -- Installing: /f1tenth_ws/install/lab7_pkg/lib/python3.8/site-packages/lab7_pkg
[41.229s] -- Installing: /f1tenth_ws/install/lab7_pkg/lib/python3.8/site-packages/lab7_pkg/__init__.py
[41.378s] Listing '/f1tenth_ws/install/lab7_pkg/lib/python3.8/site-packages/lab7_pkg'...
[41.378s] Compiling '/f1tenth_ws/install/lab7_pkg/lib/python3.8/site-packages/lab7_pkg/__init__.py'...
[41.392s] -- Installing: /f1tenth_ws/install/lab7_pkg/lib/lab7_pkg/rrt_node.py
[41.394s] -- Installing: /f1tenth_ws/install/lab7_pkg/share/ament_index/resource_index/package_run_dependencies/lab7_pkg
[41.394s] -- Installing: /f1tenth_ws/install/lab7_pkg/share/ament_index/resource_index/parent_prefix_path/lab7_pkg
[41.395s] -- Installing: /f1tenth_ws/install/lab7_pkg/share/lab7_pkg/environment/ament_prefix_path.sh
[41.395s] -- Installing: /f1tenth_ws/install/lab7_pkg/share/lab7_pkg/environment/ament_prefix_path.dsv
[41.396s] -- Installing: /f1tenth_ws/install/lab7_pkg/share/lab7_pkg/environment/path.sh
[41.397s] -- Installing: /f1tenth_ws/install/lab7_pkg/share/lab7_pkg/environment/path.dsv
[41.397s] -- Installing: /f1tenth_ws/install/lab7_pkg/share/lab7_pkg/local_setup.bash
[41.398s] -- Installing: /f1tenth_ws/install/lab7_pkg/share/lab7_pkg/local_setup.sh
[41.398s] -- Installing: /f1tenth_ws/install/lab7_pkg/share/lab7_pkg/local_setup.zsh
[41.399s] -- Installing: /f1tenth_ws/install/lab7_pkg/share/lab7_pkg/local_setup.dsv
[41.399s] -- Installing: /f1tenth_ws/install/lab7_pkg/share/lab7_pkg/package.dsv
[41.400s] -- Installing: /f1tenth_ws/install/lab7_pkg/share/ament_index/resource_index/packages/lab7_pkg
[41.401s] -- Installing: /f1tenth_ws/install/lab7_pkg/share/lab7_pkg/cmake/lab7_pkgConfig.cmake
[41.401s] -- Installing: /f1tenth_ws/install/lab7_pkg/share/lab7_pkg/cmake/lab7_pkgConfig-version.cmake
[41.402s] -- Installing: /f1tenth_ws/install/lab7_pkg/share/lab7_pkg/package.xml
[41.415s] Invoked command in '/f1tenth_ws/build/lab7_pkg' returned '0': CMAKE_PREFIX_PATH=${CMAKE_PREFIX_PATH}:/f1tenth_ws/install/f1tenth_stack:/f1tenth_ws/install/joy_teleop:/f1tenth_ws/install/particle_filter:/f1tenth_ws/install/mouse_teleop:/f1tenth_ws/install/key_teleop:/opt/ros/foxy /usr/bin/cmake --install /f1tenth_ws/build/lab7_pkg
