[2.443s] Invoking command in '/f1tenth_ws/src/f1tenth_system/teleop_tools/key_teleop': PYTHONPATH=/f1tenth_ws/install/key_teleop/lib/python3.8/site-packages:${PYTHONPATH} /usr/bin/python3 setup.py egg_info --egg-base ../../../../build/key_teleop build --build-base /f1tenth_ws/build/key_teleop/build install --prefix /f1tenth_ws/install/key_teleop --record /f1tenth_ws/build/key_teleop/install.log --single-version-externally-managed
[3.527s] running egg_info
[3.533s] writing ../../../../build/key_teleop/key_teleop.egg-info/PKG-INFO
[3.533s] writing dependency_links to ../../../../build/key_teleop/key_teleop.egg-info/dependency_links.txt
[3.534s] writing entry points to ../../../../build/key_teleop/key_teleop.egg-info/entry_points.txt
[3.536s] writing requirements to ../../../../build/key_teleop/key_teleop.egg-info/requires.txt
[3.536s] writing top-level names to ../../../../build/key_teleop/key_teleop.egg-info/top_level.txt
[3.700s] reading manifest file '../../../../build/key_teleop/key_teleop.egg-info/SOURCES.txt'
[3.703s] writing manifest file '../../../../build/key_teleop/key_teleop.egg-info/SOURCES.txt'
[3.704s] running build
[3.704s] running build_py
[3.705s] running install
[3.709s] running install_lib
[3.714s] running install_data
[3.716s] running install_egg_info
[3.723s] removing '/f1tenth_ws/install/key_teleop/lib/python3.8/site-packages/key_teleop-0.3.0-py3.8.egg-info' (and everything under it)
[3.724s] Copying ../../../../build/key_teleop/key_teleop.egg-info to /f1tenth_ws/install/key_teleop/lib/python3.8/site-packages/key_teleop-0.3.0-py3.8.egg-info
[3.727s] running install_scripts
[3.800s] Installing key_teleop script to /f1tenth_ws/install/key_teleop/lib/key_teleop
[3.802s] writing list of installed files to '/f1tenth_ws/build/key_teleop/install.log'
[4.486s] Invoked command in '/f1tenth_ws/src/f1tenth_system/teleop_tools/key_teleop' returned '0': PYTHONPATH=/f1tenth_ws/install/key_teleop/lib/python3.8/site-packages:${PYTHONPATH} /usr/bin/python3 setup.py egg_info --egg-base ../../../../build/key_teleop build --build-base /f1tenth_ws/build/key_teleop/build install --prefix /f1tenth_ws/install/key_teleop --record /f1tenth_ws/build/key_teleop/install.log --single-version-externally-managed
