[0.143s] Invoking command in '/f1tenth_ws/build/vesc_ackermann': CMAKE_PREFIX_PATH=/f1tenth_ws/install/vesc_msgs:/f1tenth_ws/install/wall_follow:/f1tenth_ws/install/vesc:/f1tenth_ws/install/vesc_driver:/f1tenth_ws/install/vesc_ackermann:/f1tenth_ws/install/teleop_tools:/f1tenth_ws/install/teleop_tools_msgs:/f1tenth_ws/install/gap_follow:/f1tenth_ws/install/ackermann_mux:/f1tenth_ws/install/f1tenth_stack:/f1tenth_ws/install/joy_teleop:/f1tenth_ws/install/particle_filter:/f1tenth_ws/install/mouse_teleop:/f1tenth_ws/install/key_teleop:/opt/ros/foxy LD_LIBRARY_PATH=/f1tenth_ws/install/vesc_msgs/lib:/f1tenth_ws/install/vesc_driver/lib:/f1tenth_ws/install/vesc_ackermann/lib:/f1tenth_ws/install/teleop_tools_msgs/lib:/opt/ros/foxy/opt/yaml_cpp_vendor/lib:/opt/ros/foxy/opt/rviz_ogre_vendor/lib:/opt/ros/foxy/lib/aarch64-linux-gnu:/opt/ros/foxy/lib:/usr/local/cuda-10.2/targets/aarch64-linux/lib PYTHONPATH=/f1tenth_ws/install/vesc_msgs/lib/python3.8/site-packages:/f1tenth_ws/install/wall_follow/lib/python3.8/site-packages:/f1tenth_ws/install/f1tenth_stack/lib/python3.8/site-packages:/f1tenth_ws/install/joy_teleop/lib/python3.8/site-packages:/f1tenth_ws/install/teleop_tools_msgs/lib/python3.8/site-packages:/f1tenth_ws/install/particle_filter/lib/python3.8/site-packages:/f1tenth_ws/install/mouse_teleop/lib/python3.8/site-packages:/f1tenth_ws/install/key_teleop/lib/python3.8/site-packages:/f1tenth_ws/install/gap_follow/lib/python3.8/site-packages:/opt/ros/foxy/lib/python3.8/site-packages /usr/bin/cmake --build /f1tenth_ws/build/vesc_ackermann -- -j6 -l6
[0.392s] [35m[1mScanning dependencies of target vesc_ackermann[0m
[0.539s] [ 28%] Built target vesc_to_odom_node
[0.615s] [ 57%] Built target ackermann_to_vesc_node
[0.627s] [ 71%] [32mBuilding CXX object CMakeFiles/vesc_ackermann.dir/src/vesc_to_odom.cpp.o[0m
[31.121s] [ 85%] [32m[1mLinking CXX shared library libvesc_ackermann.so[0m
[33.137s] [100%] Built target vesc_ackermann
[33.181s] Invoked command in '/f1tenth_ws/build/vesc_ackermann' returned '0': CMAKE_PREFIX_PATH=/f1tenth_ws/install/vesc_msgs:/f1tenth_ws/install/wall_follow:/f1tenth_ws/install/vesc:/f1tenth_ws/install/vesc_driver:/f1tenth_ws/install/vesc_ackermann:/f1tenth_ws/install/teleop_tools:/f1tenth_ws/install/teleop_tools_msgs:/f1tenth_ws/install/gap_follow:/f1tenth_ws/install/ackermann_mux:/f1tenth_ws/install/f1tenth_stack:/f1tenth_ws/install/joy_teleop:/f1tenth_ws/install/particle_filter:/f1tenth_ws/install/mouse_teleop:/f1tenth_ws/install/key_teleop:/opt/ros/foxy LD_LIBRARY_PATH=/f1tenth_ws/install/vesc_msgs/lib:/f1tenth_ws/install/vesc_driver/lib:/f1tenth_ws/install/vesc_ackermann/lib:/f1tenth_ws/install/teleop_tools_msgs/lib:/opt/ros/foxy/opt/yaml_cpp_vendor/lib:/opt/ros/foxy/opt/rviz_ogre_vendor/lib:/opt/ros/foxy/lib/aarch64-linux-gnu:/opt/ros/foxy/lib:/usr/local/cuda-10.2/targets/aarch64-linux/lib PYTHONPATH=/f1tenth_ws/install/vesc_msgs/lib/python3.8/site-packages:/f1tenth_ws/install/wall_follow/lib/python3.8/site-packages:/f1tenth_ws/install/f1tenth_stack/lib/python3.8/site-packages:/f1tenth_ws/install/joy_teleop/lib/python3.8/site-packages:/f1tenth_ws/install/teleop_tools_msgs/lib/python3.8/site-packages:/f1tenth_ws/install/particle_filter/lib/python3.8/site-packages:/f1tenth_ws/install/mouse_teleop/lib/python3.8/site-packages:/f1tenth_ws/install/key_teleop/lib/python3.8/site-packages:/f1tenth_ws/install/gap_follow/lib/python3.8/site-packages:/opt/ros/foxy/lib/python3.8/site-packages /usr/bin/cmake --build /f1tenth_ws/build/vesc_ackermann -- -j6 -l6
[33.305s] Invoking command in '/f1tenth_ws/build/vesc_ackermann': CMAKE_PREFIX_PATH=/f1tenth_ws/install/vesc_msgs:/f1tenth_ws/install/wall_follow:/f1tenth_ws/install/vesc:/f1tenth_ws/install/vesc_driver:/f1tenth_ws/install/vesc_ackermann:/f1tenth_ws/install/teleop_tools:/f1tenth_ws/install/teleop_tools_msgs:/f1tenth_ws/install/gap_follow:/f1tenth_ws/install/ackermann_mux:/f1tenth_ws/install/f1tenth_stack:/f1tenth_ws/install/joy_teleop:/f1tenth_ws/install/particle_filter:/f1tenth_ws/install/mouse_teleop:/f1tenth_ws/install/key_teleop:/opt/ros/foxy LD_LIBRARY_PATH=/f1tenth_ws/install/vesc_msgs/lib:/f1tenth_ws/install/vesc_driver/lib:/f1tenth_ws/install/vesc_ackermann/lib:/f1tenth_ws/install/teleop_tools_msgs/lib:/opt/ros/foxy/opt/yaml_cpp_vendor/lib:/opt/ros/foxy/opt/rviz_ogre_vendor/lib:/opt/ros/foxy/lib/aarch64-linux-gnu:/opt/ros/foxy/lib:/usr/local/cuda-10.2/targets/aarch64-linux/lib PYTHONPATH=/f1tenth_ws/install/vesc_msgs/lib/python3.8/site-packages:/f1tenth_ws/install/wall_follow/lib/python3.8/site-packages:/f1tenth_ws/install/f1tenth_stack/lib/python3.8/site-packages:/f1tenth_ws/install/joy_teleop/lib/python3.8/site-packages:/f1tenth_ws/install/teleop_tools_msgs/lib/python3.8/site-packages:/f1tenth_ws/install/particle_filter/lib/python3.8/site-packages:/f1tenth_ws/install/mouse_teleop/lib/python3.8/site-packages:/f1tenth_ws/install/key_teleop/lib/python3.8/site-packages:/f1tenth_ws/install/gap_follow/lib/python3.8/site-packages:/opt/ros/foxy/lib/python3.8/site-packages /usr/bin/cmake --install /f1tenth_ws/build/vesc_ackermann
[33.344s] -- Install configuration: ""
[33.345s] -- Up-to-date: /f1tenth_ws/install/vesc_ackermann/lib/vesc_ackermann/ackermann_to_vesc_node
[33.346s] -- Up-to-date: /f1tenth_ws/install/vesc_ackermann/lib/vesc_ackermann/vesc_to_odom_node
[33.348s] -- Up-to-date: /f1tenth_ws/install/vesc_ackermann/include
[33.348s] -- Up-to-date: /f1tenth_ws/install/vesc_ackermann/include/vesc_ackermann
[33.349s] -- Up-to-date: /f1tenth_ws/install/vesc_ackermann/include/vesc_ackermann/vesc_to_odom.hpp
[33.349s] -- Up-to-date: /f1tenth_ws/install/vesc_ackermann/include/vesc_ackermann/ackermann_to_vesc.hpp
[33.349s] -- Up-to-date: /f1tenth_ws/install/vesc_ackermann/share/vesc_ackermann/environment/library_path.sh
[33.350s] -- Up-to-date: /f1tenth_ws/install/vesc_ackermann/share/vesc_ackermann/environment/library_path.dsv
[33.350s] -- Installing: /f1tenth_ws/install/vesc_ackermann/lib/libvesc_ackermann.so
[33.388s] -- Set runtime path of "/f1tenth_ws/install/vesc_ackermann/lib/libvesc_ackermann.so" to ""
[33.390s] -- Up-to-date: /f1tenth_ws/install/vesc_ackermann/share/vesc_ackermann/launch
[33.390s] -- Up-to-date: /f1tenth_ws/install/vesc_ackermann/share/vesc_ackermann/launch/vesc_to_odom_node.launch.xml
[33.391s] -- Up-to-date: /f1tenth_ws/install/vesc_ackermann/share/vesc_ackermann/launch/ackermann_to_vesc_node.launch.xml
[33.391s] -- Up-to-date: /f1tenth_ws/install/vesc_ackermann/share/ament_index/resource_index/package_run_dependencies/vesc_ackermann
[33.392s] -- Up-to-date: /f1tenth_ws/install/vesc_ackermann/share/ament_index/resource_index/parent_prefix_path/vesc_ackermann
[33.392s] -- Up-to-date: /f1tenth_ws/install/vesc_ackermann/share/vesc_ackermann/environment/ament_prefix_path.sh
[33.393s] -- Up-to-date: /f1tenth_ws/install/vesc_ackermann/share/vesc_ackermann/environment/ament_prefix_path.dsv
[33.394s] -- Up-to-date: /f1tenth_ws/install/vesc_ackermann/share/vesc_ackermann/environment/path.sh
[33.395s] -- Up-to-date: /f1tenth_ws/install/vesc_ackermann/share/vesc_ackermann/environment/path.dsv
[33.395s] -- Up-to-date: /f1tenth_ws/install/vesc_ackermann/share/vesc_ackermann/local_setup.bash
[33.397s] -- Up-to-date: /f1tenth_ws/install/vesc_ackermann/share/vesc_ackermann/local_setup.sh
[33.398s] -- Up-to-date: /f1tenth_ws/install/vesc_ackermann/share/vesc_ackermann/local_setup.zsh
[33.398s] -- Up-to-date: /f1tenth_ws/install/vesc_ackermann/share/vesc_ackermann/local_setup.dsv
[33.399s] -- Installing: /f1tenth_ws/install/vesc_ackermann/share/vesc_ackermann/package.dsv
[33.400s] -- Up-to-date: /f1tenth_ws/install/vesc_ackermann/share/ament_index/resource_index/packages/vesc_ackermann
[33.408s] -- Up-to-date: /f1tenth_ws/install/vesc_ackermann/share/ament_index/resource_index/rclcpp_components/vesc_ackermann
[33.412s] -- Up-to-date: /f1tenth_ws/install/vesc_ackermann/share/vesc_ackermann/cmake/ament_cmake_export_dependencies-extras.cmake
[33.412s] -- Up-to-date: /f1tenth_ws/install/vesc_ackermann/share/vesc_ackermann/cmake/ament_cmake_export_include_directories-extras.cmake
[33.413s] -- Up-to-date: /f1tenth_ws/install/vesc_ackermann/share/vesc_ackermann/cmake/ament_cmake_export_libraries-extras.cmake
[33.414s] -- Up-to-date: /f1tenth_ws/install/vesc_ackermann/share/vesc_ackermann/cmake/vesc_ackermannConfig.cmake
[33.414s] -- Up-to-date: /f1tenth_ws/install/vesc_ackermann/share/vesc_ackermann/cmake/vesc_ackermannConfig-version.cmake
[33.415s] -- Up-to-date: /f1tenth_ws/install/vesc_ackermann/share/vesc_ackermann/package.xml
[33.415s] Invoked command in '/f1tenth_ws/build/vesc_ackermann' returned '0': CMAKE_PREFIX_PATH=/f1tenth_ws/install/vesc_msgs:/f1tenth_ws/install/wall_follow:/f1tenth_ws/install/vesc:/f1tenth_ws/install/vesc_driver:/f1tenth_ws/install/vesc_ackermann:/f1tenth_ws/install/teleop_tools:/f1tenth_ws/install/teleop_tools_msgs:/f1tenth_ws/install/gap_follow:/f1tenth_ws/install/ackermann_mux:/f1tenth_ws/install/f1tenth_stack:/f1tenth_ws/install/joy_teleop:/f1tenth_ws/install/particle_filter:/f1tenth_ws/install/mouse_teleop:/f1tenth_ws/install/key_teleop:/opt/ros/foxy LD_LIBRARY_PATH=/f1tenth_ws/install/vesc_msgs/lib:/f1tenth_ws/install/vesc_driver/lib:/f1tenth_ws/install/vesc_ackermann/lib:/f1tenth_ws/install/teleop_tools_msgs/lib:/opt/ros/foxy/opt/yaml_cpp_vendor/lib:/opt/ros/foxy/opt/rviz_ogre_vendor/lib:/opt/ros/foxy/lib/aarch64-linux-gnu:/opt/ros/foxy/lib:/usr/local/cuda-10.2/targets/aarch64-linux/lib PYTHONPATH=/f1tenth_ws/install/vesc_msgs/lib/python3.8/site-packages:/f1tenth_ws/install/wall_follow/lib/python3.8/site-packages:/f1tenth_ws/install/f1tenth_stack/lib/python3.8/site-packages:/f1tenth_ws/install/joy_teleop/lib/python3.8/site-packages:/f1tenth_ws/install/teleop_tools_msgs/lib/python3.8/site-packages:/f1tenth_ws/install/particle_filter/lib/python3.8/site-packages:/f1tenth_ws/install/mouse_teleop/lib/python3.8/site-packages:/f1tenth_ws/install/key_teleop/lib/python3.8/site-packages:/f1tenth_ws/install/gap_follow/lib/python3.8/site-packages:/opt/ros/foxy/lib/python3.8/site-packages /usr/bin/cmake --install /f1tenth_ws/build/vesc_ackermann
