[0.255s] Invoking command in '/f1tenth_ws/build/vesc_msgs': CMAKE_PREFIX_PATH=${CMAKE_PREFIX_PATH}:/f1tenth_ws/install/f1tenth_stack:/f1tenth_ws/install/joy_teleop:/f1tenth_ws/install/particle_filter:/f1tenth_ws/install/mouse_teleop:/f1tenth_ws/install/key_teleop:/opt/ros/foxy /usr/bin/cmake --build /f1tenth_ws/build/vesc_msgs -- -j6 -l6
[2.320s] [  1%] Built target vesc_msgs__cpp
[2.324s] [ 12%] Built target vesc_msgs__rosidl_generator_c
[2.327s] [ 23%] Built target vesc_msgs__rosidl_typesupport_fastrtps_cpp
[2.327s] [ 34%] Built target vesc_msgs__rosidl_typesupport_cpp
[2.327s] [ 45%] Built target vesc_msgs__rosidl_typesupport_introspection_c
[2.328s] [ 56%] Built target vesc_msgs__rosidl_typesupport_c
[2.330s] [ 67%] Built target vesc_msgs__rosidl_typesupport_introspection_cpp
[2.331s] [ 78%] Built target vesc_msgs__rosidl_typesupport_fastrtps_c
[2.335s] [ 78%] Built target vesc_msgs
[2.339s] [ 80%] Built target vesc_msgs__py
[2.339s] [ 89%] Built target vesc_msgs__python
[2.339s] [ 92%] Built target vesc_msgs__rosidl_typesupport_c__pyext
[2.340s] [ 96%] Built target vesc_msgs__rosidl_typesupport_introspection_c__pyext
[2.340s] [100%] Built target vesc_msgs__rosidl_typesupport_fastrtps_c__pyext
[2.363s] Invoked command in '/f1tenth_ws/build/vesc_msgs' returned '0': CMAKE_PREFIX_PATH=${CMAKE_PREFIX_PATH}:/f1tenth_ws/install/f1tenth_stack:/f1tenth_ws/install/joy_teleop:/f1tenth_ws/install/particle_filter:/f1tenth_ws/install/mouse_teleop:/f1tenth_ws/install/key_teleop:/opt/ros/foxy /usr/bin/cmake --build /f1tenth_ws/build/vesc_msgs -- -j6 -l6
[2.839s] Invoking command in '/f1tenth_ws/build/vesc_msgs': CMAKE_PREFIX_PATH=${CMAKE_PREFIX_PATH}:/f1tenth_ws/install/f1tenth_stack:/f1tenth_ws/install/joy_teleop:/f1tenth_ws/install/particle_filter:/f1tenth_ws/install/mouse_teleop:/f1tenth_ws/install/key_teleop:/opt/ros/foxy /usr/bin/cmake --install /f1tenth_ws/build/vesc_msgs
[2.882s] -- Install configuration: ""
[2.883s] -- Up-to-date: /f1tenth_ws/install/vesc_msgs/share/ament_index/resource_index/rosidl_interfaces/vesc_msgs
[2.884s] -- Up-to-date: /f1tenth_ws/install/vesc_msgs/include/vesc_msgs
[2.886s] -- Up-to-date: /f1tenth_ws/install/vesc_msgs/include/vesc_msgs/msg
[2.887s] -- Up-to-date: /f1tenth_ws/install/vesc_msgs/include/vesc_msgs/msg/vesc_state_stamped.h
[2.889s] -- Up-to-date: /f1tenth_ws/install/vesc_msgs/include/vesc_msgs/msg/vesc_state.h
[2.889s] -- Up-to-date: /f1tenth_ws/install/vesc_msgs/include/vesc_msgs/msg/vesc_imu_stamped.h
[2.891s] -- Up-to-date: /f1tenth_ws/install/vesc_msgs/include/vesc_msgs/msg/vesc_imu.h
[2.892s] -- Up-to-date: /f1tenth_ws/install/vesc_msgs/include/vesc_msgs/msg/detail
[2.894s] -- Up-to-date: /f1tenth_ws/install/vesc_msgs/include/vesc_msgs/msg/detail/vesc_imu_stamped__functions.c
[2.894s] -- Up-to-date: /f1tenth_ws/install/vesc_msgs/include/vesc_msgs/msg/detail/vesc_imu_stamped__struct.h
[2.895s] -- Up-to-date: /f1tenth_ws/install/vesc_msgs/include/vesc_msgs/msg/detail/vesc_imu__functions.c
[2.896s] -- Up-to-date: /f1tenth_ws/install/vesc_msgs/include/vesc_msgs/msg/detail/vesc_state_stamped__type_support.h
[2.900s] -- Up-to-date: /f1tenth_ws/install/vesc_msgs/include/vesc_msgs/msg/detail/vesc_state__functions.c
[2.902s] -- Up-to-date: /f1tenth_ws/install/vesc_msgs/include/vesc_msgs/msg/detail/vesc_imu_stamped__type_support.h
[2.902s] -- Up-to-date: /f1tenth_ws/install/vesc_msgs/include/vesc_msgs/msg/detail/vesc_state__functions.h
[2.904s] -- Up-to-date: /f1tenth_ws/install/vesc_msgs/include/vesc_msgs/msg/detail/vesc_state_stamped__struct.h
[2.905s] -- Up-to-date: /f1tenth_ws/install/vesc_msgs/include/vesc_msgs/msg/detail/vesc_state__type_support.h
[2.906s] -- Up-to-date: /f1tenth_ws/install/vesc_msgs/include/vesc_msgs/msg/detail/vesc_imu__type_support.h
[2.907s] -- Up-to-date: /f1tenth_ws/install/vesc_msgs/include/vesc_msgs/msg/detail/vesc_state_stamped__functions.c
[2.908s] -- Up-to-date: /f1tenth_ws/install/vesc_msgs/include/vesc_msgs/msg/detail/vesc_imu_stamped__functions.h
[2.912s] -- Up-to-date: /f1tenth_ws/install/vesc_msgs/include/vesc_msgs/msg/detail/vesc_state_stamped__functions.h
[2.914s] -- Up-to-date: /f1tenth_ws/install/vesc_msgs/include/vesc_msgs/msg/detail/vesc_state__struct.h
[2.915s] -- Up-to-date: /f1tenth_ws/install/vesc_msgs/include/vesc_msgs/msg/detail/vesc_imu__struct.h
[2.916s] -- Up-to-date: /f1tenth_ws/install/vesc_msgs/include/vesc_msgs/msg/detail/vesc_imu__functions.h
[2.918s] -- Up-to-date: /f1tenth_ws/install/vesc_msgs/include/vesc_msgs/msg/rosidl_generator_c__visibility_control.h
[2.919s] -- Up-to-date: /f1tenth_ws/install/vesc_msgs/share/vesc_msgs/environment/library_path.sh
[2.921s] -- Up-to-date: /f1tenth_ws/install/vesc_msgs/share/vesc_msgs/environment/library_path.dsv
[2.921s] -- Up-to-date: /f1tenth_ws/install/vesc_msgs/lib/libvesc_msgs__rosidl_generator_c.so
[2.923s] -- Up-to-date: /f1tenth_ws/install/vesc_msgs/include/vesc_msgs
[2.924s] -- Up-to-date: /f1tenth_ws/install/vesc_msgs/include/vesc_msgs/msg
[2.925s] -- Up-to-date: /f1tenth_ws/install/vesc_msgs/include/vesc_msgs/msg/detail
[2.926s] -- Up-to-date: /f1tenth_ws/install/vesc_msgs/include/vesc_msgs/msg/detail/vesc_imu__rosidl_typesupport_fastrtps_c.h
[2.927s] -- Up-to-date: /f1tenth_ws/install/vesc_msgs/include/vesc_msgs/msg/detail/vesc_state_stamped__rosidl_typesupport_fastrtps_c.h
[2.928s] -- Up-to-date: /f1tenth_ws/install/vesc_msgs/include/vesc_msgs/msg/detail/vesc_imu_stamped__rosidl_typesupport_fastrtps_c.h
[2.929s] -- Up-to-date: /f1tenth_ws/install/vesc_msgs/include/vesc_msgs/msg/detail/vesc_state__rosidl_typesupport_fastrtps_c.h
[2.930s] -- Up-to-date: /f1tenth_ws/install/vesc_msgs/include/vesc_msgs/msg/rosidl_typesupport_fastrtps_c__visibility_control.h
[2.932s] -- Up-to-date: /f1tenth_ws/install/vesc_msgs/lib/libvesc_msgs__rosidl_typesupport_fastrtps_c.so
[2.939s] -- Up-to-date: /f1tenth_ws/install/vesc_msgs/include/vesc_msgs
[2.939s] -- Up-to-date: /f1tenth_ws/install/vesc_msgs/include/vesc_msgs/msg
[2.940s] -- Up-to-date: /f1tenth_ws/install/vesc_msgs/include/vesc_msgs/msg/rosidl_typesupport_fastrtps_cpp__visibility_control.h
[2.940s] -- Up-to-date: /f1tenth_ws/install/vesc_msgs/include/vesc_msgs/msg/detail
[2.941s] -- Up-to-date: /f1tenth_ws/install/vesc_msgs/include/vesc_msgs/msg/detail/vesc_imu__rosidl_typesupport_fastrtps_cpp.hpp
[2.941s] -- Up-to-date: /f1tenth_ws/install/vesc_msgs/include/vesc_msgs/msg/detail/vesc_state_stamped__rosidl_typesupport_fastrtps_cpp.hpp
[2.942s] -- Up-to-date: /f1tenth_ws/install/vesc_msgs/include/vesc_msgs/msg/detail/dds_fastrtps
[2.942s] -- Up-to-date: /f1tenth_ws/install/vesc_msgs/include/vesc_msgs/msg/detail/vesc_state__rosidl_typesupport_fastrtps_cpp.hpp
[2.942s] -- Up-to-date: /f1tenth_ws/install/vesc_msgs/include/vesc_msgs/msg/detail/vesc_imu_stamped__rosidl_typesupport_fastrtps_cpp.hpp
[2.943s] -- Up-to-date: /f1tenth_ws/install/vesc_msgs/lib/libvesc_msgs__rosidl_typesupport_fastrtps_cpp.so
[2.946s] -- Up-to-date: /f1tenth_ws/install/vesc_msgs/include/vesc_msgs
[2.946s] -- Up-to-date: /f1tenth_ws/install/vesc_msgs/include/vesc_msgs/msg
[2.946s] -- Up-to-date: /f1tenth_ws/install/vesc_msgs/include/vesc_msgs/msg/rosidl_typesupport_introspection_c__visibility_control.h
[2.947s] -- Up-to-date: /f1tenth_ws/install/vesc_msgs/include/vesc_msgs/msg/detail
[2.947s] -- Up-to-date: /f1tenth_ws/install/vesc_msgs/include/vesc_msgs/msg/detail/vesc_state_stamped__type_support.c
[2.947s] -- Up-to-date: /f1tenth_ws/install/vesc_msgs/include/vesc_msgs/msg/detail/vesc_imu__rosidl_typesupport_introspection_c.h
[2.948s] -- Up-to-date: /f1tenth_ws/install/vesc_msgs/include/vesc_msgs/msg/detail/vesc_state__type_support.c
[2.948s] -- Up-to-date: /f1tenth_ws/install/vesc_msgs/include/vesc_msgs/msg/detail/vesc_state__rosidl_typesupport_introspection_c.h
[2.949s] -- Up-to-date: /f1tenth_ws/install/vesc_msgs/include/vesc_msgs/msg/detail/vesc_state_stamped__rosidl_typesupport_introspection_c.h
[2.949s] -- Up-to-date: /f1tenth_ws/install/vesc_msgs/include/vesc_msgs/msg/detail/vesc_imu_stamped__rosidl_typesupport_introspection_c.h
[2.949s] -- Up-to-date: /f1tenth_ws/install/vesc_msgs/include/vesc_msgs/msg/detail/vesc_imu_stamped__type_support.c
[2.950s] -- Up-to-date: /f1tenth_ws/install/vesc_msgs/include/vesc_msgs/msg/detail/vesc_imu__type_support.c
[2.950s] -- Up-to-date: /f1tenth_ws/install/vesc_msgs/lib/libvesc_msgs__rosidl_typesupport_introspection_c.so
[2.950s] -- Up-to-date: /f1tenth_ws/install/vesc_msgs/lib/libvesc_msgs__rosidl_typesupport_c.so
[2.951s] -- Up-to-date: /f1tenth_ws/install/vesc_msgs/include/vesc_msgs
[2.951s] -- Up-to-date: /f1tenth_ws/install/vesc_msgs/include/vesc_msgs/msg
[2.951s] -- Up-to-date: /f1tenth_ws/install/vesc_msgs/include/vesc_msgs/msg/vesc_state.hpp
[2.952s] -- Up-to-date: /f1tenth_ws/install/vesc_msgs/include/vesc_msgs/msg/vesc_imu_stamped.hpp
[2.952s] -- Up-to-date: /f1tenth_ws/install/vesc_msgs/include/vesc_msgs/msg/vesc_imu.hpp
[2.952s] -- Up-to-date: /f1tenth_ws/install/vesc_msgs/include/vesc_msgs/msg/detail
[2.953s] -- Up-to-date: /f1tenth_ws/install/vesc_msgs/include/vesc_msgs/msg/detail/vesc_state__struct.hpp
[2.953s] -- Up-to-date: /f1tenth_ws/install/vesc_msgs/include/vesc_msgs/msg/detail/vesc_state__builder.hpp
[2.953s] -- Up-to-date: /f1tenth_ws/install/vesc_msgs/include/vesc_msgs/msg/detail/vesc_imu__traits.hpp
[2.954s] -- Up-to-date: /f1tenth_ws/install/vesc_msgs/include/vesc_msgs/msg/detail/vesc_state_stamped__builder.hpp
[2.954s] -- Up-to-date: /f1tenth_ws/install/vesc_msgs/include/vesc_msgs/msg/detail/vesc_imu_stamped__struct.hpp
[2.954s] -- Up-to-date: /f1tenth_ws/install/vesc_msgs/include/vesc_msgs/msg/detail/vesc_imu__struct.hpp
[2.955s] -- Up-to-date: /f1tenth_ws/install/vesc_msgs/include/vesc_msgs/msg/detail/vesc_state__traits.hpp
[2.955s] -- Up-to-date: /f1tenth_ws/install/vesc_msgs/include/vesc_msgs/msg/detail/vesc_state_stamped__traits.hpp
[2.955s] -- Up-to-date: /f1tenth_ws/install/vesc_msgs/include/vesc_msgs/msg/detail/vesc_imu_stamped__builder.hpp
[2.956s] -- Up-to-date: /f1tenth_ws/install/vesc_msgs/include/vesc_msgs/msg/detail/vesc_imu_stamped__traits.hpp
[2.957s] -- Up-to-date: /f1tenth_ws/install/vesc_msgs/include/vesc_msgs/msg/detail/vesc_imu__builder.hpp
[2.958s] -- Up-to-date: /f1tenth_ws/install/vesc_msgs/include/vesc_msgs/msg/detail/vesc_state_stamped__struct.hpp
[2.958s] -- Up-to-date: /f1tenth_ws/install/vesc_msgs/include/vesc_msgs/msg/vesc_state_stamped.hpp
[2.975s] -- Up-to-date: /f1tenth_ws/install/vesc_msgs/include/vesc_msgs
[2.976s] -- Up-to-date: /f1tenth_ws/install/vesc_msgs/include/vesc_msgs/msg
[2.976s] -- Up-to-date: /f1tenth_ws/install/vesc_msgs/include/vesc_msgs/msg/detail
[2.977s] -- Up-to-date: /f1tenth_ws/install/vesc_msgs/include/vesc_msgs/msg/detail/vesc_imu__type_support.cpp
[2.979s] -- Up-to-date: /f1tenth_ws/install/vesc_msgs/include/vesc_msgs/msg/detail/vesc_state_stamped__rosidl_typesupport_introspection_cpp.hpp
[2.979s] -- Up-to-date: /f1tenth_ws/install/vesc_msgs/include/vesc_msgs/msg/detail/vesc_state_stamped__type_support.cpp
[2.980s] -- Up-to-date: /f1tenth_ws/install/vesc_msgs/include/vesc_msgs/msg/detail/vesc_state__type_support.cpp
[2.980s] -- Up-to-date: /f1tenth_ws/install/vesc_msgs/include/vesc_msgs/msg/detail/vesc_state__rosidl_typesupport_introspection_cpp.hpp
[2.981s] -- Up-to-date: /f1tenth_ws/install/vesc_msgs/include/vesc_msgs/msg/detail/vesc_imu__rosidl_typesupport_introspection_cpp.hpp
[2.981s] -- Up-to-date: /f1tenth_ws/install/vesc_msgs/include/vesc_msgs/msg/detail/vesc_imu_stamped__type_support.cpp
[2.982s] -- Up-to-date: /f1tenth_ws/install/vesc_msgs/include/vesc_msgs/msg/detail/vesc_imu_stamped__rosidl_typesupport_introspection_cpp.hpp
[2.982s] -- Up-to-date: /f1tenth_ws/install/vesc_msgs/lib/libvesc_msgs__rosidl_typesupport_introspection_cpp.so
[2.983s] -- Up-to-date: /f1tenth_ws/install/vesc_msgs/lib/libvesc_msgs__rosidl_typesupport_cpp.so
[2.983s] -- Up-to-date: /f1tenth_ws/install/vesc_msgs/share/vesc_msgs/environment/pythonpath.sh
[2.984s] -- Up-to-date: /f1tenth_ws/install/vesc_msgs/share/vesc_msgs/environment/pythonpath.dsv
[2.984s] -- Up-to-date: /f1tenth_ws/install/vesc_msgs/lib/python3.8/site-packages/vesc_msgs/__init__.py
[3.071s] -- Up-to-date: /f1tenth_ws/install/vesc_msgs/lib/python3.8/site-packages/vesc_msgs/msg
[3.072s] -- Up-to-date: /f1tenth_ws/install/vesc_msgs/lib/python3.8/site-packages/vesc_msgs/msg/_vesc_state.py
[3.073s] -- Up-to-date: /f1tenth_ws/install/vesc_msgs/lib/python3.8/site-packages/vesc_msgs/msg/_vesc_imu_s.c
[3.074s] -- Up-to-date: /f1tenth_ws/install/vesc_msgs/lib/python3.8/site-packages/vesc_msgs/msg/_vesc_imu.py
[3.074s] -- Up-to-date: /f1tenth_ws/install/vesc_msgs/lib/python3.8/site-packages/vesc_msgs/msg/_vesc_state_stamped_s.c
[3.075s] -- Up-to-date: /f1tenth_ws/install/vesc_msgs/lib/python3.8/site-packages/vesc_msgs/msg/_vesc_state_s.c
[3.075s] -- Up-to-date: /f1tenth_ws/install/vesc_msgs/lib/python3.8/site-packages/vesc_msgs/msg/_vesc_imu_stamped.py
[3.077s] -- Up-to-date: /f1tenth_ws/install/vesc_msgs/lib/python3.8/site-packages/vesc_msgs/msg/_vesc_imu_stamped_s.c
[3.077s] -- Up-to-date: /f1tenth_ws/install/vesc_msgs/lib/python3.8/site-packages/vesc_msgs/msg/_vesc_state_stamped.py
[3.078s] -- Up-to-date: /f1tenth_ws/install/vesc_msgs/lib/python3.8/site-packages/vesc_msgs/msg/__init__.py
[3.079s] -- Up-to-date: /f1tenth_ws/install/vesc_msgs/lib/python3.8/site-packages/vesc_msgs/vesc_msgs_s__rosidl_typesupport_fastrtps_c.cpython-38-aarch64-linux-gnu.so
[3.079s] -- Up-to-date: /f1tenth_ws/install/vesc_msgs/lib/python3.8/site-packages/vesc_msgs/vesc_msgs_s__rosidl_typesupport_introspection_c.cpython-38-aarch64-linux-gnu.so
[3.081s] -- Up-to-date: /f1tenth_ws/install/vesc_msgs/lib/python3.8/site-packages/vesc_msgs/vesc_msgs_s__rosidl_typesupport_c.cpython-38-aarch64-linux-gnu.so
[3.084s] -- Up-to-date: /f1tenth_ws/install/vesc_msgs/lib/libvesc_msgs__python.so
[3.087s] -- Up-to-date: /f1tenth_ws/install/vesc_msgs/share/vesc_msgs/msg/VescState.idl
[3.088s] -- Up-to-date: /f1tenth_ws/install/vesc_msgs/share/vesc_msgs/msg/VescStateStamped.idl
[3.089s] -- Up-to-date: /f1tenth_ws/install/vesc_msgs/share/vesc_msgs/msg/VescImu.idl
[3.090s] -- Up-to-date: /f1tenth_ws/install/vesc_msgs/share/vesc_msgs/msg/VescImuStamped.idl
[3.092s] -- Up-to-date: /f1tenth_ws/install/vesc_msgs/share/vesc_msgs/msg/VescState.msg
[3.098s] -- Up-to-date: /f1tenth_ws/install/vesc_msgs/share/vesc_msgs/msg/VescStateStamped.msg
[3.099s] -- Up-to-date: /f1tenth_ws/install/vesc_msgs/share/vesc_msgs/msg/VescImu.msg
[3.101s] -- Up-to-date: /f1tenth_ws/install/vesc_msgs/share/vesc_msgs/msg/VescImuStamped.msg
[3.102s] -- Up-to-date: /f1tenth_ws/install/vesc_msgs/share/ament_index/resource_index/package_run_dependencies/vesc_msgs
[3.102s] -- Up-to-date: /f1tenth_ws/install/vesc_msgs/share/ament_index/resource_index/parent_prefix_path/vesc_msgs
[3.102s] -- Up-to-date: /f1tenth_ws/install/vesc_msgs/share/vesc_msgs/environment/ament_prefix_path.sh
[3.103s] -- Up-to-date: /f1tenth_ws/install/vesc_msgs/share/vesc_msgs/environment/ament_prefix_path.dsv
[3.103s] -- Up-to-date: /f1tenth_ws/install/vesc_msgs/share/vesc_msgs/environment/path.sh
[3.103s] -- Up-to-date: /f1tenth_ws/install/vesc_msgs/share/vesc_msgs/environment/path.dsv
[3.104s] -- Up-to-date: /f1tenth_ws/install/vesc_msgs/share/vesc_msgs/local_setup.bash
[3.104s] -- Up-to-date: /f1tenth_ws/install/vesc_msgs/share/vesc_msgs/local_setup.sh
[3.105s] -- Up-to-date: /f1tenth_ws/install/vesc_msgs/share/vesc_msgs/local_setup.zsh
[3.105s] -- Up-to-date: /f1tenth_ws/install/vesc_msgs/share/vesc_msgs/local_setup.dsv
[3.106s] -- Installing: /f1tenth_ws/install/vesc_msgs/share/vesc_msgs/package.dsv
[3.106s] -- Up-to-date: /f1tenth_ws/install/vesc_msgs/share/ament_index/resource_index/packages/vesc_msgs
[3.106s] -- Up-to-date: /f1tenth_ws/install/vesc_msgs/share/vesc_msgs/cmake/vesc_msgs__rosidl_generator_cExport.cmake
[3.107s] -- Up-to-date: /f1tenth_ws/install/vesc_msgs/share/vesc_msgs/cmake/vesc_msgs__rosidl_generator_cExport-noconfig.cmake
[3.107s] -- Up-to-date: /f1tenth_ws/install/vesc_msgs/share/vesc_msgs/cmake/vesc_msgs__rosidl_typesupport_introspection_cExport.cmake
[3.109s] -- Up-to-date: /f1tenth_ws/install/vesc_msgs/share/vesc_msgs/cmake/vesc_msgs__rosidl_typesupport_introspection_cExport-noconfig.cmake
[3.111s] -- Up-to-date: /f1tenth_ws/install/vesc_msgs/share/vesc_msgs/cmake/vesc_msgs__rosidl_typesupport_cExport.cmake
[3.113s] -- Up-to-date: /f1tenth_ws/install/vesc_msgs/share/vesc_msgs/cmake/vesc_msgs__rosidl_typesupport_cExport-noconfig.cmake
[3.117s] -- Up-to-date: /f1tenth_ws/install/vesc_msgs/share/vesc_msgs/cmake/vesc_msgs__rosidl_generator_cppExport.cmake
[3.117s] -- Up-to-date: /f1tenth_ws/install/vesc_msgs/share/vesc_msgs/cmake/vesc_msgs__rosidl_typesupport_introspection_cppExport.cmake
[3.118s] -- Up-to-date: /f1tenth_ws/install/vesc_msgs/share/vesc_msgs/cmake/vesc_msgs__rosidl_typesupport_introspection_cppExport-noconfig.cmake
[3.118s] -- Up-to-date: /f1tenth_ws/install/vesc_msgs/share/vesc_msgs/cmake/vesc_msgs__rosidl_typesupport_cppExport.cmake
[3.124s] -- Up-to-date: /f1tenth_ws/install/vesc_msgs/share/vesc_msgs/cmake/vesc_msgs__rosidl_typesupport_cppExport-noconfig.cmake
[3.126s] -- Up-to-date: /f1tenth_ws/install/vesc_msgs/share/vesc_msgs/cmake/rosidl_cmake-extras.cmake
[3.127s] -- Up-to-date: /f1tenth_ws/install/vesc_msgs/share/vesc_msgs/cmake/ament_cmake_export_dependencies-extras.cmake
[3.127s] -- Up-to-date: /f1tenth_ws/install/vesc_msgs/share/vesc_msgs/cmake/ament_cmake_export_libraries-extras.cmake
[3.129s] -- Up-to-date: /f1tenth_ws/install/vesc_msgs/share/vesc_msgs/cmake/ament_cmake_export_targets-extras.cmake
[3.129s] -- Up-to-date: /f1tenth_ws/install/vesc_msgs/share/vesc_msgs/cmake/ament_cmake_export_include_directories-extras.cmake
[3.131s] -- Up-to-date: /f1tenth_ws/install/vesc_msgs/share/vesc_msgs/cmake/rosidl_cmake_export_typesupport_libraries-extras.cmake
[3.131s] -- Up-to-date: /f1tenth_ws/install/vesc_msgs/share/vesc_msgs/cmake/rosidl_cmake_export_typesupport_targets-extras.cmake
[3.132s] -- Up-to-date: /f1tenth_ws/install/vesc_msgs/share/vesc_msgs/cmake/vesc_msgsConfig.cmake
[3.132s] -- Up-to-date: /f1tenth_ws/install/vesc_msgs/share/vesc_msgs/cmake/vesc_msgsConfig-version.cmake
[3.133s] -- Up-to-date: /f1tenth_ws/install/vesc_msgs/share/vesc_msgs/package.xml
[3.198s] Invoked command in '/f1tenth_ws/build/vesc_msgs' returned '0': CMAKE_PREFIX_PATH=${CMAKE_PREFIX_PATH}:/f1tenth_ws/install/f1tenth_stack:/f1tenth_ws/install/joy_teleop:/f1tenth_ws/install/particle_filter:/f1tenth_ws/install/mouse_teleop:/f1tenth_ws/install/key_teleop:/opt/ros/foxy /usr/bin/cmake --install /f1tenth_ws/build/vesc_msgs
