[2.727s] Invoking command in '/f1tenth_ws/src/f1tenth_system/teleop_tools/mouse_teleop': PYTHONPATH=/f1tenth_ws/install/mouse_teleop/lib/python3.8/site-packages:${PYTHONPATH} /usr/bin/python3 setup.py egg_info --egg-base ../../../../build/mouse_teleop build --build-base /f1tenth_ws/build/mouse_teleop/build install --prefix /f1tenth_ws/install/mouse_teleop --record /f1tenth_ws/build/mouse_teleop/install.log --single-version-externally-managed
[3.876s] running egg_info
[3.879s] writing ../../../../build/mouse_teleop/mouse_teleop.egg-info/PKG-INFO
[3.881s] writing dependency_links to ../../../../build/mouse_teleop/mouse_teleop.egg-info/dependency_links.txt
[3.884s] writing entry points to ../../../../build/mouse_teleop/mouse_teleop.egg-info/entry_points.txt
[3.885s] writing requirements to ../../../../build/mouse_teleop/mouse_teleop.egg-info/requires.txt
[3.886s] writing top-level names to ../../../../build/mouse_teleop/mouse_teleop.egg-info/top_level.txt
[4.071s] reading manifest file '../../../../build/mouse_teleop/mouse_teleop.egg-info/SOURCES.txt'
[4.075s] writing manifest file '../../../../build/mouse_teleop/mouse_teleop.egg-info/SOURCES.txt'
[4.076s] running build
[4.076s] running build_py
[4.077s] running install
[4.081s] running install_lib
[4.089s] running install_data
[4.091s] running install_egg_info
[4.100s] removing '/f1tenth_ws/install/mouse_teleop/lib/python3.8/site-packages/mouse_teleop-0.3.0-py3.8.egg-info' (and everything under it)
[4.103s] Copying ../../../../build/mouse_teleop/mouse_teleop.egg-info to /f1tenth_ws/install/mouse_teleop/lib/python3.8/site-packages/mouse_teleop-0.3.0-py3.8.egg-info
[4.104s] running install_scripts
[4.189s] Installing mouse_teleop script to /f1tenth_ws/install/mouse_teleop/lib/mouse_teleop
[4.196s] writing list of installed files to '/f1tenth_ws/build/mouse_teleop/install.log'
[4.861s] Invoked command in '/f1tenth_ws/src/f1tenth_system/teleop_tools/mouse_teleop' returned '0': PYTHONPATH=/f1tenth_ws/install/mouse_teleop/lib/python3.8/site-packages:${PYTHONPATH} /usr/bin/python3 setup.py egg_info --egg-base ../../../../build/mouse_teleop build --build-base /f1tenth_ws/build/mouse_teleop/build install --prefix /f1tenth_ws/install/mouse_teleop --record /f1tenth_ws/build/mouse_teleop/install.log --single-version-externally-managed
