[0.065s] Invoking command in '/f1tenth_ws/build/vesc': AMENT_PREFIX_PATH=/f1tenth_ws/install/vesc_driver:/f1tenth_ws/install/vesc_ackermann:/f1tenth_ws/install/vesc_msgs:${AMENT_PREFIX_PATH} CMAKE_PREFIX_PATH=/f1tenth_ws/install/vesc_driver:/f1tenth_ws/install/vesc_ackermann:/f1tenth_ws/install/vesc_msgs:/opt/ros/foxy LD_LIBRARY_PATH=/f1tenth_ws/install/vesc_driver/lib:/f1tenth_ws/install/vesc_ackermann/lib:/f1tenth_ws/install/vesc_msgs/lib:/opt/ros/foxy/opt/yaml_cpp_vendor/lib:/opt/ros/foxy/opt/rviz_ogre_vendor/lib:/opt/ros/foxy/lib/aarch64-linux-gnu:/opt/ros/foxy/lib:/usr/local/cuda-10.2/targets/aarch64-linux/lib PYTHONPATH=/f1tenth_ws/install/vesc_msgs/lib/python3.8/site-packages:${PYTHONPATH} /usr/bin/cmake --build /f1tenth_ws/build/vesc -- -j6 -l6
[0.218s] Invoked command in '/f1tenth_ws/build/vesc' returned '0': AMENT_PREFIX_PATH=/f1tenth_ws/install/vesc_driver:/f1tenth_ws/install/vesc_ackermann:/f1tenth_ws/install/vesc_msgs:${AMENT_PREFIX_PATH} CMAKE_PREFIX_PATH=/f1tenth_ws/install/vesc_driver:/f1tenth_ws/install/vesc_ackermann:/f1tenth_ws/install/vesc_msgs:/opt/ros/foxy LD_LIBRARY_PATH=/f1tenth_ws/install/vesc_driver/lib:/f1tenth_ws/install/vesc_ackermann/lib:/f1tenth_ws/install/vesc_msgs/lib:/opt/ros/foxy/opt/yaml_cpp_vendor/lib:/opt/ros/foxy/opt/rviz_ogre_vendor/lib:/opt/ros/foxy/lib/aarch64-linux-gnu:/opt/ros/foxy/lib:/usr/local/cuda-10.2/targets/aarch64-linux/lib PYTHONPATH=/f1tenth_ws/install/vesc_msgs/lib/python3.8/site-packages:${PYTHONPATH} /usr/bin/cmake --build /f1tenth_ws/build/vesc -- -j6 -l6
[0.367s] Invoking command in '/f1tenth_ws/build/vesc': AMENT_PREFIX_PATH=/f1tenth_ws/install/vesc_driver:/f1tenth_ws/install/vesc_ackermann:/f1tenth_ws/install/vesc_msgs:${AMENT_PREFIX_PATH} CMAKE_PREFIX_PATH=/f1tenth_ws/install/vesc_driver:/f1tenth_ws/install/vesc_ackermann:/f1tenth_ws/install/vesc_msgs:/opt/ros/foxy LD_LIBRARY_PATH=/f1tenth_ws/install/vesc_driver/lib:/f1tenth_ws/install/vesc_ackermann/lib:/f1tenth_ws/install/vesc_msgs/lib:/opt/ros/foxy/opt/yaml_cpp_vendor/lib:/opt/ros/foxy/opt/rviz_ogre_vendor/lib:/opt/ros/foxy/lib/aarch64-linux-gnu:/opt/ros/foxy/lib:/usr/local/cuda-10.2/targets/aarch64-linux/lib PYTHONPATH=/f1tenth_ws/install/vesc_msgs/lib/python3.8/site-packages:${PYTHONPATH} /usr/bin/cmake --install /f1tenth_ws/build/vesc
[0.401s] -- Install configuration: ""
[0.404s] -- Up-to-date: /f1tenth_ws/install/vesc/share/ament_index/resource_index/package_run_dependencies/vesc
[0.407s] -- Up-to-date: /f1tenth_ws/install/vesc/share/ament_index/resource_index/parent_prefix_path/vesc
[0.408s] -- Up-to-date: /f1tenth_ws/install/vesc/share/vesc/environment/ament_prefix_path.sh
[0.409s] -- Up-to-date: /f1tenth_ws/install/vesc/share/vesc/environment/ament_prefix_path.dsv
[0.410s] -- Up-to-date: /f1tenth_ws/install/vesc/share/vesc/environment/path.sh
[0.411s] -- Up-to-date: /f1tenth_ws/install/vesc/share/vesc/environment/path.dsv
[0.411s] -- Up-to-date: /f1tenth_ws/install/vesc/share/vesc/local_setup.bash
[0.412s] -- Up-to-date: /f1tenth_ws/install/vesc/share/vesc/local_setup.sh
[0.412s] -- Up-to-date: /f1tenth_ws/install/vesc/share/vesc/local_setup.zsh
[0.413s] -- Up-to-date: /f1tenth_ws/install/vesc/share/vesc/local_setup.dsv
[0.415s] -- Installing: /f1tenth_ws/install/vesc/share/vesc/package.dsv
[0.416s] -- Up-to-date: /f1tenth_ws/install/vesc/share/ament_index/resource_index/packages/vesc
[0.426s] -- Up-to-date: /f1tenth_ws/install/vesc/share/vesc/cmake/vescConfig.cmake
[0.427s] -- Up-to-date: /f1tenth_ws/install/vesc/share/vesc/cmake/vescConfig-version.cmake
[0.427s] -- Up-to-date: /f1tenth_ws/install/vesc/share/vesc/package.xml
[0.428s] Invoked command in '/f1tenth_ws/build/vesc' returned '0': AMENT_PREFIX_PATH=/f1tenth_ws/install/vesc_driver:/f1tenth_ws/install/vesc_ackermann:/f1tenth_ws/install/vesc_msgs:${AMENT_PREFIX_PATH} CMAKE_PREFIX_PATH=/f1tenth_ws/install/vesc_driver:/f1tenth_ws/install/vesc_ackermann:/f1tenth_ws/install/vesc_msgs:/opt/ros/foxy LD_LIBRARY_PATH=/f1tenth_ws/install/vesc_driver/lib:/f1tenth_ws/install/vesc_ackermann/lib:/f1tenth_ws/install/vesc_msgs/lib:/opt/ros/foxy/opt/yaml_cpp_vendor/lib:/opt/ros/foxy/opt/rviz_ogre_vendor/lib:/opt/ros/foxy/lib/aarch64-linux-gnu:/opt/ros/foxy/lib:/usr/local/cuda-10.2/targets/aarch64-linux/lib PYTHONPATH=/f1tenth_ws/install/vesc_msgs/lib/python3.8/site-packages:${PYTHONPATH} /usr/bin/cmake --install /f1tenth_ws/build/vesc
