[0.265s] Invoking command in '/f1tenth_ws/build/teleop_tools_msgs': CMAKE_PREFIX_PATH=/opt/ros/foxy /usr/bin/cmake --build /f1tenth_ws/build/teleop_tools_msgs -- -j6 -l6
[3.506s] [  3%] Built target teleop_tools_msgs__cpp
[3.507s] [ 12%] Built target teleop_tools_msgs__rosidl_generator_c
[3.507s] [ 22%] Built target teleop_tools_msgs__rosidl_typesupport_introspection_cpp
[3.508s] [ 32%] Built target teleop_tools_msgs__rosidl_typesupport_cpp
[3.508s] [ 41%] Built target teleop_tools_msgs__rosidl_typesupport_c
[3.508s] [ 51%] Built target teleop_tools_msgs__rosidl_typesupport_fastrtps_cpp
[3.509s] [ 61%] Built target teleop_tools_msgs__rosidl_typesupport_introspection_c
[3.509s] [ 70%] Built target teleop_tools_msgs__rosidl_typesupport_fastrtps_c
[3.510s] [ 70%] Built target teleop_tools_msgs
[3.510s] [ 74%] Built target teleop_tools_msgs__py
[3.510s] [ 80%] Built target teleop_tools_msgs__python
[3.511s] [ 87%] Built target teleop_tools_msgs__rosidl_typesupport_c__pyext
[3.511s] [ 93%] Built target teleop_tools_msgs__rosidl_typesupport_fastrtps_c__pyext
[3.511s] [100%] Built target teleop_tools_msgs__rosidl_typesupport_introspection_c__pyext
[3.519s] Invoked command in '/f1tenth_ws/build/teleop_tools_msgs' returned '0': CMAKE_PREFIX_PATH=/opt/ros/foxy /usr/bin/cmake --build /f1tenth_ws/build/teleop_tools_msgs -- -j6 -l6
[4.159s] Invoking command in '/f1tenth_ws/build/teleop_tools_msgs': CMAKE_PREFIX_PATH=/opt/ros/foxy /usr/bin/cmake --install /f1tenth_ws/build/teleop_tools_msgs
[4.235s] -- Install configuration: ""
[4.236s] -- Up-to-date: /f1tenth_ws/install/teleop_tools_msgs/share/ament_index/resource_index/rosidl_interfaces/teleop_tools_msgs
[4.237s] -- Up-to-date: /f1tenth_ws/install/teleop_tools_msgs/include/teleop_tools_msgs
[4.237s] -- Up-to-date: /f1tenth_ws/install/teleop_tools_msgs/include/teleop_tools_msgs/action
[4.237s] -- Up-to-date: /f1tenth_ws/install/teleop_tools_msgs/include/teleop_tools_msgs/action/detail
[4.238s] -- Up-to-date: /f1tenth_ws/install/teleop_tools_msgs/include/teleop_tools_msgs/action/detail/increment__functions.h
[4.238s] -- Up-to-date: /f1tenth_ws/install/teleop_tools_msgs/include/teleop_tools_msgs/action/detail/increment__struct.h
[4.239s] -- Up-to-date: /f1tenth_ws/install/teleop_tools_msgs/include/teleop_tools_msgs/action/detail/increment__functions.c
[4.240s] -- Up-to-date: /f1tenth_ws/install/teleop_tools_msgs/include/teleop_tools_msgs/action/detail/increment__type_support.h
[4.240s] -- Up-to-date: /f1tenth_ws/install/teleop_tools_msgs/include/teleop_tools_msgs/action/increment.h
[4.240s] -- Up-to-date: /f1tenth_ws/install/teleop_tools_msgs/include/teleop_tools_msgs/msg
[4.241s] -- Up-to-date: /f1tenth_ws/install/teleop_tools_msgs/include/teleop_tools_msgs/msg/rosidl_generator_c__visibility_control.h
[4.241s] -- Up-to-date: /f1tenth_ws/install/teleop_tools_msgs/share/teleop_tools_msgs/environment/library_path.sh
[4.242s] -- Up-to-date: /f1tenth_ws/install/teleop_tools_msgs/share/teleop_tools_msgs/environment/library_path.dsv
[4.242s] -- Up-to-date: /f1tenth_ws/install/teleop_tools_msgs/lib/libteleop_tools_msgs__rosidl_generator_c.so
[4.246s] -- Up-to-date: /f1tenth_ws/install/teleop_tools_msgs/include/teleop_tools_msgs
[4.248s] -- Up-to-date: /f1tenth_ws/install/teleop_tools_msgs/include/teleop_tools_msgs/action
[4.249s] -- Up-to-date: /f1tenth_ws/install/teleop_tools_msgs/include/teleop_tools_msgs/action/detail
[4.249s] -- Up-to-date: /f1tenth_ws/install/teleop_tools_msgs/include/teleop_tools_msgs/action/detail/increment__rosidl_typesupport_fastrtps_c.h
[4.250s] -- Up-to-date: /f1tenth_ws/install/teleop_tools_msgs/include/teleop_tools_msgs/msg
[4.250s] -- Up-to-date: /f1tenth_ws/install/teleop_tools_msgs/include/teleop_tools_msgs/msg/rosidl_typesupport_fastrtps_c__visibility_control.h
[4.252s] -- Up-to-date: /f1tenth_ws/install/teleop_tools_msgs/lib/libteleop_tools_msgs__rosidl_typesupport_fastrtps_c.so
[4.253s] -- Up-to-date: /f1tenth_ws/install/teleop_tools_msgs/include/teleop_tools_msgs
[4.259s] -- Up-to-date: /f1tenth_ws/install/teleop_tools_msgs/include/teleop_tools_msgs/action
[4.260s] -- Up-to-date: /f1tenth_ws/install/teleop_tools_msgs/include/teleop_tools_msgs/action/detail
[4.260s] -- Up-to-date: /f1tenth_ws/install/teleop_tools_msgs/include/teleop_tools_msgs/action/detail/dds_fastrtps
[4.260s] -- Up-to-date: /f1tenth_ws/install/teleop_tools_msgs/include/teleop_tools_msgs/action/detail/increment__rosidl_typesupport_fastrtps_cpp.hpp
[4.261s] -- Up-to-date: /f1tenth_ws/install/teleop_tools_msgs/include/teleop_tools_msgs/msg
[4.261s] -- Up-to-date: /f1tenth_ws/install/teleop_tools_msgs/include/teleop_tools_msgs/msg/rosidl_typesupport_fastrtps_cpp__visibility_control.h
[4.261s] -- Up-to-date: /f1tenth_ws/install/teleop_tools_msgs/lib/libteleop_tools_msgs__rosidl_typesupport_fastrtps_cpp.so
[4.262s] -- Up-to-date: /f1tenth_ws/install/teleop_tools_msgs/include/teleop_tools_msgs
[4.262s] -- Up-to-date: /f1tenth_ws/install/teleop_tools_msgs/include/teleop_tools_msgs/action
[4.262s] -- Up-to-date: /f1tenth_ws/install/teleop_tools_msgs/include/teleop_tools_msgs/action/detail
[4.263s] -- Up-to-date: /f1tenth_ws/install/teleop_tools_msgs/include/teleop_tools_msgs/action/detail/increment__type_support.c
[4.264s] -- Up-to-date: /f1tenth_ws/install/teleop_tools_msgs/include/teleop_tools_msgs/action/detail/increment__rosidl_typesupport_introspection_c.h
[4.264s] -- Up-to-date: /f1tenth_ws/install/teleop_tools_msgs/include/teleop_tools_msgs/msg
[4.264s] -- Up-to-date: /f1tenth_ws/install/teleop_tools_msgs/include/teleop_tools_msgs/msg/rosidl_typesupport_introspection_c__visibility_control.h
[4.265s] -- Up-to-date: /f1tenth_ws/install/teleop_tools_msgs/lib/libteleop_tools_msgs__rosidl_typesupport_introspection_c.so
[4.275s] -- Up-to-date: /f1tenth_ws/install/teleop_tools_msgs/lib/libteleop_tools_msgs__rosidl_typesupport_c.so
[4.275s] -- Up-to-date: /f1tenth_ws/install/teleop_tools_msgs/include/teleop_tools_msgs
[4.282s] -- Up-to-date: /f1tenth_ws/install/teleop_tools_msgs/include/teleop_tools_msgs/action
[4.282s] -- Up-to-date: /f1tenth_ws/install/teleop_tools_msgs/include/teleop_tools_msgs/action/detail
[4.285s] -- Up-to-date: /f1tenth_ws/install/teleop_tools_msgs/include/teleop_tools_msgs/action/detail/increment__builder.hpp
[4.286s] -- Up-to-date: /f1tenth_ws/install/teleop_tools_msgs/include/teleop_tools_msgs/action/detail/increment__struct.hpp
[4.286s] -- Up-to-date: /f1tenth_ws/install/teleop_tools_msgs/include/teleop_tools_msgs/action/detail/increment__traits.hpp
[4.287s] -- Up-to-date: /f1tenth_ws/install/teleop_tools_msgs/include/teleop_tools_msgs/action/increment.hpp
[4.287s] -- Up-to-date: /f1tenth_ws/install/teleop_tools_msgs/include/teleop_tools_msgs
[4.291s] -- Up-to-date: /f1tenth_ws/install/teleop_tools_msgs/include/teleop_tools_msgs/action
[4.291s] -- Up-to-date: /f1tenth_ws/install/teleop_tools_msgs/include/teleop_tools_msgs/action/detail
[4.292s] -- Up-to-date: /f1tenth_ws/install/teleop_tools_msgs/include/teleop_tools_msgs/action/detail/increment__type_support.cpp
[4.292s] -- Up-to-date: /f1tenth_ws/install/teleop_tools_msgs/include/teleop_tools_msgs/action/detail/increment__rosidl_typesupport_introspection_cpp.hpp
[4.293s] -- Up-to-date: /f1tenth_ws/install/teleop_tools_msgs/lib/libteleop_tools_msgs__rosidl_typesupport_introspection_cpp.so
[4.293s] -- Up-to-date: /f1tenth_ws/install/teleop_tools_msgs/lib/libteleop_tools_msgs__rosidl_typesupport_cpp.so
[4.294s] -- Up-to-date: /f1tenth_ws/install/teleop_tools_msgs/share/teleop_tools_msgs/environment/pythonpath.sh
[4.294s] -- Up-to-date: /f1tenth_ws/install/teleop_tools_msgs/share/teleop_tools_msgs/environment/pythonpath.dsv
[4.294s] -- Up-to-date: /f1tenth_ws/install/teleop_tools_msgs/lib/python3.8/site-packages/teleop_tools_msgs/__init__.py
[4.503s] -- Up-to-date: /f1tenth_ws/install/teleop_tools_msgs/lib/python3.8/site-packages/teleop_tools_msgs/action
[4.503s] -- Up-to-date: /f1tenth_ws/install/teleop_tools_msgs/lib/python3.8/site-packages/teleop_tools_msgs/action/_increment_s.c
[4.504s] -- Up-to-date: /f1tenth_ws/install/teleop_tools_msgs/lib/python3.8/site-packages/teleop_tools_msgs/action/_increment.py
[4.504s] -- Up-to-date: /f1tenth_ws/install/teleop_tools_msgs/lib/python3.8/site-packages/teleop_tools_msgs/action/__init__.py
[4.505s] -- Up-to-date: /f1tenth_ws/install/teleop_tools_msgs/lib/python3.8/site-packages/teleop_tools_msgs/teleop_tools_msgs_s__rosidl_typesupport_fastrtps_c.cpython-38-aarch64-linux-gnu.so
[4.509s] -- Up-to-date: /f1tenth_ws/install/teleop_tools_msgs/lib/python3.8/site-packages/teleop_tools_msgs/teleop_tools_msgs_s__rosidl_typesupport_introspection_c.cpython-38-aarch64-linux-gnu.so
[4.512s] -- Up-to-date: /f1tenth_ws/install/teleop_tools_msgs/lib/python3.8/site-packages/teleop_tools_msgs/teleop_tools_msgs_s__rosidl_typesupport_c.cpython-38-aarch64-linux-gnu.so
[4.519s] -- Up-to-date: /f1tenth_ws/install/teleop_tools_msgs/lib/libteleop_tools_msgs__python.so
[4.533s] -- Up-to-date: /f1tenth_ws/install/teleop_tools_msgs/share/teleop_tools_msgs/action/Increment.idl
[4.535s] -- Up-to-date: /f1tenth_ws/install/teleop_tools_msgs/share/teleop_tools_msgs/action/Increment.action
[4.538s] -- Up-to-date: /f1tenth_ws/install/teleop_tools_msgs/share/ament_index/resource_index/package_run_dependencies/teleop_tools_msgs
[4.540s] -- Up-to-date: /f1tenth_ws/install/teleop_tools_msgs/share/ament_index/resource_index/parent_prefix_path/teleop_tools_msgs
[4.542s] -- Up-to-date: /f1tenth_ws/install/teleop_tools_msgs/share/teleop_tools_msgs/environment/ament_prefix_path.sh
[4.543s] -- Up-to-date: /f1tenth_ws/install/teleop_tools_msgs/share/teleop_tools_msgs/environment/ament_prefix_path.dsv
[4.546s] -- Up-to-date: /f1tenth_ws/install/teleop_tools_msgs/share/teleop_tools_msgs/environment/path.sh
[4.552s] -- Up-to-date: /f1tenth_ws/install/teleop_tools_msgs/share/teleop_tools_msgs/environment/path.dsv
[4.553s] -- Up-to-date: /f1tenth_ws/install/teleop_tools_msgs/share/teleop_tools_msgs/local_setup.bash
[4.555s] -- Up-to-date: /f1tenth_ws/install/teleop_tools_msgs/share/teleop_tools_msgs/local_setup.sh
[4.557s] -- Up-to-date: /f1tenth_ws/install/teleop_tools_msgs/share/teleop_tools_msgs/local_setup.zsh
[4.558s] -- Up-to-date: /f1tenth_ws/install/teleop_tools_msgs/share/teleop_tools_msgs/local_setup.dsv
[4.559s] -- Installing: /f1tenth_ws/install/teleop_tools_msgs/share/teleop_tools_msgs/package.dsv
[4.559s] -- Up-to-date: /f1tenth_ws/install/teleop_tools_msgs/share/ament_index/resource_index/packages/teleop_tools_msgs
[4.561s] -- Up-to-date: /f1tenth_ws/install/teleop_tools_msgs/share/teleop_tools_msgs/cmake/teleop_tools_msgs__rosidl_generator_cExport.cmake
[4.565s] -- Up-to-date: /f1tenth_ws/install/teleop_tools_msgs/share/teleop_tools_msgs/cmake/teleop_tools_msgs__rosidl_generator_cExport-noconfig.cmake
[4.574s] -- Up-to-date: /f1tenth_ws/install/teleop_tools_msgs/share/teleop_tools_msgs/cmake/teleop_tools_msgs__rosidl_typesupport_introspection_cExport.cmake
[4.574s] -- Up-to-date: /f1tenth_ws/install/teleop_tools_msgs/share/teleop_tools_msgs/cmake/teleop_tools_msgs__rosidl_typesupport_introspection_cExport-noconfig.cmake
[4.575s] -- Up-to-date: /f1tenth_ws/install/teleop_tools_msgs/share/teleop_tools_msgs/cmake/teleop_tools_msgs__rosidl_typesupport_cExport.cmake
[4.575s] -- Up-to-date: /f1tenth_ws/install/teleop_tools_msgs/share/teleop_tools_msgs/cmake/teleop_tools_msgs__rosidl_typesupport_cExport-noconfig.cmake
[4.575s] -- Up-to-date: /f1tenth_ws/install/teleop_tools_msgs/share/teleop_tools_msgs/cmake/teleop_tools_msgs__rosidl_generator_cppExport.cmake
[4.576s] -- Up-to-date: /f1tenth_ws/install/teleop_tools_msgs/share/teleop_tools_msgs/cmake/teleop_tools_msgs__rosidl_typesupport_introspection_cppExport.cmake
[4.576s] -- Up-to-date: /f1tenth_ws/install/teleop_tools_msgs/share/teleop_tools_msgs/cmake/teleop_tools_msgs__rosidl_typesupport_introspection_cppExport-noconfig.cmake
[4.577s] -- Up-to-date: /f1tenth_ws/install/teleop_tools_msgs/share/teleop_tools_msgs/cmake/teleop_tools_msgs__rosidl_typesupport_cppExport.cmake
[4.578s] -- Up-to-date: /f1tenth_ws/install/teleop_tools_msgs/share/teleop_tools_msgs/cmake/teleop_tools_msgs__rosidl_typesupport_cppExport-noconfig.cmake
[4.578s] -- Up-to-date: /f1tenth_ws/install/teleop_tools_msgs/share/teleop_tools_msgs/cmake/rosidl_cmake-extras.cmake
[4.579s] -- Up-to-date: /f1tenth_ws/install/teleop_tools_msgs/share/teleop_tools_msgs/cmake/ament_cmake_export_dependencies-extras.cmake
[4.579s] -- Up-to-date: /f1tenth_ws/install/teleop_tools_msgs/share/teleop_tools_msgs/cmake/ament_cmake_export_libraries-extras.cmake
[4.586s] -- Up-to-date: /f1tenth_ws/install/teleop_tools_msgs/share/teleop_tools_msgs/cmake/ament_cmake_export_targets-extras.cmake
[4.587s] -- Up-to-date: /f1tenth_ws/install/teleop_tools_msgs/share/teleop_tools_msgs/cmake/ament_cmake_export_include_directories-extras.cmake
[4.587s] -- Up-to-date: /f1tenth_ws/install/teleop_tools_msgs/share/teleop_tools_msgs/cmake/rosidl_cmake_export_typesupport_libraries-extras.cmake
[4.591s] -- Up-to-date: /f1tenth_ws/install/teleop_tools_msgs/share/teleop_tools_msgs/cmake/rosidl_cmake_export_typesupport_targets-extras.cmake
[4.608s] -- Up-to-date: /f1tenth_ws/install/teleop_tools_msgs/share/teleop_tools_msgs/cmake/teleop_tools_msgsConfig.cmake
[4.622s] -- Up-to-date: /f1tenth_ws/install/teleop_tools_msgs/share/teleop_tools_msgs/cmake/teleop_tools_msgsConfig-version.cmake
[4.623s] -- Up-to-date: /f1tenth_ws/install/teleop_tools_msgs/share/teleop_tools_msgs/package.xml
[4.625s] Invoked command in '/f1tenth_ws/build/teleop_tools_msgs' returned '0': CMAKE_PREFIX_PATH=/opt/ros/foxy /usr/bin/cmake --install /f1tenth_ws/build/teleop_tools_msgs
