[0.312s] Invoking command in '/f1tenth_ws/build/wall_follow': CMAKE_PREFIX_PATH=${CMAKE_PREFIX_PATH}:/f1tenth_ws/install/f1tenth_stack:/f1tenth_ws/install/joy_teleop:/f1tenth_ws/install/particle_filter:/f1tenth_ws/install/mouse_teleop:/f1tenth_ws/install/key_teleop:/opt/ros/foxy /usr/bin/cmake --build /f1tenth_ws/build/wall_follow -- -j6 -l6
[0.583s] [100%] Built target wall_follow_node
[1.462s] Invoked command in '/f1tenth_ws/build/wall_follow' returned '0': CMAKE_PREFIX_PATH=${CMAKE_PREFIX_PATH}:/f1tenth_ws/install/f1tenth_stack:/f1tenth_ws/install/joy_teleop:/f1tenth_ws/install/particle_filter:/f1tenth_ws/install/mouse_teleop:/f1tenth_ws/install/key_teleop:/opt/ros/foxy /usr/bin/cmake --build /f1tenth_ws/build/wall_follow -- -j6 -l6
[1.644s] Invoking command in '/f1tenth_ws/build/wall_follow': CMAKE_PREFIX_PATH=${CMAKE_PREFIX_PATH}:/f1tenth_ws/install/f1tenth_stack:/f1tenth_ws/install/joy_teleop:/f1tenth_ws/install/particle_filter:/f1tenth_ws/install/mouse_teleop:/f1tenth_ws/install/key_teleop:/opt/ros/foxy /usr/bin/cmake --install /f1tenth_ws/build/wall_follow
[1.673s] -- Install configuration: ""
[1.674s] -- Up-to-date: /f1tenth_ws/install/wall_follow/lib/wall_follow/wall_follow_node
[1.675s] -- Up-to-date: /f1tenth_ws/install/wall_follow/share/wall_follow/environment/pythonpath.sh
[1.676s] -- Up-to-date: /f1tenth_ws/install/wall_follow/share/wall_follow/environment/pythonpath.dsv
[1.677s] -- Up-to-date: /f1tenth_ws/install/wall_follow/lib/python3.8/site-packages/wall_follow
[1.678s] -- Up-to-date: /f1tenth_ws/install/wall_follow/lib/python3.8/site-packages/wall_follow/__init__.py
[1.942s] Listing '/f1tenth_ws/install/wall_follow/lib/python3.8/site-packages/wall_follow'...
[1.976s] -- Up-to-date: /f1tenth_ws/install/wall_follow/lib/wall_follow/wall_follow_node.py
[1.977s] -- Up-to-date: /f1tenth_ws/install/wall_follow/share/ament_index/resource_index/package_run_dependencies/wall_follow
[1.977s] -- Up-to-date: /f1tenth_ws/install/wall_follow/share/ament_index/resource_index/parent_prefix_path/wall_follow
[1.978s] -- Up-to-date: /f1tenth_ws/install/wall_follow/share/wall_follow/environment/ament_prefix_path.sh
[1.978s] -- Up-to-date: /f1tenth_ws/install/wall_follow/share/wall_follow/environment/ament_prefix_path.dsv
[1.978s] -- Up-to-date: /f1tenth_ws/install/wall_follow/share/wall_follow/environment/path.sh
[1.979s] -- Up-to-date: /f1tenth_ws/install/wall_follow/share/wall_follow/environment/path.dsv
[1.979s] -- Up-to-date: /f1tenth_ws/install/wall_follow/share/wall_follow/local_setup.bash
[1.993s] -- Up-to-date: /f1tenth_ws/install/wall_follow/share/wall_follow/local_setup.sh
[1.994s] -- Up-to-date: /f1tenth_ws/install/wall_follow/share/wall_follow/local_setup.zsh
[1.994s] -- Up-to-date: /f1tenth_ws/install/wall_follow/share/wall_follow/local_setup.dsv
[1.996s] -- Installing: /f1tenth_ws/install/wall_follow/share/wall_follow/package.dsv
[1.997s] -- Up-to-date: /f1tenth_ws/install/wall_follow/share/ament_index/resource_index/packages/wall_follow
[1.998s] -- Up-to-date: /f1tenth_ws/install/wall_follow/share/wall_follow/cmake/wall_followConfig.cmake
[1.998s] -- Up-to-date: /f1tenth_ws/install/wall_follow/share/wall_follow/cmake/wall_followConfig-version.cmake
[1.999s] -- Up-to-date: /f1tenth_ws/install/wall_follow/share/wall_follow/package.xml
[2.001s] Invoked command in '/f1tenth_ws/build/wall_follow' returned '0': CMAKE_PREFIX_PATH=${CMAKE_PREFIX_PATH}:/f1tenth_ws/install/f1tenth_stack:/f1tenth_ws/install/joy_teleop:/f1tenth_ws/install/particle_filter:/f1tenth_ws/install/mouse_teleop:/f1tenth_ws/install/key_teleop:/opt/ros/foxy /usr/bin/cmake --install /f1tenth_ws/build/wall_follow
