[1.096s] Invoking command in '/f1tenth_ws/build/wall_follow': CMAKE_PREFIX_PATH=/opt/ros/foxy /usr/bin/cmake /f1tenth_ws/src/wall_follow -DCMAKE_INSTALL_PREFIX=/f1tenth_ws/install/wall_follow
[1.481s] -- The C compiler identification is GNU 8.4.0
[1.783s] -- The CXX compiler identification is GNU 8.4.0
[1.825s] -- Check for working C compiler: /usr/bin/cc
[2.150s] -- Check for working C compiler: /usr/bin/cc -- works
[2.155s] -- Detecting C compiler ABI info
[2.484s] -- Detecting C compiler ABI info - done
[2.577s] -- Detecting C compile features
[2.578s] -- Detecting C compile features - done
[2.595s] -- Check for working CXX compiler: /usr/bin/c++
[2.972s] -- Check for working CXX compiler: /usr/bin/c++ -- works
[2.981s] -- Detecting CXX compiler ABI info
[3.331s] -- Detecting CXX compiler ABI info - done
[3.427s] -- Detecting CXX compile features
[3.430s] -- Detecting CXX compile features - done
[3.440s] -- Found ament_cmake: 0.9.9 (/opt/ros/foxy/share/ament_cmake/cmake)
[3.553s] -- Found PythonInterp: /usr/bin/python3 (found suitable version "3.8.10", minimum required is "3") 
[3.553s] -- Using PYTHON_EXECUTABLE: /usr/bin/python3
[4.420s] -- Found rclcpp: 2.4.0 (/opt/ros/foxy/share/rclcpp/cmake)
[4.639s] -- Using all available rosidl_typesupport_c: rosidl_typesupport_fastrtps_c;rosidl_typesupport_introspection_c
[4.671s] -- Found rosidl_adapter: 1.2.1 (/opt/ros/foxy/share/rosidl_adapter/cmake)
[5.002s] -- Found OpenSSL: /usr/lib/aarch64-linux-gnu/libcrypto.so (found version "1.1.1f")  
[5.140s] -- Found FastRTPS: /opt/ros/foxy/include  
[5.506s] -- Using all available rosidl_typesupport_cpp: rosidl_typesupport_fastrtps_cpp;rosidl_typesupport_introspection_cpp
[5.773s] -- Found rmw_implementation_cmake: 1.0.3 (/opt/ros/foxy/share/rmw_implementation_cmake/cmake)
[5.779s] -- Using RMW implementation 'rmw_fastrtps_cpp' as default
[5.783s] -- Looking for pthread.h
[6.070s] -- Looking for pthread.h - found
[6.071s] -- Performing Test CMAKE_HAVE_LIBC_PTHREAD
[6.372s] -- Performing Test CMAKE_HAVE_LIBC_PTHREAD - Failed
[6.373s] -- Looking for pthread_create in pthreads
[6.610s] -- Looking for pthread_create in pthreads - not found
[6.611s] -- Looking for pthread_create in pthread
[6.882s] -- Looking for pthread_create in pthread - found
[6.889s] -- Found Threads: TRUE  
[7.529s] -- Found rclpy: 1.0.7 (/opt/ros/foxy/share/rclpy/cmake)
[7.534s] -- Found geometry_msgs: 2.0.4 (/opt/ros/foxy/share/geometry_msgs/cmake)
[7.674s] -- Found nav_msgs: 2.0.4 (/opt/ros/foxy/share/nav_msgs/cmake)
[7.953s] -- Found ackermann_msgs: 2.0.2 (/opt/ros/foxy/share/ackermann_msgs/cmake)
[8.089s] -- Found sensor_msgs: 2.0.4 (/opt/ros/foxy/share/sensor_msgs/cmake)
[8.483s] -- Found ament_lint_auto: 0.9.6 (/opt/ros/foxy/share/ament_lint_auto/cmake)
[8.795s] -- Added test 'copyright' to check source files copyright and LICENSE
[8.799s] -- Added test 'cppcheck' to perform static code analysis on C / C++ code
[8.800s] -- Configured cppcheck include dirs: /f1tenth_ws/src/wall_follow/include
[8.800s] -- Configured cppcheck exclude dirs and/or files: 
[8.807s] -- Added test 'cpplint' to check C / C++ code against the Google style
[8.808s] -- Configured cpplint exclude dirs and/or files: 
[8.808s] -- Added test 'flake8' to check Python code syntax and style conventions
[8.809s] -- Added test 'lint_cmake' to check CMake code style
[8.811s] -- Added test 'pep257' to check Python code against some of the style conventions in PEP 257
[8.814s] -- Added test 'uncrustify' to check C / C++ code style
[8.815s] -- Configured uncrustify additional arguments: 
[8.816s] -- Added test 'xmllint' to check XML markup files
[8.827s] -- Configuring done
[8.882s] -- Generating done
[8.889s] -- Build files have been written to: /f1tenth_ws/build/wall_follow
[8.925s] Invoked command in '/f1tenth_ws/build/wall_follow' returned '0': CMAKE_PREFIX_PATH=/opt/ros/foxy /usr/bin/cmake /f1tenth_ws/src/wall_follow -DCMAKE_INSTALL_PREFIX=/f1tenth_ws/install/wall_follow
[8.929s] Invoking command in '/f1tenth_ws/build/wall_follow': CMAKE_PREFIX_PATH=/opt/ros/foxy /usr/bin/cmake --build /f1tenth_ws/build/wall_follow -- -j6 -l6
[9.089s] [35m[1mScanning dependencies of target wall_follow_node[0m
[9.246s] [ 50%] [32mBuilding CXX object CMakeFiles/wall_follow_node.dir/src/wall_follow_node.cpp.o[0m
[14.609s] [01m[K/f1tenth_ws/src/wall_follow/src/wall_follow_node.cpp:[m[K In member function ‘[01m[Kdouble WallFollow::get_range(float*, double)[m[K’:
[14.609s] [01m[K/f1tenth_ws/src/wall_follow/src/wall_follow_node.cpp:30:29:[m[K [01;35m[Kwarning: [m[Kunused parameter ‘[01m[Krange_data[m[K’ [[01;35m[K-Wunused-parameter[m[K]
[14.610s]      double get_range([01;35m[Kfloat* range_data[m[K, double angle)
[14.610s]                       [01;35m[K~~~~~~~^~~~~~~~~~[m[K
[14.610s] [01m[K/f1tenth_ws/src/wall_follow/src/wall_follow_node.cpp:30:48:[m[K [01;35m[Kwarning: [m[Kunused parameter ‘[01m[Kangle[m[K’ [[01;35m[K-Wunused-parameter[m[K]
[14.611s]      double get_range(float* range_data, [01;35m[Kdouble angle[m[K)
[14.611s]                                          [01;35m[K~~~~~~~^~~~~[m[K
[14.612s] [01m[K/f1tenth_ws/src/wall_follow/src/wall_follow_node.cpp:[m[K In member function ‘[01m[Kdouble WallFollow::get_error(float*, double)[m[K’:
[14.612s] [01m[K/f1tenth_ws/src/wall_follow/src/wall_follow_node.cpp:47:29:[m[K [01;35m[Kwarning: [m[Kunused parameter ‘[01m[Krange_data[m[K’ [[01;35m[K-Wunused-parameter[m[K]
[14.613s]      double get_error([01;35m[Kfloat* range_data[m[K, double dist)
[14.613s]                       [01;35m[K~~~~~~~^~~~~~~~~~[m[K
[14.614s] [01m[K/f1tenth_ws/src/wall_follow/src/wall_follow_node.cpp:47:48:[m[K [01;35m[Kwarning: [m[Kunused parameter ‘[01m[Kdist[m[K’ [[01;35m[K-Wunused-parameter[m[K]
[14.615s]      double get_error(float* range_data, [01;35m[Kdouble dist[m[K)
[14.615s]                                          [01;35m[K~~~~~~~^~~~[m[K
[14.615s] [01m[K/f1tenth_ws/src/wall_follow/src/wall_follow_node.cpp:[m[K In member function ‘[01m[Kvoid WallFollow::pid_control(double, double)[m[K’:
[14.616s] [01m[K/f1tenth_ws/src/wall_follow/src/wall_follow_node.cpp:76:16:[m[K [01;35m[Kwarning: [m[Kunused variable ‘[01m[Kangle[m[K’ [[01;35m[K-Wunused-variable[m[K]
[14.616s]          double [01;35m[Kangle[m[K = 0.0;
[14.617s]                 [01;35m[K^~~~~[m[K
[14.617s] [01m[K/f1tenth_ws/src/wall_follow/src/wall_follow_node.cpp:64:29:[m[K [01;35m[Kwarning: [m[Kunused parameter ‘[01m[Kerror[m[K’ [[01;35m[K-Wunused-parameter[m[K]
[14.617s]      void pid_control([01;35m[Kdouble error[m[K, double velocity)
[14.618s]                       [01;35m[K~~~~~~~^~~~~[m[K
[14.618s] [01m[K/f1tenth_ws/src/wall_follow/src/wall_follow_node.cpp:64:43:[m[K [01;35m[Kwarning: [m[Kunused parameter ‘[01m[Kvelocity[m[K’ [[01;35m[K-Wunused-parameter[m[K]
[14.618s]      void pid_control(double error, [01;35m[Kdouble velocity[m[K)
[14.619s]                                     [01;35m[K~~~~~~~^~~~~~~~[m[K
[14.619s] [01m[K/f1tenth_ws/src/wall_follow/src/wall_follow_node.cpp:[m[K In member function ‘[01m[Kvoid WallFollow::scan_callback(sensor_msgs::msg::LaserScan_<std::allocator<void> >::ConstSharedPtr)[m[K’:
[14.619s] [01m[K/f1tenth_ws/src/wall_follow/src/wall_follow_node.cpp:93:16:[m[K [01;35m[Kwarning: [m[Kunused variable ‘[01m[Kerror[m[K’ [[01;35m[K-Wunused-variable[m[K]
[14.620s]          double [01;35m[Kerror[m[K = 0.0; // TODO: replace with error calculated by get_error()
[14.620s]                 [01;35m[K^~~~~[m[K
[14.620s] [01m[K/f1tenth_ws/src/wall_follow/src/wall_follow_node.cpp:94:16:[m[K [01;35m[Kwarning: [m[Kunused variable ‘[01m[Kvelocity[m[K’ [[01;35m[K-Wunused-variable[m[K]
[14.621s]          double [01;35m[Kvelocity[m[K = 0.0; // TODO: calculate desired car velocity based on error
[14.621s]                 [01;35m[K^~~~~~~~[m[K
[14.621s] [01m[K/f1tenth_ws/src/wall_follow/src/wall_follow_node.cpp:82:74:[m[K [01;35m[Kwarning: [m[Kunused parameter ‘[01m[Kscan_msg[m[K’ [[01;35m[K-Wunused-parameter[m[K]
[14.622s]  void scan_callback([01;35m[Kconst sensor_msgs::msg::LaserScan::ConstSharedPtr scan_msg[m[K)
[14.622s]                     [01;35m[K~~~~~~~~~~~~~~~~~~~~~~~~~~~~~~~~~~~~~~~~~~~~~~~~~~^~~~~~~~[m[K
[14.623s] 
[16.621s] [100%] [32m[1mLinking CXX executable wall_follow_node[0m
[17.044s] [100%] Built target wall_follow_node
[17.084s] Invoked command in '/f1tenth_ws/build/wall_follow' returned '0': CMAKE_PREFIX_PATH=/opt/ros/foxy /usr/bin/cmake --build /f1tenth_ws/build/wall_follow -- -j6 -l6
[17.181s] Invoking command in '/f1tenth_ws/build/wall_follow': CMAKE_PREFIX_PATH=/opt/ros/foxy /usr/bin/cmake --install /f1tenth_ws/build/wall_follow
[17.212s] -- Install configuration: ""
[17.213s] -- Installing: /f1tenth_ws/install/wall_follow/lib/wall_follow/wall_follow_node
[17.215s] -- Set runtime path of "/f1tenth_ws/install/wall_follow/lib/wall_follow/wall_follow_node" to ""
[17.218s] -- Installing: /f1tenth_ws/install/wall_follow/share/wall_follow/environment/pythonpath.sh
[17.219s] -- Installing: /f1tenth_ws/install/wall_follow/share/wall_follow/environment/pythonpath.dsv
[17.219s] -- Installing: /f1tenth_ws/install/wall_follow/lib/python3.8/site-packages/wall_follow
[17.219s] -- Installing: /f1tenth_ws/install/wall_follow/lib/python3.8/site-packages/wall_follow/__init__.py
[17.345s] Listing '/f1tenth_ws/install/wall_follow/lib/python3.8/site-packages/wall_follow'...
[17.346s] Compiling '/f1tenth_ws/install/wall_follow/lib/python3.8/site-packages/wall_follow/__init__.py'...
[17.361s] -- Installing: /f1tenth_ws/install/wall_follow/lib/wall_follow/wall_follow_node.py
[17.362s] -- Installing: /f1tenth_ws/install/wall_follow/share/ament_index/resource_index/package_run_dependencies/wall_follow
[17.363s] -- Installing: /f1tenth_ws/install/wall_follow/share/ament_index/resource_index/parent_prefix_path/wall_follow
[17.364s] -- Installing: /f1tenth_ws/install/wall_follow/share/wall_follow/environment/ament_prefix_path.sh
[17.364s] -- Installing: /f1tenth_ws/install/wall_follow/share/wall_follow/environment/ament_prefix_path.dsv
[17.365s] -- Installing: /f1tenth_ws/install/wall_follow/share/wall_follow/environment/path.sh
[17.365s] -- Installing: /f1tenth_ws/install/wall_follow/share/wall_follow/environment/path.dsv
[17.366s] -- Installing: /f1tenth_ws/install/wall_follow/share/wall_follow/local_setup.bash
[17.367s] -- Installing: /f1tenth_ws/install/wall_follow/share/wall_follow/local_setup.sh
[17.368s] -- Installing: /f1tenth_ws/install/wall_follow/share/wall_follow/local_setup.zsh
[17.368s] -- Installing: /f1tenth_ws/install/wall_follow/share/wall_follow/local_setup.dsv
[17.368s] -- Installing: /f1tenth_ws/install/wall_follow/share/wall_follow/package.dsv
[17.369s] -- Installing: /f1tenth_ws/install/wall_follow/share/ament_index/resource_index/packages/wall_follow
[17.370s] -- Installing: /f1tenth_ws/install/wall_follow/share/wall_follow/cmake/wall_followConfig.cmake
[17.371s] -- Installing: /f1tenth_ws/install/wall_follow/share/wall_follow/cmake/wall_followConfig-version.cmake
[17.371s] -- Installing: /f1tenth_ws/install/wall_follow/share/wall_follow/package.xml
[17.383s] Invoked command in '/f1tenth_ws/build/wall_follow' returned '0': CMAKE_PREFIX_PATH=/opt/ros/foxy /usr/bin/cmake --install /f1tenth_ws/build/wall_follow
