[1.169s] Invoking command in '/f1tenth_ws/build/wall_follow': CMAKE_PREFIX_PATH=${CMAKE_PREFIX_PATH}:/f1tenth_ws/install/f1tenth_stack:/f1tenth_ws/install/joy_teleop:/f1tenth_ws/install/particle_filter:/f1tenth_ws/install/mouse_teleop:/f1tenth_ws/install/key_teleop:/opt/ros/foxy /usr/bin/cmake --build /f1tenth_ws/build/wall_follow -- -j6 -l6
[1.421s] [100%] Built target wall_follow_node
[2.359s] Invoked command in '/f1tenth_ws/build/wall_follow' returned '0': CMAKE_PREFIX_PATH=${CMAKE_PREFIX_PATH}:/f1tenth_ws/install/f1tenth_stack:/f1tenth_ws/install/joy_teleop:/f1tenth_ws/install/particle_filter:/f1tenth_ws/install/mouse_teleop:/f1tenth_ws/install/key_teleop:/opt/ros/foxy /usr/bin/cmake --build /f1tenth_ws/build/wall_follow -- -j6 -l6
[2.506s] Invoking command in '/f1tenth_ws/build/wall_follow': CMAKE_PREFIX_PATH=${CMAKE_PREFIX_PATH}:/f1tenth_ws/install/f1tenth_stack:/f1tenth_ws/install/joy_teleop:/f1tenth_ws/install/particle_filter:/f1tenth_ws/install/mouse_teleop:/f1tenth_ws/install/key_teleop:/opt/ros/foxy /usr/bin/cmake --install /f1tenth_ws/build/wall_follow
[2.545s] -- Install configuration: ""
[2.547s] -- Up-to-date: /f1tenth_ws/install/wall_follow/lib/wall_follow/wall_follow_node
[2.548s] -- Up-to-date: /f1tenth_ws/install/wall_follow/share/wall_follow/environment/pythonpath.sh
[2.548s] -- Up-to-date: /f1tenth_ws/install/wall_follow/share/wall_follow/environment/pythonpath.dsv
[2.549s] -- Up-to-date: /f1tenth_ws/install/wall_follow/lib/python3.8/site-packages/wall_follow
[2.549s] -- Up-to-date: /f1tenth_ws/install/wall_follow/lib/python3.8/site-packages/wall_follow/__init__.py
[2.715s] Listing '/f1tenth_ws/install/wall_follow/lib/python3.8/site-packages/wall_follow'...
[2.734s] -- Up-to-date: /f1tenth_ws/install/wall_follow/lib/wall_follow/wall_follow_node.py
[2.735s] -- Up-to-date: /f1tenth_ws/install/wall_follow/share/ament_index/resource_index/package_run_dependencies/wall_follow
[2.735s] -- Up-to-date: /f1tenth_ws/install/wall_follow/share/ament_index/resource_index/parent_prefix_path/wall_follow
[2.736s] -- Up-to-date: /f1tenth_ws/install/wall_follow/share/wall_follow/environment/ament_prefix_path.sh
[2.736s] -- Up-to-date: /f1tenth_ws/install/wall_follow/share/wall_follow/environment/ament_prefix_path.dsv
[2.737s] -- Up-to-date: /f1tenth_ws/install/wall_follow/share/wall_follow/environment/path.sh
[2.738s] -- Up-to-date: /f1tenth_ws/install/wall_follow/share/wall_follow/environment/path.dsv
[2.738s] -- Up-to-date: /f1tenth_ws/install/wall_follow/share/wall_follow/local_setup.bash
[2.739s] -- Up-to-date: /f1tenth_ws/install/wall_follow/share/wall_follow/local_setup.sh
[2.739s] -- Up-to-date: /f1tenth_ws/install/wall_follow/share/wall_follow/local_setup.zsh
[2.744s] -- Up-to-date: /f1tenth_ws/install/wall_follow/share/wall_follow/local_setup.dsv
[2.754s] -- Installing: /f1tenth_ws/install/wall_follow/share/wall_follow/package.dsv
[2.755s] -- Up-to-date: /f1tenth_ws/install/wall_follow/share/ament_index/resource_index/packages/wall_follow
[2.755s] -- Up-to-date: /f1tenth_ws/install/wall_follow/share/wall_follow/cmake/wall_followConfig.cmake
[2.756s] -- Up-to-date: /f1tenth_ws/install/wall_follow/share/wall_follow/cmake/wall_followConfig-version.cmake
[2.756s] -- Up-to-date: /f1tenth_ws/install/wall_follow/share/wall_follow/package.xml
[2.758s] Invoked command in '/f1tenth_ws/build/wall_follow' returned '0': CMAKE_PREFIX_PATH=${CMAKE_PREFIX_PATH}:/f1tenth_ws/install/f1tenth_stack:/f1tenth_ws/install/joy_teleop:/f1tenth_ws/install/particle_filter:/f1tenth_ws/install/mouse_teleop:/f1tenth_ws/install/key_teleop:/opt/ros/foxy /usr/bin/cmake --install /f1tenth_ws/build/wall_follow
