[1.246s] Invoking command in '/f1tenth_ws/build/wall_follow': CMAKE_PREFIX_PATH=${CMAKE_PREFIX_PATH}:/f1tenth_ws/install/f1tenth_stack:/f1tenth_ws/install/joy_teleop:/f1tenth_ws/install/particle_filter:/f1tenth_ws/install/mouse_teleop:/f1tenth_ws/install/key_teleop:/opt/ros/foxy /usr/bin/cmake --build /f1tenth_ws/build/wall_follow -- -j6 -l6
[1.516s] [100%] Built target wall_follow_node
[2.246s] Invoked command in '/f1tenth_ws/build/wall_follow' returned '0': CMAKE_PREFIX_PATH=${CMAKE_PREFIX_PATH}:/f1tenth_ws/install/f1tenth_stack:/f1tenth_ws/install/joy_teleop:/f1tenth_ws/install/particle_filter:/f1tenth_ws/install/mouse_teleop:/f1tenth_ws/install/key_teleop:/opt/ros/foxy /usr/bin/cmake --build /f1tenth_ws/build/wall_follow -- -j6 -l6
[2.439s] Invoking command in '/f1tenth_ws/build/wall_follow': CMAKE_PREFIX_PATH=${CMAKE_PREFIX_PATH}:/f1tenth_ws/install/f1tenth_stack:/f1tenth_ws/install/joy_teleop:/f1tenth_ws/install/particle_filter:/f1tenth_ws/install/mouse_teleop:/f1tenth_ws/install/key_teleop:/opt/ros/foxy /usr/bin/cmake --install /f1tenth_ws/build/wall_follow
[2.481s] -- Install configuration: ""
[2.485s] -- Up-to-date: /f1tenth_ws/install/wall_follow/lib/wall_follow/wall_follow_node
[2.485s] -- Up-to-date: /f1tenth_ws/install/wall_follow/share/wall_follow/environment/pythonpath.sh
[2.486s] -- Up-to-date: /f1tenth_ws/install/wall_follow/share/wall_follow/environment/pythonpath.dsv
[2.486s] -- Up-to-date: /f1tenth_ws/install/wall_follow/lib/python3.8/site-packages/wall_follow
[2.487s] -- Up-to-date: /f1tenth_ws/install/wall_follow/lib/python3.8/site-packages/wall_follow/__init__.py
[2.680s] Listing '/f1tenth_ws/install/wall_follow/lib/python3.8/site-packages/wall_follow'...
[2.700s] -- Up-to-date: /f1tenth_ws/install/wall_follow/lib/wall_follow/wall_follow_node.py
[2.700s] -- Up-to-date: /f1tenth_ws/install/wall_follow/share/ament_index/resource_index/package_run_dependencies/wall_follow
[2.701s] -- Up-to-date: /f1tenth_ws/install/wall_follow/share/ament_index/resource_index/parent_prefix_path/wall_follow
[2.701s] -- Up-to-date: /f1tenth_ws/install/wall_follow/share/wall_follow/environment/ament_prefix_path.sh
[2.702s] -- Up-to-date: /f1tenth_ws/install/wall_follow/share/wall_follow/environment/ament_prefix_path.dsv
[2.702s] -- Up-to-date: /f1tenth_ws/install/wall_follow/share/wall_follow/environment/path.sh
[2.710s] -- Up-to-date: /f1tenth_ws/install/wall_follow/share/wall_follow/environment/path.dsv
[2.710s] -- Up-to-date: /f1tenth_ws/install/wall_follow/share/wall_follow/local_setup.bash
[2.711s] -- Up-to-date: /f1tenth_ws/install/wall_follow/share/wall_follow/local_setup.sh
[2.711s] -- Up-to-date: /f1tenth_ws/install/wall_follow/share/wall_follow/local_setup.zsh
[2.712s] -- Up-to-date: /f1tenth_ws/install/wall_follow/share/wall_follow/local_setup.dsv
[2.712s] -- Installing: /f1tenth_ws/install/wall_follow/share/wall_follow/package.dsv
[2.712s] -- Up-to-date: /f1tenth_ws/install/wall_follow/share/ament_index/resource_index/packages/wall_follow
[2.713s] -- Up-to-date: /f1tenth_ws/install/wall_follow/share/wall_follow/cmake/wall_followConfig.cmake
[2.713s] -- Up-to-date: /f1tenth_ws/install/wall_follow/share/wall_follow/cmake/wall_followConfig-version.cmake
[2.714s] -- Up-to-date: /f1tenth_ws/install/wall_follow/share/wall_follow/package.xml
[2.724s] Invoked command in '/f1tenth_ws/build/wall_follow' returned '0': CMAKE_PREFIX_PATH=${CMAKE_PREFIX_PATH}:/f1tenth_ws/install/f1tenth_stack:/f1tenth_ws/install/joy_teleop:/f1tenth_ws/install/particle_filter:/f1tenth_ws/install/mouse_teleop:/f1tenth_ws/install/key_teleop:/opt/ros/foxy /usr/bin/cmake --install /f1tenth_ws/build/wall_follow
