[0.175s] Invoking command in '/f1tenth_ws/build/teleop_tools_msgs': CMAKE_PREFIX_PATH=/opt/ros/foxy /usr/bin/cmake /f1tenth_ws/src/f1tenth_system/teleop_tools/teleop_tools_msgs -DCMAKE_INSTALL_PREFIX=/f1tenth_ws/install/teleop_tools_msgs
[1.371s] -- The C compiler identification is GNU 8.4.0
[3.723s] -- The CXX compiler identification is GNU 8.4.0
[3.724s] -- Check for working C compiler: /usr/bin/cc
[3.725s] -- Check for working C compiler: /usr/bin/cc -- works
[3.726s] -- Detecting C compiler ABI info
[3.727s] -- Detecting C compiler ABI info - done
[3.748s] -- Detecting C compile features
[3.749s] -- Detecting C compile features - done
[3.771s] -- Check for working CXX compiler: /usr/bin/c++
[4.754s] -- Check for working CXX compiler: /usr/bin/c++ -- works
[4.762s] -- Detecting CXX compiler ABI info
[5.760s] -- Detecting CXX compiler ABI info - done
[5.836s] -- Detecting CXX compile features
[5.840s] -- Detecting CXX compile features - done
[5.853s] -- Found ament_cmake: 0.9.9 (/opt/ros/foxy/share/ament_cmake/cmake)
[6.118s] -- Found PythonInterp: /usr/bin/python3 (found suitable version "3.8.10", minimum required is "3") 
[6.119s] -- Using PYTHON_EXECUTABLE: /usr/bin/python3
[7.133s] -- Found rosidl_default_generators: 1.0.1 (/opt/ros/foxy/share/rosidl_default_generators/cmake)
[7.146s] -- Using all available rosidl_typesupport_c: rosidl_typesupport_fastrtps_c;rosidl_typesupport_introspection_c
[7.175s] -- Found rosidl_adapter: 1.2.1 (/opt/ros/foxy/share/rosidl_adapter/cmake)
[8.124s] -- Found OpenSSL: /usr/lib/aarch64-linux-gnu/libcrypto.so (found version "1.1.1f")  
[8.239s] -- Found FastRTPS: /opt/ros/foxy/include  
[8.599s] -- Using all available rosidl_typesupport_cpp: rosidl_typesupport_fastrtps_cpp;rosidl_typesupport_introspection_cpp
[8.738s] -- Found ament_lint_auto: 0.9.6 (/opt/ros/foxy/share/ament_lint_auto/cmake)
[9.482s] -- Found PythonInterp: /usr/bin/python3 (found version "3.8.10") 
[10.370s] -- Found ament_cmake_ros: 0.9.2 (/opt/ros/foxy/share/ament_cmake_ros/cmake)
[10.976s] -- Using all available rosidl_typesupport_c: rosidl_typesupport_fastrtps_c;rosidl_typesupport_introspection_c
[11.127s] -- Using all available rosidl_typesupport_cpp: rosidl_typesupport_fastrtps_cpp;rosidl_typesupport_introspection_cpp
[11.421s] -- Found PythonInterp: /usr/bin/python3 (found suitable version "3.8.10", minimum required is "3.5") 
[11.424s] -- Found python_cmake_module: 0.8.1 (/opt/ros/foxy/share/python_cmake_module/cmake)
[11.697s] -- Found PythonLibs: /usr/lib/aarch64-linux-gnu/libpython3.8.so (found suitable version "3.8.10", minimum required is "3.5") 
[11.698s] -- Using PYTHON_EXECUTABLE: /usr/bin/python3
[11.698s] -- Using PYTHON_INCLUDE_DIRS: /usr/include/python3.8
[11.699s] -- Using PYTHON_LIBRARIES: /usr/lib/aarch64-linux-gnu/libpython3.8.so
[11.955s] -- Found PythonExtra: .so  
[12.397s] -- Added test 'copyright' to check source files copyright and LICENSE
[12.402s] -- Added test 'lint_cmake' to check CMake code style
[12.405s] -- Added test 'xmllint' to check XML markup files
[12.431s] -- Configuring done
[12.690s] -- Generating done
[12.706s] -- Build files have been written to: /f1tenth_ws/build/teleop_tools_msgs
[12.734s] Invoked command in '/f1tenth_ws/build/teleop_tools_msgs' returned '0': CMAKE_PREFIX_PATH=/opt/ros/foxy /usr/bin/cmake /f1tenth_ws/src/f1tenth_system/teleop_tools/teleop_tools_msgs -DCMAKE_INSTALL_PREFIX=/f1tenth_ws/install/teleop_tools_msgs
[12.744s] Invoking command in '/f1tenth_ws/build/teleop_tools_msgs': CMAKE_PREFIX_PATH=/opt/ros/foxy /usr/bin/cmake --build /f1tenth_ws/build/teleop_tools_msgs -- -j24 -l24
[13.224s] [  3%] Generating C code for ROS interfaces
[13.250s] Scanning dependencies of target teleop_tools_msgs__cpp
[13.382s] [  6%] Generating C++ code for ROS interfaces
[15.687s] Scanning dependencies of target teleop_tools_msgs__rosidl_generator_c
[15.794s] [  6%] Built target teleop_tools_msgs__cpp
[15.825s] [  9%] Building C object CMakeFiles/teleop_tools_msgs__rosidl_generator_c.dir/rosidl_generator_c/teleop_tools_msgs/action/detail/increment__functions.c.o
[15.927s] [ 12%] Generating C++ introspection for ROS interfaces
[15.928s] [ 16%] Generating C++ type support dispatch for ROS interfaces
[15.932s] [ 19%] Generating C++ type support for eProsima Fast-RTPS
[16.687s] [ 22%] Linking C shared library libteleop_tools_msgs__rosidl_generator_c.so
[17.047s] [ 22%] Built target teleop_tools_msgs__rosidl_generator_c
[17.176s] [ 25%] Generating C introspection for ROS interfaces
[17.184s] [ 29%] Generating C type support dispatch for ROS interfaces
[17.711s] Scanning dependencies of target teleop_tools_msgs__rosidl_typesupport_cpp
[17.853s] [ 32%] Building CXX object CMakeFiles/teleop_tools_msgs__rosidl_typesupport_cpp.dir/rosidl_typesupport_cpp/teleop_tools_msgs/action/increment__type_support.cpp.o
[18.002s] Scanning dependencies of target teleop_tools_msgs__rosidl_typesupport_introspection_cpp
[18.146s] [ 35%] Building CXX object CMakeFiles/teleop_tools_msgs__rosidl_typesupport_introspection_cpp.dir/rosidl_typesupport_introspection_cpp/teleop_tools_msgs/action/detail/increment__type_support.cpp.o
[18.471s] Scanning dependencies of target teleop_tools_msgs__rosidl_typesupport_fastrtps_cpp
[18.631s] [ 38%] Building CXX object CMakeFiles/teleop_tools_msgs__rosidl_typesupport_fastrtps_cpp.dir/rosidl_typesupport_fastrtps_cpp/teleop_tools_msgs/action/detail/dds_fastrtps/increment__type_support.cpp.o
[19.088s] Scanning dependencies of target teleop_tools_msgs__rosidl_typesupport_c
[19.244s] [ 41%] Building CXX object CMakeFiles/teleop_tools_msgs__rosidl_typesupport_c.dir/rosidl_typesupport_c/teleop_tools_msgs/action/increment__type_support.cpp.o
[19.704s] Scanning dependencies of target teleop_tools_msgs__rosidl_typesupport_introspection_c
[19.887s] [ 45%] Building C object CMakeFiles/teleop_tools_msgs__rosidl_typesupport_introspection_c.dir/rosidl_typesupport_introspection_c/teleop_tools_msgs/action/detail/increment__type_support.c.o
[20.088s] [ 48%] Linking CXX shared library libteleop_tools_msgs__rosidl_typesupport_c.so
[20.282s] [ 51%] Linking CXX shared library libteleop_tools_msgs__rosidl_typesupport_cpp.so
[20.489s] [ 51%] Built target teleop_tools_msgs__rosidl_typesupport_c
[20.574s] [ 54%] Linking C shared library libteleop_tools_msgs__rosidl_typesupport_introspection_c.so
[20.680s] [ 54%] Built target teleop_tools_msgs__rosidl_typesupport_cpp
[20.927s] [ 54%] Built target teleop_tools_msgs__rosidl_typesupport_introspection_c
[21.165s] [ 58%] Linking CXX shared library libteleop_tools_msgs__rosidl_typesupport_introspection_cpp.so
[21.664s] [ 58%] Built target teleop_tools_msgs__rosidl_typesupport_introspection_cpp
[22.392s] [ 61%] Linking CXX shared library libteleop_tools_msgs__rosidl_typesupport_fastrtps_cpp.so
[23.017s] [ 61%] Built target teleop_tools_msgs__rosidl_typesupport_fastrtps_cpp
[23.201s] [ 64%] Generating C type support for eProsima Fast-RTPS
[26.770s] Scanning dependencies of target teleop_tools_msgs__rosidl_typesupport_fastrtps_c
[26.913s] [ 67%] Building CXX object CMakeFiles/teleop_tools_msgs__rosidl_typesupport_fastrtps_c.dir/rosidl_typesupport_fastrtps_c/teleop_tools_msgs/action/detail/increment__type_support_c.cpp.o
[29.351s] [ 70%] Linking CXX shared library libteleop_tools_msgs__rosidl_typesupport_fastrtps_c.so
[29.892s] [ 70%] Built target teleop_tools_msgs__rosidl_typesupport_fastrtps_c
[30.047s] Scanning dependencies of target teleop_tools_msgs
[30.177s] [ 70%] Built target teleop_tools_msgs
[30.327s] Scanning dependencies of target teleop_tools_msgs__py
[30.455s] [ 74%] Generating Python code for ROS interfaces
[35.468s] [ 74%] Built target teleop_tools_msgs__py
[35.697s] Scanning dependencies of target teleop_tools_msgs__python
[35.843s] [ 77%] Building C object CMakeFiles/teleop_tools_msgs__python.dir/rosidl_generator_py/teleop_tools_msgs/action/_increment_s.c.o
[37.023s] [ 80%] Linking C shared library rosidl_generator_py/teleop_tools_msgs/libteleop_tools_msgs__python.so
[37.398s] [ 80%] Built target teleop_tools_msgs__python
[37.612s] Scanning dependencies of target teleop_tools_msgs__rosidl_typesupport_introspection_c__pyext
[37.613s] Scanning dependencies of target teleop_tools_msgs__rosidl_typesupport_c__pyext
[37.621s] Scanning dependencies of target teleop_tools_msgs__rosidl_typesupport_fastrtps_c__pyext
[37.757s] [ 83%] Building C object CMakeFiles/teleop_tools_msgs__rosidl_typesupport_c__pyext.dir/rosidl_generator_py/teleop_tools_msgs/_teleop_tools_msgs_s.ep.rosidl_typesupport_c.c.o
[37.758s] [ 87%] Building C object CMakeFiles/teleop_tools_msgs__rosidl_typesupport_introspection_c__pyext.dir/rosidl_generator_py/teleop_tools_msgs/_teleop_tools_msgs_s.ep.rosidl_typesupport_introspection_c.c.o
[37.762s] [ 90%] Building C object CMakeFiles/teleop_tools_msgs__rosidl_typesupport_fastrtps_c__pyext.dir/rosidl_generator_py/teleop_tools_msgs/_teleop_tools_msgs_s.ep.rosidl_typesupport_fastrtps_c.c.o
[38.730s] [ 93%] Linking C shared library rosidl_generator_py/teleop_tools_msgs/teleop_tools_msgs_s__rosidl_typesupport_introspection_c.cpython-38-aarch64-linux-gnu.so
[38.740s] [ 96%] Linking C shared library rosidl_generator_py/teleop_tools_msgs/teleop_tools_msgs_s__rosidl_typesupport_c.cpython-38-aarch64-linux-gnu.so
[38.766s] [100%] Linking CXX shared library rosidl_generator_py/teleop_tools_msgs/teleop_tools_msgs_s__rosidl_typesupport_fastrtps_c.cpython-38-aarch64-linux-gnu.so
[39.094s] [100%] Built target teleop_tools_msgs__rosidl_typesupport_introspection_c__pyext
[39.128s] [100%] Built target teleop_tools_msgs__rosidl_typesupport_c__pyext
[39.293s] [100%] Built target teleop_tools_msgs__rosidl_typesupport_fastrtps_c__pyext
[39.385s] Invoked command in '/f1tenth_ws/build/teleop_tools_msgs' returned '0': CMAKE_PREFIX_PATH=/opt/ros/foxy /usr/bin/cmake --build /f1tenth_ws/build/teleop_tools_msgs -- -j24 -l24
[40.747s] Invoking command in '/f1tenth_ws/build/teleop_tools_msgs': CMAKE_PREFIX_PATH=/opt/ros/foxy /usr/bin/cmake --install /f1tenth_ws/build/teleop_tools_msgs
[40.834s] -- Install configuration: ""
[40.838s] -- Installing: /f1tenth_ws/install/teleop_tools_msgs/share/ament_index/resource_index/rosidl_interfaces/teleop_tools_msgs
[40.841s] -- Installing: /f1tenth_ws/install/teleop_tools_msgs/include/teleop_tools_msgs
[40.843s] -- Installing: /f1tenth_ws/install/teleop_tools_msgs/include/teleop_tools_msgs/action
[40.845s] -- Installing: /f1tenth_ws/install/teleop_tools_msgs/include/teleop_tools_msgs/action/detail
[40.845s] -- Installing: /f1tenth_ws/install/teleop_tools_msgs/include/teleop_tools_msgs/action/detail/increment__functions.c
[40.846s] -- Installing: /f1tenth_ws/install/teleop_tools_msgs/include/teleop_tools_msgs/action/detail/increment__type_support.h
[40.846s] -- Installing: /f1tenth_ws/install/teleop_tools_msgs/include/teleop_tools_msgs/action/detail/increment__functions.h
[40.847s] -- Installing: /f1tenth_ws/install/teleop_tools_msgs/include/teleop_tools_msgs/action/detail/increment__struct.h
[40.848s] -- Installing: /f1tenth_ws/install/teleop_tools_msgs/include/teleop_tools_msgs/action/increment.h
[40.848s] -- Installing: /f1tenth_ws/install/teleop_tools_msgs/include/teleop_tools_msgs/msg
[40.849s] -- Installing: /f1tenth_ws/install/teleop_tools_msgs/include/teleop_tools_msgs/msg/rosidl_generator_c__visibility_control.h
[40.850s] -- Installing: /f1tenth_ws/install/teleop_tools_msgs/share/teleop_tools_msgs/environment/library_path.sh
[40.852s] -- Installing: /f1tenth_ws/install/teleop_tools_msgs/share/teleop_tools_msgs/environment/library_path.dsv
[40.852s] -- Installing: /f1tenth_ws/install/teleop_tools_msgs/lib/libteleop_tools_msgs__rosidl_generator_c.so
[40.853s] -- Set runtime path of "/f1tenth_ws/install/teleop_tools_msgs/lib/libteleop_tools_msgs__rosidl_generator_c.so" to ""
[40.854s] -- Up-to-date: /f1tenth_ws/install/teleop_tools_msgs/include/teleop_tools_msgs
[40.855s] -- Up-to-date: /f1tenth_ws/install/teleop_tools_msgs/include/teleop_tools_msgs/action
[40.856s] -- Up-to-date: /f1tenth_ws/install/teleop_tools_msgs/include/teleop_tools_msgs/action/detail
[40.857s] -- Installing: /f1tenth_ws/install/teleop_tools_msgs/include/teleop_tools_msgs/action/detail/increment__rosidl_typesupport_fastrtps_c.h
[40.858s] -- Up-to-date: /f1tenth_ws/install/teleop_tools_msgs/include/teleop_tools_msgs/msg
[40.859s] -- Installing: /f1tenth_ws/install/teleop_tools_msgs/include/teleop_tools_msgs/msg/rosidl_typesupport_fastrtps_c__visibility_control.h
[40.860s] -- Installing: /f1tenth_ws/install/teleop_tools_msgs/lib/libteleop_tools_msgs__rosidl_typesupport_fastrtps_c.so
[40.860s] -- Set runtime path of "/f1tenth_ws/install/teleop_tools_msgs/lib/libteleop_tools_msgs__rosidl_typesupport_fastrtps_c.so" to ""
[40.861s] -- Up-to-date: /f1tenth_ws/install/teleop_tools_msgs/include/teleop_tools_msgs
[40.862s] -- Up-to-date: /f1tenth_ws/install/teleop_tools_msgs/include/teleop_tools_msgs/action
[40.862s] -- Up-to-date: /f1tenth_ws/install/teleop_tools_msgs/include/teleop_tools_msgs/action/detail
[40.862s] -- Installing: /f1tenth_ws/install/teleop_tools_msgs/include/teleop_tools_msgs/action/detail/dds_fastrtps
[40.863s] -- Installing: /f1tenth_ws/install/teleop_tools_msgs/include/teleop_tools_msgs/action/detail/increment__rosidl_typesupport_fastrtps_cpp.hpp
[40.863s] -- Up-to-date: /f1tenth_ws/install/teleop_tools_msgs/include/teleop_tools_msgs/msg
[40.864s] -- Installing: /f1tenth_ws/install/teleop_tools_msgs/include/teleop_tools_msgs/msg/rosidl_typesupport_fastrtps_cpp__visibility_control.h
[40.865s] -- Installing: /f1tenth_ws/install/teleop_tools_msgs/lib/libteleop_tools_msgs__rosidl_typesupport_fastrtps_cpp.so
[40.865s] -- Set runtime path of "/f1tenth_ws/install/teleop_tools_msgs/lib/libteleop_tools_msgs__rosidl_typesupport_fastrtps_cpp.so" to ""
[40.866s] -- Up-to-date: /f1tenth_ws/install/teleop_tools_msgs/include/teleop_tools_msgs
[40.867s] -- Up-to-date: /f1tenth_ws/install/teleop_tools_msgs/include/teleop_tools_msgs/action
[40.867s] -- Up-to-date: /f1tenth_ws/install/teleop_tools_msgs/include/teleop_tools_msgs/action/detail
[40.868s] -- Installing: /f1tenth_ws/install/teleop_tools_msgs/include/teleop_tools_msgs/action/detail/increment__rosidl_typesupport_introspection_c.h
[40.869s] -- Installing: /f1tenth_ws/install/teleop_tools_msgs/include/teleop_tools_msgs/action/detail/increment__type_support.c
[40.869s] -- Up-to-date: /f1tenth_ws/install/teleop_tools_msgs/include/teleop_tools_msgs/msg
[40.870s] -- Installing: /f1tenth_ws/install/teleop_tools_msgs/include/teleop_tools_msgs/msg/rosidl_typesupport_introspection_c__visibility_control.h
[40.870s] -- Installing: /f1tenth_ws/install/teleop_tools_msgs/lib/libteleop_tools_msgs__rosidl_typesupport_introspection_c.so
[40.871s] -- Set runtime path of "/f1tenth_ws/install/teleop_tools_msgs/lib/libteleop_tools_msgs__rosidl_typesupport_introspection_c.so" to ""
[40.872s] -- Installing: /f1tenth_ws/install/teleop_tools_msgs/lib/libteleop_tools_msgs__rosidl_typesupport_c.so
[40.872s] -- Set runtime path of "/f1tenth_ws/install/teleop_tools_msgs/lib/libteleop_tools_msgs__rosidl_typesupport_c.so" to ""
[40.873s] -- Up-to-date: /f1tenth_ws/install/teleop_tools_msgs/include/teleop_tools_msgs
[40.874s] -- Up-to-date: /f1tenth_ws/install/teleop_tools_msgs/include/teleop_tools_msgs/action
[40.874s] -- Up-to-date: /f1tenth_ws/install/teleop_tools_msgs/include/teleop_tools_msgs/action/detail
[40.875s] -- Installing: /f1tenth_ws/install/teleop_tools_msgs/include/teleop_tools_msgs/action/detail/increment__struct.hpp
[40.876s] -- Installing: /f1tenth_ws/install/teleop_tools_msgs/include/teleop_tools_msgs/action/detail/increment__traits.hpp
[40.876s] -- Installing: /f1tenth_ws/install/teleop_tools_msgs/include/teleop_tools_msgs/action/detail/increment__builder.hpp
[40.877s] -- Installing: /f1tenth_ws/install/teleop_tools_msgs/include/teleop_tools_msgs/action/increment.hpp
[40.877s] -- Up-to-date: /f1tenth_ws/install/teleop_tools_msgs/include/teleop_tools_msgs
[40.878s] -- Up-to-date: /f1tenth_ws/install/teleop_tools_msgs/include/teleop_tools_msgs/action
[40.879s] -- Up-to-date: /f1tenth_ws/install/teleop_tools_msgs/include/teleop_tools_msgs/action/detail
[40.879s] -- Installing: /f1tenth_ws/install/teleop_tools_msgs/include/teleop_tools_msgs/action/detail/increment__type_support.cpp
[40.880s] -- Installing: /f1tenth_ws/install/teleop_tools_msgs/include/teleop_tools_msgs/action/detail/increment__rosidl_typesupport_introspection_cpp.hpp
[40.880s] -- Installing: /f1tenth_ws/install/teleop_tools_msgs/lib/libteleop_tools_msgs__rosidl_typesupport_introspection_cpp.so
[40.881s] -- Set runtime path of "/f1tenth_ws/install/teleop_tools_msgs/lib/libteleop_tools_msgs__rosidl_typesupport_introspection_cpp.so" to ""
[40.881s] -- Installing: /f1tenth_ws/install/teleop_tools_msgs/lib/libteleop_tools_msgs__rosidl_typesupport_cpp.so
[40.881s] -- Set runtime path of "/f1tenth_ws/install/teleop_tools_msgs/lib/libteleop_tools_msgs__rosidl_typesupport_cpp.so" to ""
[40.882s] -- Installing: /f1tenth_ws/install/teleop_tools_msgs/share/teleop_tools_msgs/environment/pythonpath.sh
[40.882s] -- Installing: /f1tenth_ws/install/teleop_tools_msgs/share/teleop_tools_msgs/environment/pythonpath.dsv
[40.882s] -- Installing: /f1tenth_ws/install/teleop_tools_msgs/lib/python3.8/site-packages/teleop_tools_msgs/__init__.py
[41.198s] Compiling '/f1tenth_ws/install/teleop_tools_msgs/lib/python3.8/site-packages/teleop_tools_msgs/__init__.py'...
[41.219s] -- Installing: /f1tenth_ws/install/teleop_tools_msgs/lib/python3.8/site-packages/teleop_tools_msgs/action
[41.221s] -- Installing: /f1tenth_ws/install/teleop_tools_msgs/lib/python3.8/site-packages/teleop_tools_msgs/action/_increment_s.c
[41.221s] -- Installing: /f1tenth_ws/install/teleop_tools_msgs/lib/python3.8/site-packages/teleop_tools_msgs/action/__init__.py
[41.222s] -- Installing: /f1tenth_ws/install/teleop_tools_msgs/lib/python3.8/site-packages/teleop_tools_msgs/action/_increment.py
[41.223s] -- Installing: /f1tenth_ws/install/teleop_tools_msgs/lib/python3.8/site-packages/teleop_tools_msgs/teleop_tools_msgs_s__rosidl_typesupport_fastrtps_c.cpython-38-aarch64-linux-gnu.so
[41.224s] -- Set runtime path of "/f1tenth_ws/install/teleop_tools_msgs/lib/python3.8/site-packages/teleop_tools_msgs/teleop_tools_msgs_s__rosidl_typesupport_fastrtps_c.cpython-38-aarch64-linux-gnu.so" to ""
[41.225s] -- Installing: /f1tenth_ws/install/teleop_tools_msgs/lib/python3.8/site-packages/teleop_tools_msgs/teleop_tools_msgs_s__rosidl_typesupport_introspection_c.cpython-38-aarch64-linux-gnu.so
[41.226s] -- Set runtime path of "/f1tenth_ws/install/teleop_tools_msgs/lib/python3.8/site-packages/teleop_tools_msgs/teleop_tools_msgs_s__rosidl_typesupport_introspection_c.cpython-38-aarch64-linux-gnu.so" to ""
[41.227s] -- Installing: /f1tenth_ws/install/teleop_tools_msgs/lib/python3.8/site-packages/teleop_tools_msgs/teleop_tools_msgs_s__rosidl_typesupport_c.cpython-38-aarch64-linux-gnu.so
[41.228s] -- Set runtime path of "/f1tenth_ws/install/teleop_tools_msgs/lib/python3.8/site-packages/teleop_tools_msgs/teleop_tools_msgs_s__rosidl_typesupport_c.cpython-38-aarch64-linux-gnu.so" to ""
[41.228s] -- Installing: /f1tenth_ws/install/teleop_tools_msgs/lib/libteleop_tools_msgs__python.so
[41.229s] -- Set runtime path of "/f1tenth_ws/install/teleop_tools_msgs/lib/libteleop_tools_msgs__python.so" to ""
[41.230s] -- Installing: /f1tenth_ws/install/teleop_tools_msgs/share/teleop_tools_msgs/action/Increment.idl
[41.230s] -- Installing: /f1tenth_ws/install/teleop_tools_msgs/share/teleop_tools_msgs/action/Increment.action
[41.231s] -- Installing: /f1tenth_ws/install/teleop_tools_msgs/share/ament_index/resource_index/package_run_dependencies/teleop_tools_msgs
[41.232s] -- Installing: /f1tenth_ws/install/teleop_tools_msgs/share/ament_index/resource_index/parent_prefix_path/teleop_tools_msgs
[41.232s] -- Installing: /f1tenth_ws/install/teleop_tools_msgs/share/teleop_tools_msgs/environment/ament_prefix_path.sh
[41.233s] -- Installing: /f1tenth_ws/install/teleop_tools_msgs/share/teleop_tools_msgs/environment/ament_prefix_path.dsv
[41.233s] -- Installing: /f1tenth_ws/install/teleop_tools_msgs/share/teleop_tools_msgs/environment/path.sh
[41.234s] -- Installing: /f1tenth_ws/install/teleop_tools_msgs/share/teleop_tools_msgs/environment/path.dsv
[41.234s] -- Installing: /f1tenth_ws/install/teleop_tools_msgs/share/teleop_tools_msgs/local_setup.bash
[41.235s] -- Installing: /f1tenth_ws/install/teleop_tools_msgs/share/teleop_tools_msgs/local_setup.sh
[41.236s] -- Installing: /f1tenth_ws/install/teleop_tools_msgs/share/teleop_tools_msgs/local_setup.zsh
[41.237s] -- Installing: /f1tenth_ws/install/teleop_tools_msgs/share/teleop_tools_msgs/local_setup.dsv
[41.237s] -- Installing: /f1tenth_ws/install/teleop_tools_msgs/share/teleop_tools_msgs/package.dsv
[41.238s] -- Installing: /f1tenth_ws/install/teleop_tools_msgs/share/ament_index/resource_index/packages/teleop_tools_msgs
[41.239s] -- Installing: /f1tenth_ws/install/teleop_tools_msgs/share/teleop_tools_msgs/cmake/teleop_tools_msgs__rosidl_generator_cExport.cmake
[41.239s] -- Installing: /f1tenth_ws/install/teleop_tools_msgs/share/teleop_tools_msgs/cmake/teleop_tools_msgs__rosidl_generator_cExport-noconfig.cmake
[41.240s] -- Installing: /f1tenth_ws/install/teleop_tools_msgs/share/teleop_tools_msgs/cmake/teleop_tools_msgs__rosidl_typesupport_introspection_cExport.cmake
[41.240s] -- Installing: /f1tenth_ws/install/teleop_tools_msgs/share/teleop_tools_msgs/cmake/teleop_tools_msgs__rosidl_typesupport_introspection_cExport-noconfig.cmake
[41.241s] -- Installing: /f1tenth_ws/install/teleop_tools_msgs/share/teleop_tools_msgs/cmake/teleop_tools_msgs__rosidl_typesupport_cExport.cmake
[41.241s] -- Installing: /f1tenth_ws/install/teleop_tools_msgs/share/teleop_tools_msgs/cmake/teleop_tools_msgs__rosidl_typesupport_cExport-noconfig.cmake
[41.242s] -- Installing: /f1tenth_ws/install/teleop_tools_msgs/share/teleop_tools_msgs/cmake/teleop_tools_msgs__rosidl_generator_cppExport.cmake
[41.242s] -- Installing: /f1tenth_ws/install/teleop_tools_msgs/share/teleop_tools_msgs/cmake/teleop_tools_msgs__rosidl_typesupport_introspection_cppExport.cmake
[41.243s] -- Installing: /f1tenth_ws/install/teleop_tools_msgs/share/teleop_tools_msgs/cmake/teleop_tools_msgs__rosidl_typesupport_introspection_cppExport-noconfig.cmake
[41.244s] -- Installing: /f1tenth_ws/install/teleop_tools_msgs/share/teleop_tools_msgs/cmake/teleop_tools_msgs__rosidl_typesupport_cppExport.cmake
[41.244s] -- Installing: /f1tenth_ws/install/teleop_tools_msgs/share/teleop_tools_msgs/cmake/teleop_tools_msgs__rosidl_typesupport_cppExport-noconfig.cmake
[41.244s] -- Installing: /f1tenth_ws/install/teleop_tools_msgs/share/teleop_tools_msgs/cmake/rosidl_cmake-extras.cmake
[41.245s] -- Installing: /f1tenth_ws/install/teleop_tools_msgs/share/teleop_tools_msgs/cmake/ament_cmake_export_dependencies-extras.cmake
[41.246s] -- Installing: /f1tenth_ws/install/teleop_tools_msgs/share/teleop_tools_msgs/cmake/ament_cmake_export_libraries-extras.cmake
[41.246s] -- Installing: /f1tenth_ws/install/teleop_tools_msgs/share/teleop_tools_msgs/cmake/ament_cmake_export_targets-extras.cmake
[41.247s] -- Installing: /f1tenth_ws/install/teleop_tools_msgs/share/teleop_tools_msgs/cmake/ament_cmake_export_include_directories-extras.cmake
[41.247s] -- Installing: /f1tenth_ws/install/teleop_tools_msgs/share/teleop_tools_msgs/cmake/rosidl_cmake_export_typesupport_libraries-extras.cmake
[41.248s] -- Installing: /f1tenth_ws/install/teleop_tools_msgs/share/teleop_tools_msgs/cmake/rosidl_cmake_export_typesupport_targets-extras.cmake
[41.248s] -- Installing: /f1tenth_ws/install/teleop_tools_msgs/share/teleop_tools_msgs/cmake/teleop_tools_msgsConfig.cmake
[41.249s] -- Installing: /f1tenth_ws/install/teleop_tools_msgs/share/teleop_tools_msgs/cmake/teleop_tools_msgsConfig-version.cmake
[41.249s] -- Installing: /f1tenth_ws/install/teleop_tools_msgs/share/teleop_tools_msgs/package.xml
[41.270s] Invoked command in '/f1tenth_ws/build/teleop_tools_msgs' returned '0': CMAKE_PREFIX_PATH=/opt/ros/foxy /usr/bin/cmake --install /f1tenth_ws/build/teleop_tools_msgs
