[2.494s] Invoking command in '/f1tenth_ws/build/lab7_pkg': CMAKE_PREFIX_PATH=${CMAKE_PREFIX_PATH}:/f1tenth_ws/install/f1tenth_stack:/f1tenth_ws/install/joy_teleop:/f1tenth_ws/install/particle_filter:/f1tenth_ws/install/mouse_teleop:/f1tenth_ws/install/key_teleop:/opt/ros/foxy /usr/bin/cmake --build /f1tenth_ws/build/lab7_pkg -- -j6 -l6
[3.183s] [100%] Built target rrt_node
[3.297s] Invoked command in '/f1tenth_ws/build/lab7_pkg' returned '0': CMAKE_PREFIX_PATH=${CMAKE_PREFIX_PATH}:/f1tenth_ws/install/f1tenth_stack:/f1tenth_ws/install/joy_teleop:/f1tenth_ws/install/particle_filter:/f1tenth_ws/install/mouse_teleop:/f1tenth_ws/install/key_teleop:/opt/ros/foxy /usr/bin/cmake --build /f1tenth_ws/build/lab7_pkg -- -j6 -l6
[3.790s] Invoking command in '/f1tenth_ws/build/lab7_pkg': CMAKE_PREFIX_PATH=${CMAKE_PREFIX_PATH}:/f1tenth_ws/install/f1tenth_stack:/f1tenth_ws/install/joy_teleop:/f1tenth_ws/install/particle_filter:/f1tenth_ws/install/mouse_teleop:/f1tenth_ws/install/key_teleop:/opt/ros/foxy /usr/bin/cmake --install /f1tenth_ws/build/lab7_pkg
[3.934s] -- Install configuration: ""
[3.946s] -- Up-to-date: /f1tenth_ws/install/lab7_pkg/lib/lab7_pkg/rrt_node
[3.954s] -- Up-to-date: /f1tenth_ws/install/lab7_pkg/share/lab7_pkg/environment/pythonpath.sh
[3.955s] -- Up-to-date: /f1tenth_ws/install/lab7_pkg/share/lab7_pkg/environment/pythonpath.dsv
[3.956s] -- Up-to-date: /f1tenth_ws/install/lab7_pkg/lib/python3.8/site-packages/lab7_pkg
[3.956s] -- Up-to-date: /f1tenth_ws/install/lab7_pkg/lib/python3.8/site-packages/lab7_pkg/__init__.py
[4.366s] Listing '/f1tenth_ws/install/lab7_pkg/lib/python3.8/site-packages/lab7_pkg'...
[4.382s] -- Installing: /f1tenth_ws/install/lab7_pkg/lib/lab7_pkg/rrt_node.py
[4.397s] -- Up-to-date: /f1tenth_ws/install/lab7_pkg/share/ament_index/resource_index/package_run_dependencies/lab7_pkg
[4.397s] -- Up-to-date: /f1tenth_ws/install/lab7_pkg/share/ament_index/resource_index/parent_prefix_path/lab7_pkg
[4.399s] -- Up-to-date: /f1tenth_ws/install/lab7_pkg/share/lab7_pkg/environment/ament_prefix_path.sh
[4.400s] -- Up-to-date: /f1tenth_ws/install/lab7_pkg/share/lab7_pkg/environment/ament_prefix_path.dsv
[4.400s] -- Up-to-date: /f1tenth_ws/install/lab7_pkg/share/lab7_pkg/environment/path.sh
[4.401s] -- Up-to-date: /f1tenth_ws/install/lab7_pkg/share/lab7_pkg/environment/path.dsv
[4.401s] -- Up-to-date: /f1tenth_ws/install/lab7_pkg/share/lab7_pkg/local_setup.bash
[4.401s] -- Up-to-date: /f1tenth_ws/install/lab7_pkg/share/lab7_pkg/local_setup.sh
[4.402s] -- Up-to-date: /f1tenth_ws/install/lab7_pkg/share/lab7_pkg/local_setup.zsh
[4.402s] -- Up-to-date: /f1tenth_ws/install/lab7_pkg/share/lab7_pkg/local_setup.dsv
[4.402s] -- Installing: /f1tenth_ws/install/lab7_pkg/share/lab7_pkg/package.dsv
[4.402s] -- Up-to-date: /f1tenth_ws/install/lab7_pkg/share/ament_index/resource_index/packages/lab7_pkg
[4.403s] -- Up-to-date: /f1tenth_ws/install/lab7_pkg/share/lab7_pkg/cmake/lab7_pkgConfig.cmake
[4.403s] -- Up-to-date: /f1tenth_ws/install/lab7_pkg/share/lab7_pkg/cmake/lab7_pkgConfig-version.cmake
[4.403s] -- Up-to-date: /f1tenth_ws/install/lab7_pkg/share/lab7_pkg/package.xml
[6.161s] Invoked command in '/f1tenth_ws/build/lab7_pkg' returned '0': CMAKE_PREFIX_PATH=${CMAKE_PREFIX_PATH}:/f1tenth_ws/install/f1tenth_stack:/f1tenth_ws/install/joy_teleop:/f1tenth_ws/install/particle_filter:/f1tenth_ws/install/mouse_teleop:/f1tenth_ws/install/key_teleop:/opt/ros/foxy /usr/bin/cmake --install /f1tenth_ws/build/lab7_pkg
