[1.300s] Invoking command in '/f1tenth_ws/src/f1tenth_system/teleop_tools/mouse_teleop': PYTHONPATH=/f1tenth_ws/install/mouse_teleop/lib/python3.8/site-packages:${PYTHONPATH} /usr/bin/python3 setup.py egg_info --egg-base ../../../../build/mouse_teleop build --build-base /f1tenth_ws/build/mouse_teleop/build install --prefix /f1tenth_ws/install/mouse_teleop --record /f1tenth_ws/build/mouse_teleop/install.log --single-version-externally-managed
[2.294s] running egg_info
[2.297s] writing ../../../../build/mouse_teleop/mouse_teleop.egg-info/PKG-INFO
[2.307s] writing dependency_links to ../../../../build/mouse_teleop/mouse_teleop.egg-info/dependency_links.txt
[2.307s] writing entry points to ../../../../build/mouse_teleop/mouse_teleop.egg-info/entry_points.txt
[2.308s] writing requirements to ../../../../build/mouse_teleop/mouse_teleop.egg-info/requires.txt
[2.308s] writing top-level names to ../../../../build/mouse_teleop/mouse_teleop.egg-info/top_level.txt
[2.481s] reading manifest file '../../../../build/mouse_teleop/mouse_teleop.egg-info/SOURCES.txt'
[2.488s] writing manifest file '../../../../build/mouse_teleop/mouse_teleop.egg-info/SOURCES.txt'
[2.489s] running build
[2.489s] running build_py
[2.492s] running install
[2.496s] running install_lib
[2.507s] running install_data
[2.509s] running install_egg_info
[2.517s] removing '/f1tenth_ws/install/mouse_teleop/lib/python3.8/site-packages/mouse_teleop-0.3.0-py3.8.egg-info' (and everything under it)
[2.518s] Copying ../../../../build/mouse_teleop/mouse_teleop.egg-info to /f1tenth_ws/install/mouse_teleop/lib/python3.8/site-packages/mouse_teleop-0.3.0-py3.8.egg-info
[2.523s] running install_scripts
[2.613s] Installing mouse_teleop script to /f1tenth_ws/install/mouse_teleop/lib/mouse_teleop
[2.618s] writing list of installed files to '/f1tenth_ws/build/mouse_teleop/install.log'
[2.853s] Invoked command in '/f1tenth_ws/src/f1tenth_system/teleop_tools/mouse_teleop' returned '0': PYTHONPATH=/f1tenth_ws/install/mouse_teleop/lib/python3.8/site-packages:${PYTHONPATH} /usr/bin/python3 setup.py egg_info --egg-base ../../../../build/mouse_teleop build --build-base /f1tenth_ws/build/mouse_teleop/build install --prefix /f1tenth_ws/install/mouse_teleop --record /f1tenth_ws/build/mouse_teleop/install.log --single-version-externally-managed
