[0.237s] Invoking command in '/f1tenth_ws/build/ackermann_mux': CMAKE_PREFIX_PATH=${CMAKE_PREFIX_PATH}:/f1tenth_ws/install/f1tenth_stack:/f1tenth_ws/install/joy_teleop:/f1tenth_ws/install/particle_filter:/f1tenth_ws/install/mouse_teleop:/f1tenth_ws/install/key_teleop:/opt/ros/foxy /usr/bin/cmake --build /f1tenth_ws/build/ackermann_mux -- -j6 -l6
[2.309s] [100%] Built target ackermann_mux
[2.326s] Invoked command in '/f1tenth_ws/build/ackermann_mux' returned '0': CMAKE_PREFIX_PATH=${CMAKE_PREFIX_PATH}:/f1tenth_ws/install/f1tenth_stack:/f1tenth_ws/install/joy_teleop:/f1tenth_ws/install/particle_filter:/f1tenth_ws/install/mouse_teleop:/f1tenth_ws/install/key_teleop:/opt/ros/foxy /usr/bin/cmake --build /f1tenth_ws/build/ackermann_mux -- -j6 -l6
[2.498s] Invoking command in '/f1tenth_ws/build/ackermann_mux': CMAKE_PREFIX_PATH=${CMAKE_PREFIX_PATH}:/f1tenth_ws/install/f1tenth_stack:/f1tenth_ws/install/joy_teleop:/f1tenth_ws/install/particle_filter:/f1tenth_ws/install/mouse_teleop:/f1tenth_ws/install/key_teleop:/opt/ros/foxy /usr/bin/cmake --install /f1tenth_ws/build/ackermann_mux
[2.547s] -- Install configuration: ""
[2.548s] -- Up-to-date: /f1tenth_ws/install/ackermann_mux/lib/ackermann_mux/ackermann_mux
[2.552s] -- Up-to-date: /f1tenth_ws/install/ackermann_mux/share/ackermann_mux/launch
[2.552s] -- Up-to-date: /f1tenth_ws/install/ackermann_mux/share/ackermann_mux/launch/ackermann_mux_launch.py
[2.553s] -- Up-to-date: /f1tenth_ws/install/ackermann_mux/share/ackermann_mux/config
[2.553s] -- Up-to-date: /f1tenth_ws/install/ackermann_mux/share/ackermann_mux/config/ackermann_mux_locks.yaml
[2.554s] -- Up-to-date: /f1tenth_ws/install/ackermann_mux/share/ackermann_mux/config/ackermann_mux_topics.yaml
[2.554s] -- Up-to-date: /f1tenth_ws/install/ackermann_mux/share/ackermann_mux/config/joystick.yaml
[2.554s] -- Up-to-date: /f1tenth_ws/install/ackermann_mux/include
[2.555s] -- Up-to-date: /f1tenth_ws/install/ackermann_mux/include/ackermann_mux
[2.555s] -- Up-to-date: /f1tenth_ws/install/ackermann_mux/include/ackermann_mux/ackermann_mux.hpp
[2.557s] -- Up-to-date: /f1tenth_ws/install/ackermann_mux/include/ackermann_mux/topic_handle.hpp
[2.557s] -- Up-to-date: /f1tenth_ws/install/ackermann_mux/include/ackermann_mux/params_helpers.hpp
[2.557s] -- Up-to-date: /f1tenth_ws/install/ackermann_mux/include/ackermann_mux/utils.hpp
[2.559s] -- Up-to-date: /f1tenth_ws/install/ackermann_mux/include/ackermann_mux/ackermann_mux_diagnostics.hpp
[2.560s] -- Up-to-date: /f1tenth_ws/install/ackermann_mux/include/ackermann_mux/ackermann_mux_diagnostics_status.hpp
[2.560s] -- Up-to-date: /f1tenth_ws/install/ackermann_mux/share/ament_index/resource_index/package_run_dependencies/ackermann_mux
[2.561s] -- Up-to-date: /f1tenth_ws/install/ackermann_mux/share/ament_index/resource_index/parent_prefix_path/ackermann_mux
[2.561s] -- Up-to-date: /f1tenth_ws/install/ackermann_mux/share/ackermann_mux/environment/ament_prefix_path.sh
[2.562s] -- Up-to-date: /f1tenth_ws/install/ackermann_mux/share/ackermann_mux/environment/ament_prefix_path.dsv
[2.562s] -- Up-to-date: /f1tenth_ws/install/ackermann_mux/share/ackermann_mux/environment/path.sh
[2.562s] -- Up-to-date: /f1tenth_ws/install/ackermann_mux/share/ackermann_mux/environment/path.dsv
[2.563s] -- Up-to-date: /f1tenth_ws/install/ackermann_mux/share/ackermann_mux/local_setup.bash
[2.563s] -- Up-to-date: /f1tenth_ws/install/ackermann_mux/share/ackermann_mux/local_setup.sh
[2.563s] -- Up-to-date: /f1tenth_ws/install/ackermann_mux/share/ackermann_mux/local_setup.zsh
[2.564s] -- Up-to-date: /f1tenth_ws/install/ackermann_mux/share/ackermann_mux/local_setup.dsv
[2.564s] -- Installing: /f1tenth_ws/install/ackermann_mux/share/ackermann_mux/package.dsv
[2.564s] -- Up-to-date: /f1tenth_ws/install/ackermann_mux/share/ament_index/resource_index/packages/ackermann_mux
[2.565s] -- Up-to-date: /f1tenth_ws/install/ackermann_mux/share/ackermann_mux/cmake/ament_cmake_export_include_directories-extras.cmake
[2.565s] -- Up-to-date: /f1tenth_ws/install/ackermann_mux/share/ackermann_mux/cmake/ament_cmake_export_dependencies-extras.cmake
[2.565s] -- Up-to-date: /f1tenth_ws/install/ackermann_mux/share/ackermann_mux/cmake/ackermann_muxConfig.cmake
[2.566s] -- Up-to-date: /f1tenth_ws/install/ackermann_mux/share/ackermann_mux/cmake/ackermann_muxConfig-version.cmake
[2.567s] -- Up-to-date: /f1tenth_ws/install/ackermann_mux/share/ackermann_mux/package.xml
[2.576s] Invoked command in '/f1tenth_ws/build/ackermann_mux' returned '0': CMAKE_PREFIX_PATH=${CMAKE_PREFIX_PATH}:/f1tenth_ws/install/f1tenth_stack:/f1tenth_ws/install/joy_teleop:/f1tenth_ws/install/particle_filter:/f1tenth_ws/install/mouse_teleop:/f1tenth_ws/install/key_teleop:/opt/ros/foxy /usr/bin/cmake --install /f1tenth_ws/build/ackermann_mux
