[0.069s] Invoking command in '/f1tenth_ws/build/pure_pursuit': CMAKE_PREFIX_PATH=${CMAKE_PREFIX_PATH}:/f1tenth_ws/install/f1tenth_stack:/f1tenth_ws/install/joy_teleop:/f1tenth_ws/install/particle_filter:/f1tenth_ws/install/mouse_teleop:/f1tenth_ws/install/key_teleop:/opt/ros/foxy /usr/bin/cmake --build /f1tenth_ws/build/pure_pursuit -- -j6 -l6
[0.332s] [100%] Built target pure_pursuit_node
[0.370s] Invoked command in '/f1tenth_ws/build/pure_pursuit' returned '0': CMAKE_PREFIX_PATH=${CMAKE_PREFIX_PATH}:/f1tenth_ws/install/f1tenth_stack:/f1tenth_ws/install/joy_teleop:/f1tenth_ws/install/particle_filter:/f1tenth_ws/install/mouse_teleop:/f1tenth_ws/install/key_teleop:/opt/ros/foxy /usr/bin/cmake --build /f1tenth_ws/build/pure_pursuit -- -j6 -l6
[0.507s] Invoking command in '/f1tenth_ws/build/pure_pursuit': CMAKE_PREFIX_PATH=${CMAKE_PREFIX_PATH}:/f1tenth_ws/install/f1tenth_stack:/f1tenth_ws/install/joy_teleop:/f1tenth_ws/install/particle_filter:/f1tenth_ws/install/mouse_teleop:/f1tenth_ws/install/key_teleop:/opt/ros/foxy /usr/bin/cmake --install /f1tenth_ws/build/pure_pursuit
[0.536s] -- Install configuration: ""
[0.537s] -- Up-to-date: /f1tenth_ws/install/pure_pursuit/lib/pure_pursuit/pure_pursuit_node
[0.538s] -- Up-to-date: /f1tenth_ws/install/pure_pursuit/share/pure_pursuit/environment/pythonpath.sh
[0.539s] -- Up-to-date: /f1tenth_ws/install/pure_pursuit/share/pure_pursuit/environment/pythonpath.dsv
[0.539s] -- Up-to-date: /f1tenth_ws/install/pure_pursuit/lib/python3.8/site-packages/pure_pursuit
[0.540s] -- Up-to-date: /f1tenth_ws/install/pure_pursuit/lib/python3.8/site-packages/pure_pursuit/__init__.py
[0.682s] Listing '/f1tenth_ws/install/pure_pursuit/lib/python3.8/site-packages/pure_pursuit'...
[0.697s] -- Up-to-date: /f1tenth_ws/install/pure_pursuit/lib/pure_pursuit/pure_pursuit_node.py
[0.697s] -- Up-to-date: /f1tenth_ws/install/pure_pursuit/lib/pure_pursuit/waypoint_logger.py
[0.698s] -- Up-to-date: /f1tenth_ws/install/pure_pursuit/share/ament_index/resource_index/package_run_dependencies/pure_pursuit
[0.699s] -- Up-to-date: /f1tenth_ws/install/pure_pursuit/share/ament_index/resource_index/parent_prefix_path/pure_pursuit
[0.700s] -- Up-to-date: /f1tenth_ws/install/pure_pursuit/share/pure_pursuit/environment/ament_prefix_path.sh
[0.701s] -- Up-to-date: /f1tenth_ws/install/pure_pursuit/share/pure_pursuit/environment/ament_prefix_path.dsv
[0.701s] -- Up-to-date: /f1tenth_ws/install/pure_pursuit/share/pure_pursuit/environment/path.sh
[0.701s] -- Up-to-date: /f1tenth_ws/install/pure_pursuit/share/pure_pursuit/environment/path.dsv
[0.702s] -- Up-to-date: /f1tenth_ws/install/pure_pursuit/share/pure_pursuit/local_setup.bash
[0.703s] -- Up-to-date: /f1tenth_ws/install/pure_pursuit/share/pure_pursuit/local_setup.sh
[0.703s] -- Up-to-date: /f1tenth_ws/install/pure_pursuit/share/pure_pursuit/local_setup.zsh
[0.703s] -- Up-to-date: /f1tenth_ws/install/pure_pursuit/share/pure_pursuit/local_setup.dsv
[0.704s] -- Installing: /f1tenth_ws/install/pure_pursuit/share/pure_pursuit/package.dsv
[0.704s] -- Up-to-date: /f1tenth_ws/install/pure_pursuit/share/ament_index/resource_index/packages/pure_pursuit
[0.704s] -- Up-to-date: /f1tenth_ws/install/pure_pursuit/share/pure_pursuit/cmake/pure_pursuitConfig.cmake
[0.705s] -- Up-to-date: /f1tenth_ws/install/pure_pursuit/share/pure_pursuit/cmake/pure_pursuitConfig-version.cmake
[0.705s] -- Up-to-date: /f1tenth_ws/install/pure_pursuit/share/pure_pursuit/package.xml
[0.713s] Invoked command in '/f1tenth_ws/build/pure_pursuit' returned '0': CMAKE_PREFIX_PATH=${CMAKE_PREFIX_PATH}:/f1tenth_ws/install/f1tenth_stack:/f1tenth_ws/install/joy_teleop:/f1tenth_ws/install/particle_filter:/f1tenth_ws/install/mouse_teleop:/f1tenth_ws/install/key_teleop:/opt/ros/foxy /usr/bin/cmake --install /f1tenth_ws/build/pure_pursuit
