[0.275s] Invoking command in '/f1tenth_ws/build/ackermann_mux': CMAKE_PREFIX_PATH=${CMAKE_PREFIX_PATH}:/f1tenth_ws/install/f1tenth_stack:/f1tenth_ws/install/joy_teleop:/f1tenth_ws/install/particle_filter:/f1tenth_ws/install/mouse_teleop:/f1tenth_ws/install/key_teleop:/opt/ros/foxy /usr/bin/cmake --build /f1tenth_ws/build/ackermann_mux -- -j6 -l6
[1.464s] [100%] Built target ackermann_mux
[1.482s] Invoked command in '/f1tenth_ws/build/ackermann_mux' returned '0': CMAKE_PREFIX_PATH=${CMAKE_PREFIX_PATH}:/f1tenth_ws/install/f1tenth_stack:/f1tenth_ws/install/joy_teleop:/f1tenth_ws/install/particle_filter:/f1tenth_ws/install/mouse_teleop:/f1tenth_ws/install/key_teleop:/opt/ros/foxy /usr/bin/cmake --build /f1tenth_ws/build/ackermann_mux -- -j6 -l6
[1.692s] Invoking command in '/f1tenth_ws/build/ackermann_mux': CMAKE_PREFIX_PATH=${CMAKE_PREFIX_PATH}:/f1tenth_ws/install/f1tenth_stack:/f1tenth_ws/install/joy_teleop:/f1tenth_ws/install/particle_filter:/f1tenth_ws/install/mouse_teleop:/f1tenth_ws/install/key_teleop:/opt/ros/foxy /usr/bin/cmake --install /f1tenth_ws/build/ackermann_mux
[1.844s] -- Install configuration: ""
[1.861s] -- Up-to-date: /f1tenth_ws/install/ackermann_mux/lib/ackermann_mux/ackermann_mux
[1.861s] -- Up-to-date: /f1tenth_ws/install/ackermann_mux/share/ackermann_mux/launch
[1.864s] -- Up-to-date: /f1tenth_ws/install/ackermann_mux/share/ackermann_mux/launch/ackermann_mux_launch.py
[1.864s] -- Up-to-date: /f1tenth_ws/install/ackermann_mux/share/ackermann_mux/config
[1.865s] -- Up-to-date: /f1tenth_ws/install/ackermann_mux/share/ackermann_mux/config/ackermann_mux_locks.yaml
[1.865s] -- Up-to-date: /f1tenth_ws/install/ackermann_mux/share/ackermann_mux/config/ackermann_mux_topics.yaml
[1.865s] -- Up-to-date: /f1tenth_ws/install/ackermann_mux/share/ackermann_mux/config/joystick.yaml
[1.866s] -- Up-to-date: /f1tenth_ws/install/ackermann_mux/include
[1.866s] -- Up-to-date: /f1tenth_ws/install/ackermann_mux/include/ackermann_mux
[1.867s] -- Up-to-date: /f1tenth_ws/install/ackermann_mux/include/ackermann_mux/ackermann_mux.hpp
[1.867s] -- Up-to-date: /f1tenth_ws/install/ackermann_mux/include/ackermann_mux/topic_handle.hpp
[1.867s] -- Up-to-date: /f1tenth_ws/install/ackermann_mux/include/ackermann_mux/params_helpers.hpp
[1.868s] -- Up-to-date: /f1tenth_ws/install/ackermann_mux/include/ackermann_mux/utils.hpp
[1.868s] -- Up-to-date: /f1tenth_ws/install/ackermann_mux/include/ackermann_mux/ackermann_mux_diagnostics.hpp
[1.869s] -- Up-to-date: /f1tenth_ws/install/ackermann_mux/include/ackermann_mux/ackermann_mux_diagnostics_status.hpp
[1.870s] -- Up-to-date: /f1tenth_ws/install/ackermann_mux/share/ament_index/resource_index/package_run_dependencies/ackermann_mux
[1.870s] -- Up-to-date: /f1tenth_ws/install/ackermann_mux/share/ament_index/resource_index/parent_prefix_path/ackermann_mux
[1.871s] -- Up-to-date: /f1tenth_ws/install/ackermann_mux/share/ackermann_mux/environment/ament_prefix_path.sh
[1.871s] -- Up-to-date: /f1tenth_ws/install/ackermann_mux/share/ackermann_mux/environment/ament_prefix_path.dsv
[1.871s] -- Up-to-date: /f1tenth_ws/install/ackermann_mux/share/ackermann_mux/environment/path.sh
[1.872s] -- Up-to-date: /f1tenth_ws/install/ackermann_mux/share/ackermann_mux/environment/path.dsv
[1.872s] -- Up-to-date: /f1tenth_ws/install/ackermann_mux/share/ackermann_mux/local_setup.bash
[1.872s] -- Up-to-date: /f1tenth_ws/install/ackermann_mux/share/ackermann_mux/local_setup.sh
[1.874s] -- Up-to-date: /f1tenth_ws/install/ackermann_mux/share/ackermann_mux/local_setup.zsh
[1.874s] -- Up-to-date: /f1tenth_ws/install/ackermann_mux/share/ackermann_mux/local_setup.dsv
[1.874s] -- Installing: /f1tenth_ws/install/ackermann_mux/share/ackermann_mux/package.dsv
[1.875s] -- Up-to-date: /f1tenth_ws/install/ackermann_mux/share/ament_index/resource_index/packages/ackermann_mux
[1.875s] -- Up-to-date: /f1tenth_ws/install/ackermann_mux/share/ackermann_mux/cmake/ament_cmake_export_include_directories-extras.cmake
[1.875s] -- Up-to-date: /f1tenth_ws/install/ackermann_mux/share/ackermann_mux/cmake/ament_cmake_export_dependencies-extras.cmake
[1.876s] -- Up-to-date: /f1tenth_ws/install/ackermann_mux/share/ackermann_mux/cmake/ackermann_muxConfig.cmake
[1.876s] -- Up-to-date: /f1tenth_ws/install/ackermann_mux/share/ackermann_mux/cmake/ackermann_muxConfig-version.cmake
[1.876s] -- Up-to-date: /f1tenth_ws/install/ackermann_mux/share/ackermann_mux/package.xml
[1.890s] Invoked command in '/f1tenth_ws/build/ackermann_mux' returned '0': CMAKE_PREFIX_PATH=${CMAKE_PREFIX_PATH}:/f1tenth_ws/install/f1tenth_stack:/f1tenth_ws/install/joy_teleop:/f1tenth_ws/install/particle_filter:/f1tenth_ws/install/mouse_teleop:/f1tenth_ws/install/key_teleop:/opt/ros/foxy /usr/bin/cmake --install /f1tenth_ws/build/ackermann_mux
