[3.706s] Invoking command in '/f1tenth_ws/src/f1tenth_system/teleop_tools/key_teleop': PYTHONPATH=/f1tenth_ws/install/key_teleop/lib/python3.8/site-packages:${PYTHONPATH} /usr/bin/python3 setup.py egg_info --egg-base ../../../../build/key_teleop build --build-base /f1tenth_ws/build/key_teleop/build install --prefix /f1tenth_ws/install/key_teleop --record /f1tenth_ws/build/key_teleop/install.log --single-version-externally-managed
[4.974s] running egg_info
[4.977s] writing ../../../../build/key_teleop/key_teleop.egg-info/PKG-INFO
[4.978s] writing dependency_links to ../../../../build/key_teleop/key_teleop.egg-info/dependency_links.txt
[4.978s] writing entry points to ../../../../build/key_teleop/key_teleop.egg-info/entry_points.txt
[4.980s] writing requirements to ../../../../build/key_teleop/key_teleop.egg-info/requires.txt
[4.981s] writing top-level names to ../../../../build/key_teleop/key_teleop.egg-info/top_level.txt
[5.222s] reading manifest file '../../../../build/key_teleop/key_teleop.egg-info/SOURCES.txt'
[5.240s] writing manifest file '../../../../build/key_teleop/key_teleop.egg-info/SOURCES.txt'
[5.241s] running build
[5.241s] running build_py
[5.241s] running install
[5.260s] running install_lib
[5.260s] running install_data
[5.261s] running install_egg_info
[5.262s] removing '/f1tenth_ws/install/key_teleop/lib/python3.8/site-packages/key_teleop-0.3.0-py3.8.egg-info' (and everything under it)
[5.289s] Copying ../../../../build/key_teleop/key_teleop.egg-info to /f1tenth_ws/install/key_teleop/lib/python3.8/site-packages/key_teleop-0.3.0-py3.8.egg-info
[5.290s] running install_scripts
[5.399s] Installing key_teleop script to /f1tenth_ws/install/key_teleop/lib/key_teleop
[5.400s] writing list of installed files to '/f1tenth_ws/build/key_teleop/install.log'
[5.559s] Invoked command in '/f1tenth_ws/src/f1tenth_system/teleop_tools/key_teleop' returned '0': PYTHONPATH=/f1tenth_ws/install/key_teleop/lib/python3.8/site-packages:${PYTHONPATH} /usr/bin/python3 setup.py egg_info --egg-base ../../../../build/key_teleop build --build-base /f1tenth_ws/build/key_teleop/build install --prefix /f1tenth_ws/install/key_teleop --record /f1tenth_ws/build/key_teleop/install.log --single-version-externally-managed
