[1.273s] Invoking command in '/f1tenth_ws/build/gap_follow': CMAKE_PREFIX_PATH=${CMAKE_PREFIX_PATH}:/f1tenth_ws/install/f1tenth_stack:/f1tenth_ws/install/joy_teleop:/f1tenth_ws/install/particle_filter:/f1tenth_ws/install/mouse_teleop:/f1tenth_ws/install/key_teleop:/opt/ros/foxy /usr/bin/cmake --build /f1tenth_ws/build/gap_follow -- -j6 -l6
[2.341s] [100%] Built target reactive_node
[2.378s] Invoked command in '/f1tenth_ws/build/gap_follow' returned '0': CMAKE_PREFIX_PATH=${CMAKE_PREFIX_PATH}:/f1tenth_ws/install/f1tenth_stack:/f1tenth_ws/install/joy_teleop:/f1tenth_ws/install/particle_filter:/f1tenth_ws/install/mouse_teleop:/f1tenth_ws/install/key_teleop:/opt/ros/foxy /usr/bin/cmake --build /f1tenth_ws/build/gap_follow -- -j6 -l6
[2.576s] Invoking command in '/f1tenth_ws/build/gap_follow': CMAKE_PREFIX_PATH=${CMAKE_PREFIX_PATH}:/f1tenth_ws/install/f1tenth_stack:/f1tenth_ws/install/joy_teleop:/f1tenth_ws/install/particle_filter:/f1tenth_ws/install/mouse_teleop:/f1tenth_ws/install/key_teleop:/opt/ros/foxy /usr/bin/cmake --install /f1tenth_ws/build/gap_follow
[2.661s] -- Install configuration: ""
[2.662s] -- Up-to-date: /f1tenth_ws/install/gap_follow/lib/gap_follow/reactive_node
[2.662s] -- Up-to-date: /f1tenth_ws/install/gap_follow/share/gap_follow/environment/pythonpath.sh
[2.663s] -- Up-to-date: /f1tenth_ws/install/gap_follow/share/gap_follow/environment/pythonpath.dsv
[2.663s] -- Up-to-date: /f1tenth_ws/install/gap_follow/lib/python3.8/site-packages/gap_follow
[2.664s] -- Up-to-date: /f1tenth_ws/install/gap_follow/lib/python3.8/site-packages/gap_follow/__init__.py
[2.846s] Listing '/f1tenth_ws/install/gap_follow/lib/python3.8/site-packages/gap_follow'...
[2.867s] -- Up-to-date: /f1tenth_ws/install/gap_follow/lib/gap_follow/reactive_node.py
[2.869s] -- Up-to-date: /f1tenth_ws/install/gap_follow/share/ament_index/resource_index/package_run_dependencies/gap_follow
[2.871s] -- Up-to-date: /f1tenth_ws/install/gap_follow/share/ament_index/resource_index/parent_prefix_path/gap_follow
[2.873s] -- Up-to-date: /f1tenth_ws/install/gap_follow/share/gap_follow/environment/ament_prefix_path.sh
[2.875s] -- Up-to-date: /f1tenth_ws/install/gap_follow/share/gap_follow/environment/ament_prefix_path.dsv
[2.876s] -- Up-to-date: /f1tenth_ws/install/gap_follow/share/gap_follow/environment/path.sh
[2.878s] -- Up-to-date: /f1tenth_ws/install/gap_follow/share/gap_follow/environment/path.dsv
[2.878s] -- Up-to-date: /f1tenth_ws/install/gap_follow/share/gap_follow/local_setup.bash
[2.879s] -- Up-to-date: /f1tenth_ws/install/gap_follow/share/gap_follow/local_setup.sh
[2.882s] -- Up-to-date: /f1tenth_ws/install/gap_follow/share/gap_follow/local_setup.zsh
[2.882s] -- Up-to-date: /f1tenth_ws/install/gap_follow/share/gap_follow/local_setup.dsv
[2.884s] -- Installing: /f1tenth_ws/install/gap_follow/share/gap_follow/package.dsv
[2.885s] -- Up-to-date: /f1tenth_ws/install/gap_follow/share/ament_index/resource_index/packages/gap_follow
[2.885s] -- Up-to-date: /f1tenth_ws/install/gap_follow/share/gap_follow/cmake/gap_followConfig.cmake
[2.885s] -- Up-to-date: /f1tenth_ws/install/gap_follow/share/gap_follow/cmake/gap_followConfig-version.cmake
[2.895s] -- Up-to-date: /f1tenth_ws/install/gap_follow/share/gap_follow/package.xml
[2.910s] Invoked command in '/f1tenth_ws/build/gap_follow' returned '0': CMAKE_PREFIX_PATH=${CMAKE_PREFIX_PATH}:/f1tenth_ws/install/f1tenth_stack:/f1tenth_ws/install/joy_teleop:/f1tenth_ws/install/particle_filter:/f1tenth_ws/install/mouse_teleop:/f1tenth_ws/install/key_teleop:/opt/ros/foxy /usr/bin/cmake --install /f1tenth_ws/build/gap_follow
