[0.291s] Invoking command in '/f1tenth_ws/build/vesc_msgs': CMAKE_PREFIX_PATH=${CMAKE_PREFIX_PATH}:/f1tenth_ws/install/f1tenth_stack:/f1tenth_ws/install/joy_teleop:/f1tenth_ws/install/particle_filter:/f1tenth_ws/install/mouse_teleop:/f1tenth_ws/install/key_teleop:/opt/ros/foxy /usr/bin/cmake --build /f1tenth_ws/build/vesc_msgs -- -j6 -l6
[2.527s] [  1%] Built target vesc_msgs__cpp
[2.531s] [ 12%] Built target vesc_msgs__rosidl_generator_c
[2.533s] [ 23%] Built target vesc_msgs__rosidl_typesupport_cpp
[2.535s] [ 34%] Built target vesc_msgs__rosidl_typesupport_introspection_cpp
[2.536s] [ 45%] Built target vesc_msgs__rosidl_typesupport_fastrtps_cpp
[2.537s] [ 56%] Built target vesc_msgs__rosidl_typesupport_c
[2.538s] [ 67%] Built target vesc_msgs__rosidl_typesupport_introspection_c
[2.539s] [ 78%] Built target vesc_msgs__rosidl_typesupport_fastrtps_c
[2.543s] [ 78%] Built target vesc_msgs
[2.549s] [ 80%] Built target vesc_msgs__py
[2.552s] [ 89%] Built target vesc_msgs__python
[2.556s] [ 92%] Built target vesc_msgs__rosidl_typesupport_c__pyext
[2.558s] [ 96%] Built target vesc_msgs__rosidl_typesupport_fastrtps_c__pyext
[2.562s] [100%] Built target vesc_msgs__rosidl_typesupport_introspection_c__pyext
[2.592s] Invoked command in '/f1tenth_ws/build/vesc_msgs' returned '0': CMAKE_PREFIX_PATH=${CMAKE_PREFIX_PATH}:/f1tenth_ws/install/f1tenth_stack:/f1tenth_ws/install/joy_teleop:/f1tenth_ws/install/particle_filter:/f1tenth_ws/install/mouse_teleop:/f1tenth_ws/install/key_teleop:/opt/ros/foxy /usr/bin/cmake --build /f1tenth_ws/build/vesc_msgs -- -j6 -l6
[3.121s] Invoking command in '/f1tenth_ws/build/vesc_msgs': CMAKE_PREFIX_PATH=${CMAKE_PREFIX_PATH}:/f1tenth_ws/install/f1tenth_stack:/f1tenth_ws/install/joy_teleop:/f1tenth_ws/install/particle_filter:/f1tenth_ws/install/mouse_teleop:/f1tenth_ws/install/key_teleop:/opt/ros/foxy /usr/bin/cmake --install /f1tenth_ws/build/vesc_msgs
[3.155s] -- Install configuration: ""
[3.156s] -- Up-to-date: /f1tenth_ws/install/vesc_msgs/share/ament_index/resource_index/rosidl_interfaces/vesc_msgs
[3.171s] -- Up-to-date: /f1tenth_ws/install/vesc_msgs/include/vesc_msgs
[3.172s] -- Up-to-date: /f1tenth_ws/install/vesc_msgs/include/vesc_msgs/msg
[3.173s] -- Up-to-date: /f1tenth_ws/install/vesc_msgs/include/vesc_msgs/msg/vesc_state_stamped.h
[3.174s] -- Up-to-date: /f1tenth_ws/install/vesc_msgs/include/vesc_msgs/msg/vesc_state.h
[3.181s] -- Up-to-date: /f1tenth_ws/install/vesc_msgs/include/vesc_msgs/msg/vesc_imu_stamped.h
[3.189s] -- Up-to-date: /f1tenth_ws/install/vesc_msgs/include/vesc_msgs/msg/vesc_imu.h
[3.190s] -- Up-to-date: /f1tenth_ws/install/vesc_msgs/include/vesc_msgs/msg/detail
[3.198s] -- Up-to-date: /f1tenth_ws/install/vesc_msgs/include/vesc_msgs/msg/detail/vesc_imu_stamped__functions.c
[3.209s] -- Up-to-date: /f1tenth_ws/install/vesc_msgs/include/vesc_msgs/msg/detail/vesc_imu_stamped__struct.h
[3.209s] -- Up-to-date: /f1tenth_ws/install/vesc_msgs/include/vesc_msgs/msg/detail/vesc_imu__functions.c
[3.210s] -- Up-to-date: /f1tenth_ws/install/vesc_msgs/include/vesc_msgs/msg/detail/vesc_state_stamped__type_support.h
[3.210s] -- Up-to-date: /f1tenth_ws/install/vesc_msgs/include/vesc_msgs/msg/detail/vesc_state__functions.c
[3.211s] -- Up-to-date: /f1tenth_ws/install/vesc_msgs/include/vesc_msgs/msg/detail/vesc_imu_stamped__type_support.h
[3.211s] -- Up-to-date: /f1tenth_ws/install/vesc_msgs/include/vesc_msgs/msg/detail/vesc_state__functions.h
[3.211s] -- Up-to-date: /f1tenth_ws/install/vesc_msgs/include/vesc_msgs/msg/detail/vesc_state_stamped__struct.h
[3.219s] -- Up-to-date: /f1tenth_ws/install/vesc_msgs/include/vesc_msgs/msg/detail/vesc_state__type_support.h
[3.221s] -- Up-to-date: /f1tenth_ws/install/vesc_msgs/include/vesc_msgs/msg/detail/vesc_imu__type_support.h
[3.221s] -- Up-to-date: /f1tenth_ws/install/vesc_msgs/include/vesc_msgs/msg/detail/vesc_state_stamped__functions.c
[3.222s] -- Up-to-date: /f1tenth_ws/install/vesc_msgs/include/vesc_msgs/msg/detail/vesc_imu_stamped__functions.h
[3.223s] -- Up-to-date: /f1tenth_ws/install/vesc_msgs/include/vesc_msgs/msg/detail/vesc_state_stamped__functions.h
[3.224s] -- Up-to-date: /f1tenth_ws/install/vesc_msgs/include/vesc_msgs/msg/detail/vesc_state__struct.h
[3.224s] -- Up-to-date: /f1tenth_ws/install/vesc_msgs/include/vesc_msgs/msg/detail/vesc_imu__struct.h
[3.224s] -- Up-to-date: /f1tenth_ws/install/vesc_msgs/include/vesc_msgs/msg/detail/vesc_imu__functions.h
[3.225s] -- Up-to-date: /f1tenth_ws/install/vesc_msgs/include/vesc_msgs/msg/rosidl_generator_c__visibility_control.h
[3.226s] -- Up-to-date: /f1tenth_ws/install/vesc_msgs/share/vesc_msgs/environment/library_path.sh
[3.227s] -- Up-to-date: /f1tenth_ws/install/vesc_msgs/share/vesc_msgs/environment/library_path.dsv
[3.228s] -- Up-to-date: /f1tenth_ws/install/vesc_msgs/lib/libvesc_msgs__rosidl_generator_c.so
[3.228s] -- Up-to-date: /f1tenth_ws/install/vesc_msgs/include/vesc_msgs
[3.229s] -- Up-to-date: /f1tenth_ws/install/vesc_msgs/include/vesc_msgs/msg
[3.230s] -- Up-to-date: /f1tenth_ws/install/vesc_msgs/include/vesc_msgs/msg/detail
[3.231s] -- Up-to-date: /f1tenth_ws/install/vesc_msgs/include/vesc_msgs/msg/detail/vesc_imu__rosidl_typesupport_fastrtps_c.h
[3.235s] -- Up-to-date: /f1tenth_ws/install/vesc_msgs/include/vesc_msgs/msg/detail/vesc_state_stamped__rosidl_typesupport_fastrtps_c.h
[3.237s] -- Up-to-date: /f1tenth_ws/install/vesc_msgs/include/vesc_msgs/msg/detail/vesc_imu_stamped__rosidl_typesupport_fastrtps_c.h
[3.238s] -- Up-to-date: /f1tenth_ws/install/vesc_msgs/include/vesc_msgs/msg/detail/vesc_state__rosidl_typesupport_fastrtps_c.h
[3.239s] -- Up-to-date: /f1tenth_ws/install/vesc_msgs/include/vesc_msgs/msg/rosidl_typesupport_fastrtps_c__visibility_control.h
[3.242s] -- Up-to-date: /f1tenth_ws/install/vesc_msgs/lib/libvesc_msgs__rosidl_typesupport_fastrtps_c.so
[3.242s] -- Up-to-date: /f1tenth_ws/install/vesc_msgs/include/vesc_msgs
[3.244s] -- Up-to-date: /f1tenth_ws/install/vesc_msgs/include/vesc_msgs/msg
[3.245s] -- Up-to-date: /f1tenth_ws/install/vesc_msgs/include/vesc_msgs/msg/rosidl_typesupport_fastrtps_cpp__visibility_control.h
[3.246s] -- Up-to-date: /f1tenth_ws/install/vesc_msgs/include/vesc_msgs/msg/detail
[3.247s] -- Up-to-date: /f1tenth_ws/install/vesc_msgs/include/vesc_msgs/msg/detail/vesc_imu__rosidl_typesupport_fastrtps_cpp.hpp
[3.247s] -- Up-to-date: /f1tenth_ws/install/vesc_msgs/include/vesc_msgs/msg/detail/vesc_state_stamped__rosidl_typesupport_fastrtps_cpp.hpp
[3.248s] -- Up-to-date: /f1tenth_ws/install/vesc_msgs/include/vesc_msgs/msg/detail/dds_fastrtps
[3.249s] -- Up-to-date: /f1tenth_ws/install/vesc_msgs/include/vesc_msgs/msg/detail/vesc_state__rosidl_typesupport_fastrtps_cpp.hpp
[3.250s] -- Up-to-date: /f1tenth_ws/install/vesc_msgs/include/vesc_msgs/msg/detail/vesc_imu_stamped__rosidl_typesupport_fastrtps_cpp.hpp
[3.250s] -- Up-to-date: /f1tenth_ws/install/vesc_msgs/lib/libvesc_msgs__rosidl_typesupport_fastrtps_cpp.so
[3.251s] -- Up-to-date: /f1tenth_ws/install/vesc_msgs/include/vesc_msgs
[3.252s] -- Up-to-date: /f1tenth_ws/install/vesc_msgs/include/vesc_msgs/msg
[3.252s] -- Up-to-date: /f1tenth_ws/install/vesc_msgs/include/vesc_msgs/msg/rosidl_typesupport_introspection_c__visibility_control.h
[3.253s] -- Up-to-date: /f1tenth_ws/install/vesc_msgs/include/vesc_msgs/msg/detail
[3.254s] -- Up-to-date: /f1tenth_ws/install/vesc_msgs/include/vesc_msgs/msg/detail/vesc_state_stamped__type_support.c
[3.255s] -- Up-to-date: /f1tenth_ws/install/vesc_msgs/include/vesc_msgs/msg/detail/vesc_imu__rosidl_typesupport_introspection_c.h
[3.255s] -- Up-to-date: /f1tenth_ws/install/vesc_msgs/include/vesc_msgs/msg/detail/vesc_state__type_support.c
[3.255s] -- Up-to-date: /f1tenth_ws/install/vesc_msgs/include/vesc_msgs/msg/detail/vesc_state__rosidl_typesupport_introspection_c.h
[3.256s] -- Up-to-date: /f1tenth_ws/install/vesc_msgs/include/vesc_msgs/msg/detail/vesc_state_stamped__rosidl_typesupport_introspection_c.h
[3.257s] -- Up-to-date: /f1tenth_ws/install/vesc_msgs/include/vesc_msgs/msg/detail/vesc_imu_stamped__rosidl_typesupport_introspection_c.h
[3.258s] -- Up-to-date: /f1tenth_ws/install/vesc_msgs/include/vesc_msgs/msg/detail/vesc_imu_stamped__type_support.c
[3.259s] -- Up-to-date: /f1tenth_ws/install/vesc_msgs/include/vesc_msgs/msg/detail/vesc_imu__type_support.c
[3.261s] -- Up-to-date: /f1tenth_ws/install/vesc_msgs/lib/libvesc_msgs__rosidl_typesupport_introspection_c.so
[3.265s] -- Up-to-date: /f1tenth_ws/install/vesc_msgs/lib/libvesc_msgs__rosidl_typesupport_c.so
[3.267s] -- Up-to-date: /f1tenth_ws/install/vesc_msgs/include/vesc_msgs
[3.267s] -- Up-to-date: /f1tenth_ws/install/vesc_msgs/include/vesc_msgs/msg
[3.268s] -- Up-to-date: /f1tenth_ws/install/vesc_msgs/include/vesc_msgs/msg/vesc_state.hpp
[3.268s] -- Up-to-date: /f1tenth_ws/install/vesc_msgs/include/vesc_msgs/msg/vesc_imu_stamped.hpp
[3.269s] -- Up-to-date: /f1tenth_ws/install/vesc_msgs/include/vesc_msgs/msg/vesc_imu.hpp
[3.270s] -- Up-to-date: /f1tenth_ws/install/vesc_msgs/include/vesc_msgs/msg/detail
[3.271s] -- Up-to-date: /f1tenth_ws/install/vesc_msgs/include/vesc_msgs/msg/detail/vesc_state__struct.hpp
[3.273s] -- Up-to-date: /f1tenth_ws/install/vesc_msgs/include/vesc_msgs/msg/detail/vesc_state__builder.hpp
[3.273s] -- Up-to-date: /f1tenth_ws/install/vesc_msgs/include/vesc_msgs/msg/detail/vesc_imu__traits.hpp
[3.274s] -- Up-to-date: /f1tenth_ws/install/vesc_msgs/include/vesc_msgs/msg/detail/vesc_state_stamped__builder.hpp
[3.274s] -- Up-to-date: /f1tenth_ws/install/vesc_msgs/include/vesc_msgs/msg/detail/vesc_imu_stamped__struct.hpp
[3.274s] -- Up-to-date: /f1tenth_ws/install/vesc_msgs/include/vesc_msgs/msg/detail/vesc_imu__struct.hpp
[3.275s] -- Up-to-date: /f1tenth_ws/install/vesc_msgs/include/vesc_msgs/msg/detail/vesc_state__traits.hpp
[3.275s] -- Up-to-date: /f1tenth_ws/install/vesc_msgs/include/vesc_msgs/msg/detail/vesc_state_stamped__traits.hpp
[3.275s] -- Up-to-date: /f1tenth_ws/install/vesc_msgs/include/vesc_msgs/msg/detail/vesc_imu_stamped__builder.hpp
[3.276s] -- Up-to-date: /f1tenth_ws/install/vesc_msgs/include/vesc_msgs/msg/detail/vesc_imu_stamped__traits.hpp
[3.276s] -- Up-to-date: /f1tenth_ws/install/vesc_msgs/include/vesc_msgs/msg/detail/vesc_imu__builder.hpp
[3.276s] -- Up-to-date: /f1tenth_ws/install/vesc_msgs/include/vesc_msgs/msg/detail/vesc_state_stamped__struct.hpp
[3.277s] -- Up-to-date: /f1tenth_ws/install/vesc_msgs/include/vesc_msgs/msg/vesc_state_stamped.hpp
[3.278s] -- Up-to-date: /f1tenth_ws/install/vesc_msgs/include/vesc_msgs
[3.279s] -- Up-to-date: /f1tenth_ws/install/vesc_msgs/include/vesc_msgs/msg
[3.280s] -- Up-to-date: /f1tenth_ws/install/vesc_msgs/include/vesc_msgs/msg/detail
[3.284s] -- Up-to-date: /f1tenth_ws/install/vesc_msgs/include/vesc_msgs/msg/detail/vesc_imu__type_support.cpp
[3.287s] -- Up-to-date: /f1tenth_ws/install/vesc_msgs/include/vesc_msgs/msg/detail/vesc_state_stamped__rosidl_typesupport_introspection_cpp.hpp
[3.287s] -- Up-to-date: /f1tenth_ws/install/vesc_msgs/include/vesc_msgs/msg/detail/vesc_state_stamped__type_support.cpp
[3.288s] -- Up-to-date: /f1tenth_ws/install/vesc_msgs/include/vesc_msgs/msg/detail/vesc_state__type_support.cpp
[3.288s] -- Up-to-date: /f1tenth_ws/install/vesc_msgs/include/vesc_msgs/msg/detail/vesc_state__rosidl_typesupport_introspection_cpp.hpp
[3.288s] -- Up-to-date: /f1tenth_ws/install/vesc_msgs/include/vesc_msgs/msg/detail/vesc_imu__rosidl_typesupport_introspection_cpp.hpp
[3.289s] -- Up-to-date: /f1tenth_ws/install/vesc_msgs/include/vesc_msgs/msg/detail/vesc_imu_stamped__type_support.cpp
[3.289s] -- Up-to-date: /f1tenth_ws/install/vesc_msgs/include/vesc_msgs/msg/detail/vesc_imu_stamped__rosidl_typesupport_introspection_cpp.hpp
[3.290s] -- Up-to-date: /f1tenth_ws/install/vesc_msgs/lib/libvesc_msgs__rosidl_typesupport_introspection_cpp.so
[3.290s] -- Up-to-date: /f1tenth_ws/install/vesc_msgs/lib/libvesc_msgs__rosidl_typesupport_cpp.so
[3.290s] -- Up-to-date: /f1tenth_ws/install/vesc_msgs/share/vesc_msgs/environment/pythonpath.sh
[3.291s] -- Up-to-date: /f1tenth_ws/install/vesc_msgs/share/vesc_msgs/environment/pythonpath.dsv
[3.291s] -- Up-to-date: /f1tenth_ws/install/vesc_msgs/lib/python3.8/site-packages/vesc_msgs/__init__.py
[3.376s] -- Up-to-date: /f1tenth_ws/install/vesc_msgs/lib/python3.8/site-packages/vesc_msgs/msg
[3.378s] -- Up-to-date: /f1tenth_ws/install/vesc_msgs/lib/python3.8/site-packages/vesc_msgs/msg/_vesc_state.py
[3.379s] -- Up-to-date: /f1tenth_ws/install/vesc_msgs/lib/python3.8/site-packages/vesc_msgs/msg/_vesc_imu_s.c
[3.380s] -- Up-to-date: /f1tenth_ws/install/vesc_msgs/lib/python3.8/site-packages/vesc_msgs/msg/_vesc_imu.py
[3.381s] -- Up-to-date: /f1tenth_ws/install/vesc_msgs/lib/python3.8/site-packages/vesc_msgs/msg/_vesc_state_stamped_s.c
[3.382s] -- Up-to-date: /f1tenth_ws/install/vesc_msgs/lib/python3.8/site-packages/vesc_msgs/msg/_vesc_state_s.c
[3.382s] -- Up-to-date: /f1tenth_ws/install/vesc_msgs/lib/python3.8/site-packages/vesc_msgs/msg/_vesc_imu_stamped.py
[3.388s] -- Up-to-date: /f1tenth_ws/install/vesc_msgs/lib/python3.8/site-packages/vesc_msgs/msg/_vesc_imu_stamped_s.c
[3.392s] -- Up-to-date: /f1tenth_ws/install/vesc_msgs/lib/python3.8/site-packages/vesc_msgs/msg/_vesc_state_stamped.py
[3.406s] -- Up-to-date: /f1tenth_ws/install/vesc_msgs/lib/python3.8/site-packages/vesc_msgs/msg/__init__.py
[3.406s] -- Up-to-date: /f1tenth_ws/install/vesc_msgs/lib/python3.8/site-packages/vesc_msgs/vesc_msgs_s__rosidl_typesupport_fastrtps_c.cpython-38-aarch64-linux-gnu.so
[3.406s] -- Up-to-date: /f1tenth_ws/install/vesc_msgs/lib/python3.8/site-packages/vesc_msgs/vesc_msgs_s__rosidl_typesupport_introspection_c.cpython-38-aarch64-linux-gnu.so
[3.407s] -- Up-to-date: /f1tenth_ws/install/vesc_msgs/lib/python3.8/site-packages/vesc_msgs/vesc_msgs_s__rosidl_typesupport_c.cpython-38-aarch64-linux-gnu.so
[3.407s] -- Up-to-date: /f1tenth_ws/install/vesc_msgs/lib/libvesc_msgs__python.so
[3.412s] -- Up-to-date: /f1tenth_ws/install/vesc_msgs/share/vesc_msgs/msg/VescState.idl
[3.425s] -- Up-to-date: /f1tenth_ws/install/vesc_msgs/share/vesc_msgs/msg/VescStateStamped.idl
[3.436s] -- Up-to-date: /f1tenth_ws/install/vesc_msgs/share/vesc_msgs/msg/VescImu.idl
[3.436s] -- Up-to-date: /f1tenth_ws/install/vesc_msgs/share/vesc_msgs/msg/VescImuStamped.idl
[3.437s] -- Up-to-date: /f1tenth_ws/install/vesc_msgs/share/vesc_msgs/msg/VescState.msg
[3.437s] -- Up-to-date: /f1tenth_ws/install/vesc_msgs/share/vesc_msgs/msg/VescStateStamped.msg
[3.438s] -- Up-to-date: /f1tenth_ws/install/vesc_msgs/share/vesc_msgs/msg/VescImu.msg
[3.438s] -- Up-to-date: /f1tenth_ws/install/vesc_msgs/share/vesc_msgs/msg/VescImuStamped.msg
[3.440s] -- Up-to-date: /f1tenth_ws/install/vesc_msgs/share/ament_index/resource_index/package_run_dependencies/vesc_msgs
[3.441s] -- Up-to-date: /f1tenth_ws/install/vesc_msgs/share/ament_index/resource_index/parent_prefix_path/vesc_msgs
[3.444s] -- Up-to-date: /f1tenth_ws/install/vesc_msgs/share/vesc_msgs/environment/ament_prefix_path.sh
[3.445s] -- Up-to-date: /f1tenth_ws/install/vesc_msgs/share/vesc_msgs/environment/ament_prefix_path.dsv
[3.445s] -- Up-to-date: /f1tenth_ws/install/vesc_msgs/share/vesc_msgs/environment/path.sh
[3.446s] -- Up-to-date: /f1tenth_ws/install/vesc_msgs/share/vesc_msgs/environment/path.dsv
[3.446s] -- Up-to-date: /f1tenth_ws/install/vesc_msgs/share/vesc_msgs/local_setup.bash
[3.446s] -- Up-to-date: /f1tenth_ws/install/vesc_msgs/share/vesc_msgs/local_setup.sh
[3.447s] -- Up-to-date: /f1tenth_ws/install/vesc_msgs/share/vesc_msgs/local_setup.zsh
[3.447s] -- Up-to-date: /f1tenth_ws/install/vesc_msgs/share/vesc_msgs/local_setup.dsv
[3.448s] -- Installing: /f1tenth_ws/install/vesc_msgs/share/vesc_msgs/package.dsv
[3.448s] -- Up-to-date: /f1tenth_ws/install/vesc_msgs/share/ament_index/resource_index/packages/vesc_msgs
[3.449s] -- Up-to-date: /f1tenth_ws/install/vesc_msgs/share/vesc_msgs/cmake/vesc_msgs__rosidl_generator_cExport.cmake
[3.450s] -- Up-to-date: /f1tenth_ws/install/vesc_msgs/share/vesc_msgs/cmake/vesc_msgs__rosidl_generator_cExport-noconfig.cmake
[3.450s] -- Up-to-date: /f1tenth_ws/install/vesc_msgs/share/vesc_msgs/cmake/vesc_msgs__rosidl_typesupport_introspection_cExport.cmake
[3.451s] -- Up-to-date: /f1tenth_ws/install/vesc_msgs/share/vesc_msgs/cmake/vesc_msgs__rosidl_typesupport_introspection_cExport-noconfig.cmake
[3.451s] -- Up-to-date: /f1tenth_ws/install/vesc_msgs/share/vesc_msgs/cmake/vesc_msgs__rosidl_typesupport_cExport.cmake
[3.451s] -- Up-to-date: /f1tenth_ws/install/vesc_msgs/share/vesc_msgs/cmake/vesc_msgs__rosidl_typesupport_cExport-noconfig.cmake
[3.452s] -- Up-to-date: /f1tenth_ws/install/vesc_msgs/share/vesc_msgs/cmake/vesc_msgs__rosidl_generator_cppExport.cmake
[3.452s] -- Up-to-date: /f1tenth_ws/install/vesc_msgs/share/vesc_msgs/cmake/vesc_msgs__rosidl_typesupport_introspection_cppExport.cmake
[3.453s] -- Up-to-date: /f1tenth_ws/install/vesc_msgs/share/vesc_msgs/cmake/vesc_msgs__rosidl_typesupport_introspection_cppExport-noconfig.cmake
[3.453s] -- Up-to-date: /f1tenth_ws/install/vesc_msgs/share/vesc_msgs/cmake/vesc_msgs__rosidl_typesupport_cppExport.cmake
[3.454s] -- Up-to-date: /f1tenth_ws/install/vesc_msgs/share/vesc_msgs/cmake/vesc_msgs__rosidl_typesupport_cppExport-noconfig.cmake
[3.454s] -- Up-to-date: /f1tenth_ws/install/vesc_msgs/share/vesc_msgs/cmake/rosidl_cmake-extras.cmake
[3.455s] -- Up-to-date: /f1tenth_ws/install/vesc_msgs/share/vesc_msgs/cmake/ament_cmake_export_dependencies-extras.cmake
[3.455s] -- Up-to-date: /f1tenth_ws/install/vesc_msgs/share/vesc_msgs/cmake/ament_cmake_export_libraries-extras.cmake
[3.456s] -- Up-to-date: /f1tenth_ws/install/vesc_msgs/share/vesc_msgs/cmake/ament_cmake_export_targets-extras.cmake
[3.456s] -- Up-to-date: /f1tenth_ws/install/vesc_msgs/share/vesc_msgs/cmake/ament_cmake_export_include_directories-extras.cmake
[3.456s] -- Up-to-date: /f1tenth_ws/install/vesc_msgs/share/vesc_msgs/cmake/rosidl_cmake_export_typesupport_libraries-extras.cmake
[3.457s] -- Up-to-date: /f1tenth_ws/install/vesc_msgs/share/vesc_msgs/cmake/rosidl_cmake_export_typesupport_targets-extras.cmake
[3.457s] -- Up-to-date: /f1tenth_ws/install/vesc_msgs/share/vesc_msgs/cmake/vesc_msgsConfig.cmake
[3.459s] -- Up-to-date: /f1tenth_ws/install/vesc_msgs/share/vesc_msgs/cmake/vesc_msgsConfig-version.cmake
[3.459s] -- Up-to-date: /f1tenth_ws/install/vesc_msgs/share/vesc_msgs/package.xml
[3.538s] Invoked command in '/f1tenth_ws/build/vesc_msgs' returned '0': CMAKE_PREFIX_PATH=${CMAKE_PREFIX_PATH}:/f1tenth_ws/install/f1tenth_stack:/f1tenth_ws/install/joy_teleop:/f1tenth_ws/install/particle_filter:/f1tenth_ws/install/mouse_teleop:/f1tenth_ws/install/key_teleop:/opt/ros/foxy /usr/bin/cmake --install /f1tenth_ws/build/vesc_msgs
