[1.310s] Invoking command in '/f1tenth_ws/build/pure_pursuit': CMAKE_PREFIX_PATH=${CMAKE_PREFIX_PATH}:/f1tenth_ws/install/f1tenth_stack:/f1tenth_ws/install/joy_teleop:/f1tenth_ws/install/particle_filter:/f1tenth_ws/install/mouse_teleop:/f1tenth_ws/install/key_teleop:/opt/ros/foxy /usr/bin/cmake --build /f1tenth_ws/build/pure_pursuit -- -j6 -l6
[1.709s] [100%] Built target pure_pursuit_node
[2.784s] Invoked command in '/f1tenth_ws/build/pure_pursuit' returned '0': CMAKE_PREFIX_PATH=${CMAKE_PREFIX_PATH}:/f1tenth_ws/install/f1tenth_stack:/f1tenth_ws/install/joy_teleop:/f1tenth_ws/install/particle_filter:/f1tenth_ws/install/mouse_teleop:/f1tenth_ws/install/key_teleop:/opt/ros/foxy /usr/bin/cmake --build /f1tenth_ws/build/pure_pursuit -- -j6 -l6
[3.042s] Invoking command in '/f1tenth_ws/build/pure_pursuit': CMAKE_PREFIX_PATH=${CMAKE_PREFIX_PATH}:/f1tenth_ws/install/f1tenth_stack:/f1tenth_ws/install/joy_teleop:/f1tenth_ws/install/particle_filter:/f1tenth_ws/install/mouse_teleop:/f1tenth_ws/install/key_teleop:/opt/ros/foxy /usr/bin/cmake --install /f1tenth_ws/build/pure_pursuit
[3.086s] -- Install configuration: ""
[3.103s] -- Up-to-date: /f1tenth_ws/install/pure_pursuit/lib/pure_pursuit/pure_pursuit_node
[3.103s] -- Up-to-date: /f1tenth_ws/install/pure_pursuit/share/pure_pursuit/environment/pythonpath.sh
[3.104s] -- Up-to-date: /f1tenth_ws/install/pure_pursuit/share/pure_pursuit/environment/pythonpath.dsv
[3.104s] -- Up-to-date: /f1tenth_ws/install/pure_pursuit/lib/python3.8/site-packages/pure_pursuit
[3.104s] -- Up-to-date: /f1tenth_ws/install/pure_pursuit/lib/python3.8/site-packages/pure_pursuit/__init__.py
[3.268s] Listing '/f1tenth_ws/install/pure_pursuit/lib/python3.8/site-packages/pure_pursuit'...
[3.297s] -- Up-to-date: /f1tenth_ws/install/pure_pursuit/lib/pure_pursuit/pure_pursuit_node.py
[3.297s] -- Up-to-date: /f1tenth_ws/install/pure_pursuit/lib/pure_pursuit/waypoint_logger.py
[3.300s] -- Up-to-date: /f1tenth_ws/install/pure_pursuit/share/ament_index/resource_index/package_run_dependencies/pure_pursuit
[3.301s] -- Up-to-date: /f1tenth_ws/install/pure_pursuit/share/ament_index/resource_index/parent_prefix_path/pure_pursuit
[3.302s] -- Up-to-date: /f1tenth_ws/install/pure_pursuit/share/pure_pursuit/environment/ament_prefix_path.sh
[3.302s] -- Up-to-date: /f1tenth_ws/install/pure_pursuit/share/pure_pursuit/environment/ament_prefix_path.dsv
[3.303s] -- Up-to-date: /f1tenth_ws/install/pure_pursuit/share/pure_pursuit/environment/path.sh
[3.303s] -- Up-to-date: /f1tenth_ws/install/pure_pursuit/share/pure_pursuit/environment/path.dsv
[3.304s] -- Up-to-date: /f1tenth_ws/install/pure_pursuit/share/pure_pursuit/local_setup.bash
[3.306s] -- Up-to-date: /f1tenth_ws/install/pure_pursuit/share/pure_pursuit/local_setup.sh
[3.306s] -- Up-to-date: /f1tenth_ws/install/pure_pursuit/share/pure_pursuit/local_setup.zsh
[3.308s] -- Up-to-date: /f1tenth_ws/install/pure_pursuit/share/pure_pursuit/local_setup.dsv
[3.309s] -- Installing: /f1tenth_ws/install/pure_pursuit/share/pure_pursuit/package.dsv
[3.310s] -- Up-to-date: /f1tenth_ws/install/pure_pursuit/share/ament_index/resource_index/packages/pure_pursuit
[3.312s] -- Up-to-date: /f1tenth_ws/install/pure_pursuit/share/pure_pursuit/cmake/pure_pursuitConfig.cmake
[3.312s] -- Up-to-date: /f1tenth_ws/install/pure_pursuit/share/pure_pursuit/cmake/pure_pursuitConfig-version.cmake
[3.315s] -- Up-to-date: /f1tenth_ws/install/pure_pursuit/share/pure_pursuit/package.xml
[3.340s] Invoked command in '/f1tenth_ws/build/pure_pursuit' returned '0': CMAKE_PREFIX_PATH=${CMAKE_PREFIX_PATH}:/f1tenth_ws/install/f1tenth_stack:/f1tenth_ws/install/joy_teleop:/f1tenth_ws/install/particle_filter:/f1tenth_ws/install/mouse_teleop:/f1tenth_ws/install/key_teleop:/opt/ros/foxy /usr/bin/cmake --install /f1tenth_ws/build/pure_pursuit
