[0.252s] Invoking command in '/f1tenth_ws/build/vesc_msgs': CMAKE_PREFIX_PATH=/opt/ros/foxy /usr/bin/cmake /f1tenth_ws/src/f1tenth_system/vesc/vesc_msgs -DCMAKE_INSTALL_PREFIX=/f1tenth_ws/install/vesc_msgs
[1.451s] -- The C compiler identification is GNU 8.4.0
[3.799s] -- The CXX compiler identification is GNU 8.4.0
[3.800s] -- Check for working C compiler: /usr/bin/cc
[3.801s] -- Check for working C compiler: /usr/bin/cc -- works
[3.802s] -- Detecting C compiler ABI info
[3.806s] -- Detecting C compiler ABI info - done
[3.827s] -- Detecting C compile features
[3.829s] -- Detecting C compile features - done
[3.830s] -- Check for working CXX compiler: /usr/bin/c++
[4.777s] -- Check for working CXX compiler: /usr/bin/c++ -- works
[4.781s] -- Detecting CXX compiler ABI info
[5.798s] -- Detecting CXX compiler ABI info - done
[5.872s] -- Detecting CXX compile features
[5.874s] -- Detecting CXX compile features - done
[5.886s] -- Found ament_cmake_auto: 0.9.9 (/opt/ros/foxy/share/ament_cmake_auto/cmake)
[6.152s] -- Found PythonInterp: /usr/bin/python3 (found suitable version "3.8.10", minimum required is "3") 
[6.153s] -- Using PYTHON_EXECUTABLE: /usr/bin/python3
[7.643s] -- Using all available rosidl_typesupport_c: rosidl_typesupport_fastrtps_c;rosidl_typesupport_introspection_c
[7.671s] -- Found rosidl_adapter: 1.2.1 (/opt/ros/foxy/share/rosidl_adapter/cmake)
[8.619s] -- Found OpenSSL: /usr/lib/aarch64-linux-gnu/libcrypto.so (found version "1.1.1f")  
[8.733s] -- Found FastRTPS: /opt/ros/foxy/include  
[9.087s] -- Using all available rosidl_typesupport_cpp: rosidl_typesupport_fastrtps_cpp;rosidl_typesupport_introspection_cpp
[9.851s] -- Found PythonInterp: /usr/bin/python3 (found version "3.8.10") 
[10.874s] -- Found ament_cmake_ros: 0.9.2 (/opt/ros/foxy/share/ament_cmake_ros/cmake)
[12.271s] -- Using all available rosidl_typesupport_c: rosidl_typesupport_fastrtps_c;rosidl_typesupport_introspection_c
[13.005s] -- Using all available rosidl_typesupport_cpp: rosidl_typesupport_fastrtps_cpp;rosidl_typesupport_introspection_cpp
[13.283s] -- Found PythonInterp: /usr/bin/python3 (found suitable version "3.8.10", minimum required is "3.5") 
[13.286s] -- Found python_cmake_module: 0.8.1 (/opt/ros/foxy/share/python_cmake_module/cmake)
[13.566s] -- Found PythonLibs: /usr/lib/aarch64-linux-gnu/libpython3.8.so (found suitable version "3.8.10", minimum required is "3.5") 
[13.567s] -- Using PYTHON_EXECUTABLE: /usr/bin/python3
[13.567s] -- Using PYTHON_INCLUDE_DIRS: /usr/include/python3.8
[13.568s] -- Using PYTHON_LIBRARIES: /usr/lib/aarch64-linux-gnu/libpython3.8.so
[13.824s] -- Found PythonExtra: .so  
[14.462s] -- Found ament_lint_auto: 0.9.6 (/opt/ros/foxy/share/ament_lint_auto/cmake)
[14.524s] -- Added test 'copyright' to check source files copyright and LICENSE
[14.531s] -- Added test 'lint_cmake' to check CMake code style
[14.534s] -- Added test 'xmllint' to check XML markup files
[14.552s] -- Configuring done
[14.883s] -- Generating done
[14.899s] -- Build files have been written to: /f1tenth_ws/build/vesc_msgs
[14.926s] Invoked command in '/f1tenth_ws/build/vesc_msgs' returned '0': CMAKE_PREFIX_PATH=/opt/ros/foxy /usr/bin/cmake /f1tenth_ws/src/f1tenth_system/vesc/vesc_msgs -DCMAKE_INSTALL_PREFIX=/f1tenth_ws/install/vesc_msgs
[14.932s] Invoking command in '/f1tenth_ws/build/vesc_msgs': CMAKE_PREFIX_PATH=/opt/ros/foxy /usr/bin/cmake --build /f1tenth_ws/build/vesc_msgs -- -j24 -l24
[15.406s] [  1%] Generating C code for ROS interfaces
[15.433s] Scanning dependencies of target vesc_msgs__cpp
[15.574s] [  3%] Generating C++ code for ROS interfaces
[19.131s] Scanning dependencies of target vesc_msgs__rosidl_generator_c
[19.139s] [  3%] Built target vesc_msgs__cpp
[19.274s] [  5%] Building C object CMakeFiles/vesc_msgs__rosidl_generator_c.dir/rosidl_generator_c/vesc_msgs/msg/detail/vesc_state__functions.c.o
[19.280s] [  7%] Generating C++ type support for eProsima Fast-RTPS
[19.283s] [  9%] Generating C++ introspection for ROS interfaces
[19.289s] [ 10%] Generating C++ type support dispatch for ROS interfaces
[19.300s] [ 12%] Building C object CMakeFiles/vesc_msgs__rosidl_generator_c.dir/rosidl_generator_c/vesc_msgs/msg/detail/vesc_state_stamped__functions.c.o
[19.301s] [ 14%] Building C object CMakeFiles/vesc_msgs__rosidl_generator_c.dir/rosidl_generator_c/vesc_msgs/msg/detail/vesc_imu__functions.c.o
[19.304s] [ 16%] Building C object CMakeFiles/vesc_msgs__rosidl_generator_c.dir/rosidl_generator_c/vesc_msgs/msg/detail/vesc_imu_stamped__functions.c.o
[20.196s] [ 18%] Linking C shared library libvesc_msgs__rosidl_generator_c.so
[20.570s] [ 18%] Built target vesc_msgs__rosidl_generator_c
[20.710s] [ 20%] Generating C type support dispatch for ROS interfaces
[20.727s] [ 21%] Generating C introspection for ROS interfaces
[22.589s] Scanning dependencies of target vesc_msgs__rosidl_typesupport_introspection_cpp
[22.659s] Scanning dependencies of target vesc_msgs__rosidl_typesupport_cpp
[22.737s] [ 25%] Building CXX object CMakeFiles/vesc_msgs__rosidl_typesupport_introspection_cpp.dir/rosidl_typesupport_introspection_cpp/vesc_msgs/msg/detail/vesc_state_stamped__type_support.cpp.o
[22.738s] [ 25%] Building CXX object CMakeFiles/vesc_msgs__rosidl_typesupport_introspection_cpp.dir/rosidl_typesupport_introspection_cpp/vesc_msgs/msg/detail/vesc_imu_stamped__type_support.cpp.o
[22.756s] [ 27%] Building CXX object CMakeFiles/vesc_msgs__rosidl_typesupport_introspection_cpp.dir/rosidl_typesupport_introspection_cpp/vesc_msgs/msg/detail/vesc_state__type_support.cpp.o
[22.765s] [ 29%] Building CXX object CMakeFiles/vesc_msgs__rosidl_typesupport_introspection_cpp.dir/rosidl_typesupport_introspection_cpp/vesc_msgs/msg/detail/vesc_imu__type_support.cpp.o
[22.821s] [ 30%] Building CXX object CMakeFiles/vesc_msgs__rosidl_typesupport_cpp.dir/rosidl_typesupport_cpp/vesc_msgs/msg/vesc_state__type_support.cpp.o
[22.832s] [ 34%] Building CXX object CMakeFiles/vesc_msgs__rosidl_typesupport_cpp.dir/rosidl_typesupport_cpp/vesc_msgs/msg/vesc_imu__type_support.cpp.o
[22.832s] [ 34%] Building CXX object CMakeFiles/vesc_msgs__rosidl_typesupport_cpp.dir/rosidl_typesupport_cpp/vesc_msgs/msg/vesc_state_stamped__type_support.cpp.o
[22.845s] [ 36%] Building CXX object CMakeFiles/vesc_msgs__rosidl_typesupport_cpp.dir/rosidl_typesupport_cpp/vesc_msgs/msg/vesc_imu_stamped__type_support.cpp.o
[23.007s] Scanning dependencies of target vesc_msgs__rosidl_typesupport_fastrtps_cpp
[23.166s] [ 38%] Building CXX object CMakeFiles/vesc_msgs__rosidl_typesupport_fastrtps_cpp.dir/rosidl_typesupport_fastrtps_cpp/vesc_msgs/msg/detail/dds_fastrtps/vesc_state_stamped__type_support.cpp.o
[23.185s] [ 40%] Building CXX object CMakeFiles/vesc_msgs__rosidl_typesupport_fastrtps_cpp.dir/rosidl_typesupport_fastrtps_cpp/vesc_msgs/msg/detail/dds_fastrtps/vesc_state__type_support.cpp.o
[23.197s] [ 43%] Building CXX object CMakeFiles/vesc_msgs__rosidl_typesupport_fastrtps_cpp.dir/rosidl_typesupport_fastrtps_cpp/vesc_msgs/msg/detail/dds_fastrtps/vesc_imu_stamped__type_support.cpp.o
[23.199s] [ 43%] Building CXX object CMakeFiles/vesc_msgs__rosidl_typesupport_fastrtps_cpp.dir/rosidl_typesupport_fastrtps_cpp/vesc_msgs/msg/detail/dds_fastrtps/vesc_imu__type_support.cpp.o
[23.901s] Scanning dependencies of target vesc_msgs__rosidl_typesupport_c
[24.066s] [ 45%] Building CXX object CMakeFiles/vesc_msgs__rosidl_typesupport_c.dir/rosidl_typesupport_c/vesc_msgs/msg/vesc_state__type_support.cpp.o
[24.068s] [ 47%] Building CXX object CMakeFiles/vesc_msgs__rosidl_typesupport_c.dir/rosidl_typesupport_c/vesc_msgs/msg/vesc_imu__type_support.cpp.o
[24.075s] [ 49%] Building CXX object CMakeFiles/vesc_msgs__rosidl_typesupport_c.dir/rosidl_typesupport_c/vesc_msgs/msg/vesc_imu_stamped__type_support.cpp.o
[24.077s] [ 50%] Building CXX object CMakeFiles/vesc_msgs__rosidl_typesupport_c.dir/rosidl_typesupport_c/vesc_msgs/msg/vesc_state_stamped__type_support.cpp.o
[24.915s] Scanning dependencies of target vesc_msgs__rosidl_typesupport_introspection_c
[24.985s] [ 52%] Linking CXX shared library libvesc_msgs__rosidl_typesupport_c.so
[25.107s] [ 54%] Building C object CMakeFiles/vesc_msgs__rosidl_typesupport_introspection_c.dir/rosidl_typesupport_introspection_c/vesc_msgs/msg/detail/vesc_state__type_support.c.o
[25.109s] [ 56%] Building C object CMakeFiles/vesc_msgs__rosidl_typesupport_introspection_c.dir/rosidl_typesupport_introspection_c/vesc_msgs/msg/detail/vesc_state_stamped__type_support.c.o
[25.114s] [ 58%] Building C object CMakeFiles/vesc_msgs__rosidl_typesupport_introspection_c.dir/rosidl_typesupport_introspection_c/vesc_msgs/msg/detail/vesc_imu__type_support.c.o
[25.121s] [ 60%] Building C object CMakeFiles/vesc_msgs__rosidl_typesupport_introspection_c.dir/rosidl_typesupport_introspection_c/vesc_msgs/msg/detail/vesc_imu_stamped__type_support.c.o
[25.477s] [ 60%] Built target vesc_msgs__rosidl_typesupport_c
[25.935s] [ 61%] Linking C shared library libvesc_msgs__rosidl_typesupport_introspection_c.so
[26.082s] [ 63%] Linking CXX shared library libvesc_msgs__rosidl_typesupport_introspection_cpp.so
[26.220s] [ 65%] Linking CXX shared library libvesc_msgs__rosidl_typesupport_cpp.so
[26.291s] [ 65%] Built target vesc_msgs__rosidl_typesupport_introspection_c
[26.559s] [ 65%] Built target vesc_msgs__rosidl_typesupport_introspection_cpp
[26.639s] [ 65%] Built target vesc_msgs__rosidl_typesupport_cpp
[26.975s] [ 67%] Linking CXX shared library libvesc_msgs__rosidl_typesupport_fastrtps_cpp.so
[27.491s] [ 67%] Built target vesc_msgs__rosidl_typesupport_fastrtps_cpp
[27.630s] [ 69%] Generating C type support for eProsima Fast-RTPS
[30.998s] Scanning dependencies of target vesc_msgs__rosidl_typesupport_fastrtps_c
[31.142s] [ 70%] Building CXX object CMakeFiles/vesc_msgs__rosidl_typesupport_fastrtps_c.dir/rosidl_typesupport_fastrtps_c/vesc_msgs/msg/detail/vesc_state__type_support_c.cpp.o
[31.143s] [ 72%] Building CXX object CMakeFiles/vesc_msgs__rosidl_typesupport_fastrtps_c.dir/rosidl_typesupport_fastrtps_c/vesc_msgs/msg/detail/vesc_state_stamped__type_support_c.cpp.o
[31.145s] [ 76%] Building CXX object CMakeFiles/vesc_msgs__rosidl_typesupport_fastrtps_c.dir/rosidl_typesupport_fastrtps_c/vesc_msgs/msg/detail/vesc_imu__type_support_c.cpp.o
[31.146s] [ 76%] Building CXX object CMakeFiles/vesc_msgs__rosidl_typesupport_fastrtps_c.dir/rosidl_typesupport_fastrtps_c/vesc_msgs/msg/detail/vesc_imu_stamped__type_support_c.cpp.o
[33.505s] [ 78%] Linking CXX shared library libvesc_msgs__rosidl_typesupport_fastrtps_c.so
[34.053s] [ 78%] Built target vesc_msgs__rosidl_typesupport_fastrtps_c
[34.212s] Scanning dependencies of target vesc_msgs
[34.350s] [ 78%] Built target vesc_msgs
[34.512s] Scanning dependencies of target vesc_msgs__py
[34.645s] [ 80%] Generating Python code for ROS interfaces
[41.184s] [ 80%] Built target vesc_msgs__py
[41.430s] Scanning dependencies of target vesc_msgs__python
[41.572s] [ 81%] Building C object CMakeFiles/vesc_msgs__python.dir/rosidl_generator_py/vesc_msgs/msg/_vesc_state_s.c.o
[41.575s] [ 85%] Building C object CMakeFiles/vesc_msgs__python.dir/rosidl_generator_py/vesc_msgs/msg/_vesc_imu_stamped_s.c.o
[41.576s] [ 85%] Building C object CMakeFiles/vesc_msgs__python.dir/rosidl_generator_py/vesc_msgs/msg/_vesc_imu_s.c.o
[41.579s] [ 87%] Building C object CMakeFiles/vesc_msgs__python.dir/rosidl_generator_py/vesc_msgs/msg/_vesc_state_stamped_s.c.o
[42.625s] [ 89%] Linking C shared library rosidl_generator_py/vesc_msgs/libvesc_msgs__python.so
[44.045s] [ 89%] Built target vesc_msgs__python
[44.046s] Scanning dependencies of target vesc_msgs__rosidl_typesupport_introspection_c__pyext
[44.047s] Scanning dependencies of target vesc_msgs__rosidl_typesupport_c__pyext
[44.047s] Scanning dependencies of target vesc_msgs__rosidl_typesupport_fastrtps_c__pyext
[44.048s] [ 92%] Building C object CMakeFiles/vesc_msgs__rosidl_typesupport_introspection_c__pyext.dir/rosidl_generator_py/vesc_msgs/_vesc_msgs_s.ep.rosidl_typesupport_introspection_c.c.o
[44.048s] [ 92%] Building C object CMakeFiles/vesc_msgs__rosidl_typesupport_c__pyext.dir/rosidl_generator_py/vesc_msgs/_vesc_msgs_s.ep.rosidl_typesupport_c.c.o
[44.049s] [ 94%] Building C object CMakeFiles/vesc_msgs__rosidl_typesupport_fastrtps_c__pyext.dir/rosidl_generator_py/vesc_msgs/_vesc_msgs_s.ep.rosidl_typesupport_fastrtps_c.c.o
[44.264s] [ 96%] Linking C shared library rosidl_generator_py/vesc_msgs/vesc_msgs_s__rosidl_typesupport_introspection_c.cpython-38-aarch64-linux-gnu.so
[44.277s] [ 98%] Linking C shared library rosidl_generator_py/vesc_msgs/vesc_msgs_s__rosidl_typesupport_c.cpython-38-aarch64-linux-gnu.so
[44.350s] [100%] Linking CXX shared library rosidl_generator_py/vesc_msgs/vesc_msgs_s__rosidl_typesupport_fastrtps_c.cpython-38-aarch64-linux-gnu.so
[44.643s] [100%] Built target vesc_msgs__rosidl_typesupport_introspection_c__pyext
[44.647s] [100%] Built target vesc_msgs__rosidl_typesupport_c__pyext
[44.885s] [100%] Built target vesc_msgs__rosidl_typesupport_fastrtps_c__pyext
[44.972s] Invoked command in '/f1tenth_ws/build/vesc_msgs' returned '0': CMAKE_PREFIX_PATH=/opt/ros/foxy /usr/bin/cmake --build /f1tenth_ws/build/vesc_msgs -- -j24 -l24
[47.796s] Invoking command in '/f1tenth_ws/build/vesc_msgs': CMAKE_PREFIX_PATH=/opt/ros/foxy /usr/bin/cmake --install /f1tenth_ws/build/vesc_msgs
[47.887s] -- Install configuration: ""
[47.890s] -- Installing: /f1tenth_ws/install/vesc_msgs/share/ament_index/resource_index/rosidl_interfaces/vesc_msgs
[47.893s] -- Installing: /f1tenth_ws/install/vesc_msgs/include/vesc_msgs
[47.895s] -- Installing: /f1tenth_ws/install/vesc_msgs/include/vesc_msgs/msg
[47.896s] -- Installing: /f1tenth_ws/install/vesc_msgs/include/vesc_msgs/msg/rosidl_generator_c__visibility_control.h
[47.898s] -- Installing: /f1tenth_ws/install/vesc_msgs/include/vesc_msgs/msg/detail
[47.899s] -- Installing: /f1tenth_ws/install/vesc_msgs/include/vesc_msgs/msg/detail/vesc_imu__struct.h
[47.900s] -- Installing: /f1tenth_ws/install/vesc_msgs/include/vesc_msgs/msg/detail/vesc_state__type_support.h
[47.901s] -- Installing: /f1tenth_ws/install/vesc_msgs/include/vesc_msgs/msg/detail/vesc_imu__type_support.h
[47.901s] -- Installing: /f1tenth_ws/install/vesc_msgs/include/vesc_msgs/msg/detail/vesc_imu__functions.h
[47.902s] -- Installing: /f1tenth_ws/install/vesc_msgs/include/vesc_msgs/msg/detail/vesc_state__functions.h
[47.902s] -- Installing: /f1tenth_ws/install/vesc_msgs/include/vesc_msgs/msg/detail/vesc_state_stamped__functions.h
[47.903s] -- Installing: /f1tenth_ws/install/vesc_msgs/include/vesc_msgs/msg/detail/vesc_imu_stamped__functions.h
[47.905s] -- Installing: /f1tenth_ws/install/vesc_msgs/include/vesc_msgs/msg/detail/vesc_state__functions.c
[47.906s] -- Installing: /f1tenth_ws/install/vesc_msgs/include/vesc_msgs/msg/detail/vesc_imu_stamped__struct.h
[47.907s] -- Installing: /f1tenth_ws/install/vesc_msgs/include/vesc_msgs/msg/detail/vesc_imu_stamped__type_support.h
[47.908s] -- Installing: /f1tenth_ws/install/vesc_msgs/include/vesc_msgs/msg/detail/vesc_state_stamped__functions.c
[47.908s] -- Installing: /f1tenth_ws/install/vesc_msgs/include/vesc_msgs/msg/detail/vesc_imu_stamped__functions.c
[47.909s] -- Installing: /f1tenth_ws/install/vesc_msgs/include/vesc_msgs/msg/detail/vesc_imu__functions.c
[47.910s] -- Installing: /f1tenth_ws/install/vesc_msgs/include/vesc_msgs/msg/detail/vesc_state_stamped__struct.h
[47.911s] -- Installing: /f1tenth_ws/install/vesc_msgs/include/vesc_msgs/msg/detail/vesc_state_stamped__type_support.h
[47.912s] -- Installing: /f1tenth_ws/install/vesc_msgs/include/vesc_msgs/msg/detail/vesc_state__struct.h
[47.912s] -- Installing: /f1tenth_ws/install/vesc_msgs/include/vesc_msgs/msg/vesc_imu.h
[47.913s] -- Installing: /f1tenth_ws/install/vesc_msgs/include/vesc_msgs/msg/vesc_state.h
[47.913s] -- Installing: /f1tenth_ws/install/vesc_msgs/include/vesc_msgs/msg/vesc_state_stamped.h
[47.914s] -- Installing: /f1tenth_ws/install/vesc_msgs/include/vesc_msgs/msg/vesc_imu_stamped.h
[47.915s] -- Installing: /f1tenth_ws/install/vesc_msgs/share/vesc_msgs/environment/library_path.sh
[47.916s] -- Installing: /f1tenth_ws/install/vesc_msgs/share/vesc_msgs/environment/library_path.dsv
[47.916s] -- Installing: /f1tenth_ws/install/vesc_msgs/lib/libvesc_msgs__rosidl_generator_c.so
[47.917s] -- Set runtime path of "/f1tenth_ws/install/vesc_msgs/lib/libvesc_msgs__rosidl_generator_c.so" to ""
[47.918s] -- Up-to-date: /f1tenth_ws/install/vesc_msgs/include/vesc_msgs
[47.918s] -- Up-to-date: /f1tenth_ws/install/vesc_msgs/include/vesc_msgs/msg
[47.919s] -- Up-to-date: /f1tenth_ws/install/vesc_msgs/include/vesc_msgs/msg/detail
[47.919s] -- Installing: /f1tenth_ws/install/vesc_msgs/include/vesc_msgs/msg/detail/vesc_imu__rosidl_typesupport_fastrtps_c.h
[47.920s] -- Installing: /f1tenth_ws/install/vesc_msgs/include/vesc_msgs/msg/detail/vesc_imu_stamped__rosidl_typesupport_fastrtps_c.h
[47.920s] -- Installing: /f1tenth_ws/install/vesc_msgs/include/vesc_msgs/msg/detail/vesc_state_stamped__rosidl_typesupport_fastrtps_c.h
[47.921s] -- Installing: /f1tenth_ws/install/vesc_msgs/include/vesc_msgs/msg/detail/vesc_state__rosidl_typesupport_fastrtps_c.h
[47.922s] -- Installing: /f1tenth_ws/install/vesc_msgs/include/vesc_msgs/msg/rosidl_typesupport_fastrtps_c__visibility_control.h
[47.922s] -- Installing: /f1tenth_ws/install/vesc_msgs/lib/libvesc_msgs__rosidl_typesupport_fastrtps_c.so
[47.922s] -- Set runtime path of "/f1tenth_ws/install/vesc_msgs/lib/libvesc_msgs__rosidl_typesupport_fastrtps_c.so" to ""
[47.923s] -- Up-to-date: /f1tenth_ws/install/vesc_msgs/include/vesc_msgs
[47.923s] -- Up-to-date: /f1tenth_ws/install/vesc_msgs/include/vesc_msgs/msg
[47.924s] -- Up-to-date: /f1tenth_ws/install/vesc_msgs/include/vesc_msgs/msg/detail
[47.924s] -- Installing: /f1tenth_ws/install/vesc_msgs/include/vesc_msgs/msg/detail/vesc_imu_stamped__rosidl_typesupport_fastrtps_cpp.hpp
[47.924s] -- Installing: /f1tenth_ws/install/vesc_msgs/include/vesc_msgs/msg/detail/vesc_imu__rosidl_typesupport_fastrtps_cpp.hpp
[47.925s] -- Installing: /f1tenth_ws/install/vesc_msgs/include/vesc_msgs/msg/detail/dds_fastrtps
[47.925s] -- Installing: /f1tenth_ws/install/vesc_msgs/include/vesc_msgs/msg/detail/vesc_state_stamped__rosidl_typesupport_fastrtps_cpp.hpp
[47.925s] -- Installing: /f1tenth_ws/install/vesc_msgs/include/vesc_msgs/msg/detail/vesc_state__rosidl_typesupport_fastrtps_cpp.hpp
[47.926s] -- Installing: /f1tenth_ws/install/vesc_msgs/include/vesc_msgs/msg/rosidl_typesupport_fastrtps_cpp__visibility_control.h
[47.926s] -- Installing: /f1tenth_ws/install/vesc_msgs/lib/libvesc_msgs__rosidl_typesupport_fastrtps_cpp.so
[47.926s] -- Set runtime path of "/f1tenth_ws/install/vesc_msgs/lib/libvesc_msgs__rosidl_typesupport_fastrtps_cpp.so" to ""
[47.927s] -- Up-to-date: /f1tenth_ws/install/vesc_msgs/include/vesc_msgs
[47.927s] -- Up-to-date: /f1tenth_ws/install/vesc_msgs/include/vesc_msgs/msg
[47.927s] -- Up-to-date: /f1tenth_ws/install/vesc_msgs/include/vesc_msgs/msg/detail
[47.928s] -- Installing: /f1tenth_ws/install/vesc_msgs/include/vesc_msgs/msg/detail/vesc_imu_stamped__type_support.c
[47.928s] -- Installing: /f1tenth_ws/install/vesc_msgs/include/vesc_msgs/msg/detail/vesc_imu_stamped__rosidl_typesupport_introspection_c.h
[47.928s] -- Installing: /f1tenth_ws/install/vesc_msgs/include/vesc_msgs/msg/detail/vesc_imu__rosidl_typesupport_introspection_c.h
[47.929s] -- Installing: /f1tenth_ws/install/vesc_msgs/include/vesc_msgs/msg/detail/vesc_state__rosidl_typesupport_introspection_c.h
[47.929s] -- Installing: /f1tenth_ws/install/vesc_msgs/include/vesc_msgs/msg/detail/vesc_imu__type_support.c
[47.929s] -- Installing: /f1tenth_ws/install/vesc_msgs/include/vesc_msgs/msg/detail/vesc_state_stamped__type_support.c
[47.930s] -- Installing: /f1tenth_ws/install/vesc_msgs/include/vesc_msgs/msg/detail/vesc_state__type_support.c
[47.930s] -- Installing: /f1tenth_ws/install/vesc_msgs/include/vesc_msgs/msg/detail/vesc_state_stamped__rosidl_typesupport_introspection_c.h
[47.930s] -- Installing: /f1tenth_ws/install/vesc_msgs/include/vesc_msgs/msg/rosidl_typesupport_introspection_c__visibility_control.h
[47.931s] -- Installing: /f1tenth_ws/install/vesc_msgs/lib/libvesc_msgs__rosidl_typesupport_introspection_c.so
[47.931s] -- Set runtime path of "/f1tenth_ws/install/vesc_msgs/lib/libvesc_msgs__rosidl_typesupport_introspection_c.so" to ""
[47.931s] -- Installing: /f1tenth_ws/install/vesc_msgs/lib/libvesc_msgs__rosidl_typesupport_c.so
[47.932s] -- Set runtime path of "/f1tenth_ws/install/vesc_msgs/lib/libvesc_msgs__rosidl_typesupport_c.so" to ""
[47.932s] -- Up-to-date: /f1tenth_ws/install/vesc_msgs/include/vesc_msgs
[47.932s] -- Up-to-date: /f1tenth_ws/install/vesc_msgs/include/vesc_msgs/msg
[47.932s] -- Up-to-date: /f1tenth_ws/install/vesc_msgs/include/vesc_msgs/msg/detail
[47.933s] -- Installing: /f1tenth_ws/install/vesc_msgs/include/vesc_msgs/msg/detail/vesc_state__struct.hpp
[47.933s] -- Installing: /f1tenth_ws/install/vesc_msgs/include/vesc_msgs/msg/detail/vesc_imu_stamped__struct.hpp
[47.933s] -- Installing: /f1tenth_ws/install/vesc_msgs/include/vesc_msgs/msg/detail/vesc_imu__builder.hpp
[47.934s] -- Installing: /f1tenth_ws/install/vesc_msgs/include/vesc_msgs/msg/detail/vesc_imu__struct.hpp
[47.934s] -- Installing: /f1tenth_ws/install/vesc_msgs/include/vesc_msgs/msg/detail/vesc_state_stamped__builder.hpp
[47.934s] -- Installing: /f1tenth_ws/install/vesc_msgs/include/vesc_msgs/msg/detail/vesc_state__traits.hpp
[47.935s] -- Installing: /f1tenth_ws/install/vesc_msgs/include/vesc_msgs/msg/detail/vesc_state__builder.hpp
[47.935s] -- Installing: /f1tenth_ws/install/vesc_msgs/include/vesc_msgs/msg/detail/vesc_imu_stamped__builder.hpp
[47.936s] -- Installing: /f1tenth_ws/install/vesc_msgs/include/vesc_msgs/msg/detail/vesc_state_stamped__struct.hpp
[47.936s] -- Installing: /f1tenth_ws/install/vesc_msgs/include/vesc_msgs/msg/detail/vesc_imu_stamped__traits.hpp
[47.936s] -- Installing: /f1tenth_ws/install/vesc_msgs/include/vesc_msgs/msg/detail/vesc_state_stamped__traits.hpp
[47.937s] -- Installing: /f1tenth_ws/install/vesc_msgs/include/vesc_msgs/msg/detail/vesc_imu__traits.hpp
[47.937s] -- Installing: /f1tenth_ws/install/vesc_msgs/include/vesc_msgs/msg/vesc_state.hpp
[47.937s] -- Installing: /f1tenth_ws/install/vesc_msgs/include/vesc_msgs/msg/vesc_imu_stamped.hpp
[47.938s] -- Installing: /f1tenth_ws/install/vesc_msgs/include/vesc_msgs/msg/vesc_state_stamped.hpp
[47.938s] -- Installing: /f1tenth_ws/install/vesc_msgs/include/vesc_msgs/msg/vesc_imu.hpp
[47.938s] -- Up-to-date: /f1tenth_ws/install/vesc_msgs/include/vesc_msgs
[47.939s] -- Up-to-date: /f1tenth_ws/install/vesc_msgs/include/vesc_msgs/msg
[47.939s] -- Up-to-date: /f1tenth_ws/install/vesc_msgs/include/vesc_msgs/msg/detail
[47.939s] -- Installing: /f1tenth_ws/install/vesc_msgs/include/vesc_msgs/msg/detail/vesc_imu__type_support.cpp
[47.940s] -- Installing: /f1tenth_ws/install/vesc_msgs/include/vesc_msgs/msg/detail/vesc_state__type_support.cpp
[47.940s] -- Installing: /f1tenth_ws/install/vesc_msgs/include/vesc_msgs/msg/detail/vesc_imu_stamped__rosidl_typesupport_introspection_cpp.hpp
[47.940s] -- Installing: /f1tenth_ws/install/vesc_msgs/include/vesc_msgs/msg/detail/vesc_state__rosidl_typesupport_introspection_cpp.hpp
[47.941s] -- Installing: /f1tenth_ws/install/vesc_msgs/include/vesc_msgs/msg/detail/vesc_state_stamped__type_support.cpp
[47.941s] -- Installing: /f1tenth_ws/install/vesc_msgs/include/vesc_msgs/msg/detail/vesc_state_stamped__rosidl_typesupport_introspection_cpp.hpp
[47.941s] -- Installing: /f1tenth_ws/install/vesc_msgs/include/vesc_msgs/msg/detail/vesc_imu__rosidl_typesupport_introspection_cpp.hpp
[47.942s] -- Installing: /f1tenth_ws/install/vesc_msgs/include/vesc_msgs/msg/detail/vesc_imu_stamped__type_support.cpp
[47.942s] -- Installing: /f1tenth_ws/install/vesc_msgs/lib/libvesc_msgs__rosidl_typesupport_introspection_cpp.so
[47.942s] -- Set runtime path of "/f1tenth_ws/install/vesc_msgs/lib/libvesc_msgs__rosidl_typesupport_introspection_cpp.so" to ""
[47.943s] -- Installing: /f1tenth_ws/install/vesc_msgs/lib/libvesc_msgs__rosidl_typesupport_cpp.so
[47.943s] -- Set runtime path of "/f1tenth_ws/install/vesc_msgs/lib/libvesc_msgs__rosidl_typesupport_cpp.so" to ""
[47.943s] -- Installing: /f1tenth_ws/install/vesc_msgs/share/vesc_msgs/environment/pythonpath.sh
[47.944s] -- Installing: /f1tenth_ws/install/vesc_msgs/share/vesc_msgs/environment/pythonpath.dsv
[47.944s] -- Installing: /f1tenth_ws/install/vesc_msgs/lib/python3.8/site-packages/vesc_msgs/__init__.py
[48.236s] Compiling '/f1tenth_ws/install/vesc_msgs/lib/python3.8/site-packages/vesc_msgs/__init__.py'...
[48.258s] -- Installing: /f1tenth_ws/install/vesc_msgs/lib/python3.8/site-packages/vesc_msgs/msg
[48.259s] -- Installing: /f1tenth_ws/install/vesc_msgs/lib/python3.8/site-packages/vesc_msgs/msg/_vesc_imu_stamped_s.c
[48.260s] -- Installing: /f1tenth_ws/install/vesc_msgs/lib/python3.8/site-packages/vesc_msgs/msg/_vesc_state.py
[48.261s] -- Installing: /f1tenth_ws/install/vesc_msgs/lib/python3.8/site-packages/vesc_msgs/msg/_vesc_imu_s.c
[48.262s] -- Installing: /f1tenth_ws/install/vesc_msgs/lib/python3.8/site-packages/vesc_msgs/msg/_vesc_imu.py
[48.263s] -- Installing: /f1tenth_ws/install/vesc_msgs/lib/python3.8/site-packages/vesc_msgs/msg/_vesc_state_s.c
[48.263s] -- Installing: /f1tenth_ws/install/vesc_msgs/lib/python3.8/site-packages/vesc_msgs/msg/__init__.py
[48.264s] -- Installing: /f1tenth_ws/install/vesc_msgs/lib/python3.8/site-packages/vesc_msgs/msg/_vesc_state_stamped.py
[48.265s] -- Installing: /f1tenth_ws/install/vesc_msgs/lib/python3.8/site-packages/vesc_msgs/msg/_vesc_state_stamped_s.c
[48.265s] -- Installing: /f1tenth_ws/install/vesc_msgs/lib/python3.8/site-packages/vesc_msgs/msg/_vesc_imu_stamped.py
[48.266s] -- Installing: /f1tenth_ws/install/vesc_msgs/lib/python3.8/site-packages/vesc_msgs/vesc_msgs_s__rosidl_typesupport_fastrtps_c.cpython-38-aarch64-linux-gnu.so
[48.266s] -- Set runtime path of "/f1tenth_ws/install/vesc_msgs/lib/python3.8/site-packages/vesc_msgs/vesc_msgs_s__rosidl_typesupport_fastrtps_c.cpython-38-aarch64-linux-gnu.so" to ""
[48.267s] -- Installing: /f1tenth_ws/install/vesc_msgs/lib/python3.8/site-packages/vesc_msgs/vesc_msgs_s__rosidl_typesupport_introspection_c.cpython-38-aarch64-linux-gnu.so
[48.268s] -- Set runtime path of "/f1tenth_ws/install/vesc_msgs/lib/python3.8/site-packages/vesc_msgs/vesc_msgs_s__rosidl_typesupport_introspection_c.cpython-38-aarch64-linux-gnu.so" to ""
[48.268s] -- Installing: /f1tenth_ws/install/vesc_msgs/lib/python3.8/site-packages/vesc_msgs/vesc_msgs_s__rosidl_typesupport_c.cpython-38-aarch64-linux-gnu.so
[48.269s] -- Set runtime path of "/f1tenth_ws/install/vesc_msgs/lib/python3.8/site-packages/vesc_msgs/vesc_msgs_s__rosidl_typesupport_c.cpython-38-aarch64-linux-gnu.so" to ""
[48.270s] -- Installing: /f1tenth_ws/install/vesc_msgs/lib/libvesc_msgs__python.so
[48.270s] -- Set runtime path of "/f1tenth_ws/install/vesc_msgs/lib/libvesc_msgs__python.so" to ""
[48.271s] -- Installing: /f1tenth_ws/install/vesc_msgs/share/vesc_msgs/msg/VescState.idl
[48.272s] -- Installing: /f1tenth_ws/install/vesc_msgs/share/vesc_msgs/msg/VescStateStamped.idl
[48.273s] -- Installing: /f1tenth_ws/install/vesc_msgs/share/vesc_msgs/msg/VescImu.idl
[48.273s] -- Installing: /f1tenth_ws/install/vesc_msgs/share/vesc_msgs/msg/VescImuStamped.idl
[48.274s] -- Installing: /f1tenth_ws/install/vesc_msgs/share/vesc_msgs/msg/VescState.msg
[48.275s] -- Installing: /f1tenth_ws/install/vesc_msgs/share/vesc_msgs/msg/VescStateStamped.msg
[48.276s] -- Installing: /f1tenth_ws/install/vesc_msgs/share/vesc_msgs/msg/VescImu.msg
[48.276s] -- Installing: /f1tenth_ws/install/vesc_msgs/share/vesc_msgs/msg/VescImuStamped.msg
[48.277s] -- Installing: /f1tenth_ws/install/vesc_msgs/share/ament_index/resource_index/package_run_dependencies/vesc_msgs
[48.278s] -- Installing: /f1tenth_ws/install/vesc_msgs/share/ament_index/resource_index/parent_prefix_path/vesc_msgs
[48.279s] -- Installing: /f1tenth_ws/install/vesc_msgs/share/vesc_msgs/environment/ament_prefix_path.sh
[48.280s] -- Installing: /f1tenth_ws/install/vesc_msgs/share/vesc_msgs/environment/ament_prefix_path.dsv
[48.281s] -- Installing: /f1tenth_ws/install/vesc_msgs/share/vesc_msgs/environment/path.sh
[48.282s] -- Installing: /f1tenth_ws/install/vesc_msgs/share/vesc_msgs/environment/path.dsv
[48.283s] -- Installing: /f1tenth_ws/install/vesc_msgs/share/vesc_msgs/local_setup.bash
[48.283s] -- Installing: /f1tenth_ws/install/vesc_msgs/share/vesc_msgs/local_setup.sh
[48.283s] -- Installing: /f1tenth_ws/install/vesc_msgs/share/vesc_msgs/local_setup.zsh
[48.284s] -- Installing: /f1tenth_ws/install/vesc_msgs/share/vesc_msgs/local_setup.dsv
[48.284s] -- Installing: /f1tenth_ws/install/vesc_msgs/share/vesc_msgs/package.dsv
[48.284s] -- Installing: /f1tenth_ws/install/vesc_msgs/share/ament_index/resource_index/packages/vesc_msgs
[48.285s] -- Installing: /f1tenth_ws/install/vesc_msgs/share/vesc_msgs/cmake/vesc_msgs__rosidl_generator_cExport.cmake
[48.285s] -- Installing: /f1tenth_ws/install/vesc_msgs/share/vesc_msgs/cmake/vesc_msgs__rosidl_generator_cExport-noconfig.cmake
[48.285s] -- Installing: /f1tenth_ws/install/vesc_msgs/share/vesc_msgs/cmake/vesc_msgs__rosidl_typesupport_introspection_cExport.cmake
[48.286s] -- Installing: /f1tenth_ws/install/vesc_msgs/share/vesc_msgs/cmake/vesc_msgs__rosidl_typesupport_introspection_cExport-noconfig.cmake
[48.286s] -- Installing: /f1tenth_ws/install/vesc_msgs/share/vesc_msgs/cmake/vesc_msgs__rosidl_typesupport_cExport.cmake
[48.286s] -- Installing: /f1tenth_ws/install/vesc_msgs/share/vesc_msgs/cmake/vesc_msgs__rosidl_typesupport_cExport-noconfig.cmake
[48.287s] -- Installing: /f1tenth_ws/install/vesc_msgs/share/vesc_msgs/cmake/vesc_msgs__rosidl_generator_cppExport.cmake
[48.287s] -- Installing: /f1tenth_ws/install/vesc_msgs/share/vesc_msgs/cmake/vesc_msgs__rosidl_typesupport_introspection_cppExport.cmake
[48.287s] -- Installing: /f1tenth_ws/install/vesc_msgs/share/vesc_msgs/cmake/vesc_msgs__rosidl_typesupport_introspection_cppExport-noconfig.cmake
[48.287s] -- Installing: /f1tenth_ws/install/vesc_msgs/share/vesc_msgs/cmake/vesc_msgs__rosidl_typesupport_cppExport.cmake
[48.288s] -- Installing: /f1tenth_ws/install/vesc_msgs/share/vesc_msgs/cmake/vesc_msgs__rosidl_typesupport_cppExport-noconfig.cmake
[48.288s] -- Installing: /f1tenth_ws/install/vesc_msgs/share/vesc_msgs/cmake/rosidl_cmake-extras.cmake
[48.288s] -- Installing: /f1tenth_ws/install/vesc_msgs/share/vesc_msgs/cmake/ament_cmake_export_dependencies-extras.cmake
[48.289s] -- Installing: /f1tenth_ws/install/vesc_msgs/share/vesc_msgs/cmake/ament_cmake_export_libraries-extras.cmake
[48.289s] -- Installing: /f1tenth_ws/install/vesc_msgs/share/vesc_msgs/cmake/ament_cmake_export_targets-extras.cmake
[48.289s] -- Installing: /f1tenth_ws/install/vesc_msgs/share/vesc_msgs/cmake/ament_cmake_export_include_directories-extras.cmake
[48.290s] -- Installing: /f1tenth_ws/install/vesc_msgs/share/vesc_msgs/cmake/rosidl_cmake_export_typesupport_libraries-extras.cmake
[48.290s] -- Installing: /f1tenth_ws/install/vesc_msgs/share/vesc_msgs/cmake/rosidl_cmake_export_typesupport_targets-extras.cmake
[48.290s] -- Installing: /f1tenth_ws/install/vesc_msgs/share/vesc_msgs/cmake/vesc_msgsConfig.cmake
[48.291s] -- Installing: /f1tenth_ws/install/vesc_msgs/share/vesc_msgs/cmake/vesc_msgsConfig-version.cmake
[48.291s] -- Installing: /f1tenth_ws/install/vesc_msgs/share/vesc_msgs/package.xml
[48.305s] Invoked command in '/f1tenth_ws/build/vesc_msgs' returned '0': CMAKE_PREFIX_PATH=/opt/ros/foxy /usr/bin/cmake --install /f1tenth_ws/build/vesc_msgs
