[0.269s] Invoking command in '/f1tenth_ws/build/vesc_driver': CMAKE_PREFIX_PATH=/f1tenth_ws/install/vesc_msgs:/f1tenth_ws/install/wall_follow:/f1tenth_ws/install/vesc:/f1tenth_ws/install/vesc_driver:/f1tenth_ws/install/vesc_ackermann:/f1tenth_ws/install/teleop_tools:/f1tenth_ws/install/teleop_tools_msgs:/f1tenth_ws/install/pure_pursuit:/f1tenth_ws/install/gap_follow:/f1tenth_ws/install/ackermann_mux:/f1tenth_ws/install/f1tenth_stack:/f1tenth_ws/install/joy_teleop:/f1tenth_ws/install/particle_filter:/f1tenth_ws/install/mouse_teleop:/f1tenth_ws/install/key_teleop:/opt/ros/foxy LD_LIBRARY_PATH=/f1tenth_ws/install/vesc_msgs/lib:/f1tenth_ws/install/vesc_driver/lib:/f1tenth_ws/install/vesc_ackermann/lib:/f1tenth_ws/install/teleop_tools_msgs/lib:/opt/ros/foxy/opt/yaml_cpp_vendor/lib:/opt/ros/foxy/opt/rviz_ogre_vendor/lib:/opt/ros/foxy/lib/aarch64-linux-gnu:/opt/ros/foxy/lib:/usr/local/cuda-10.2/targets/aarch64-linux/lib PYTHONPATH=/f1tenth_ws/install/vesc_msgs/lib/python3.8/site-packages:/f1tenth_ws/install/wall_follow/lib/python3.8/site-packages:/f1tenth_ws/install/f1tenth_stack/lib/python3.8/site-packages:/f1tenth_ws/install/joy_teleop/lib/python3.8/site-packages:/f1tenth_ws/install/teleop_tools_msgs/lib/python3.8/site-packages:/f1tenth_ws/install/pure_pursuit/lib/python3.8/site-packages:/f1tenth_ws/install/particle_filter/lib/python3.8/site-packages:/f1tenth_ws/install/mouse_teleop/lib/python3.8/site-packages:/f1tenth_ws/install/key_teleop/lib/python3.8/site-packages:/f1tenth_ws/install/gap_follow/lib/python3.8/site-packages:/opt/ros/foxy/lib/python3.8/site-packages /usr/bin/cmake --build /f1tenth_ws/build/vesc_driver -- -j6 -l6
[0.937s] [ 50%] Built target vesc_driver
[1.213s] [ 70%] Built target vesc_driver_node
[1.480s] [100%] Built target vesc_device_namer
[1.583s] Invoked command in '/f1tenth_ws/build/vesc_driver' returned '0': CMAKE_PREFIX_PATH=/f1tenth_ws/install/vesc_msgs:/f1tenth_ws/install/wall_follow:/f1tenth_ws/install/vesc:/f1tenth_ws/install/vesc_driver:/f1tenth_ws/install/vesc_ackermann:/f1tenth_ws/install/teleop_tools:/f1tenth_ws/install/teleop_tools_msgs:/f1tenth_ws/install/pure_pursuit:/f1tenth_ws/install/gap_follow:/f1tenth_ws/install/ackermann_mux:/f1tenth_ws/install/f1tenth_stack:/f1tenth_ws/install/joy_teleop:/f1tenth_ws/install/particle_filter:/f1tenth_ws/install/mouse_teleop:/f1tenth_ws/install/key_teleop:/opt/ros/foxy LD_LIBRARY_PATH=/f1tenth_ws/install/vesc_msgs/lib:/f1tenth_ws/install/vesc_driver/lib:/f1tenth_ws/install/vesc_ackermann/lib:/f1tenth_ws/install/teleop_tools_msgs/lib:/opt/ros/foxy/opt/yaml_cpp_vendor/lib:/opt/ros/foxy/opt/rviz_ogre_vendor/lib:/opt/ros/foxy/lib/aarch64-linux-gnu:/opt/ros/foxy/lib:/usr/local/cuda-10.2/targets/aarch64-linux/lib PYTHONPATH=/f1tenth_ws/install/vesc_msgs/lib/python3.8/site-packages:/f1tenth_ws/install/wall_follow/lib/python3.8/site-packages:/f1tenth_ws/install/f1tenth_stack/lib/python3.8/site-packages:/f1tenth_ws/install/joy_teleop/lib/python3.8/site-packages:/f1tenth_ws/install/teleop_tools_msgs/lib/python3.8/site-packages:/f1tenth_ws/install/pure_pursuit/lib/python3.8/site-packages:/f1tenth_ws/install/particle_filter/lib/python3.8/site-packages:/f1tenth_ws/install/mouse_teleop/lib/python3.8/site-packages:/f1tenth_ws/install/key_teleop/lib/python3.8/site-packages:/f1tenth_ws/install/gap_follow/lib/python3.8/site-packages:/opt/ros/foxy/lib/python3.8/site-packages /usr/bin/cmake --build /f1tenth_ws/build/vesc_driver -- -j6 -l6
[2.426s] Invoking command in '/f1tenth_ws/build/vesc_driver': CMAKE_PREFIX_PATH=/f1tenth_ws/install/vesc_msgs:/f1tenth_ws/install/wall_follow:/f1tenth_ws/install/vesc:/f1tenth_ws/install/vesc_driver:/f1tenth_ws/install/vesc_ackermann:/f1tenth_ws/install/teleop_tools:/f1tenth_ws/install/teleop_tools_msgs:/f1tenth_ws/install/pure_pursuit:/f1tenth_ws/install/gap_follow:/f1tenth_ws/install/ackermann_mux:/f1tenth_ws/install/f1tenth_stack:/f1tenth_ws/install/joy_teleop:/f1tenth_ws/install/particle_filter:/f1tenth_ws/install/mouse_teleop:/f1tenth_ws/install/key_teleop:/opt/ros/foxy LD_LIBRARY_PATH=/f1tenth_ws/install/vesc_msgs/lib:/f1tenth_ws/install/vesc_driver/lib:/f1tenth_ws/install/vesc_ackermann/lib:/f1tenth_ws/install/teleop_tools_msgs/lib:/opt/ros/foxy/opt/yaml_cpp_vendor/lib:/opt/ros/foxy/opt/rviz_ogre_vendor/lib:/opt/ros/foxy/lib/aarch64-linux-gnu:/opt/ros/foxy/lib:/usr/local/cuda-10.2/targets/aarch64-linux/lib PYTHONPATH=/f1tenth_ws/install/vesc_msgs/lib/python3.8/site-packages:/f1tenth_ws/install/wall_follow/lib/python3.8/site-packages:/f1tenth_ws/install/f1tenth_stack/lib/python3.8/site-packages:/f1tenth_ws/install/joy_teleop/lib/python3.8/site-packages:/f1tenth_ws/install/teleop_tools_msgs/lib/python3.8/site-packages:/f1tenth_ws/install/pure_pursuit/lib/python3.8/site-packages:/f1tenth_ws/install/particle_filter/lib/python3.8/site-packages:/f1tenth_ws/install/mouse_teleop/lib/python3.8/site-packages:/f1tenth_ws/install/key_teleop/lib/python3.8/site-packages:/f1tenth_ws/install/gap_follow/lib/python3.8/site-packages:/opt/ros/foxy/lib/python3.8/site-packages /usr/bin/cmake --install /f1tenth_ws/build/vesc_driver
[2.503s] -- Install configuration: ""
[2.505s] -- Up-to-date: /f1tenth_ws/install/vesc_driver/lib/vesc_driver/vesc_driver_node
[2.506s] -- Up-to-date: /f1tenth_ws/install/vesc_driver/include
[2.506s] -- Up-to-date: /f1tenth_ws/install/vesc_driver/include/vesc_driver
[2.507s] -- Up-to-date: /f1tenth_ws/install/vesc_driver/include/vesc_driver/vesc_device_uuid_lookup.hpp
[2.507s] -- Up-to-date: /f1tenth_ws/install/vesc_driver/include/vesc_driver/vesc_packet_factory.hpp
[2.507s] -- Up-to-date: /f1tenth_ws/install/vesc_driver/include/vesc_driver/datatypes.hpp
[2.507s] -- Up-to-date: /f1tenth_ws/install/vesc_driver/include/vesc_driver/vesc_interface.hpp
[2.508s] -- Up-to-date: /f1tenth_ws/install/vesc_driver/include/vesc_driver/vesc_driver.hpp
[2.508s] -- Up-to-date: /f1tenth_ws/install/vesc_driver/include/vesc_driver/crc.hpp
[2.509s] -- Up-to-date: /f1tenth_ws/install/vesc_driver/include/vesc_driver/vesc_packet.hpp
[2.509s] -- Up-to-date: /f1tenth_ws/install/vesc_driver/share/vesc_driver/environment/library_path.sh
[2.510s] -- Up-to-date: /f1tenth_ws/install/vesc_driver/share/vesc_driver/environment/library_path.dsv
[2.511s] -- Up-to-date: /f1tenth_ws/install/vesc_driver/lib/libvesc_driver.so
[2.513s] -- Up-to-date: /f1tenth_ws/install/vesc_driver/lib/vesc_driver/vesc_device_namer
[2.513s] -- Up-to-date: /f1tenth_ws/install/vesc_driver/share/vesc_driver/launch
[2.514s] -- Up-to-date: /f1tenth_ws/install/vesc_driver/share/vesc_driver/launch/vesc_driver_node.launch.py
[2.515s] -- Up-to-date: /f1tenth_ws/install/vesc_driver/share/vesc_driver/params
[2.515s] -- Up-to-date: /f1tenth_ws/install/vesc_driver/share/vesc_driver/params/vesc_config.yaml
[2.516s] -- Up-to-date: /f1tenth_ws/install/vesc_driver/share/ament_index/resource_index/package_run_dependencies/vesc_driver
[2.517s] -- Up-to-date: /f1tenth_ws/install/vesc_driver/share/ament_index/resource_index/parent_prefix_path/vesc_driver
[2.519s] -- Up-to-date: /f1tenth_ws/install/vesc_driver/share/vesc_driver/environment/ament_prefix_path.sh
[2.519s] -- Up-to-date: /f1tenth_ws/install/vesc_driver/share/vesc_driver/environment/ament_prefix_path.dsv
[2.520s] -- Up-to-date: /f1tenth_ws/install/vesc_driver/share/vesc_driver/environment/path.sh
[2.520s] -- Up-to-date: /f1tenth_ws/install/vesc_driver/share/vesc_driver/environment/path.dsv
[2.524s] -- Up-to-date: /f1tenth_ws/install/vesc_driver/share/vesc_driver/local_setup.bash
[2.524s] -- Up-to-date: /f1tenth_ws/install/vesc_driver/share/vesc_driver/local_setup.sh
[2.525s] -- Up-to-date: /f1tenth_ws/install/vesc_driver/share/vesc_driver/local_setup.zsh
[2.525s] -- Up-to-date: /f1tenth_ws/install/vesc_driver/share/vesc_driver/local_setup.dsv
[2.542s] -- Installing: /f1tenth_ws/install/vesc_driver/share/vesc_driver/package.dsv
[2.543s] -- Up-to-date: /f1tenth_ws/install/vesc_driver/share/ament_index/resource_index/packages/vesc_driver
[2.543s] -- Up-to-date: /f1tenth_ws/install/vesc_driver/share/ament_index/resource_index/rclcpp_components/vesc_driver
[2.544s] -- Up-to-date: /f1tenth_ws/install/vesc_driver/share/vesc_driver/cmake/ament_cmake_export_dependencies-extras.cmake
[2.545s] -- Up-to-date: /f1tenth_ws/install/vesc_driver/share/vesc_driver/cmake/ament_cmake_export_include_directories-extras.cmake
[2.545s] -- Up-to-date: /f1tenth_ws/install/vesc_driver/share/vesc_driver/cmake/ament_cmake_export_libraries-extras.cmake
[2.545s] -- Up-to-date: /f1tenth_ws/install/vesc_driver/share/vesc_driver/cmake/vesc_driverConfig.cmake
[2.546s] -- Up-to-date: /f1tenth_ws/install/vesc_driver/share/vesc_driver/cmake/vesc_driverConfig-version.cmake
[2.546s] -- Up-to-date: /f1tenth_ws/install/vesc_driver/share/vesc_driver/package.xml
[2.547s] Invoked command in '/f1tenth_ws/build/vesc_driver' returned '0': CMAKE_PREFIX_PATH=/f1tenth_ws/install/vesc_msgs:/f1tenth_ws/install/wall_follow:/f1tenth_ws/install/vesc:/f1tenth_ws/install/vesc_driver:/f1tenth_ws/install/vesc_ackermann:/f1tenth_ws/install/teleop_tools:/f1tenth_ws/install/teleop_tools_msgs:/f1tenth_ws/install/pure_pursuit:/f1tenth_ws/install/gap_follow:/f1tenth_ws/install/ackermann_mux:/f1tenth_ws/install/f1tenth_stack:/f1tenth_ws/install/joy_teleop:/f1tenth_ws/install/particle_filter:/f1tenth_ws/install/mouse_teleop:/f1tenth_ws/install/key_teleop:/opt/ros/foxy LD_LIBRARY_PATH=/f1tenth_ws/install/vesc_msgs/lib:/f1tenth_ws/install/vesc_driver/lib:/f1tenth_ws/install/vesc_ackermann/lib:/f1tenth_ws/install/teleop_tools_msgs/lib:/opt/ros/foxy/opt/yaml_cpp_vendor/lib:/opt/ros/foxy/opt/rviz_ogre_vendor/lib:/opt/ros/foxy/lib/aarch64-linux-gnu:/opt/ros/foxy/lib:/usr/local/cuda-10.2/targets/aarch64-linux/lib PYTHONPATH=/f1tenth_ws/install/vesc_msgs/lib/python3.8/site-packages:/f1tenth_ws/install/wall_follow/lib/python3.8/site-packages:/f1tenth_ws/install/f1tenth_stack/lib/python3.8/site-packages:/f1tenth_ws/install/joy_teleop/lib/python3.8/site-packages:/f1tenth_ws/install/teleop_tools_msgs/lib/python3.8/site-packages:/f1tenth_ws/install/pure_pursuit/lib/python3.8/site-packages:/f1tenth_ws/install/particle_filter/lib/python3.8/site-packages:/f1tenth_ws/install/mouse_teleop/lib/python3.8/site-packages:/f1tenth_ws/install/key_teleop/lib/python3.8/site-packages:/f1tenth_ws/install/gap_follow/lib/python3.8/site-packages:/opt/ros/foxy/lib/python3.8/site-packages /usr/bin/cmake --install /f1tenth_ws/build/vesc_driver
