[1.685s] Invoking command in '/f1tenth_ws/build/lab7_pkg': CMAKE_PREFIX_PATH=${CMAKE_PREFIX_PATH}:/f1tenth_ws/install/f1tenth_stack:/f1tenth_ws/install/joy_teleop:/f1tenth_ws/install/particle_filter:/f1tenth_ws/install/mouse_teleop:/f1tenth_ws/install/key_teleop:/opt/ros/foxy /usr/bin/cmake --build /f1tenth_ws/build/lab7_pkg -- -j6 -l6
[2.189s] [100%] Built target rrt_node
[2.295s] Invoked command in '/f1tenth_ws/build/lab7_pkg' returned '0': CMAKE_PREFIX_PATH=${CMAKE_PREFIX_PATH}:/f1tenth_ws/install/f1tenth_stack:/f1tenth_ws/install/joy_teleop:/f1tenth_ws/install/particle_filter:/f1tenth_ws/install/mouse_teleop:/f1tenth_ws/install/key_teleop:/opt/ros/foxy /usr/bin/cmake --build /f1tenth_ws/build/lab7_pkg -- -j6 -l6
[2.549s] Invoking command in '/f1tenth_ws/build/lab7_pkg': CMAKE_PREFIX_PATH=${CMAKE_PREFIX_PATH}:/f1tenth_ws/install/f1tenth_stack:/f1tenth_ws/install/joy_teleop:/f1tenth_ws/install/particle_filter:/f1tenth_ws/install/mouse_teleop:/f1tenth_ws/install/key_teleop:/opt/ros/foxy /usr/bin/cmake --install /f1tenth_ws/build/lab7_pkg
[2.608s] -- Install configuration: ""
[2.611s] -- Up-to-date: /f1tenth_ws/install/lab7_pkg/lib/lab7_pkg/rrt_node
[2.611s] -- Up-to-date: /f1tenth_ws/install/lab7_pkg/share/lab7_pkg/environment/pythonpath.sh
[2.611s] -- Up-to-date: /f1tenth_ws/install/lab7_pkg/share/lab7_pkg/environment/pythonpath.dsv
[2.611s] -- Up-to-date: /f1tenth_ws/install/lab7_pkg/lib/python3.8/site-packages/lab7_pkg
[2.612s] -- Up-to-date: /f1tenth_ws/install/lab7_pkg/lib/python3.8/site-packages/lab7_pkg/__init__.py
[2.821s] Listing '/f1tenth_ws/install/lab7_pkg/lib/python3.8/site-packages/lab7_pkg'...
[2.842s] -- Installing: /f1tenth_ws/install/lab7_pkg/lib/lab7_pkg/rrt_node.py
[2.845s] -- Up-to-date: /f1tenth_ws/install/lab7_pkg/share/ament_index/resource_index/package_run_dependencies/lab7_pkg
[2.845s] -- Up-to-date: /f1tenth_ws/install/lab7_pkg/share/ament_index/resource_index/parent_prefix_path/lab7_pkg
[2.847s] -- Up-to-date: /f1tenth_ws/install/lab7_pkg/share/lab7_pkg/environment/ament_prefix_path.sh
[2.848s] -- Up-to-date: /f1tenth_ws/install/lab7_pkg/share/lab7_pkg/environment/ament_prefix_path.dsv
[2.848s] -- Up-to-date: /f1tenth_ws/install/lab7_pkg/share/lab7_pkg/environment/path.sh
[2.848s] -- Up-to-date: /f1tenth_ws/install/lab7_pkg/share/lab7_pkg/environment/path.dsv
[2.849s] -- Up-to-date: /f1tenth_ws/install/lab7_pkg/share/lab7_pkg/local_setup.bash
[2.850s] -- Up-to-date: /f1tenth_ws/install/lab7_pkg/share/lab7_pkg/local_setup.sh
[2.850s] -- Up-to-date: /f1tenth_ws/install/lab7_pkg/share/lab7_pkg/local_setup.zsh
[2.852s] -- Up-to-date: /f1tenth_ws/install/lab7_pkg/share/lab7_pkg/local_setup.dsv
[2.852s] -- Installing: /f1tenth_ws/install/lab7_pkg/share/lab7_pkg/package.dsv
[2.852s] -- Up-to-date: /f1tenth_ws/install/lab7_pkg/share/ament_index/resource_index/packages/lab7_pkg
[2.866s] -- Up-to-date: /f1tenth_ws/install/lab7_pkg/share/lab7_pkg/cmake/lab7_pkgConfig.cmake
[2.867s] -- Up-to-date: /f1tenth_ws/install/lab7_pkg/share/lab7_pkg/cmake/lab7_pkgConfig-version.cmake
[2.867s] -- Up-to-date: /f1tenth_ws/install/lab7_pkg/share/lab7_pkg/package.xml
[4.000s] Invoked command in '/f1tenth_ws/build/lab7_pkg' returned '0': CMAKE_PREFIX_PATH=${CMAKE_PREFIX_PATH}:/f1tenth_ws/install/f1tenth_stack:/f1tenth_ws/install/joy_teleop:/f1tenth_ws/install/particle_filter:/f1tenth_ws/install/mouse_teleop:/f1tenth_ws/install/key_teleop:/opt/ros/foxy /usr/bin/cmake --install /f1tenth_ws/build/lab7_pkg
