[2.470s] Invoking command in '/f1tenth_ws/src/f1tenth_system/teleop_tools/key_teleop': PYTHONPATH=/f1tenth_ws/install/key_teleop/lib/python3.8/site-packages:${PYTHONPATH} /usr/bin/python3 setup.py egg_info --egg-base ../../../../build/key_teleop build --build-base /f1tenth_ws/build/key_teleop/build install --prefix /f1tenth_ws/install/key_teleop --record /f1tenth_ws/build/key_teleop/install.log --single-version-externally-managed
[3.592s] running egg_info
[3.593s] writing ../../../../build/key_teleop/key_teleop.egg-info/PKG-INFO
[3.593s] writing dependency_links to ../../../../build/key_teleop/key_teleop.egg-info/dependency_links.txt
[3.594s] writing entry points to ../../../../build/key_teleop/key_teleop.egg-info/entry_points.txt
[3.595s] writing requirements to ../../../../build/key_teleop/key_teleop.egg-info/requires.txt
[3.595s] writing top-level names to ../../../../build/key_teleop/key_teleop.egg-info/top_level.txt
[3.788s] reading manifest file '../../../../build/key_teleop/key_teleop.egg-info/SOURCES.txt'
[3.793s] writing manifest file '../../../../build/key_teleop/key_teleop.egg-info/SOURCES.txt'
[3.795s] running build
[3.795s] running build_py
[3.796s] running install
[3.799s] running install_lib
[3.806s] running install_data
[3.811s] running install_egg_info
[3.816s] removing '/f1tenth_ws/install/key_teleop/lib/python3.8/site-packages/key_teleop-0.3.0-py3.8.egg-info' (and everything under it)
[3.818s] Copying ../../../../build/key_teleop/key_teleop.egg-info to /f1tenth_ws/install/key_teleop/lib/python3.8/site-packages/key_teleop-0.3.0-py3.8.egg-info
[3.823s] running install_scripts
[3.900s] Installing key_teleop script to /f1tenth_ws/install/key_teleop/lib/key_teleop
[3.902s] writing list of installed files to '/f1tenth_ws/build/key_teleop/install.log'
[4.636s] Invoked command in '/f1tenth_ws/src/f1tenth_system/teleop_tools/key_teleop' returned '0': PYTHONPATH=/f1tenth_ws/install/key_teleop/lib/python3.8/site-packages:${PYTHONPATH} /usr/bin/python3 setup.py egg_info --egg-base ../../../../build/key_teleop build --build-base /f1tenth_ws/build/key_teleop/build install --prefix /f1tenth_ws/install/key_teleop --record /f1tenth_ws/build/key_teleop/install.log --single-version-externally-managed
