[1.008s] Invoking command in '/f1tenth_ws/build/vesc_driver': AMENT_PREFIX_PATH=/f1tenth_ws/install/vesc_msgs:${AMENT_PREFIX_PATH} CMAKE_PREFIX_PATH=/f1tenth_ws/install/vesc_msgs:/opt/ros/foxy LD_LIBRARY_PATH=/f1tenth_ws/install/vesc_msgs/lib:/opt/ros/foxy/opt/yaml_cpp_vendor/lib:/opt/ros/foxy/opt/rviz_ogre_vendor/lib:/opt/ros/foxy/lib/aarch64-linux-gnu:/opt/ros/foxy/lib:/usr/local/cuda-10.2/targets/aarch64-linux/lib PYTHONPATH=/f1tenth_ws/install/vesc_msgs/lib/python3.8/site-packages:${PYTHONPATH} /usr/bin/cmake --build /f1tenth_ws/build/vesc_driver -- -j6 -l6
[1.343s] [ 50%] Built target vesc_driver
[1.369s] [ 70%] Built target vesc_driver_node
[1.453s] [100%] Built target vesc_device_namer
[1.495s] Invoked command in '/f1tenth_ws/build/vesc_driver' returned '0': AMENT_PREFIX_PATH=/f1tenth_ws/install/vesc_msgs:${AMENT_PREFIX_PATH} CMAKE_PREFIX_PATH=/f1tenth_ws/install/vesc_msgs:/opt/ros/foxy LD_LIBRARY_PATH=/f1tenth_ws/install/vesc_msgs/lib:/opt/ros/foxy/opt/yaml_cpp_vendor/lib:/opt/ros/foxy/opt/rviz_ogre_vendor/lib:/opt/ros/foxy/lib/aarch64-linux-gnu:/opt/ros/foxy/lib:/usr/local/cuda-10.2/targets/aarch64-linux/lib PYTHONPATH=/f1tenth_ws/install/vesc_msgs/lib/python3.8/site-packages:${PYTHONPATH} /usr/bin/cmake --build /f1tenth_ws/build/vesc_driver -- -j6 -l6
[1.676s] Invoking command in '/f1tenth_ws/build/vesc_driver': AMENT_PREFIX_PATH=/f1tenth_ws/install/vesc_msgs:${AMENT_PREFIX_PATH} CMAKE_PREFIX_PATH=/f1tenth_ws/install/vesc_msgs:/opt/ros/foxy LD_LIBRARY_PATH=/f1tenth_ws/install/vesc_msgs/lib:/opt/ros/foxy/opt/yaml_cpp_vendor/lib:/opt/ros/foxy/opt/rviz_ogre_vendor/lib:/opt/ros/foxy/lib/aarch64-linux-gnu:/opt/ros/foxy/lib:/usr/local/cuda-10.2/targets/aarch64-linux/lib PYTHONPATH=/f1tenth_ws/install/vesc_msgs/lib/python3.8/site-packages:${PYTHONPATH} /usr/bin/cmake --install /f1tenth_ws/build/vesc_driver
[1.688s] -- Install configuration: ""
[1.689s] -- Up-to-date: /f1tenth_ws/install/vesc_driver/lib/vesc_driver/vesc_driver_node
[1.689s] -- Up-to-date: /f1tenth_ws/install/vesc_driver/include
[1.690s] -- Up-to-date: /f1tenth_ws/install/vesc_driver/include/vesc_driver
[1.693s] -- Up-to-date: /f1tenth_ws/install/vesc_driver/include/vesc_driver/vesc_device_uuid_lookup.hpp
[1.694s] -- Up-to-date: /f1tenth_ws/install/vesc_driver/include/vesc_driver/vesc_packet_factory.hpp
[1.695s] -- Up-to-date: /f1tenth_ws/install/vesc_driver/include/vesc_driver/datatypes.hpp
[1.696s] -- Up-to-date: /f1tenth_ws/install/vesc_driver/include/vesc_driver/vesc_interface.hpp
[1.696s] -- Up-to-date: /f1tenth_ws/install/vesc_driver/include/vesc_driver/vesc_driver.hpp
[1.697s] -- Up-to-date: /f1tenth_ws/install/vesc_driver/include/vesc_driver/crc.hpp
[1.697s] -- Up-to-date: /f1tenth_ws/install/vesc_driver/include/vesc_driver/vesc_packet.hpp
[1.697s] -- Up-to-date: /f1tenth_ws/install/vesc_driver/share/vesc_driver/environment/library_path.sh
[1.699s] -- Up-to-date: /f1tenth_ws/install/vesc_driver/share/vesc_driver/environment/library_path.dsv
[1.700s] -- Up-to-date: /f1tenth_ws/install/vesc_driver/lib/libvesc_driver.so
[1.701s] -- Up-to-date: /f1tenth_ws/install/vesc_driver/lib/vesc_driver/vesc_device_namer
[1.701s] -- Up-to-date: /f1tenth_ws/install/vesc_driver/share/vesc_driver/launch
[1.702s] -- Up-to-date: /f1tenth_ws/install/vesc_driver/share/vesc_driver/launch/vesc_driver_node.launch.py
[1.702s] -- Up-to-date: /f1tenth_ws/install/vesc_driver/share/vesc_driver/params
[1.703s] -- Up-to-date: /f1tenth_ws/install/vesc_driver/share/vesc_driver/params/vesc_config.yaml
[1.703s] -- Up-to-date: /f1tenth_ws/install/vesc_driver/share/ament_index/resource_index/package_run_dependencies/vesc_driver
[1.704s] -- Up-to-date: /f1tenth_ws/install/vesc_driver/share/ament_index/resource_index/parent_prefix_path/vesc_driver
[1.704s] -- Up-to-date: /f1tenth_ws/install/vesc_driver/share/vesc_driver/environment/ament_prefix_path.sh
[1.705s] -- Up-to-date: /f1tenth_ws/install/vesc_driver/share/vesc_driver/environment/ament_prefix_path.dsv
[1.705s] -- Up-to-date: /f1tenth_ws/install/vesc_driver/share/vesc_driver/environment/path.sh
[1.705s] -- Up-to-date: /f1tenth_ws/install/vesc_driver/share/vesc_driver/environment/path.dsv
[1.706s] -- Up-to-date: /f1tenth_ws/install/vesc_driver/share/vesc_driver/local_setup.bash
[1.706s] -- Up-to-date: /f1tenth_ws/install/vesc_driver/share/vesc_driver/local_setup.sh
[1.707s] -- Up-to-date: /f1tenth_ws/install/vesc_driver/share/vesc_driver/local_setup.zsh
[1.707s] -- Up-to-date: /f1tenth_ws/install/vesc_driver/share/vesc_driver/local_setup.dsv
[1.707s] -- Installing: /f1tenth_ws/install/vesc_driver/share/vesc_driver/package.dsv
[1.708s] -- Up-to-date: /f1tenth_ws/install/vesc_driver/share/ament_index/resource_index/packages/vesc_driver
[1.708s] -- Up-to-date: /f1tenth_ws/install/vesc_driver/share/ament_index/resource_index/rclcpp_components/vesc_driver
[1.709s] -- Up-to-date: /f1tenth_ws/install/vesc_driver/share/vesc_driver/cmake/ament_cmake_export_dependencies-extras.cmake
[1.709s] -- Up-to-date: /f1tenth_ws/install/vesc_driver/share/vesc_driver/cmake/ament_cmake_export_include_directories-extras.cmake
[1.709s] -- Up-to-date: /f1tenth_ws/install/vesc_driver/share/vesc_driver/cmake/ament_cmake_export_libraries-extras.cmake
[1.710s] -- Up-to-date: /f1tenth_ws/install/vesc_driver/share/vesc_driver/cmake/vesc_driverConfig.cmake
[1.710s] -- Up-to-date: /f1tenth_ws/install/vesc_driver/share/vesc_driver/cmake/vesc_driverConfig-version.cmake
[1.711s] -- Up-to-date: /f1tenth_ws/install/vesc_driver/share/vesc_driver/package.xml
[1.767s] Invoked command in '/f1tenth_ws/build/vesc_driver' returned '0': AMENT_PREFIX_PATH=/f1tenth_ws/install/vesc_msgs:${AMENT_PREFIX_PATH} CMAKE_PREFIX_PATH=/f1tenth_ws/install/vesc_msgs:/opt/ros/foxy LD_LIBRARY_PATH=/f1tenth_ws/install/vesc_msgs/lib:/opt/ros/foxy/opt/yaml_cpp_vendor/lib:/opt/ros/foxy/opt/rviz_ogre_vendor/lib:/opt/ros/foxy/lib/aarch64-linux-gnu:/opt/ros/foxy/lib:/usr/local/cuda-10.2/targets/aarch64-linux/lib PYTHONPATH=/f1tenth_ws/install/vesc_msgs/lib/python3.8/site-packages:${PYTHONPATH} /usr/bin/cmake --install /f1tenth_ws/build/vesc_driver
