[2.745s] Invoking command in '/f1tenth_ws/src/f1tenth_system/teleop_tools/key_teleop': PYTHONPATH=/f1tenth_ws/install/key_teleop/lib/python3.8/site-packages:${PYTHONPATH} /usr/bin/python3 setup.py egg_info --egg-base ../../../../build/key_teleop build --build-base /f1tenth_ws/build/key_teleop/build install --prefix /f1tenth_ws/install/key_teleop --record /f1tenth_ws/build/key_teleop/install.log --single-version-externally-managed
[3.886s] running egg_info
[3.890s] writing ../../../../build/key_teleop/key_teleop.egg-info/PKG-INFO
[3.892s] writing dependency_links to ../../../../build/key_teleop/key_teleop.egg-info/dependency_links.txt
[3.893s] writing entry points to ../../../../build/key_teleop/key_teleop.egg-info/entry_points.txt
[3.894s] writing requirements to ../../../../build/key_teleop/key_teleop.egg-info/requires.txt
[3.894s] writing top-level names to ../../../../build/key_teleop/key_teleop.egg-info/top_level.txt
[4.114s] reading manifest file '../../../../build/key_teleop/key_teleop.egg-info/SOURCES.txt'
[4.123s] writing manifest file '../../../../build/key_teleop/key_teleop.egg-info/SOURCES.txt'
[4.124s] running build
[4.125s] running build_py
[4.126s] running install
[4.128s] running install_lib
[4.140s] running install_data
[4.141s] running install_egg_info
[4.146s] removing '/f1tenth_ws/install/key_teleop/lib/python3.8/site-packages/key_teleop-0.3.0-py3.8.egg-info' (and everything under it)
[4.147s] Copying ../../../../build/key_teleop/key_teleop.egg-info to /f1tenth_ws/install/key_teleop/lib/python3.8/site-packages/key_teleop-0.3.0-py3.8.egg-info
[4.151s] running install_scripts
[4.244s] Installing key_teleop script to /f1tenth_ws/install/key_teleop/lib/key_teleop
[4.247s] writing list of installed files to '/f1tenth_ws/build/key_teleop/install.log'
[4.784s] Invoked command in '/f1tenth_ws/src/f1tenth_system/teleop_tools/key_teleop' returned '0': PYTHONPATH=/f1tenth_ws/install/key_teleop/lib/python3.8/site-packages:${PYTHONPATH} /usr/bin/python3 setup.py egg_info --egg-base ../../../../build/key_teleop build --build-base /f1tenth_ws/build/key_teleop/build install --prefix /f1tenth_ws/install/key_teleop --record /f1tenth_ws/build/key_teleop/install.log --single-version-externally-managed
