[0.055s] Invoking command in '/f1tenth_ws/build/teleop_tools': AMENT_PREFIX_PATH=/f1tenth_ws/install/joy_teleop:/f1tenth_ws/install/teleop_tools_msgs:/f1tenth_ws/install/key_teleop:${AMENT_PREFIX_PATH} CMAKE_PREFIX_PATH=/f1tenth_ws/install/teleop_tools_msgs:/opt/ros/foxy LD_LIBRARY_PATH=/f1tenth_ws/install/teleop_tools_msgs/lib:/opt/ros/foxy/opt/yaml_cpp_vendor/lib:/opt/ros/foxy/opt/rviz_ogre_vendor/lib:/opt/ros/foxy/lib/aarch64-linux-gnu:/opt/ros/foxy/lib:/usr/local/cuda-10.2/targets/aarch64-linux/lib PYTHONPATH=/f1tenth_ws/install/joy_teleop/lib/python3.8/site-packages:/f1tenth_ws/install/teleop_tools_msgs/lib/python3.8/site-packages:/f1tenth_ws/install/key_teleop/lib/python3.8/site-packages:${PYTHONPATH} /usr/bin/cmake --build /f1tenth_ws/build/teleop_tools -- -j6 -l6
[0.324s] Invoked command in '/f1tenth_ws/build/teleop_tools' returned '0': AMENT_PREFIX_PATH=/f1tenth_ws/install/joy_teleop:/f1tenth_ws/install/teleop_tools_msgs:/f1tenth_ws/install/key_teleop:${AMENT_PREFIX_PATH} CMAKE_PREFIX_PATH=/f1tenth_ws/install/teleop_tools_msgs:/opt/ros/foxy LD_LIBRARY_PATH=/f1tenth_ws/install/teleop_tools_msgs/lib:/opt/ros/foxy/opt/yaml_cpp_vendor/lib:/opt/ros/foxy/opt/rviz_ogre_vendor/lib:/opt/ros/foxy/lib/aarch64-linux-gnu:/opt/ros/foxy/lib:/usr/local/cuda-10.2/targets/aarch64-linux/lib PYTHONPATH=/f1tenth_ws/install/joy_teleop/lib/python3.8/site-packages:/f1tenth_ws/install/teleop_tools_msgs/lib/python3.8/site-packages:/f1tenth_ws/install/key_teleop/lib/python3.8/site-packages:${PYTHONPATH} /usr/bin/cmake --build /f1tenth_ws/build/teleop_tools -- -j6 -l6
[1.414s] Invoking command in '/f1tenth_ws/build/teleop_tools': AMENT_PREFIX_PATH=/f1tenth_ws/install/joy_teleop:/f1tenth_ws/install/teleop_tools_msgs:/f1tenth_ws/install/key_teleop:${AMENT_PREFIX_PATH} CMAKE_PREFIX_PATH=/f1tenth_ws/install/teleop_tools_msgs:/opt/ros/foxy LD_LIBRARY_PATH=/f1tenth_ws/install/teleop_tools_msgs/lib:/opt/ros/foxy/opt/yaml_cpp_vendor/lib:/opt/ros/foxy/opt/rviz_ogre_vendor/lib:/opt/ros/foxy/lib/aarch64-linux-gnu:/opt/ros/foxy/lib:/usr/local/cuda-10.2/targets/aarch64-linux/lib PYTHONPATH=/f1tenth_ws/install/joy_teleop/lib/python3.8/site-packages:/f1tenth_ws/install/teleop_tools_msgs/lib/python3.8/site-packages:/f1tenth_ws/install/key_teleop/lib/python3.8/site-packages:${PYTHONPATH} /usr/bin/cmake --install /f1tenth_ws/build/teleop_tools
[1.457s] -- Install configuration: ""
[1.462s] -- Up-to-date: /f1tenth_ws/install/teleop_tools/share/ament_index/resource_index/package_run_dependencies/teleop_tools
[1.463s] -- Up-to-date: /f1tenth_ws/install/teleop_tools/share/ament_index/resource_index/parent_prefix_path/teleop_tools
[1.464s] -- Up-to-date: /f1tenth_ws/install/teleop_tools/share/teleop_tools/environment/ament_prefix_path.sh
[1.471s] -- Up-to-date: /f1tenth_ws/install/teleop_tools/share/teleop_tools/environment/ament_prefix_path.dsv
[1.475s] -- Up-to-date: /f1tenth_ws/install/teleop_tools/share/teleop_tools/environment/path.sh
[1.479s] -- Up-to-date: /f1tenth_ws/install/teleop_tools/share/teleop_tools/environment/path.dsv
[1.480s] -- Up-to-date: /f1tenth_ws/install/teleop_tools/share/teleop_tools/local_setup.bash
[1.482s] -- Up-to-date: /f1tenth_ws/install/teleop_tools/share/teleop_tools/local_setup.sh
[1.492s] -- Up-to-date: /f1tenth_ws/install/teleop_tools/share/teleop_tools/local_setup.zsh
[1.499s] -- Up-to-date: /f1tenth_ws/install/teleop_tools/share/teleop_tools/local_setup.dsv
[1.500s] -- Installing: /f1tenth_ws/install/teleop_tools/share/teleop_tools/package.dsv
[1.501s] -- Up-to-date: /f1tenth_ws/install/teleop_tools/share/ament_index/resource_index/packages/teleop_tools
[1.502s] -- Up-to-date: /f1tenth_ws/install/teleop_tools/share/teleop_tools/cmake/teleop_toolsConfig.cmake
[1.503s] -- Up-to-date: /f1tenth_ws/install/teleop_tools/share/teleop_tools/cmake/teleop_toolsConfig-version.cmake
[1.504s] -- Up-to-date: /f1tenth_ws/install/teleop_tools/share/teleop_tools/package.xml
[1.507s] Invoked command in '/f1tenth_ws/build/teleop_tools' returned '0': AMENT_PREFIX_PATH=/f1tenth_ws/install/joy_teleop:/f1tenth_ws/install/teleop_tools_msgs:/f1tenth_ws/install/key_teleop:${AMENT_PREFIX_PATH} CMAKE_PREFIX_PATH=/f1tenth_ws/install/teleop_tools_msgs:/opt/ros/foxy LD_LIBRARY_PATH=/f1tenth_ws/install/teleop_tools_msgs/lib:/opt/ros/foxy/opt/yaml_cpp_vendor/lib:/opt/ros/foxy/opt/rviz_ogre_vendor/lib:/opt/ros/foxy/lib/aarch64-linux-gnu:/opt/ros/foxy/lib:/usr/local/cuda-10.2/targets/aarch64-linux/lib PYTHONPATH=/f1tenth_ws/install/joy_teleop/lib/python3.8/site-packages:/f1tenth_ws/install/teleop_tools_msgs/lib/python3.8/site-packages:/f1tenth_ws/install/key_teleop/lib/python3.8/site-packages:${PYTHONPATH} /usr/bin/cmake --install /f1tenth_ws/build/teleop_tools
