[0.059s] Invoking command in '/f1tenth_ws/build/gap_follow': CMAKE_PREFIX_PATH=${CMAKE_PREFIX_PATH}:/f1tenth_ws/install/f1tenth_stack:/f1tenth_ws/install/joy_teleop:/f1tenth_ws/install/particle_filter:/f1tenth_ws/install/mouse_teleop:/f1tenth_ws/install/key_teleop:/opt/ros/foxy /usr/bin/cmake --build /f1tenth_ws/build/gap_follow -- -j6 -l6
[0.302s] [100%] Built target reactive_node
[0.338s] Invoked command in '/f1tenth_ws/build/gap_follow' returned '0': CMAKE_PREFIX_PATH=${CMAKE_PREFIX_PATH}:/f1tenth_ws/install/f1tenth_stack:/f1tenth_ws/install/joy_teleop:/f1tenth_ws/install/particle_filter:/f1tenth_ws/install/mouse_teleop:/f1tenth_ws/install/key_teleop:/opt/ros/foxy /usr/bin/cmake --build /f1tenth_ws/build/gap_follow -- -j6 -l6
[0.463s] Invoking command in '/f1tenth_ws/build/gap_follow': CMAKE_PREFIX_PATH=${CMAKE_PREFIX_PATH}:/f1tenth_ws/install/f1tenth_stack:/f1tenth_ws/install/joy_teleop:/f1tenth_ws/install/particle_filter:/f1tenth_ws/install/mouse_teleop:/f1tenth_ws/install/key_teleop:/opt/ros/foxy /usr/bin/cmake --install /f1tenth_ws/build/gap_follow
[0.492s] -- Install configuration: ""
[0.493s] -- Up-to-date: /f1tenth_ws/install/gap_follow/lib/gap_follow/reactive_node
[0.498s] -- Up-to-date: /f1tenth_ws/install/gap_follow/share/gap_follow/environment/pythonpath.sh
[0.499s] -- Up-to-date: /f1tenth_ws/install/gap_follow/share/gap_follow/environment/pythonpath.dsv
[0.499s] -- Up-to-date: /f1tenth_ws/install/gap_follow/lib/python3.8/site-packages/gap_follow
[0.500s] -- Up-to-date: /f1tenth_ws/install/gap_follow/lib/python3.8/site-packages/gap_follow/__init__.py
[0.627s] Listing '/f1tenth_ws/install/gap_follow/lib/python3.8/site-packages/gap_follow'...
[0.641s] -- Installing: /f1tenth_ws/install/gap_follow/lib/gap_follow/reactive_node.py
[0.642s] -- Up-to-date: /f1tenth_ws/install/gap_follow/share/ament_index/resource_index/package_run_dependencies/gap_follow
[0.643s] -- Up-to-date: /f1tenth_ws/install/gap_follow/share/ament_index/resource_index/parent_prefix_path/gap_follow
[0.644s] -- Up-to-date: /f1tenth_ws/install/gap_follow/share/gap_follow/environment/ament_prefix_path.sh
[0.644s] -- Up-to-date: /f1tenth_ws/install/gap_follow/share/gap_follow/environment/ament_prefix_path.dsv
[0.645s] -- Up-to-date: /f1tenth_ws/install/gap_follow/share/gap_follow/environment/path.sh
[0.645s] -- Up-to-date: /f1tenth_ws/install/gap_follow/share/gap_follow/environment/path.dsv
[0.646s] -- Up-to-date: /f1tenth_ws/install/gap_follow/share/gap_follow/local_setup.bash
[0.646s] -- Up-to-date: /f1tenth_ws/install/gap_follow/share/gap_follow/local_setup.sh
[0.647s] -- Up-to-date: /f1tenth_ws/install/gap_follow/share/gap_follow/local_setup.zsh
[0.647s] -- Up-to-date: /f1tenth_ws/install/gap_follow/share/gap_follow/local_setup.dsv
[0.647s] -- Installing: /f1tenth_ws/install/gap_follow/share/gap_follow/package.dsv
[0.648s] -- Up-to-date: /f1tenth_ws/install/gap_follow/share/ament_index/resource_index/packages/gap_follow
[0.648s] -- Up-to-date: /f1tenth_ws/install/gap_follow/share/gap_follow/cmake/gap_followConfig.cmake
[0.649s] -- Up-to-date: /f1tenth_ws/install/gap_follow/share/gap_follow/cmake/gap_followConfig-version.cmake
[0.649s] -- Up-to-date: /f1tenth_ws/install/gap_follow/share/gap_follow/package.xml
[0.656s] Invoked command in '/f1tenth_ws/build/gap_follow' returned '0': CMAKE_PREFIX_PATH=${CMAKE_PREFIX_PATH}:/f1tenth_ws/install/f1tenth_stack:/f1tenth_ws/install/joy_teleop:/f1tenth_ws/install/particle_filter:/f1tenth_ws/install/mouse_teleop:/f1tenth_ws/install/key_teleop:/opt/ros/foxy /usr/bin/cmake --install /f1tenth_ws/build/gap_follow
