[0.068s] Invoking command in '/f1tenth_ws/build/gap_follow': CMAKE_PREFIX_PATH=${CMAKE_PREFIX_PATH}:/f1tenth_ws/install/f1tenth_stack:/f1tenth_ws/install/joy_teleop:/f1tenth_ws/install/particle_filter:/f1tenth_ws/install/mouse_teleop:/f1tenth_ws/install/key_teleop:/opt/ros/foxy /usr/bin/cmake --build /f1tenth_ws/build/gap_follow -- -j6 -l6
[0.303s] [100%] Built target reactive_node
[0.340s] Invoked command in '/f1tenth_ws/build/gap_follow' returned '0': CMAKE_PREFIX_PATH=${CMAKE_PREFIX_PATH}:/f1tenth_ws/install/f1tenth_stack:/f1tenth_ws/install/joy_teleop:/f1tenth_ws/install/particle_filter:/f1tenth_ws/install/mouse_teleop:/f1tenth_ws/install/key_teleop:/opt/ros/foxy /usr/bin/cmake --build /f1tenth_ws/build/gap_follow -- -j6 -l6
[0.466s] Invoking command in '/f1tenth_ws/build/gap_follow': CMAKE_PREFIX_PATH=${CMAKE_PREFIX_PATH}:/f1tenth_ws/install/f1tenth_stack:/f1tenth_ws/install/joy_teleop:/f1tenth_ws/install/particle_filter:/f1tenth_ws/install/mouse_teleop:/f1tenth_ws/install/key_teleop:/opt/ros/foxy /usr/bin/cmake --install /f1tenth_ws/build/gap_follow
[0.499s] -- Install configuration: ""
[0.499s] -- Up-to-date: /f1tenth_ws/install/gap_follow/lib/gap_follow/reactive_node
[0.500s] -- Up-to-date: /f1tenth_ws/install/gap_follow/share/gap_follow/environment/pythonpath.sh
[0.501s] -- Up-to-date: /f1tenth_ws/install/gap_follow/share/gap_follow/environment/pythonpath.dsv
[0.501s] -- Up-to-date: /f1tenth_ws/install/gap_follow/lib/python3.8/site-packages/gap_follow
[0.501s] -- Up-to-date: /f1tenth_ws/install/gap_follow/lib/python3.8/site-packages/gap_follow/__init__.py
[0.638s] Listing '/f1tenth_ws/install/gap_follow/lib/python3.8/site-packages/gap_follow'...
[0.653s] -- Installing: /f1tenth_ws/install/gap_follow/lib/gap_follow/reactive_node.py
[0.654s] -- Up-to-date: /f1tenth_ws/install/gap_follow/share/ament_index/resource_index/package_run_dependencies/gap_follow
[0.654s] -- Up-to-date: /f1tenth_ws/install/gap_follow/share/ament_index/resource_index/parent_prefix_path/gap_follow
[0.655s] -- Up-to-date: /f1tenth_ws/install/gap_follow/share/gap_follow/environment/ament_prefix_path.sh
[0.655s] -- Up-to-date: /f1tenth_ws/install/gap_follow/share/gap_follow/environment/ament_prefix_path.dsv
[0.656s] -- Up-to-date: /f1tenth_ws/install/gap_follow/share/gap_follow/environment/path.sh
[0.656s] -- Up-to-date: /f1tenth_ws/install/gap_follow/share/gap_follow/environment/path.dsv
[0.657s] -- Up-to-date: /f1tenth_ws/install/gap_follow/share/gap_follow/local_setup.bash
[0.657s] -- Up-to-date: /f1tenth_ws/install/gap_follow/share/gap_follow/local_setup.sh
[0.658s] -- Up-to-date: /f1tenth_ws/install/gap_follow/share/gap_follow/local_setup.zsh
[0.658s] -- Up-to-date: /f1tenth_ws/install/gap_follow/share/gap_follow/local_setup.dsv
[0.659s] -- Installing: /f1tenth_ws/install/gap_follow/share/gap_follow/package.dsv
[0.659s] -- Up-to-date: /f1tenth_ws/install/gap_follow/share/ament_index/resource_index/packages/gap_follow
[0.659s] -- Up-to-date: /f1tenth_ws/install/gap_follow/share/gap_follow/cmake/gap_followConfig.cmake
[0.660s] -- Up-to-date: /f1tenth_ws/install/gap_follow/share/gap_follow/cmake/gap_followConfig-version.cmake
[0.660s] -- Up-to-date: /f1tenth_ws/install/gap_follow/share/gap_follow/package.xml
[0.668s] Invoked command in '/f1tenth_ws/build/gap_follow' returned '0': CMAKE_PREFIX_PATH=${CMAKE_PREFIX_PATH}:/f1tenth_ws/install/f1tenth_stack:/f1tenth_ws/install/joy_teleop:/f1tenth_ws/install/particle_filter:/f1tenth_ws/install/mouse_teleop:/f1tenth_ws/install/key_teleop:/opt/ros/foxy /usr/bin/cmake --install /f1tenth_ws/build/gap_follow
