[0.261s] Invoking command in '/f1tenth_ws/build/teleop_tools_msgs': CMAKE_PREFIX_PATH=${CMAKE_PREFIX_PATH}:/f1tenth_ws/install/f1tenth_stack:/f1tenth_ws/install/joy_teleop:/f1tenth_ws/install/particle_filter:/f1tenth_ws/install/mouse_teleop:/f1tenth_ws/install/key_teleop:/opt/ros/foxy /usr/bin/cmake --build /f1tenth_ws/build/teleop_tools_msgs -- -j6 -l6
[2.568s] [  3%] Built target teleop_tools_msgs__cpp
[2.569s] [ 12%] Built target teleop_tools_msgs__rosidl_generator_c
[2.570s] [ 22%] Built target teleop_tools_msgs__rosidl_typesupport_c
[2.570s] [ 32%] Built target teleop_tools_msgs__rosidl_typesupport_cpp
[2.571s] [ 41%] Built target teleop_tools_msgs__rosidl_typesupport_introspection_cpp
[2.571s] [ 51%] Built target teleop_tools_msgs__rosidl_typesupport_introspection_c
[2.571s] [ 61%] Built target teleop_tools_msgs__rosidl_typesupport_fastrtps_cpp
[2.572s] [ 70%] Built target teleop_tools_msgs__rosidl_typesupport_fastrtps_c
[2.572s] [ 70%] Built target teleop_tools_msgs
[2.573s] [ 74%] Built target teleop_tools_msgs__py
[2.573s] [ 80%] Built target teleop_tools_msgs__python
[2.573s] [ 87%] Built target teleop_tools_msgs__rosidl_typesupport_c__pyext
[2.574s] [ 93%] Built target teleop_tools_msgs__rosidl_typesupport_introspection_c__pyext
[2.574s] [100%] Built target teleop_tools_msgs__rosidl_typesupport_fastrtps_c__pyext
[2.582s] Invoked command in '/f1tenth_ws/build/teleop_tools_msgs' returned '0': CMAKE_PREFIX_PATH=${CMAKE_PREFIX_PATH}:/f1tenth_ws/install/f1tenth_stack:/f1tenth_ws/install/joy_teleop:/f1tenth_ws/install/particle_filter:/f1tenth_ws/install/mouse_teleop:/f1tenth_ws/install/key_teleop:/opt/ros/foxy /usr/bin/cmake --build /f1tenth_ws/build/teleop_tools_msgs -- -j6 -l6
[3.009s] Invoking command in '/f1tenth_ws/build/teleop_tools_msgs': CMAKE_PREFIX_PATH=${CMAKE_PREFIX_PATH}:/f1tenth_ws/install/f1tenth_stack:/f1tenth_ws/install/joy_teleop:/f1tenth_ws/install/particle_filter:/f1tenth_ws/install/mouse_teleop:/f1tenth_ws/install/key_teleop:/opt/ros/foxy /usr/bin/cmake --install /f1tenth_ws/build/teleop_tools_msgs
[3.084s] -- Install configuration: ""
[3.085s] -- Up-to-date: /f1tenth_ws/install/teleop_tools_msgs/share/ament_index/resource_index/rosidl_interfaces/teleop_tools_msgs
[3.085s] -- Up-to-date: /f1tenth_ws/install/teleop_tools_msgs/include/teleop_tools_msgs
[3.086s] -- Up-to-date: /f1tenth_ws/install/teleop_tools_msgs/include/teleop_tools_msgs/action
[3.086s] -- Up-to-date: /f1tenth_ws/install/teleop_tools_msgs/include/teleop_tools_msgs/action/detail
[3.086s] -- Up-to-date: /f1tenth_ws/install/teleop_tools_msgs/include/teleop_tools_msgs/action/detail/increment__functions.h
[3.087s] -- Up-to-date: /f1tenth_ws/install/teleop_tools_msgs/include/teleop_tools_msgs/action/detail/increment__struct.h
[3.090s] -- Up-to-date: /f1tenth_ws/install/teleop_tools_msgs/include/teleop_tools_msgs/action/detail/increment__functions.c
[3.091s] -- Up-to-date: /f1tenth_ws/install/teleop_tools_msgs/include/teleop_tools_msgs/action/detail/increment__type_support.h
[3.092s] -- Up-to-date: /f1tenth_ws/install/teleop_tools_msgs/include/teleop_tools_msgs/action/increment.h
[3.092s] -- Up-to-date: /f1tenth_ws/install/teleop_tools_msgs/include/teleop_tools_msgs/msg
[3.093s] -- Up-to-date: /f1tenth_ws/install/teleop_tools_msgs/include/teleop_tools_msgs/msg/rosidl_generator_c__visibility_control.h
[3.093s] -- Up-to-date: /f1tenth_ws/install/teleop_tools_msgs/share/teleop_tools_msgs/environment/library_path.sh
[3.093s] -- Up-to-date: /f1tenth_ws/install/teleop_tools_msgs/share/teleop_tools_msgs/environment/library_path.dsv
[3.094s] -- Up-to-date: /f1tenth_ws/install/teleop_tools_msgs/lib/libteleop_tools_msgs__rosidl_generator_c.so
[3.094s] -- Up-to-date: /f1tenth_ws/install/teleop_tools_msgs/include/teleop_tools_msgs
[3.094s] -- Up-to-date: /f1tenth_ws/install/teleop_tools_msgs/include/teleop_tools_msgs/action
[3.095s] -- Up-to-date: /f1tenth_ws/install/teleop_tools_msgs/include/teleop_tools_msgs/action/detail
[3.095s] -- Up-to-date: /f1tenth_ws/install/teleop_tools_msgs/include/teleop_tools_msgs/action/detail/increment__rosidl_typesupport_fastrtps_c.h
[3.096s] -- Up-to-date: /f1tenth_ws/install/teleop_tools_msgs/include/teleop_tools_msgs/msg
[3.096s] -- Up-to-date: /f1tenth_ws/install/teleop_tools_msgs/include/teleop_tools_msgs/msg/rosidl_typesupport_fastrtps_c__visibility_control.h
[3.096s] -- Up-to-date: /f1tenth_ws/install/teleop_tools_msgs/lib/libteleop_tools_msgs__rosidl_typesupport_fastrtps_c.so
[3.097s] -- Up-to-date: /f1tenth_ws/install/teleop_tools_msgs/include/teleop_tools_msgs
[3.097s] -- Up-to-date: /f1tenth_ws/install/teleop_tools_msgs/include/teleop_tools_msgs/action
[3.098s] -- Up-to-date: /f1tenth_ws/install/teleop_tools_msgs/include/teleop_tools_msgs/action/detail
[3.098s] -- Up-to-date: /f1tenth_ws/install/teleop_tools_msgs/include/teleop_tools_msgs/action/detail/dds_fastrtps
[3.098s] -- Up-to-date: /f1tenth_ws/install/teleop_tools_msgs/include/teleop_tools_msgs/action/detail/increment__rosidl_typesupport_fastrtps_cpp.hpp
[3.099s] -- Up-to-date: /f1tenth_ws/install/teleop_tools_msgs/include/teleop_tools_msgs/msg
[3.108s] -- Up-to-date: /f1tenth_ws/install/teleop_tools_msgs/include/teleop_tools_msgs/msg/rosidl_typesupport_fastrtps_cpp__visibility_control.h
[3.109s] -- Up-to-date: /f1tenth_ws/install/teleop_tools_msgs/lib/libteleop_tools_msgs__rosidl_typesupport_fastrtps_cpp.so
[3.110s] -- Up-to-date: /f1tenth_ws/install/teleop_tools_msgs/include/teleop_tools_msgs
[3.110s] -- Up-to-date: /f1tenth_ws/install/teleop_tools_msgs/include/teleop_tools_msgs/action
[3.111s] -- Up-to-date: /f1tenth_ws/install/teleop_tools_msgs/include/teleop_tools_msgs/action/detail
[3.111s] -- Up-to-date: /f1tenth_ws/install/teleop_tools_msgs/include/teleop_tools_msgs/action/detail/increment__type_support.c
[3.111s] -- Up-to-date: /f1tenth_ws/install/teleop_tools_msgs/include/teleop_tools_msgs/action/detail/increment__rosidl_typesupport_introspection_c.h
[3.112s] -- Up-to-date: /f1tenth_ws/install/teleop_tools_msgs/include/teleop_tools_msgs/msg
[3.112s] -- Up-to-date: /f1tenth_ws/install/teleop_tools_msgs/include/teleop_tools_msgs/msg/rosidl_typesupport_introspection_c__visibility_control.h
[3.112s] -- Up-to-date: /f1tenth_ws/install/teleop_tools_msgs/lib/libteleop_tools_msgs__rosidl_typesupport_introspection_c.so
[3.113s] -- Up-to-date: /f1tenth_ws/install/teleop_tools_msgs/lib/libteleop_tools_msgs__rosidl_typesupport_c.so
[3.113s] -- Up-to-date: /f1tenth_ws/install/teleop_tools_msgs/include/teleop_tools_msgs
[3.113s] -- Up-to-date: /f1tenth_ws/install/teleop_tools_msgs/include/teleop_tools_msgs/action
[3.114s] -- Up-to-date: /f1tenth_ws/install/teleop_tools_msgs/include/teleop_tools_msgs/action/detail
[3.114s] -- Up-to-date: /f1tenth_ws/install/teleop_tools_msgs/include/teleop_tools_msgs/action/detail/increment__builder.hpp
[3.114s] -- Up-to-date: /f1tenth_ws/install/teleop_tools_msgs/include/teleop_tools_msgs/action/detail/increment__struct.hpp
[3.115s] -- Up-to-date: /f1tenth_ws/install/teleop_tools_msgs/include/teleop_tools_msgs/action/detail/increment__traits.hpp
[3.115s] -- Up-to-date: /f1tenth_ws/install/teleop_tools_msgs/include/teleop_tools_msgs/action/increment.hpp
[3.115s] -- Up-to-date: /f1tenth_ws/install/teleop_tools_msgs/include/teleop_tools_msgs
[3.116s] -- Up-to-date: /f1tenth_ws/install/teleop_tools_msgs/include/teleop_tools_msgs/action
[3.116s] -- Up-to-date: /f1tenth_ws/install/teleop_tools_msgs/include/teleop_tools_msgs/action/detail
[3.116s] -- Up-to-date: /f1tenth_ws/install/teleop_tools_msgs/include/teleop_tools_msgs/action/detail/increment__type_support.cpp
[3.117s] -- Up-to-date: /f1tenth_ws/install/teleop_tools_msgs/include/teleop_tools_msgs/action/detail/increment__rosidl_typesupport_introspection_cpp.hpp
[3.117s] -- Up-to-date: /f1tenth_ws/install/teleop_tools_msgs/lib/libteleop_tools_msgs__rosidl_typesupport_introspection_cpp.so
[3.117s] -- Up-to-date: /f1tenth_ws/install/teleop_tools_msgs/lib/libteleop_tools_msgs__rosidl_typesupport_cpp.so
[3.118s] -- Up-to-date: /f1tenth_ws/install/teleop_tools_msgs/share/teleop_tools_msgs/environment/pythonpath.sh
[3.118s] -- Up-to-date: /f1tenth_ws/install/teleop_tools_msgs/share/teleop_tools_msgs/environment/pythonpath.dsv
[3.118s] -- Up-to-date: /f1tenth_ws/install/teleop_tools_msgs/lib/python3.8/site-packages/teleop_tools_msgs/__init__.py
[3.293s] -- Up-to-date: /f1tenth_ws/install/teleop_tools_msgs/lib/python3.8/site-packages/teleop_tools_msgs/action
[3.296s] -- Up-to-date: /f1tenth_ws/install/teleop_tools_msgs/lib/python3.8/site-packages/teleop_tools_msgs/action/_increment_s.c
[3.298s] -- Up-to-date: /f1tenth_ws/install/teleop_tools_msgs/lib/python3.8/site-packages/teleop_tools_msgs/action/_increment.py
[3.298s] -- Up-to-date: /f1tenth_ws/install/teleop_tools_msgs/lib/python3.8/site-packages/teleop_tools_msgs/action/__init__.py
[3.299s] -- Up-to-date: /f1tenth_ws/install/teleop_tools_msgs/lib/python3.8/site-packages/teleop_tools_msgs/teleop_tools_msgs_s__rosidl_typesupport_fastrtps_c.cpython-38-aarch64-linux-gnu.so
[3.300s] -- Up-to-date: /f1tenth_ws/install/teleop_tools_msgs/lib/python3.8/site-packages/teleop_tools_msgs/teleop_tools_msgs_s__rosidl_typesupport_introspection_c.cpython-38-aarch64-linux-gnu.so
[3.300s] -- Up-to-date: /f1tenth_ws/install/teleop_tools_msgs/lib/python3.8/site-packages/teleop_tools_msgs/teleop_tools_msgs_s__rosidl_typesupport_c.cpython-38-aarch64-linux-gnu.so
[3.306s] -- Up-to-date: /f1tenth_ws/install/teleop_tools_msgs/lib/libteleop_tools_msgs__python.so
[3.309s] -- Up-to-date: /f1tenth_ws/install/teleop_tools_msgs/share/teleop_tools_msgs/action/Increment.idl
[3.311s] -- Up-to-date: /f1tenth_ws/install/teleop_tools_msgs/share/teleop_tools_msgs/action/Increment.action
[3.311s] -- Up-to-date: /f1tenth_ws/install/teleop_tools_msgs/share/ament_index/resource_index/package_run_dependencies/teleop_tools_msgs
[3.311s] -- Up-to-date: /f1tenth_ws/install/teleop_tools_msgs/share/ament_index/resource_index/parent_prefix_path/teleop_tools_msgs
[3.313s] -- Up-to-date: /f1tenth_ws/install/teleop_tools_msgs/share/teleop_tools_msgs/environment/ament_prefix_path.sh
[3.313s] -- Up-to-date: /f1tenth_ws/install/teleop_tools_msgs/share/teleop_tools_msgs/environment/ament_prefix_path.dsv
[3.314s] -- Up-to-date: /f1tenth_ws/install/teleop_tools_msgs/share/teleop_tools_msgs/environment/path.sh
[3.314s] -- Up-to-date: /f1tenth_ws/install/teleop_tools_msgs/share/teleop_tools_msgs/environment/path.dsv
[3.314s] -- Up-to-date: /f1tenth_ws/install/teleop_tools_msgs/share/teleop_tools_msgs/local_setup.bash
[3.315s] -- Up-to-date: /f1tenth_ws/install/teleop_tools_msgs/share/teleop_tools_msgs/local_setup.sh
[3.315s] -- Up-to-date: /f1tenth_ws/install/teleop_tools_msgs/share/teleop_tools_msgs/local_setup.zsh
[3.318s] -- Up-to-date: /f1tenth_ws/install/teleop_tools_msgs/share/teleop_tools_msgs/local_setup.dsv
[3.319s] -- Installing: /f1tenth_ws/install/teleop_tools_msgs/share/teleop_tools_msgs/package.dsv
[3.320s] -- Up-to-date: /f1tenth_ws/install/teleop_tools_msgs/share/ament_index/resource_index/packages/teleop_tools_msgs
[3.320s] -- Up-to-date: /f1tenth_ws/install/teleop_tools_msgs/share/teleop_tools_msgs/cmake/teleop_tools_msgs__rosidl_generator_cExport.cmake
[3.320s] -- Up-to-date: /f1tenth_ws/install/teleop_tools_msgs/share/teleop_tools_msgs/cmake/teleop_tools_msgs__rosidl_generator_cExport-noconfig.cmake
[3.321s] -- Up-to-date: /f1tenth_ws/install/teleop_tools_msgs/share/teleop_tools_msgs/cmake/teleop_tools_msgs__rosidl_typesupport_introspection_cExport.cmake
[3.321s] -- Up-to-date: /f1tenth_ws/install/teleop_tools_msgs/share/teleop_tools_msgs/cmake/teleop_tools_msgs__rosidl_typesupport_introspection_cExport-noconfig.cmake
[3.322s] -- Up-to-date: /f1tenth_ws/install/teleop_tools_msgs/share/teleop_tools_msgs/cmake/teleop_tools_msgs__rosidl_typesupport_cExport.cmake
[3.323s] -- Up-to-date: /f1tenth_ws/install/teleop_tools_msgs/share/teleop_tools_msgs/cmake/teleop_tools_msgs__rosidl_typesupport_cExport-noconfig.cmake
[3.323s] -- Up-to-date: /f1tenth_ws/install/teleop_tools_msgs/share/teleop_tools_msgs/cmake/teleop_tools_msgs__rosidl_generator_cppExport.cmake
[3.331s] -- Up-to-date: /f1tenth_ws/install/teleop_tools_msgs/share/teleop_tools_msgs/cmake/teleop_tools_msgs__rosidl_typesupport_introspection_cppExport.cmake
[3.332s] -- Up-to-date: /f1tenth_ws/install/teleop_tools_msgs/share/teleop_tools_msgs/cmake/teleop_tools_msgs__rosidl_typesupport_introspection_cppExport-noconfig.cmake
[3.336s] -- Up-to-date: /f1tenth_ws/install/teleop_tools_msgs/share/teleop_tools_msgs/cmake/teleop_tools_msgs__rosidl_typesupport_cppExport.cmake
[3.339s] -- Up-to-date: /f1tenth_ws/install/teleop_tools_msgs/share/teleop_tools_msgs/cmake/teleop_tools_msgs__rosidl_typesupport_cppExport-noconfig.cmake
[3.341s] -- Up-to-date: /f1tenth_ws/install/teleop_tools_msgs/share/teleop_tools_msgs/cmake/rosidl_cmake-extras.cmake
[3.342s] -- Up-to-date: /f1tenth_ws/install/teleop_tools_msgs/share/teleop_tools_msgs/cmake/ament_cmake_export_dependencies-extras.cmake
[3.342s] -- Up-to-date: /f1tenth_ws/install/teleop_tools_msgs/share/teleop_tools_msgs/cmake/ament_cmake_export_libraries-extras.cmake
[3.342s] -- Up-to-date: /f1tenth_ws/install/teleop_tools_msgs/share/teleop_tools_msgs/cmake/ament_cmake_export_targets-extras.cmake
[3.343s] -- Up-to-date: /f1tenth_ws/install/teleop_tools_msgs/share/teleop_tools_msgs/cmake/ament_cmake_export_include_directories-extras.cmake
[3.343s] -- Up-to-date: /f1tenth_ws/install/teleop_tools_msgs/share/teleop_tools_msgs/cmake/rosidl_cmake_export_typesupport_libraries-extras.cmake
[3.343s] -- Up-to-date: /f1tenth_ws/install/teleop_tools_msgs/share/teleop_tools_msgs/cmake/rosidl_cmake_export_typesupport_targets-extras.cmake
[3.344s] -- Up-to-date: /f1tenth_ws/install/teleop_tools_msgs/share/teleop_tools_msgs/cmake/teleop_tools_msgsConfig.cmake
[3.344s] -- Up-to-date: /f1tenth_ws/install/teleop_tools_msgs/share/teleop_tools_msgs/cmake/teleop_tools_msgsConfig-version.cmake
[3.344s] -- Up-to-date: /f1tenth_ws/install/teleop_tools_msgs/share/teleop_tools_msgs/package.xml
[4.400s] Invoked command in '/f1tenth_ws/build/teleop_tools_msgs' returned '0': CMAKE_PREFIX_PATH=${CMAKE_PREFIX_PATH}:/f1tenth_ws/install/f1tenth_stack:/f1tenth_ws/install/joy_teleop:/f1tenth_ws/install/particle_filter:/f1tenth_ws/install/mouse_teleop:/f1tenth_ws/install/key_teleop:/opt/ros/foxy /usr/bin/cmake --install /f1tenth_ws/build/teleop_tools_msgs
