[0.098s] Invoking command in '/f1tenth_ws/build/vesc_ackermann': AMENT_PREFIX_PATH=/f1tenth_ws/install/vesc_msgs:${AMENT_PREFIX_PATH} CMAKE_PREFIX_PATH=/f1tenth_ws/install/vesc_msgs:/opt/ros/foxy LD_LIBRARY_PATH=/f1tenth_ws/install/vesc_msgs/lib:/opt/ros/foxy/opt/yaml_cpp_vendor/lib:/opt/ros/foxy/opt/rviz_ogre_vendor/lib:/opt/ros/foxy/lib/aarch64-linux-gnu:/opt/ros/foxy/lib:/usr/local/cuda-10.2/targets/aarch64-linux/lib PYTHONPATH=/f1tenth_ws/install/vesc_msgs/lib/python3.8/site-packages:${PYTHONPATH} /usr/bin/cmake --build /f1tenth_ws/build/vesc_ackermann -- -j6 -l6
[0.470s] [ 42%] Built target vesc_ackermann
[0.488s] [ 71%] Built target ackermann_to_vesc_node
[0.499s] [100%] Built target vesc_to_odom_node
[0.540s] Invoked command in '/f1tenth_ws/build/vesc_ackermann' returned '0': AMENT_PREFIX_PATH=/f1tenth_ws/install/vesc_msgs:${AMENT_PREFIX_PATH} CMAKE_PREFIX_PATH=/f1tenth_ws/install/vesc_msgs:/opt/ros/foxy LD_LIBRARY_PATH=/f1tenth_ws/install/vesc_msgs/lib:/opt/ros/foxy/opt/yaml_cpp_vendor/lib:/opt/ros/foxy/opt/rviz_ogre_vendor/lib:/opt/ros/foxy/lib/aarch64-linux-gnu:/opt/ros/foxy/lib:/usr/local/cuda-10.2/targets/aarch64-linux/lib PYTHONPATH=/f1tenth_ws/install/vesc_msgs/lib/python3.8/site-packages:${PYTHONPATH} /usr/bin/cmake --build /f1tenth_ws/build/vesc_ackermann -- -j6 -l6
[0.706s] Invoking command in '/f1tenth_ws/build/vesc_ackermann': AMENT_PREFIX_PATH=/f1tenth_ws/install/vesc_msgs:${AMENT_PREFIX_PATH} CMAKE_PREFIX_PATH=/f1tenth_ws/install/vesc_msgs:/opt/ros/foxy LD_LIBRARY_PATH=/f1tenth_ws/install/vesc_msgs/lib:/opt/ros/foxy/opt/yaml_cpp_vendor/lib:/opt/ros/foxy/opt/rviz_ogre_vendor/lib:/opt/ros/foxy/lib/aarch64-linux-gnu:/opt/ros/foxy/lib:/usr/local/cuda-10.2/targets/aarch64-linux/lib PYTHONPATH=/f1tenth_ws/install/vesc_msgs/lib/python3.8/site-packages:${PYTHONPATH} /usr/bin/cmake --install /f1tenth_ws/build/vesc_ackermann
[0.741s] -- Install configuration: ""
[0.744s] -- Up-to-date: /f1tenth_ws/install/vesc_ackermann/lib/vesc_ackermann/ackermann_to_vesc_node
[0.745s] -- Up-to-date: /f1tenth_ws/install/vesc_ackermann/lib/vesc_ackermann/vesc_to_odom_node
[0.747s] -- Up-to-date: /f1tenth_ws/install/vesc_ackermann/include
[0.747s] -- Up-to-date: /f1tenth_ws/install/vesc_ackermann/include/vesc_ackermann
[0.747s] -- Up-to-date: /f1tenth_ws/install/vesc_ackermann/include/vesc_ackermann/vesc_to_odom.hpp
[0.748s] -- Up-to-date: /f1tenth_ws/install/vesc_ackermann/include/vesc_ackermann/ackermann_to_vesc.hpp
[0.748s] -- Up-to-date: /f1tenth_ws/install/vesc_ackermann/share/vesc_ackermann/environment/library_path.sh
[0.751s] -- Up-to-date: /f1tenth_ws/install/vesc_ackermann/share/vesc_ackermann/environment/library_path.dsv
[0.751s] -- Up-to-date: /f1tenth_ws/install/vesc_ackermann/lib/libvesc_ackermann.so
[0.751s] -- Up-to-date: /f1tenth_ws/install/vesc_ackermann/share/vesc_ackermann/launch
[0.752s] -- Up-to-date: /f1tenth_ws/install/vesc_ackermann/share/vesc_ackermann/launch/vesc_to_odom_node.launch.xml
[0.752s] -- Up-to-date: /f1tenth_ws/install/vesc_ackermann/share/vesc_ackermann/launch/ackermann_to_vesc_node.launch.xml
[0.753s] -- Up-to-date: /f1tenth_ws/install/vesc_ackermann/share/ament_index/resource_index/package_run_dependencies/vesc_ackermann
[0.754s] -- Up-to-date: /f1tenth_ws/install/vesc_ackermann/share/ament_index/resource_index/parent_prefix_path/vesc_ackermann
[0.754s] -- Up-to-date: /f1tenth_ws/install/vesc_ackermann/share/vesc_ackermann/environment/ament_prefix_path.sh
[0.755s] -- Up-to-date: /f1tenth_ws/install/vesc_ackermann/share/vesc_ackermann/environment/ament_prefix_path.dsv
[0.755s] -- Up-to-date: /f1tenth_ws/install/vesc_ackermann/share/vesc_ackermann/environment/path.sh
[0.756s] -- Up-to-date: /f1tenth_ws/install/vesc_ackermann/share/vesc_ackermann/environment/path.dsv
[0.756s] -- Up-to-date: /f1tenth_ws/install/vesc_ackermann/share/vesc_ackermann/local_setup.bash
[0.757s] -- Up-to-date: /f1tenth_ws/install/vesc_ackermann/share/vesc_ackermann/local_setup.sh
[0.757s] -- Up-to-date: /f1tenth_ws/install/vesc_ackermann/share/vesc_ackermann/local_setup.zsh
[0.757s] -- Up-to-date: /f1tenth_ws/install/vesc_ackermann/share/vesc_ackermann/local_setup.dsv
[0.758s] -- Installing: /f1tenth_ws/install/vesc_ackermann/share/vesc_ackermann/package.dsv
[0.759s] -- Up-to-date: /f1tenth_ws/install/vesc_ackermann/share/ament_index/resource_index/packages/vesc_ackermann
[0.759s] -- Up-to-date: /f1tenth_ws/install/vesc_ackermann/share/ament_index/resource_index/rclcpp_components/vesc_ackermann
[0.759s] -- Up-to-date: /f1tenth_ws/install/vesc_ackermann/share/vesc_ackermann/cmake/ament_cmake_export_dependencies-extras.cmake
[0.760s] -- Up-to-date: /f1tenth_ws/install/vesc_ackermann/share/vesc_ackermann/cmake/ament_cmake_export_include_directories-extras.cmake
[0.760s] -- Up-to-date: /f1tenth_ws/install/vesc_ackermann/share/vesc_ackermann/cmake/ament_cmake_export_libraries-extras.cmake
[0.760s] -- Up-to-date: /f1tenth_ws/install/vesc_ackermann/share/vesc_ackermann/cmake/vesc_ackermannConfig.cmake
[0.761s] -- Up-to-date: /f1tenth_ws/install/vesc_ackermann/share/vesc_ackermann/cmake/vesc_ackermannConfig-version.cmake
[0.771s] -- Up-to-date: /f1tenth_ws/install/vesc_ackermann/share/vesc_ackermann/package.xml
[0.772s] Invoked command in '/f1tenth_ws/build/vesc_ackermann' returned '0': AMENT_PREFIX_PATH=/f1tenth_ws/install/vesc_msgs:${AMENT_PREFIX_PATH} CMAKE_PREFIX_PATH=/f1tenth_ws/install/vesc_msgs:/opt/ros/foxy LD_LIBRARY_PATH=/f1tenth_ws/install/vesc_msgs/lib:/opt/ros/foxy/opt/yaml_cpp_vendor/lib:/opt/ros/foxy/opt/rviz_ogre_vendor/lib:/opt/ros/foxy/lib/aarch64-linux-gnu:/opt/ros/foxy/lib:/usr/local/cuda-10.2/targets/aarch64-linux/lib PYTHONPATH=/f1tenth_ws/install/vesc_msgs/lib/python3.8/site-packages:${PYTHONPATH} /usr/bin/cmake --install /f1tenth_ws/build/vesc_ackermann
