[0.204s] Invoking command in '/f1tenth_ws/build/vesc_ackermann': AMENT_PREFIX_PATH=/f1tenth_ws/install/vesc_msgs:${AMENT_PREFIX_PATH} CMAKE_PREFIX_PATH=/f1tenth_ws/install/vesc_msgs:/opt/ros/foxy LD_LIBRARY_PATH=/f1tenth_ws/install/vesc_msgs/lib:/opt/ros/foxy/opt/yaml_cpp_vendor/lib:/opt/ros/foxy/opt/rviz_ogre_vendor/lib:/opt/ros/foxy/lib/aarch64-linux-gnu:/opt/ros/foxy/lib:/usr/local/cuda-10.2/targets/aarch64-linux/lib PYTHONPATH=/f1tenth_ws/install/vesc_msgs/lib/python3.8/site-packages:${PYTHONPATH} /usr/bin/cmake --build /f1tenth_ws/build/vesc_ackermann -- -j6 -l6
[0.693s] [ 28%] Built target vesc_to_odom_node
[0.705s] [ 57%] Built target ackermann_to_vesc_node
[0.746s] [100%] Built target vesc_ackermann
[0.885s] Invoked command in '/f1tenth_ws/build/vesc_ackermann' returned '0': AMENT_PREFIX_PATH=/f1tenth_ws/install/vesc_msgs:${AMENT_PREFIX_PATH} CMAKE_PREFIX_PATH=/f1tenth_ws/install/vesc_msgs:/opt/ros/foxy LD_LIBRARY_PATH=/f1tenth_ws/install/vesc_msgs/lib:/opt/ros/foxy/opt/yaml_cpp_vendor/lib:/opt/ros/foxy/opt/rviz_ogre_vendor/lib:/opt/ros/foxy/lib/aarch64-linux-gnu:/opt/ros/foxy/lib:/usr/local/cuda-10.2/targets/aarch64-linux/lib PYTHONPATH=/f1tenth_ws/install/vesc_msgs/lib/python3.8/site-packages:${PYTHONPATH} /usr/bin/cmake --build /f1tenth_ws/build/vesc_ackermann -- -j6 -l6
[1.089s] Invoking command in '/f1tenth_ws/build/vesc_ackermann': AMENT_PREFIX_PATH=/f1tenth_ws/install/vesc_msgs:${AMENT_PREFIX_PATH} CMAKE_PREFIX_PATH=/f1tenth_ws/install/vesc_msgs:/opt/ros/foxy LD_LIBRARY_PATH=/f1tenth_ws/install/vesc_msgs/lib:/opt/ros/foxy/opt/yaml_cpp_vendor/lib:/opt/ros/foxy/opt/rviz_ogre_vendor/lib:/opt/ros/foxy/lib/aarch64-linux-gnu:/opt/ros/foxy/lib:/usr/local/cuda-10.2/targets/aarch64-linux/lib PYTHONPATH=/f1tenth_ws/install/vesc_msgs/lib/python3.8/site-packages:${PYTHONPATH} /usr/bin/cmake --install /f1tenth_ws/build/vesc_ackermann
[1.103s] -- Install configuration: ""
[1.113s] -- Up-to-date: /f1tenth_ws/install/vesc_ackermann/lib/vesc_ackermann/ackermann_to_vesc_node
[1.116s] -- Up-to-date: /f1tenth_ws/install/vesc_ackermann/lib/vesc_ackermann/vesc_to_odom_node
[1.122s] -- Up-to-date: /f1tenth_ws/install/vesc_ackermann/include
[1.122s] -- Up-to-date: /f1tenth_ws/install/vesc_ackermann/include/vesc_ackermann
[1.124s] -- Up-to-date: /f1tenth_ws/install/vesc_ackermann/include/vesc_ackermann/vesc_to_odom.hpp
[1.124s] -- Up-to-date: /f1tenth_ws/install/vesc_ackermann/include/vesc_ackermann/ackermann_to_vesc.hpp
[1.125s] -- Up-to-date: /f1tenth_ws/install/vesc_ackermann/share/vesc_ackermann/environment/library_path.sh
[1.125s] -- Up-to-date: /f1tenth_ws/install/vesc_ackermann/share/vesc_ackermann/environment/library_path.dsv
[1.126s] -- Up-to-date: /f1tenth_ws/install/vesc_ackermann/lib/libvesc_ackermann.so
[1.132s] -- Up-to-date: /f1tenth_ws/install/vesc_ackermann/share/vesc_ackermann/launch
[1.133s] -- Up-to-date: /f1tenth_ws/install/vesc_ackermann/share/vesc_ackermann/launch/vesc_to_odom_node.launch.xml
[1.134s] -- Up-to-date: /f1tenth_ws/install/vesc_ackermann/share/vesc_ackermann/launch/ackermann_to_vesc_node.launch.xml
[1.136s] -- Up-to-date: /f1tenth_ws/install/vesc_ackermann/share/ament_index/resource_index/package_run_dependencies/vesc_ackermann
[1.140s] -- Up-to-date: /f1tenth_ws/install/vesc_ackermann/share/ament_index/resource_index/parent_prefix_path/vesc_ackermann
[1.141s] -- Up-to-date: /f1tenth_ws/install/vesc_ackermann/share/vesc_ackermann/environment/ament_prefix_path.sh
[1.141s] -- Up-to-date: /f1tenth_ws/install/vesc_ackermann/share/vesc_ackermann/environment/ament_prefix_path.dsv
[1.141s] -- Up-to-date: /f1tenth_ws/install/vesc_ackermann/share/vesc_ackermann/environment/path.sh
[1.142s] -- Up-to-date: /f1tenth_ws/install/vesc_ackermann/share/vesc_ackermann/environment/path.dsv
[1.142s] -- Up-to-date: /f1tenth_ws/install/vesc_ackermann/share/vesc_ackermann/local_setup.bash
[1.144s] -- Up-to-date: /f1tenth_ws/install/vesc_ackermann/share/vesc_ackermann/local_setup.sh
[1.145s] -- Up-to-date: /f1tenth_ws/install/vesc_ackermann/share/vesc_ackermann/local_setup.zsh
[1.147s] -- Up-to-date: /f1tenth_ws/install/vesc_ackermann/share/vesc_ackermann/local_setup.dsv
[1.149s] -- Installing: /f1tenth_ws/install/vesc_ackermann/share/vesc_ackermann/package.dsv
[1.149s] -- Up-to-date: /f1tenth_ws/install/vesc_ackermann/share/ament_index/resource_index/packages/vesc_ackermann
[1.150s] -- Up-to-date: /f1tenth_ws/install/vesc_ackermann/share/ament_index/resource_index/rclcpp_components/vesc_ackermann
[1.150s] -- Up-to-date: /f1tenth_ws/install/vesc_ackermann/share/vesc_ackermann/cmake/ament_cmake_export_dependencies-extras.cmake
[1.151s] -- Up-to-date: /f1tenth_ws/install/vesc_ackermann/share/vesc_ackermann/cmake/ament_cmake_export_include_directories-extras.cmake
[1.151s] -- Up-to-date: /f1tenth_ws/install/vesc_ackermann/share/vesc_ackermann/cmake/ament_cmake_export_libraries-extras.cmake
[1.152s] -- Up-to-date: /f1tenth_ws/install/vesc_ackermann/share/vesc_ackermann/cmake/vesc_ackermannConfig.cmake
[1.152s] -- Up-to-date: /f1tenth_ws/install/vesc_ackermann/share/vesc_ackermann/cmake/vesc_ackermannConfig-version.cmake
[1.154s] -- Up-to-date: /f1tenth_ws/install/vesc_ackermann/share/vesc_ackermann/package.xml
[1.167s] Invoked command in '/f1tenth_ws/build/vesc_ackermann' returned '0': AMENT_PREFIX_PATH=/f1tenth_ws/install/vesc_msgs:${AMENT_PREFIX_PATH} CMAKE_PREFIX_PATH=/f1tenth_ws/install/vesc_msgs:/opt/ros/foxy LD_LIBRARY_PATH=/f1tenth_ws/install/vesc_msgs/lib:/opt/ros/foxy/opt/yaml_cpp_vendor/lib:/opt/ros/foxy/opt/rviz_ogre_vendor/lib:/opt/ros/foxy/lib/aarch64-linux-gnu:/opt/ros/foxy/lib:/usr/local/cuda-10.2/targets/aarch64-linux/lib PYTHONPATH=/f1tenth_ws/install/vesc_msgs/lib/python3.8/site-packages:${PYTHONPATH} /usr/bin/cmake --install /f1tenth_ws/build/vesc_ackermann
