[4.667s] Invoking command in '/f1tenth_ws/src/f1tenth_system/teleop_tools/key_teleop': PYTHONPATH=/f1tenth_ws/install/key_teleop/lib/python3.8/site-packages:${PYTHONPATH} /usr/bin/python3 setup.py egg_info --egg-base ../../../../build/key_teleop build --build-base /f1tenth_ws/build/key_teleop/build install --prefix /f1tenth_ws/install/key_teleop --record /f1tenth_ws/build/key_teleop/install.log --single-version-externally-managed
[6.696s] running egg_info
[6.704s] writing ../../../../build/key_teleop/key_teleop.egg-info/PKG-INFO
[6.706s] writing dependency_links to ../../../../build/key_teleop/key_teleop.egg-info/dependency_links.txt
[6.708s] writing entry points to ../../../../build/key_teleop/key_teleop.egg-info/entry_points.txt
[6.708s] writing requirements to ../../../../build/key_teleop/key_teleop.egg-info/requires.txt
[6.720s] writing top-level names to ../../../../build/key_teleop/key_teleop.egg-info/top_level.txt
[7.099s] reading manifest file '../../../../build/key_teleop/key_teleop.egg-info/SOURCES.txt'
[7.112s] writing manifest file '../../../../build/key_teleop/key_teleop.egg-info/SOURCES.txt'
[7.114s] running build
[7.114s] running build_py
[7.127s] running install
[7.132s] running install_lib
[7.148s] running install_data
[7.154s] running install_egg_info
[7.171s] removing '/f1tenth_ws/install/key_teleop/lib/python3.8/site-packages/key_teleop-0.3.0-py3.8.egg-info' (and everything under it)
[7.172s] Copying ../../../../build/key_teleop/key_teleop.egg-info to /f1tenth_ws/install/key_teleop/lib/python3.8/site-packages/key_teleop-0.3.0-py3.8.egg-info
[7.185s] running install_scripts
[7.351s] Installing key_teleop script to /f1tenth_ws/install/key_teleop/lib/key_teleop
[7.353s] writing list of installed files to '/f1tenth_ws/build/key_teleop/install.log'
[7.797s] Invoked command in '/f1tenth_ws/src/f1tenth_system/teleop_tools/key_teleop' returned '0': PYTHONPATH=/f1tenth_ws/install/key_teleop/lib/python3.8/site-packages:${PYTHONPATH} /usr/bin/python3 setup.py egg_info --egg-base ../../../../build/key_teleop build --build-base /f1tenth_ws/build/key_teleop/build install --prefix /f1tenth_ws/install/key_teleop --record /f1tenth_ws/build/key_teleop/install.log --single-version-externally-managed
