[0.114s] Invoking command in '/f1tenth_ws/build/vesc_driver': AMENT_PREFIX_PATH=/f1tenth_ws/install/vesc_msgs:${AMENT_PREFIX_PATH} CMAKE_PREFIX_PATH=/f1tenth_ws/install/vesc_msgs:/opt/ros/foxy LD_LIBRARY_PATH=/f1tenth_ws/install/vesc_msgs/lib:/opt/ros/foxy/opt/yaml_cpp_vendor/lib:/opt/ros/foxy/opt/rviz_ogre_vendor/lib:/opt/ros/foxy/lib/aarch64-linux-gnu:/opt/ros/foxy/lib:/usr/local/cuda-10.2/targets/aarch64-linux/lib PYTHONPATH=/f1tenth_ws/install/vesc_msgs/lib/python3.8/site-packages:${PYTHONPATH} /usr/bin/cmake /f1tenth_ws/src/f1tenth_system/vesc/vesc_driver -DCMAKE_INSTALL_PREFIX=/f1tenth_ws/install/vesc_driver
[0.966s] -- The C compiler identification is GNU 8.4.0
[1.637s] -- The CXX compiler identification is GNU 8.4.0
[1.663s] -- Check for working C compiler: /usr/bin/cc
[2.653s] -- Check for working C compiler: /usr/bin/cc -- works
[2.657s] -- Detecting C compiler ABI info
[3.560s] -- Detecting C compiler ABI info - done
[3.636s] -- Detecting C compile features
[3.638s] -- Detecting C compile features - done
[3.650s] -- Check for working CXX compiler: /usr/bin/c++
[4.575s] -- Check for working CXX compiler: /usr/bin/c++ -- works
[4.581s] -- Detecting CXX compiler ABI info
[5.552s] -- Detecting CXX compiler ABI info - done
[5.630s] -- Detecting CXX compile features
[5.633s] -- Detecting CXX compile features - done
[5.645s] -- Found ament_cmake_auto: 0.9.9 (/opt/ros/foxy/share/ament_cmake_auto/cmake)
[5.918s] -- Found PythonInterp: /usr/bin/python3 (found suitable version "3.8.10", minimum required is "3") 
[5.919s] -- Using PYTHON_EXECUTABLE: /usr/bin/python3
[7.523s] -- Using all available rosidl_typesupport_c: rosidl_typesupport_fastrtps_c;rosidl_typesupport_introspection_c
[7.547s] -- Found rosidl_adapter: 1.2.1 (/opt/ros/foxy/share/rosidl_adapter/cmake)
[8.437s] -- Found OpenSSL: /usr/lib/aarch64-linux-gnu/libcrypto.so (found version "1.1.1f")  
[8.552s] -- Found FastRTPS: /opt/ros/foxy/include  
[8.895s] -- Using all available rosidl_typesupport_cpp: rosidl_typesupport_fastrtps_cpp;rosidl_typesupport_introspection_cpp
[9.175s] -- Found rmw_implementation_cmake: 1.0.3 (/opt/ros/foxy/share/rmw_implementation_cmake/cmake)
[9.182s] -- Using RMW implementation 'rmw_fastrtps_cpp' as default
[9.185s] -- Looking for pthread.h
[10.084s] -- Looking for pthread.h - found
[10.086s] -- Performing Test CMAKE_HAVE_LIBC_PTHREAD
[11.064s] -- Performing Test CMAKE_HAVE_LIBC_PTHREAD - Failed
[11.066s] -- Looking for pthread_create in pthreads
[11.952s] -- Looking for pthread_create in pthreads - not found
[11.952s] -- Looking for pthread_create in pthread
[12.905s] -- Looking for pthread_create in pthread - found
[12.912s] -- Found Threads: TRUE  
[17.263s] -- Found ament_lint_auto: 0.9.6 (/opt/ros/foxy/share/ament_lint_auto/cmake)
[17.328s] -- Added test 'copyright' to check source files copyright and LICENSE
[17.334s] -- Added test 'cppcheck' to perform static code analysis on C / C++ code
[17.336s] -- Configured cppcheck include dirs: /f1tenth_ws/src/f1tenth_system/vesc/vesc_driver/include
[17.337s] -- Configured cppcheck exclude dirs and/or files: 
[17.340s] -- Added test 'cpplint' to check C / C++ code against the Google style
[17.341s] -- Configured cpplint exclude dirs and/or files: 
[17.342s] -- Added test 'flake8' to check Python code syntax and style conventions
[17.344s] -- Added test 'lint_cmake' to check CMake code style
[17.346s] -- Added test 'pep257' to check Python code against some of the style conventions in PEP 257
[17.350s] -- Added test 'uncrustify' to check C / C++ code style
[17.351s] -- Configured uncrustify additional arguments: 
[17.352s] -- Added test 'xmllint' to check XML markup files
[17.368s] -- Configuring done
[17.625s] -- Generating done
[17.635s] -- Build files have been written to: /f1tenth_ws/build/vesc_driver
[17.662s] Invoked command in '/f1tenth_ws/build/vesc_driver' returned '0': AMENT_PREFIX_PATH=/f1tenth_ws/install/vesc_msgs:${AMENT_PREFIX_PATH} CMAKE_PREFIX_PATH=/f1tenth_ws/install/vesc_msgs:/opt/ros/foxy LD_LIBRARY_PATH=/f1tenth_ws/install/vesc_msgs/lib:/opt/ros/foxy/opt/yaml_cpp_vendor/lib:/opt/ros/foxy/opt/rviz_ogre_vendor/lib:/opt/ros/foxy/lib/aarch64-linux-gnu:/opt/ros/foxy/lib:/usr/local/cuda-10.2/targets/aarch64-linux/lib PYTHONPATH=/f1tenth_ws/install/vesc_msgs/lib/python3.8/site-packages:${PYTHONPATH} /usr/bin/cmake /f1tenth_ws/src/f1tenth_system/vesc/vesc_driver -DCMAKE_INSTALL_PREFIX=/f1tenth_ws/install/vesc_driver
[17.667s] Invoking command in '/f1tenth_ws/build/vesc_driver': AMENT_PREFIX_PATH=/f1tenth_ws/install/vesc_msgs:${AMENT_PREFIX_PATH} CMAKE_PREFIX_PATH=/f1tenth_ws/install/vesc_msgs:/opt/ros/foxy LD_LIBRARY_PATH=/f1tenth_ws/install/vesc_msgs/lib:/opt/ros/foxy/opt/yaml_cpp_vendor/lib:/opt/ros/foxy/opt/rviz_ogre_vendor/lib:/opt/ros/foxy/lib/aarch64-linux-gnu:/opt/ros/foxy/lib:/usr/local/cuda-10.2/targets/aarch64-linux/lib PYTHONPATH=/f1tenth_ws/install/vesc_msgs/lib/python3.8/site-packages:${PYTHONPATH} /usr/bin/cmake --build /f1tenth_ws/build/vesc_driver -- -j24 -l24
[18.330s] Scanning dependencies of target vesc_driver_node
[18.355s] Scanning dependencies of target vesc_driver
[18.485s] [ 10%] Building CXX object CMakeFiles/vesc_driver_node.dir/rclcpp_components/node_main_vesc_driver_node.cpp.o
[18.517s] [ 20%] Building CXX object CMakeFiles/vesc_driver.dir/src/vesc_packet.cpp.o
[18.518s] [ 30%] Building CXX object CMakeFiles/vesc_driver.dir/src/vesc_driver.cpp.o
[18.523s] [ 40%] Building CXX object CMakeFiles/vesc_driver.dir/src/vesc_packet_factory.cpp.o
[18.523s] [ 50%] Building CXX object CMakeFiles/vesc_driver.dir/src/vesc_interface.cpp.o
[27.986s] [ 60%] Linking CXX executable vesc_driver_node
[28.626s] [ 60%] Built target vesc_driver_node
[46.876s] [ 70%] Linking CXX shared library libvesc_driver.so
[48.598s] [ 70%] Built target vesc_driver
[48.773s] Scanning dependencies of target vesc_device_namer
[48.908s] [ 80%] Building CXX object CMakeFiles/vesc_device_namer.dir/src/vesc_device_namer.cpp.o
[48.912s] [ 90%] Building CXX object CMakeFiles/vesc_device_namer.dir/src/vesc_device_uuid_lookup.cpp.o
[52.341s] [100%] Linking CXX executable vesc_device_namer
[53.221s] [100%] Built target vesc_device_namer
[53.302s] Invoked command in '/f1tenth_ws/build/vesc_driver' returned '0': AMENT_PREFIX_PATH=/f1tenth_ws/install/vesc_msgs:${AMENT_PREFIX_PATH} CMAKE_PREFIX_PATH=/f1tenth_ws/install/vesc_msgs:/opt/ros/foxy LD_LIBRARY_PATH=/f1tenth_ws/install/vesc_msgs/lib:/opt/ros/foxy/opt/yaml_cpp_vendor/lib:/opt/ros/foxy/opt/rviz_ogre_vendor/lib:/opt/ros/foxy/lib/aarch64-linux-gnu:/opt/ros/foxy/lib:/usr/local/cuda-10.2/targets/aarch64-linux/lib PYTHONPATH=/f1tenth_ws/install/vesc_msgs/lib/python3.8/site-packages:${PYTHONPATH} /usr/bin/cmake --build /f1tenth_ws/build/vesc_driver -- -j24 -l24
[54.252s] Invoking command in '/f1tenth_ws/build/vesc_driver': AMENT_PREFIX_PATH=/f1tenth_ws/install/vesc_msgs:${AMENT_PREFIX_PATH} CMAKE_PREFIX_PATH=/f1tenth_ws/install/vesc_msgs:/opt/ros/foxy LD_LIBRARY_PATH=/f1tenth_ws/install/vesc_msgs/lib:/opt/ros/foxy/opt/yaml_cpp_vendor/lib:/opt/ros/foxy/opt/rviz_ogre_vendor/lib:/opt/ros/foxy/lib/aarch64-linux-gnu:/opt/ros/foxy/lib:/usr/local/cuda-10.2/targets/aarch64-linux/lib PYTHONPATH=/f1tenth_ws/install/vesc_msgs/lib/python3.8/site-packages:${PYTHONPATH} /usr/bin/cmake --install /f1tenth_ws/build/vesc_driver
[54.335s] -- Install configuration: ""
[54.338s] -- Installing: /f1tenth_ws/install/vesc_driver/lib/vesc_driver/vesc_driver_node
[54.345s] -- Set runtime path of "/f1tenth_ws/install/vesc_driver/lib/vesc_driver/vesc_driver_node" to ""
[54.346s] -- Installing: /f1tenth_ws/install/vesc_driver/include
[54.347s] -- Installing: /f1tenth_ws/install/vesc_driver/include/vesc_driver
[54.348s] -- Installing: /f1tenth_ws/install/vesc_driver/include/vesc_driver/vesc_interface.hpp
[54.348s] -- Installing: /f1tenth_ws/install/vesc_driver/include/vesc_driver/vesc_driver.hpp
[54.349s] -- Installing: /f1tenth_ws/install/vesc_driver/include/vesc_driver/crc.hpp
[54.349s] -- Installing: /f1tenth_ws/install/vesc_driver/include/vesc_driver/datatypes.hpp
[54.350s] -- Installing: /f1tenth_ws/install/vesc_driver/include/vesc_driver/vesc_packet.hpp
[54.350s] -- Installing: /f1tenth_ws/install/vesc_driver/include/vesc_driver/vesc_packet_factory.hpp
[54.351s] -- Installing: /f1tenth_ws/install/vesc_driver/include/vesc_driver/vesc_device_uuid_lookup.hpp
[54.351s] -- Installing: /f1tenth_ws/install/vesc_driver/share/vesc_driver/environment/library_path.sh
[54.352s] -- Installing: /f1tenth_ws/install/vesc_driver/share/vesc_driver/environment/library_path.dsv
[54.353s] -- Installing: /f1tenth_ws/install/vesc_driver/lib/libvesc_driver.so
[54.353s] -- Set runtime path of "/f1tenth_ws/install/vesc_driver/lib/libvesc_driver.so" to ""
[54.354s] -- Installing: /f1tenth_ws/install/vesc_driver/lib/vesc_driver/vesc_device_namer
[54.355s] -- Set runtime path of "/f1tenth_ws/install/vesc_driver/lib/vesc_driver/vesc_device_namer" to ""
[54.356s] -- Installing: /f1tenth_ws/install/vesc_driver/share/vesc_driver/launch
[54.357s] -- Installing: /f1tenth_ws/install/vesc_driver/share/vesc_driver/launch/vesc_driver_node.launch.py
[54.357s] -- Installing: /f1tenth_ws/install/vesc_driver/share/vesc_driver/params
[54.358s] -- Installing: /f1tenth_ws/install/vesc_driver/share/vesc_driver/params/vesc_config.yaml
[54.359s] -- Installing: /f1tenth_ws/install/vesc_driver/share/ament_index/resource_index/package_run_dependencies/vesc_driver
[54.360s] -- Installing: /f1tenth_ws/install/vesc_driver/share/ament_index/resource_index/parent_prefix_path/vesc_driver
[54.361s] -- Installing: /f1tenth_ws/install/vesc_driver/share/vesc_driver/environment/ament_prefix_path.sh
[54.361s] -- Installing: /f1tenth_ws/install/vesc_driver/share/vesc_driver/environment/ament_prefix_path.dsv
[54.362s] -- Installing: /f1tenth_ws/install/vesc_driver/share/vesc_driver/environment/path.sh
[54.362s] -- Installing: /f1tenth_ws/install/vesc_driver/share/vesc_driver/environment/path.dsv
[54.362s] -- Installing: /f1tenth_ws/install/vesc_driver/share/vesc_driver/local_setup.bash
[54.362s] -- Installing: /f1tenth_ws/install/vesc_driver/share/vesc_driver/local_setup.sh
[54.363s] -- Installing: /f1tenth_ws/install/vesc_driver/share/vesc_driver/local_setup.zsh
[54.363s] -- Installing: /f1tenth_ws/install/vesc_driver/share/vesc_driver/local_setup.dsv
[54.363s] -- Installing: /f1tenth_ws/install/vesc_driver/share/vesc_driver/package.dsv
[54.364s] -- Installing: /f1tenth_ws/install/vesc_driver/share/ament_index/resource_index/packages/vesc_driver
[54.364s] -- Installing: /f1tenth_ws/install/vesc_driver/share/ament_index/resource_index/rclcpp_components/vesc_driver
[54.364s] -- Installing: /f1tenth_ws/install/vesc_driver/share/vesc_driver/cmake/ament_cmake_export_dependencies-extras.cmake
[54.365s] -- Installing: /f1tenth_ws/install/vesc_driver/share/vesc_driver/cmake/ament_cmake_export_include_directories-extras.cmake
[54.365s] -- Installing: /f1tenth_ws/install/vesc_driver/share/vesc_driver/cmake/ament_cmake_export_libraries-extras.cmake
[54.365s] -- Installing: /f1tenth_ws/install/vesc_driver/share/vesc_driver/cmake/vesc_driverConfig.cmake
[54.366s] -- Installing: /f1tenth_ws/install/vesc_driver/share/vesc_driver/cmake/vesc_driverConfig-version.cmake
[54.366s] -- Installing: /f1tenth_ws/install/vesc_driver/share/vesc_driver/package.xml
[54.379s] Invoked command in '/f1tenth_ws/build/vesc_driver' returned '0': AMENT_PREFIX_PATH=/f1tenth_ws/install/vesc_msgs:${AMENT_PREFIX_PATH} CMAKE_PREFIX_PATH=/f1tenth_ws/install/vesc_msgs:/opt/ros/foxy LD_LIBRARY_PATH=/f1tenth_ws/install/vesc_msgs/lib:/opt/ros/foxy/opt/yaml_cpp_vendor/lib:/opt/ros/foxy/opt/rviz_ogre_vendor/lib:/opt/ros/foxy/lib/aarch64-linux-gnu:/opt/ros/foxy/lib:/usr/local/cuda-10.2/targets/aarch64-linux/lib PYTHONPATH=/f1tenth_ws/install/vesc_msgs/lib/python3.8/site-packages:${PYTHONPATH} /usr/bin/cmake --install /f1tenth_ws/build/vesc_driver
