[0.098s] Invoking command in '/f1tenth_ws/build/vesc_ackermann': AMENT_PREFIX_PATH=/f1tenth_ws/install/vesc_msgs:${AMENT_PREFIX_PATH} CMAKE_PREFIX_PATH=/f1tenth_ws/install/vesc_msgs:/opt/ros/foxy LD_LIBRARY_PATH=/f1tenth_ws/install/vesc_msgs/lib:/opt/ros/foxy/opt/yaml_cpp_vendor/lib:/opt/ros/foxy/opt/rviz_ogre_vendor/lib:/opt/ros/foxy/lib/aarch64-linux-gnu:/opt/ros/foxy/lib:/usr/local/cuda-10.2/targets/aarch64-linux/lib PYTHONPATH=/f1tenth_ws/install/vesc_msgs/lib/python3.8/site-packages:${PYTHONPATH} /usr/bin/cmake --build /f1tenth_ws/build/vesc_ackermann -- -j6 -l6
[0.408s] [ 28%] Built target vesc_to_odom_node
[0.417s] [100%] Built target ackermann_to_vesc_node
[0.418s] [100%] Built target vesc_ackermann
[0.474s] Invoked command in '/f1tenth_ws/build/vesc_ackermann' returned '0': AMENT_PREFIX_PATH=/f1tenth_ws/install/vesc_msgs:${AMENT_PREFIX_PATH} CMAKE_PREFIX_PATH=/f1tenth_ws/install/vesc_msgs:/opt/ros/foxy LD_LIBRARY_PATH=/f1tenth_ws/install/vesc_msgs/lib:/opt/ros/foxy/opt/yaml_cpp_vendor/lib:/opt/ros/foxy/opt/rviz_ogre_vendor/lib:/opt/ros/foxy/lib/aarch64-linux-gnu:/opt/ros/foxy/lib:/usr/local/cuda-10.2/targets/aarch64-linux/lib PYTHONPATH=/f1tenth_ws/install/vesc_msgs/lib/python3.8/site-packages:${PYTHONPATH} /usr/bin/cmake --build /f1tenth_ws/build/vesc_ackermann -- -j6 -l6
[0.644s] Invoking command in '/f1tenth_ws/build/vesc_ackermann': AMENT_PREFIX_PATH=/f1tenth_ws/install/vesc_msgs:${AMENT_PREFIX_PATH} CMAKE_PREFIX_PATH=/f1tenth_ws/install/vesc_msgs:/opt/ros/foxy LD_LIBRARY_PATH=/f1tenth_ws/install/vesc_msgs/lib:/opt/ros/foxy/opt/yaml_cpp_vendor/lib:/opt/ros/foxy/opt/rviz_ogre_vendor/lib:/opt/ros/foxy/lib/aarch64-linux-gnu:/opt/ros/foxy/lib:/usr/local/cuda-10.2/targets/aarch64-linux/lib PYTHONPATH=/f1tenth_ws/install/vesc_msgs/lib/python3.8/site-packages:${PYTHONPATH} /usr/bin/cmake --install /f1tenth_ws/build/vesc_ackermann
[0.688s] -- Install configuration: ""
[0.689s] -- Up-to-date: /f1tenth_ws/install/vesc_ackermann/lib/vesc_ackermann/ackermann_to_vesc_node
[0.691s] -- Up-to-date: /f1tenth_ws/install/vesc_ackermann/lib/vesc_ackermann/vesc_to_odom_node
[0.693s] -- Up-to-date: /f1tenth_ws/install/vesc_ackermann/include
[0.693s] -- Up-to-date: /f1tenth_ws/install/vesc_ackermann/include/vesc_ackermann
[0.694s] -- Up-to-date: /f1tenth_ws/install/vesc_ackermann/include/vesc_ackermann/vesc_to_odom.hpp
[0.694s] -- Up-to-date: /f1tenth_ws/install/vesc_ackermann/include/vesc_ackermann/ackermann_to_vesc.hpp
[0.695s] -- Up-to-date: /f1tenth_ws/install/vesc_ackermann/share/vesc_ackermann/environment/library_path.sh
[0.696s] -- Up-to-date: /f1tenth_ws/install/vesc_ackermann/share/vesc_ackermann/environment/library_path.dsv
[0.698s] -- Up-to-date: /f1tenth_ws/install/vesc_ackermann/lib/libvesc_ackermann.so
[0.699s] -- Up-to-date: /f1tenth_ws/install/vesc_ackermann/share/vesc_ackermann/launch
[0.699s] -- Up-to-date: /f1tenth_ws/install/vesc_ackermann/share/vesc_ackermann/launch/vesc_to_odom_node.launch.xml
[0.700s] -- Up-to-date: /f1tenth_ws/install/vesc_ackermann/share/vesc_ackermann/launch/ackermann_to_vesc_node.launch.xml
[0.700s] -- Up-to-date: /f1tenth_ws/install/vesc_ackermann/share/ament_index/resource_index/package_run_dependencies/vesc_ackermann
[0.701s] -- Up-to-date: /f1tenth_ws/install/vesc_ackermann/share/ament_index/resource_index/parent_prefix_path/vesc_ackermann
[0.701s] -- Up-to-date: /f1tenth_ws/install/vesc_ackermann/share/vesc_ackermann/environment/ament_prefix_path.sh
[0.703s] -- Up-to-date: /f1tenth_ws/install/vesc_ackermann/share/vesc_ackermann/environment/ament_prefix_path.dsv
[0.704s] -- Up-to-date: /f1tenth_ws/install/vesc_ackermann/share/vesc_ackermann/environment/path.sh
[0.704s] -- Up-to-date: /f1tenth_ws/install/vesc_ackermann/share/vesc_ackermann/environment/path.dsv
[0.704s] -- Up-to-date: /f1tenth_ws/install/vesc_ackermann/share/vesc_ackermann/local_setup.bash
[0.705s] -- Up-to-date: /f1tenth_ws/install/vesc_ackermann/share/vesc_ackermann/local_setup.sh
[0.705s] -- Up-to-date: /f1tenth_ws/install/vesc_ackermann/share/vesc_ackermann/local_setup.zsh
[0.706s] -- Up-to-date: /f1tenth_ws/install/vesc_ackermann/share/vesc_ackermann/local_setup.dsv
[0.711s] -- Installing: /f1tenth_ws/install/vesc_ackermann/share/vesc_ackermann/package.dsv
[0.712s] -- Up-to-date: /f1tenth_ws/install/vesc_ackermann/share/ament_index/resource_index/packages/vesc_ackermann
[0.722s] -- Up-to-date: /f1tenth_ws/install/vesc_ackermann/share/ament_index/resource_index/rclcpp_components/vesc_ackermann
[0.724s] -- Up-to-date: /f1tenth_ws/install/vesc_ackermann/share/vesc_ackermann/cmake/ament_cmake_export_dependencies-extras.cmake
[0.724s] -- Up-to-date: /f1tenth_ws/install/vesc_ackermann/share/vesc_ackermann/cmake/ament_cmake_export_include_directories-extras.cmake
[0.738s] -- Up-to-date: /f1tenth_ws/install/vesc_ackermann/share/vesc_ackermann/cmake/ament_cmake_export_libraries-extras.cmake
[0.746s] -- Up-to-date: /f1tenth_ws/install/vesc_ackermann/share/vesc_ackermann/cmake/vesc_ackermannConfig.cmake
[0.747s] -- Up-to-date: /f1tenth_ws/install/vesc_ackermann/share/vesc_ackermann/cmake/vesc_ackermannConfig-version.cmake
[0.747s] -- Up-to-date: /f1tenth_ws/install/vesc_ackermann/share/vesc_ackermann/package.xml
[0.748s] Invoked command in '/f1tenth_ws/build/vesc_ackermann' returned '0': AMENT_PREFIX_PATH=/f1tenth_ws/install/vesc_msgs:${AMENT_PREFIX_PATH} CMAKE_PREFIX_PATH=/f1tenth_ws/install/vesc_msgs:/opt/ros/foxy LD_LIBRARY_PATH=/f1tenth_ws/install/vesc_msgs/lib:/opt/ros/foxy/opt/yaml_cpp_vendor/lib:/opt/ros/foxy/opt/rviz_ogre_vendor/lib:/opt/ros/foxy/lib/aarch64-linux-gnu:/opt/ros/foxy/lib:/usr/local/cuda-10.2/targets/aarch64-linux/lib PYTHONPATH=/f1tenth_ws/install/vesc_msgs/lib/python3.8/site-packages:${PYTHONPATH} /usr/bin/cmake --install /f1tenth_ws/build/vesc_ackermann
