[0.189s] Invoking command in '/f1tenth_ws/build/teleop_tools_msgs': CMAKE_PREFIX_PATH=/opt/ros/foxy /usr/bin/cmake --build /f1tenth_ws/build/teleop_tools_msgs -- -j6 -l6
[2.263s] [  3%] Built target teleop_tools_msgs__cpp
[2.263s] [ 12%] Built target teleop_tools_msgs__rosidl_generator_c
[2.264s] [ 22%] Built target teleop_tools_msgs__rosidl_typesupport_introspection_cpp
[2.266s] [ 32%] Built target teleop_tools_msgs__rosidl_typesupport_introspection_c
[2.268s] [ 41%] Built target teleop_tools_msgs__rosidl_typesupport_cpp
[2.269s] [ 61%] Built target teleop_tools_msgs__rosidl_typesupport_fastrtps_cpp
[2.269s] [ 61%] Built target teleop_tools_msgs__rosidl_typesupport_c
[2.270s] [ 70%] Built target teleop_tools_msgs__rosidl_typesupport_fastrtps_c
[2.270s] [ 70%] Built target teleop_tools_msgs
[2.270s] [ 74%] Built target teleop_tools_msgs__py
[2.271s] [ 80%] Built target teleop_tools_msgs__python
[2.271s] [ 87%] Built target teleop_tools_msgs__rosidl_typesupport_introspection_c__pyext
[2.271s] [ 93%] Built target teleop_tools_msgs__rosidl_typesupport_c__pyext
[2.272s] [100%] Built target teleop_tools_msgs__rosidl_typesupport_fastrtps_c__pyext
[2.276s] Invoked command in '/f1tenth_ws/build/teleop_tools_msgs' returned '0': CMAKE_PREFIX_PATH=/opt/ros/foxy /usr/bin/cmake --build /f1tenth_ws/build/teleop_tools_msgs -- -j6 -l6
[2.562s] Invoking command in '/f1tenth_ws/build/teleop_tools_msgs': CMAKE_PREFIX_PATH=/opt/ros/foxy /usr/bin/cmake --install /f1tenth_ws/build/teleop_tools_msgs
[2.609s] -- Install configuration: ""
[2.611s] -- Up-to-date: /f1tenth_ws/install/teleop_tools_msgs/share/ament_index/resource_index/rosidl_interfaces/teleop_tools_msgs
[2.611s] -- Up-to-date: /f1tenth_ws/install/teleop_tools_msgs/include/teleop_tools_msgs
[2.612s] -- Up-to-date: /f1tenth_ws/install/teleop_tools_msgs/include/teleop_tools_msgs/action
[2.613s] -- Up-to-date: /f1tenth_ws/install/teleop_tools_msgs/include/teleop_tools_msgs/action/detail
[2.614s] -- Up-to-date: /f1tenth_ws/install/teleop_tools_msgs/include/teleop_tools_msgs/action/detail/increment__functions.h
[2.614s] -- Up-to-date: /f1tenth_ws/install/teleop_tools_msgs/include/teleop_tools_msgs/action/detail/increment__struct.h
[2.615s] -- Up-to-date: /f1tenth_ws/install/teleop_tools_msgs/include/teleop_tools_msgs/action/detail/increment__functions.c
[2.615s] -- Up-to-date: /f1tenth_ws/install/teleop_tools_msgs/include/teleop_tools_msgs/action/detail/increment__type_support.h
[2.616s] -- Up-to-date: /f1tenth_ws/install/teleop_tools_msgs/include/teleop_tools_msgs/action/increment.h
[2.618s] -- Up-to-date: /f1tenth_ws/install/teleop_tools_msgs/include/teleop_tools_msgs/msg
[2.619s] -- Up-to-date: /f1tenth_ws/install/teleop_tools_msgs/include/teleop_tools_msgs/msg/rosidl_generator_c__visibility_control.h
[2.619s] -- Up-to-date: /f1tenth_ws/install/teleop_tools_msgs/share/teleop_tools_msgs/environment/library_path.sh
[2.621s] -- Up-to-date: /f1tenth_ws/install/teleop_tools_msgs/share/teleop_tools_msgs/environment/library_path.dsv
[2.621s] -- Up-to-date: /f1tenth_ws/install/teleop_tools_msgs/lib/libteleop_tools_msgs__rosidl_generator_c.so
[2.622s] -- Up-to-date: /f1tenth_ws/install/teleop_tools_msgs/include/teleop_tools_msgs
[2.622s] -- Up-to-date: /f1tenth_ws/install/teleop_tools_msgs/include/teleop_tools_msgs/action
[2.623s] -- Up-to-date: /f1tenth_ws/install/teleop_tools_msgs/include/teleop_tools_msgs/action/detail
[2.627s] -- Up-to-date: /f1tenth_ws/install/teleop_tools_msgs/include/teleop_tools_msgs/action/detail/increment__rosidl_typesupport_fastrtps_c.h
[2.627s] -- Up-to-date: /f1tenth_ws/install/teleop_tools_msgs/include/teleop_tools_msgs/msg
[2.628s] -- Up-to-date: /f1tenth_ws/install/teleop_tools_msgs/include/teleop_tools_msgs/msg/rosidl_typesupport_fastrtps_c__visibility_control.h
[2.628s] -- Up-to-date: /f1tenth_ws/install/teleop_tools_msgs/lib/libteleop_tools_msgs__rosidl_typesupport_fastrtps_c.so
[2.635s] -- Up-to-date: /f1tenth_ws/install/teleop_tools_msgs/include/teleop_tools_msgs
[2.647s] -- Up-to-date: /f1tenth_ws/install/teleop_tools_msgs/include/teleop_tools_msgs/action
[2.650s] -- Up-to-date: /f1tenth_ws/install/teleop_tools_msgs/include/teleop_tools_msgs/action/detail
[2.650s] -- Up-to-date: /f1tenth_ws/install/teleop_tools_msgs/include/teleop_tools_msgs/action/detail/dds_fastrtps
[2.651s] -- Up-to-date: /f1tenth_ws/install/teleop_tools_msgs/include/teleop_tools_msgs/action/detail/increment__rosidl_typesupport_fastrtps_cpp.hpp
[2.659s] -- Up-to-date: /f1tenth_ws/install/teleop_tools_msgs/include/teleop_tools_msgs/msg
[2.659s] -- Up-to-date: /f1tenth_ws/install/teleop_tools_msgs/include/teleop_tools_msgs/msg/rosidl_typesupport_fastrtps_cpp__visibility_control.h
[2.676s] -- Up-to-date: /f1tenth_ws/install/teleop_tools_msgs/lib/libteleop_tools_msgs__rosidl_typesupport_fastrtps_cpp.so
[2.677s] -- Up-to-date: /f1tenth_ws/install/teleop_tools_msgs/include/teleop_tools_msgs
[2.677s] -- Up-to-date: /f1tenth_ws/install/teleop_tools_msgs/include/teleop_tools_msgs/action
[2.677s] -- Up-to-date: /f1tenth_ws/install/teleop_tools_msgs/include/teleop_tools_msgs/action/detail
[2.678s] -- Up-to-date: /f1tenth_ws/install/teleop_tools_msgs/include/teleop_tools_msgs/action/detail/increment__type_support.c
[2.678s] -- Up-to-date: /f1tenth_ws/install/teleop_tools_msgs/include/teleop_tools_msgs/action/detail/increment__rosidl_typesupport_introspection_c.h
[2.678s] -- Up-to-date: /f1tenth_ws/install/teleop_tools_msgs/include/teleop_tools_msgs/msg
[2.679s] -- Up-to-date: /f1tenth_ws/install/teleop_tools_msgs/include/teleop_tools_msgs/msg/rosidl_typesupport_introspection_c__visibility_control.h
[2.679s] -- Up-to-date: /f1tenth_ws/install/teleop_tools_msgs/lib/libteleop_tools_msgs__rosidl_typesupport_introspection_c.so
[2.679s] -- Up-to-date: /f1tenth_ws/install/teleop_tools_msgs/lib/libteleop_tools_msgs__rosidl_typesupport_c.so
[2.682s] -- Up-to-date: /f1tenth_ws/install/teleop_tools_msgs/include/teleop_tools_msgs
[2.684s] -- Up-to-date: /f1tenth_ws/install/teleop_tools_msgs/include/teleop_tools_msgs/action
[2.685s] -- Up-to-date: /f1tenth_ws/install/teleop_tools_msgs/include/teleop_tools_msgs/action/detail
[2.685s] -- Up-to-date: /f1tenth_ws/install/teleop_tools_msgs/include/teleop_tools_msgs/action/detail/increment__builder.hpp
[2.686s] -- Up-to-date: /f1tenth_ws/install/teleop_tools_msgs/include/teleop_tools_msgs/action/detail/increment__struct.hpp
[2.686s] -- Up-to-date: /f1tenth_ws/install/teleop_tools_msgs/include/teleop_tools_msgs/action/detail/increment__traits.hpp
[2.686s] -- Up-to-date: /f1tenth_ws/install/teleop_tools_msgs/include/teleop_tools_msgs/action/increment.hpp
[2.687s] -- Up-to-date: /f1tenth_ws/install/teleop_tools_msgs/include/teleop_tools_msgs
[2.687s] -- Up-to-date: /f1tenth_ws/install/teleop_tools_msgs/include/teleop_tools_msgs/action
[2.688s] -- Up-to-date: /f1tenth_ws/install/teleop_tools_msgs/include/teleop_tools_msgs/action/detail
[2.688s] -- Up-to-date: /f1tenth_ws/install/teleop_tools_msgs/include/teleop_tools_msgs/action/detail/increment__type_support.cpp
[2.689s] -- Up-to-date: /f1tenth_ws/install/teleop_tools_msgs/include/teleop_tools_msgs/action/detail/increment__rosidl_typesupport_introspection_cpp.hpp
[2.689s] -- Up-to-date: /f1tenth_ws/install/teleop_tools_msgs/lib/libteleop_tools_msgs__rosidl_typesupport_introspection_cpp.so
[2.689s] -- Up-to-date: /f1tenth_ws/install/teleop_tools_msgs/lib/libteleop_tools_msgs__rosidl_typesupport_cpp.so
[2.704s] -- Up-to-date: /f1tenth_ws/install/teleop_tools_msgs/share/teleop_tools_msgs/environment/pythonpath.sh
[2.704s] -- Up-to-date: /f1tenth_ws/install/teleop_tools_msgs/share/teleop_tools_msgs/environment/pythonpath.dsv
[2.705s] -- Up-to-date: /f1tenth_ws/install/teleop_tools_msgs/lib/python3.8/site-packages/teleop_tools_msgs/__init__.py
[2.810s] -- Up-to-date: /f1tenth_ws/install/teleop_tools_msgs/lib/python3.8/site-packages/teleop_tools_msgs/action
[2.810s] -- Up-to-date: /f1tenth_ws/install/teleop_tools_msgs/lib/python3.8/site-packages/teleop_tools_msgs/action/_increment_s.c
[2.811s] -- Up-to-date: /f1tenth_ws/install/teleop_tools_msgs/lib/python3.8/site-packages/teleop_tools_msgs/action/_increment.py
[2.811s] -- Up-to-date: /f1tenth_ws/install/teleop_tools_msgs/lib/python3.8/site-packages/teleop_tools_msgs/action/__init__.py
[2.812s] -- Up-to-date: /f1tenth_ws/install/teleop_tools_msgs/lib/python3.8/site-packages/teleop_tools_msgs/teleop_tools_msgs_s__rosidl_typesupport_fastrtps_c.cpython-38-aarch64-linux-gnu.so
[2.817s] -- Up-to-date: /f1tenth_ws/install/teleop_tools_msgs/lib/python3.8/site-packages/teleop_tools_msgs/teleop_tools_msgs_s__rosidl_typesupport_introspection_c.cpython-38-aarch64-linux-gnu.so
[2.821s] -- Up-to-date: /f1tenth_ws/install/teleop_tools_msgs/lib/python3.8/site-packages/teleop_tools_msgs/teleop_tools_msgs_s__rosidl_typesupport_c.cpython-38-aarch64-linux-gnu.so
[2.826s] -- Up-to-date: /f1tenth_ws/install/teleop_tools_msgs/lib/libteleop_tools_msgs__python.so
[2.828s] -- Up-to-date: /f1tenth_ws/install/teleop_tools_msgs/share/teleop_tools_msgs/action/Increment.idl
[2.828s] -- Up-to-date: /f1tenth_ws/install/teleop_tools_msgs/share/teleop_tools_msgs/action/Increment.action
[2.837s] -- Up-to-date: /f1tenth_ws/install/teleop_tools_msgs/share/ament_index/resource_index/package_run_dependencies/teleop_tools_msgs
[2.838s] -- Up-to-date: /f1tenth_ws/install/teleop_tools_msgs/share/ament_index/resource_index/parent_prefix_path/teleop_tools_msgs
[2.839s] -- Up-to-date: /f1tenth_ws/install/teleop_tools_msgs/share/teleop_tools_msgs/environment/ament_prefix_path.sh
[2.839s] -- Up-to-date: /f1tenth_ws/install/teleop_tools_msgs/share/teleop_tools_msgs/environment/ament_prefix_path.dsv
[2.839s] -- Up-to-date: /f1tenth_ws/install/teleop_tools_msgs/share/teleop_tools_msgs/environment/path.sh
[2.840s] -- Up-to-date: /f1tenth_ws/install/teleop_tools_msgs/share/teleop_tools_msgs/environment/path.dsv
[2.841s] -- Up-to-date: /f1tenth_ws/install/teleop_tools_msgs/share/teleop_tools_msgs/local_setup.bash
[2.841s] -- Up-to-date: /f1tenth_ws/install/teleop_tools_msgs/share/teleop_tools_msgs/local_setup.sh
[2.842s] -- Up-to-date: /f1tenth_ws/install/teleop_tools_msgs/share/teleop_tools_msgs/local_setup.zsh
[2.842s] -- Up-to-date: /f1tenth_ws/install/teleop_tools_msgs/share/teleop_tools_msgs/local_setup.dsv
[2.844s] -- Installing: /f1tenth_ws/install/teleop_tools_msgs/share/teleop_tools_msgs/package.dsv
[2.845s] -- Up-to-date: /f1tenth_ws/install/teleop_tools_msgs/share/ament_index/resource_index/packages/teleop_tools_msgs
[2.845s] -- Up-to-date: /f1tenth_ws/install/teleop_tools_msgs/share/teleop_tools_msgs/cmake/teleop_tools_msgs__rosidl_generator_cExport.cmake
[2.846s] -- Up-to-date: /f1tenth_ws/install/teleop_tools_msgs/share/teleop_tools_msgs/cmake/teleop_tools_msgs__rosidl_generator_cExport-noconfig.cmake
[2.847s] -- Up-to-date: /f1tenth_ws/install/teleop_tools_msgs/share/teleop_tools_msgs/cmake/teleop_tools_msgs__rosidl_typesupport_introspection_cExport.cmake
[2.847s] -- Up-to-date: /f1tenth_ws/install/teleop_tools_msgs/share/teleop_tools_msgs/cmake/teleop_tools_msgs__rosidl_typesupport_introspection_cExport-noconfig.cmake
[2.847s] -- Up-to-date: /f1tenth_ws/install/teleop_tools_msgs/share/teleop_tools_msgs/cmake/teleop_tools_msgs__rosidl_typesupport_cExport.cmake
[2.848s] -- Up-to-date: /f1tenth_ws/install/teleop_tools_msgs/share/teleop_tools_msgs/cmake/teleop_tools_msgs__rosidl_typesupport_cExport-noconfig.cmake
[2.849s] -- Up-to-date: /f1tenth_ws/install/teleop_tools_msgs/share/teleop_tools_msgs/cmake/teleop_tools_msgs__rosidl_generator_cppExport.cmake
[2.850s] -- Up-to-date: /f1tenth_ws/install/teleop_tools_msgs/share/teleop_tools_msgs/cmake/teleop_tools_msgs__rosidl_typesupport_introspection_cppExport.cmake
[2.850s] -- Up-to-date: /f1tenth_ws/install/teleop_tools_msgs/share/teleop_tools_msgs/cmake/teleop_tools_msgs__rosidl_typesupport_introspection_cppExport-noconfig.cmake
[2.852s] -- Up-to-date: /f1tenth_ws/install/teleop_tools_msgs/share/teleop_tools_msgs/cmake/teleop_tools_msgs__rosidl_typesupport_cppExport.cmake
[2.852s] -- Up-to-date: /f1tenth_ws/install/teleop_tools_msgs/share/teleop_tools_msgs/cmake/teleop_tools_msgs__rosidl_typesupport_cppExport-noconfig.cmake
[2.853s] -- Up-to-date: /f1tenth_ws/install/teleop_tools_msgs/share/teleop_tools_msgs/cmake/rosidl_cmake-extras.cmake
[2.853s] -- Up-to-date: /f1tenth_ws/install/teleop_tools_msgs/share/teleop_tools_msgs/cmake/ament_cmake_export_dependencies-extras.cmake
[2.853s] -- Up-to-date: /f1tenth_ws/install/teleop_tools_msgs/share/teleop_tools_msgs/cmake/ament_cmake_export_libraries-extras.cmake
[2.854s] -- Up-to-date: /f1tenth_ws/install/teleop_tools_msgs/share/teleop_tools_msgs/cmake/ament_cmake_export_targets-extras.cmake
[2.854s] -- Up-to-date: /f1tenth_ws/install/teleop_tools_msgs/share/teleop_tools_msgs/cmake/ament_cmake_export_include_directories-extras.cmake
[2.854s] -- Up-to-date: /f1tenth_ws/install/teleop_tools_msgs/share/teleop_tools_msgs/cmake/rosidl_cmake_export_typesupport_libraries-extras.cmake
[2.855s] -- Up-to-date: /f1tenth_ws/install/teleop_tools_msgs/share/teleop_tools_msgs/cmake/rosidl_cmake_export_typesupport_targets-extras.cmake
[2.855s] -- Up-to-date: /f1tenth_ws/install/teleop_tools_msgs/share/teleop_tools_msgs/cmake/teleop_tools_msgsConfig.cmake
[2.856s] -- Up-to-date: /f1tenth_ws/install/teleop_tools_msgs/share/teleop_tools_msgs/cmake/teleop_tools_msgsConfig-version.cmake
[2.867s] -- Up-to-date: /f1tenth_ws/install/teleop_tools_msgs/share/teleop_tools_msgs/package.xml
[2.896s] Invoked command in '/f1tenth_ws/build/teleop_tools_msgs' returned '0': CMAKE_PREFIX_PATH=/opt/ros/foxy /usr/bin/cmake --install /f1tenth_ws/build/teleop_tools_msgs
