[2.168s] Invoking command in '/f1tenth_ws/build/lab7_pkg': CMAKE_PREFIX_PATH=${CMAKE_PREFIX_PATH}:/f1tenth_ws/install/f1tenth_stack:/f1tenth_ws/install/joy_teleop:/f1tenth_ws/install/particle_filter:/f1tenth_ws/install/mouse_teleop:/f1tenth_ws/install/key_teleop:/opt/ros/foxy /usr/bin/cmake --build /f1tenth_ws/build/lab7_pkg -- -j6 -l6
[2.916s] [100%] Built target rrt_node
[3.032s] Invoked command in '/f1tenth_ws/build/lab7_pkg' returned '0': CMAKE_PREFIX_PATH=${CMAKE_PREFIX_PATH}:/f1tenth_ws/install/f1tenth_stack:/f1tenth_ws/install/joy_teleop:/f1tenth_ws/install/particle_filter:/f1tenth_ws/install/mouse_teleop:/f1tenth_ws/install/key_teleop:/opt/ros/foxy /usr/bin/cmake --build /f1tenth_ws/build/lab7_pkg -- -j6 -l6
[3.405s] Invoking command in '/f1tenth_ws/build/lab7_pkg': CMAKE_PREFIX_PATH=${CMAKE_PREFIX_PATH}:/f1tenth_ws/install/f1tenth_stack:/f1tenth_ws/install/joy_teleop:/f1tenth_ws/install/particle_filter:/f1tenth_ws/install/mouse_teleop:/f1tenth_ws/install/key_teleop:/opt/ros/foxy /usr/bin/cmake --install /f1tenth_ws/build/lab7_pkg
[3.486s] -- Install configuration: ""
[3.487s] -- Up-to-date: /f1tenth_ws/install/lab7_pkg/lib/lab7_pkg/rrt_node
[3.487s] -- Up-to-date: /f1tenth_ws/install/lab7_pkg/share/lab7_pkg/environment/pythonpath.sh
[3.488s] -- Up-to-date: /f1tenth_ws/install/lab7_pkg/share/lab7_pkg/environment/pythonpath.dsv
[3.488s] -- Up-to-date: /f1tenth_ws/install/lab7_pkg/lib/python3.8/site-packages/lab7_pkg
[3.488s] -- Up-to-date: /f1tenth_ws/install/lab7_pkg/lib/python3.8/site-packages/lab7_pkg/__init__.py
[3.959s] Listing '/f1tenth_ws/install/lab7_pkg/lib/python3.8/site-packages/lab7_pkg'...
[4.001s] -- Installing: /f1tenth_ws/install/lab7_pkg/lib/lab7_pkg/rrt_node.py
[4.004s] -- Up-to-date: /f1tenth_ws/install/lab7_pkg/share/ament_index/resource_index/package_run_dependencies/lab7_pkg
[4.005s] -- Up-to-date: /f1tenth_ws/install/lab7_pkg/share/ament_index/resource_index/parent_prefix_path/lab7_pkg
[4.014s] -- Up-to-date: /f1tenth_ws/install/lab7_pkg/share/lab7_pkg/environment/ament_prefix_path.sh
[4.014s] -- Up-to-date: /f1tenth_ws/install/lab7_pkg/share/lab7_pkg/environment/ament_prefix_path.dsv
[4.015s] -- Up-to-date: /f1tenth_ws/install/lab7_pkg/share/lab7_pkg/environment/path.sh
[4.016s] -- Up-to-date: /f1tenth_ws/install/lab7_pkg/share/lab7_pkg/environment/path.dsv
[4.016s] -- Up-to-date: /f1tenth_ws/install/lab7_pkg/share/lab7_pkg/local_setup.bash
[4.017s] -- Up-to-date: /f1tenth_ws/install/lab7_pkg/share/lab7_pkg/local_setup.sh
[4.017s] -- Up-to-date: /f1tenth_ws/install/lab7_pkg/share/lab7_pkg/local_setup.zsh
[4.017s] -- Up-to-date: /f1tenth_ws/install/lab7_pkg/share/lab7_pkg/local_setup.dsv
[4.018s] -- Installing: /f1tenth_ws/install/lab7_pkg/share/lab7_pkg/package.dsv
[4.018s] -- Up-to-date: /f1tenth_ws/install/lab7_pkg/share/ament_index/resource_index/packages/lab7_pkg
[4.020s] -- Up-to-date: /f1tenth_ws/install/lab7_pkg/share/lab7_pkg/cmake/lab7_pkgConfig.cmake
[4.025s] -- Up-to-date: /f1tenth_ws/install/lab7_pkg/share/lab7_pkg/cmake/lab7_pkgConfig-version.cmake
[4.025s] -- Up-to-date: /f1tenth_ws/install/lab7_pkg/share/lab7_pkg/package.xml
[5.557s] Invoked command in '/f1tenth_ws/build/lab7_pkg' returned '0': CMAKE_PREFIX_PATH=${CMAKE_PREFIX_PATH}:/f1tenth_ws/install/f1tenth_stack:/f1tenth_ws/install/joy_teleop:/f1tenth_ws/install/particle_filter:/f1tenth_ws/install/mouse_teleop:/f1tenth_ws/install/key_teleop:/opt/ros/foxy /usr/bin/cmake --install /f1tenth_ws/build/lab7_pkg
