[0.140s] Invoking command in '/f1tenth_ws/build/vesc_driver': AMENT_PREFIX_PATH=/f1tenth_ws/install/vesc_msgs:${AMENT_PREFIX_PATH} CMAKE_PREFIX_PATH=/f1tenth_ws/install/vesc_msgs:/opt/ros/foxy LD_LIBRARY_PATH=/f1tenth_ws/install/vesc_msgs/lib:/opt/ros/foxy/opt/yaml_cpp_vendor/lib:/opt/ros/foxy/opt/rviz_ogre_vendor/lib:/opt/ros/foxy/lib/aarch64-linux-gnu:/opt/ros/foxy/lib:/usr/local/cuda-10.2/targets/aarch64-linux/lib PYTHONPATH=/f1tenth_ws/install/vesc_msgs/lib/python3.8/site-packages:${PYTHONPATH} /usr/bin/cmake --build /f1tenth_ws/build/vesc_driver -- -j6 -l6
[0.558s] [ 20%] Built target vesc_driver_node
[0.640s] [ 70%] Built target vesc_driver
[0.808s] [100%] Built target vesc_device_namer
[0.861s] Invoked command in '/f1tenth_ws/build/vesc_driver' returned '0': AMENT_PREFIX_PATH=/f1tenth_ws/install/vesc_msgs:${AMENT_PREFIX_PATH} CMAKE_PREFIX_PATH=/f1tenth_ws/install/vesc_msgs:/opt/ros/foxy LD_LIBRARY_PATH=/f1tenth_ws/install/vesc_msgs/lib:/opt/ros/foxy/opt/yaml_cpp_vendor/lib:/opt/ros/foxy/opt/rviz_ogre_vendor/lib:/opt/ros/foxy/lib/aarch64-linux-gnu:/opt/ros/foxy/lib:/usr/local/cuda-10.2/targets/aarch64-linux/lib PYTHONPATH=/f1tenth_ws/install/vesc_msgs/lib/python3.8/site-packages:${PYTHONPATH} /usr/bin/cmake --build /f1tenth_ws/build/vesc_driver -- -j6 -l6
[1.191s] Invoking command in '/f1tenth_ws/build/vesc_driver': AMENT_PREFIX_PATH=/f1tenth_ws/install/vesc_msgs:${AMENT_PREFIX_PATH} CMAKE_PREFIX_PATH=/f1tenth_ws/install/vesc_msgs:/opt/ros/foxy LD_LIBRARY_PATH=/f1tenth_ws/install/vesc_msgs/lib:/opt/ros/foxy/opt/yaml_cpp_vendor/lib:/opt/ros/foxy/opt/rviz_ogre_vendor/lib:/opt/ros/foxy/lib/aarch64-linux-gnu:/opt/ros/foxy/lib:/usr/local/cuda-10.2/targets/aarch64-linux/lib PYTHONPATH=/f1tenth_ws/install/vesc_msgs/lib/python3.8/site-packages:${PYTHONPATH} /usr/bin/cmake --install /f1tenth_ws/build/vesc_driver
[1.244s] -- Install configuration: ""
[1.245s] -- Up-to-date: /f1tenth_ws/install/vesc_driver/lib/vesc_driver/vesc_driver_node
[1.248s] -- Up-to-date: /f1tenth_ws/install/vesc_driver/include
[1.251s] -- Up-to-date: /f1tenth_ws/install/vesc_driver/include/vesc_driver
[1.252s] -- Up-to-date: /f1tenth_ws/install/vesc_driver/include/vesc_driver/vesc_device_uuid_lookup.hpp
[1.252s] -- Up-to-date: /f1tenth_ws/install/vesc_driver/include/vesc_driver/vesc_packet_factory.hpp
[1.252s] -- Up-to-date: /f1tenth_ws/install/vesc_driver/include/vesc_driver/datatypes.hpp
[1.253s] -- Up-to-date: /f1tenth_ws/install/vesc_driver/include/vesc_driver/vesc_interface.hpp
[1.254s] -- Up-to-date: /f1tenth_ws/install/vesc_driver/include/vesc_driver/vesc_driver.hpp
[1.254s] -- Up-to-date: /f1tenth_ws/install/vesc_driver/include/vesc_driver/crc.hpp
[1.254s] -- Up-to-date: /f1tenth_ws/install/vesc_driver/include/vesc_driver/vesc_packet.hpp
[1.255s] -- Up-to-date: /f1tenth_ws/install/vesc_driver/share/vesc_driver/environment/library_path.sh
[1.255s] -- Up-to-date: /f1tenth_ws/install/vesc_driver/share/vesc_driver/environment/library_path.dsv
[1.257s] -- Up-to-date: /f1tenth_ws/install/vesc_driver/lib/libvesc_driver.so
[1.257s] -- Up-to-date: /f1tenth_ws/install/vesc_driver/lib/vesc_driver/vesc_device_namer
[1.263s] -- Up-to-date: /f1tenth_ws/install/vesc_driver/share/vesc_driver/launch
[1.264s] -- Up-to-date: /f1tenth_ws/install/vesc_driver/share/vesc_driver/launch/vesc_driver_node.launch.py
[1.264s] -- Up-to-date: /f1tenth_ws/install/vesc_driver/share/vesc_driver/params
[1.264s] -- Up-to-date: /f1tenth_ws/install/vesc_driver/share/vesc_driver/params/vesc_config.yaml
[1.266s] -- Up-to-date: /f1tenth_ws/install/vesc_driver/share/ament_index/resource_index/package_run_dependencies/vesc_driver
[1.269s] -- Up-to-date: /f1tenth_ws/install/vesc_driver/share/ament_index/resource_index/parent_prefix_path/vesc_driver
[1.270s] -- Up-to-date: /f1tenth_ws/install/vesc_driver/share/vesc_driver/environment/ament_prefix_path.sh
[1.271s] -- Up-to-date: /f1tenth_ws/install/vesc_driver/share/vesc_driver/environment/ament_prefix_path.dsv
[1.272s] -- Up-to-date: /f1tenth_ws/install/vesc_driver/share/vesc_driver/environment/path.sh
[1.273s] -- Up-to-date: /f1tenth_ws/install/vesc_driver/share/vesc_driver/environment/path.dsv
[1.274s] -- Up-to-date: /f1tenth_ws/install/vesc_driver/share/vesc_driver/local_setup.bash
[1.275s] -- Up-to-date: /f1tenth_ws/install/vesc_driver/share/vesc_driver/local_setup.sh
[1.275s] -- Up-to-date: /f1tenth_ws/install/vesc_driver/share/vesc_driver/local_setup.zsh
[1.276s] -- Up-to-date: /f1tenth_ws/install/vesc_driver/share/vesc_driver/local_setup.dsv
[1.277s] -- Installing: /f1tenth_ws/install/vesc_driver/share/vesc_driver/package.dsv
[1.277s] -- Up-to-date: /f1tenth_ws/install/vesc_driver/share/ament_index/resource_index/packages/vesc_driver
[1.277s] -- Up-to-date: /f1tenth_ws/install/vesc_driver/share/ament_index/resource_index/rclcpp_components/vesc_driver
[1.280s] -- Up-to-date: /f1tenth_ws/install/vesc_driver/share/vesc_driver/cmake/ament_cmake_export_dependencies-extras.cmake
[1.281s] -- Up-to-date: /f1tenth_ws/install/vesc_driver/share/vesc_driver/cmake/ament_cmake_export_include_directories-extras.cmake
[1.281s] -- Up-to-date: /f1tenth_ws/install/vesc_driver/share/vesc_driver/cmake/ament_cmake_export_libraries-extras.cmake
[1.283s] -- Up-to-date: /f1tenth_ws/install/vesc_driver/share/vesc_driver/cmake/vesc_driverConfig.cmake
[1.286s] -- Up-to-date: /f1tenth_ws/install/vesc_driver/share/vesc_driver/cmake/vesc_driverConfig-version.cmake
[1.287s] -- Up-to-date: /f1tenth_ws/install/vesc_driver/share/vesc_driver/package.xml
[1.296s] Invoked command in '/f1tenth_ws/build/vesc_driver' returned '0': AMENT_PREFIX_PATH=/f1tenth_ws/install/vesc_msgs:${AMENT_PREFIX_PATH} CMAKE_PREFIX_PATH=/f1tenth_ws/install/vesc_msgs:/opt/ros/foxy LD_LIBRARY_PATH=/f1tenth_ws/install/vesc_msgs/lib:/opt/ros/foxy/opt/yaml_cpp_vendor/lib:/opt/ros/foxy/opt/rviz_ogre_vendor/lib:/opt/ros/foxy/lib/aarch64-linux-gnu:/opt/ros/foxy/lib:/usr/local/cuda-10.2/targets/aarch64-linux/lib PYTHONPATH=/f1tenth_ws/install/vesc_msgs/lib/python3.8/site-packages:${PYTHONPATH} /usr/bin/cmake --install /f1tenth_ws/build/vesc_driver
