[0.254s] Invoking command in '/f1tenth_ws/build/ackermann_mux': CMAKE_PREFIX_PATH=${CMAKE_PREFIX_PATH}:/f1tenth_ws/install/f1tenth_stack:/f1tenth_ws/install/joy_teleop:/f1tenth_ws/install/particle_filter:/f1tenth_ws/install/mouse_teleop:/f1tenth_ws/install/key_teleop:/opt/ros/foxy /usr/bin/cmake --build /f1tenth_ws/build/ackermann_mux -- -j6 -l6
[2.639s] [100%] Built target ackermann_mux
[2.661s] Invoked command in '/f1tenth_ws/build/ackermann_mux' returned '0': CMAKE_PREFIX_PATH=${CMAKE_PREFIX_PATH}:/f1tenth_ws/install/f1tenth_stack:/f1tenth_ws/install/joy_teleop:/f1tenth_ws/install/particle_filter:/f1tenth_ws/install/mouse_teleop:/f1tenth_ws/install/key_teleop:/opt/ros/foxy /usr/bin/cmake --build /f1tenth_ws/build/ackermann_mux -- -j6 -l6
[2.910s] Invoking command in '/f1tenth_ws/build/ackermann_mux': CMAKE_PREFIX_PATH=${CMAKE_PREFIX_PATH}:/f1tenth_ws/install/f1tenth_stack:/f1tenth_ws/install/joy_teleop:/f1tenth_ws/install/particle_filter:/f1tenth_ws/install/mouse_teleop:/f1tenth_ws/install/key_teleop:/opt/ros/foxy /usr/bin/cmake --install /f1tenth_ws/build/ackermann_mux
[2.956s] -- Install configuration: ""
[2.956s] -- Up-to-date: /f1tenth_ws/install/ackermann_mux/lib/ackermann_mux/ackermann_mux
[2.957s] -- Up-to-date: /f1tenth_ws/install/ackermann_mux/share/ackermann_mux/launch
[2.958s] -- Up-to-date: /f1tenth_ws/install/ackermann_mux/share/ackermann_mux/launch/ackermann_mux_launch.py
[2.959s] -- Up-to-date: /f1tenth_ws/install/ackermann_mux/share/ackermann_mux/config
[2.959s] -- Up-to-date: /f1tenth_ws/install/ackermann_mux/share/ackermann_mux/config/ackermann_mux_locks.yaml
[2.960s] -- Up-to-date: /f1tenth_ws/install/ackermann_mux/share/ackermann_mux/config/ackermann_mux_topics.yaml
[2.962s] -- Up-to-date: /f1tenth_ws/install/ackermann_mux/share/ackermann_mux/config/joystick.yaml
[2.968s] -- Up-to-date: /f1tenth_ws/install/ackermann_mux/include
[2.971s] -- Up-to-date: /f1tenth_ws/install/ackermann_mux/include/ackermann_mux
[2.972s] -- Up-to-date: /f1tenth_ws/install/ackermann_mux/include/ackermann_mux/ackermann_mux.hpp
[2.972s] -- Up-to-date: /f1tenth_ws/install/ackermann_mux/include/ackermann_mux/topic_handle.hpp
[2.977s] -- Up-to-date: /f1tenth_ws/install/ackermann_mux/include/ackermann_mux/params_helpers.hpp
[2.978s] -- Up-to-date: /f1tenth_ws/install/ackermann_mux/include/ackermann_mux/utils.hpp
[2.978s] -- Up-to-date: /f1tenth_ws/install/ackermann_mux/include/ackermann_mux/ackermann_mux_diagnostics.hpp
[2.979s] -- Up-to-date: /f1tenth_ws/install/ackermann_mux/include/ackermann_mux/ackermann_mux_diagnostics_status.hpp
[2.979s] -- Up-to-date: /f1tenth_ws/install/ackermann_mux/share/ament_index/resource_index/package_run_dependencies/ackermann_mux
[2.979s] -- Up-to-date: /f1tenth_ws/install/ackermann_mux/share/ament_index/resource_index/parent_prefix_path/ackermann_mux
[2.980s] -- Up-to-date: /f1tenth_ws/install/ackermann_mux/share/ackermann_mux/environment/ament_prefix_path.sh
[2.980s] -- Up-to-date: /f1tenth_ws/install/ackermann_mux/share/ackermann_mux/environment/ament_prefix_path.dsv
[2.980s] -- Up-to-date: /f1tenth_ws/install/ackermann_mux/share/ackermann_mux/environment/path.sh
[2.981s] -- Up-to-date: /f1tenth_ws/install/ackermann_mux/share/ackermann_mux/environment/path.dsv
[2.981s] -- Up-to-date: /f1tenth_ws/install/ackermann_mux/share/ackermann_mux/local_setup.bash
[2.994s] -- Up-to-date: /f1tenth_ws/install/ackermann_mux/share/ackermann_mux/local_setup.sh
[2.994s] -- Up-to-date: /f1tenth_ws/install/ackermann_mux/share/ackermann_mux/local_setup.zsh
[2.995s] -- Up-to-date: /f1tenth_ws/install/ackermann_mux/share/ackermann_mux/local_setup.dsv
[2.995s] -- Installing: /f1tenth_ws/install/ackermann_mux/share/ackermann_mux/package.dsv
[2.996s] -- Up-to-date: /f1tenth_ws/install/ackermann_mux/share/ament_index/resource_index/packages/ackermann_mux
[2.996s] -- Up-to-date: /f1tenth_ws/install/ackermann_mux/share/ackermann_mux/cmake/ament_cmake_export_include_directories-extras.cmake
[2.998s] -- Up-to-date: /f1tenth_ws/install/ackermann_mux/share/ackermann_mux/cmake/ament_cmake_export_dependencies-extras.cmake
[3.000s] -- Up-to-date: /f1tenth_ws/install/ackermann_mux/share/ackermann_mux/cmake/ackermann_muxConfig.cmake
[3.000s] -- Up-to-date: /f1tenth_ws/install/ackermann_mux/share/ackermann_mux/cmake/ackermann_muxConfig-version.cmake
[3.001s] -- Up-to-date: /f1tenth_ws/install/ackermann_mux/share/ackermann_mux/package.xml
[3.004s] Invoked command in '/f1tenth_ws/build/ackermann_mux' returned '0': CMAKE_PREFIX_PATH=${CMAKE_PREFIX_PATH}:/f1tenth_ws/install/f1tenth_stack:/f1tenth_ws/install/joy_teleop:/f1tenth_ws/install/particle_filter:/f1tenth_ws/install/mouse_teleop:/f1tenth_ws/install/key_teleop:/opt/ros/foxy /usr/bin/cmake --install /f1tenth_ws/build/ackermann_mux
