[0.161s] Invoking command in '/f1tenth_ws/build/ackermann_mux': CMAKE_PREFIX_PATH=/opt/ros/foxy /usr/bin/cmake /f1tenth_ws/src/f1tenth_system/ackermann_mux -DCMAKE_INSTALL_PREFIX=/f1tenth_ws/install/ackermann_mux
[1.348s] -- The C compiler identification is GNU 8.4.0
[3.704s] -- The CXX compiler identification is GNU 8.4.0
[3.704s] -- Check for working C compiler: /usr/bin/cc
[3.706s] -- Check for working C compiler: /usr/bin/cc -- works
[3.707s] -- Detecting C compiler ABI info
[3.708s] -- Detecting C compiler ABI info - done
[3.755s] -- Detecting C compile features
[3.756s] -- Detecting C compile features - done
[3.770s] -- Check for working CXX compiler: /usr/bin/c++
[4.749s] -- Check for working CXX compiler: /usr/bin/c++ -- works
[4.753s] -- Detecting CXX compiler ABI info
[5.789s] -- Detecting CXX compiler ABI info - done
[5.865s] -- Detecting CXX compile features
[5.868s] -- Detecting CXX compile features - done
[5.881s] -- Found ament_cmake: 0.9.9 (/opt/ros/foxy/share/ament_cmake/cmake)
[6.148s] -- Found PythonInterp: /usr/bin/python3 (found suitable version "3.8.10", minimum required is "3") 
[6.149s] -- Using PYTHON_EXECUTABLE: /usr/bin/python3
[7.186s] -- Found rclcpp: 2.4.0 (/opt/ros/foxy/share/rclcpp/cmake)
[7.365s] -- Using all available rosidl_typesupport_c: rosidl_typesupport_fastrtps_c;rosidl_typesupport_introspection_c
[7.391s] -- Found rosidl_adapter: 1.2.1 (/opt/ros/foxy/share/rosidl_adapter/cmake)
[8.261s] -- Found OpenSSL: /usr/lib/aarch64-linux-gnu/libcrypto.so (found version "1.1.1f")  
[8.370s] -- Found FastRTPS: /opt/ros/foxy/include  
[8.719s] -- Using all available rosidl_typesupport_cpp: rosidl_typesupport_fastrtps_cpp;rosidl_typesupport_introspection_cpp
[9.014s] -- Found rmw_implementation_cmake: 1.0.3 (/opt/ros/foxy/share/rmw_implementation_cmake/cmake)
[9.021s] -- Using RMW implementation 'rmw_fastrtps_cpp' as default
[9.025s] -- Looking for pthread.h
[9.950s] -- Looking for pthread.h - found
[9.951s] -- Performing Test CMAKE_HAVE_LIBC_PTHREAD
[10.958s] -- Performing Test CMAKE_HAVE_LIBC_PTHREAD - Failed
[10.959s] -- Looking for pthread_create in pthreads
[11.861s] -- Looking for pthread_create in pthreads - not found
[11.863s] -- Looking for pthread_create in pthread
[12.811s] -- Looking for pthread_create in pthread - found
[12.818s] -- Found Threads: TRUE  
[13.697s] -- Found ackermann_msgs: 2.0.2 (/opt/ros/foxy/share/ackermann_msgs/cmake)
[13.902s] -- Found diagnostic_updater: 2.0.8 (/opt/ros/foxy/share/diagnostic_updater/cmake)
[14.394s] -- Found ament_lint_auto: 0.9.6 (/opt/ros/foxy/share/ament_lint_auto/cmake)
[14.933s] -- Found python_cmake_module: 0.8.1 (/opt/ros/foxy/share/python_cmake_module/cmake)
[15.184s] -- Found PythonInterp: /usr/bin/python3 (found suitable version "3.8.10", minimum required is "3.5") 
[15.206s] -- Found PythonLibs: /usr/lib/aarch64-linux-gnu/libpython3.8.so (found suitable version "3.8.10", minimum required is "3.5") 
[15.207s] -- Using PYTHON_EXECUTABLE: /usr/bin/python3
[15.208s] -- Using PYTHON_INCLUDE_DIRS: /usr/include/python3.8
[15.208s] -- Using PYTHON_LIBRARIES: /usr/lib/aarch64-linux-gnu/libpython3.8.so
[15.465s] -- Found PythonExtra: .so  
[15.504s] -- Added test 'xmllint' to check XML markup files
[15.507s] -- Added test 'copyright' to check source files copyright and LICENSE
[15.513s] -- Added test 'cppcheck' to perform static code analysis on C / C++ code
[15.515s] -- Configured cppcheck include dirs: /f1tenth_ws/src/f1tenth_system/ackermann_mux/include
[15.516s] -- Configured cppcheck exclude dirs and/or files: 
[15.520s] -- Added test 'cpplint' to check C / C++ code against the Google style
[15.521s] -- Configured cpplint exclude dirs and/or files: 
[15.522s] -- Added test 'flake8' to check Python code syntax and style conventions
[15.524s] -- Added test 'lint_cmake' to check CMake code style
[15.526s] -- Added test 'pep257' to check Python code against some of the style conventions in PEP 257
[15.531s] -- Added test 'uncrustify' to check C / C++ code style
[15.532s] -- Configured uncrustify additional arguments: 
[15.545s] -- Configuring done
[15.639s] -- Generating done
[15.647s] -- Build files have been written to: /f1tenth_ws/build/ackermann_mux
[15.673s] Invoked command in '/f1tenth_ws/build/ackermann_mux' returned '0': CMAKE_PREFIX_PATH=/opt/ros/foxy /usr/bin/cmake /f1tenth_ws/src/f1tenth_system/ackermann_mux -DCMAKE_INSTALL_PREFIX=/f1tenth_ws/install/ackermann_mux
[15.677s] Invoking command in '/f1tenth_ws/build/ackermann_mux': CMAKE_PREFIX_PATH=/opt/ros/foxy /usr/bin/cmake --build /f1tenth_ws/build/ackermann_mux -- -j24 -l24
[16.368s] Scanning dependencies of target ackermann_mux
[16.540s] [ 25%] Building CXX object CMakeFiles/ackermann_mux.dir/src/ackermann_mux_node.cpp.o
[16.542s] [ 50%] Building CXX object CMakeFiles/ackermann_mux.dir/src/ackermann_mux.cpp.o
[16.543s] [ 75%] Building CXX object CMakeFiles/ackermann_mux.dir/src/ackermann_mux_diagnostics.cpp.o
[47.838s] [100%] Linking CXX executable ackermann_mux
[49.454s] [100%] Built target ackermann_mux
[49.544s] Invoked command in '/f1tenth_ws/build/ackermann_mux' returned '0': CMAKE_PREFIX_PATH=/opt/ros/foxy /usr/bin/cmake --build /f1tenth_ws/build/ackermann_mux -- -j24 -l24
[50.192s] Invoking command in '/f1tenth_ws/build/ackermann_mux': CMAKE_PREFIX_PATH=/opt/ros/foxy /usr/bin/cmake --install /f1tenth_ws/build/ackermann_mux
[50.280s] -- Install configuration: ""
[50.283s] -- Installing: /f1tenth_ws/install/ackermann_mux/lib/ackermann_mux/ackermann_mux
[50.293s] -- Set runtime path of "/f1tenth_ws/install/ackermann_mux/lib/ackermann_mux/ackermann_mux" to ""
[50.294s] -- Installing: /f1tenth_ws/install/ackermann_mux/share/ackermann_mux/launch
[50.296s] -- Installing: /f1tenth_ws/install/ackermann_mux/share/ackermann_mux/launch/ackermann_mux_launch.py
[50.298s] -- Installing: /f1tenth_ws/install/ackermann_mux/share/ackermann_mux/config
[50.299s] -- Installing: /f1tenth_ws/install/ackermann_mux/share/ackermann_mux/config/ackermann_mux_topics.yaml
[50.300s] -- Installing: /f1tenth_ws/install/ackermann_mux/share/ackermann_mux/config/ackermann_mux_locks.yaml
[50.301s] -- Installing: /f1tenth_ws/install/ackermann_mux/share/ackermann_mux/config/joystick.yaml
[50.303s] -- Installing: /f1tenth_ws/install/ackermann_mux/include
[50.303s] -- Installing: /f1tenth_ws/install/ackermann_mux/include/ackermann_mux
[50.304s] -- Installing: /f1tenth_ws/install/ackermann_mux/include/ackermann_mux/utils.hpp
[50.304s] -- Installing: /f1tenth_ws/install/ackermann_mux/include/ackermann_mux/topic_handle.hpp
[50.305s] -- Installing: /f1tenth_ws/install/ackermann_mux/include/ackermann_mux/ackermann_mux_diagnostics.hpp
[50.305s] -- Installing: /f1tenth_ws/install/ackermann_mux/include/ackermann_mux/ackermann_mux.hpp
[50.306s] -- Installing: /f1tenth_ws/install/ackermann_mux/include/ackermann_mux/params_helpers.hpp
[50.306s] -- Installing: /f1tenth_ws/install/ackermann_mux/include/ackermann_mux/ackermann_mux_diagnostics_status.hpp
[50.307s] -- Installing: /f1tenth_ws/install/ackermann_mux/share/ament_index/resource_index/package_run_dependencies/ackermann_mux
[50.307s] -- Installing: /f1tenth_ws/install/ackermann_mux/share/ament_index/resource_index/parent_prefix_path/ackermann_mux
[50.308s] -- Installing: /f1tenth_ws/install/ackermann_mux/share/ackermann_mux/environment/ament_prefix_path.sh
[50.308s] -- Installing: /f1tenth_ws/install/ackermann_mux/share/ackermann_mux/environment/ament_prefix_path.dsv
[50.309s] -- Installing: /f1tenth_ws/install/ackermann_mux/share/ackermann_mux/environment/path.sh
[50.309s] -- Installing: /f1tenth_ws/install/ackermann_mux/share/ackermann_mux/environment/path.dsv
[50.310s] -- Installing: /f1tenth_ws/install/ackermann_mux/share/ackermann_mux/local_setup.bash
[50.310s] -- Installing: /f1tenth_ws/install/ackermann_mux/share/ackermann_mux/local_setup.sh
[50.311s] -- Installing: /f1tenth_ws/install/ackermann_mux/share/ackermann_mux/local_setup.zsh
[50.312s] -- Installing: /f1tenth_ws/install/ackermann_mux/share/ackermann_mux/local_setup.dsv
[50.314s] -- Installing: /f1tenth_ws/install/ackermann_mux/share/ackermann_mux/package.dsv
[50.320s] -- Installing: /f1tenth_ws/install/ackermann_mux/share/ament_index/resource_index/packages/ackermann_mux
[50.320s] -- Installing: /f1tenth_ws/install/ackermann_mux/share/ackermann_mux/cmake/ament_cmake_export_include_directories-extras.cmake
[50.321s] -- Installing: /f1tenth_ws/install/ackermann_mux/share/ackermann_mux/cmake/ament_cmake_export_dependencies-extras.cmake
[50.322s] -- Installing: /f1tenth_ws/install/ackermann_mux/share/ackermann_mux/cmake/ackermann_muxConfig.cmake
[50.322s] -- Installing: /f1tenth_ws/install/ackermann_mux/share/ackermann_mux/cmake/ackermann_muxConfig-version.cmake
[50.323s] -- Installing: /f1tenth_ws/install/ackermann_mux/share/ackermann_mux/package.xml
[50.324s] Invoked command in '/f1tenth_ws/build/ackermann_mux' returned '0': CMAKE_PREFIX_PATH=/opt/ros/foxy /usr/bin/cmake --install /f1tenth_ws/build/ackermann_mux
