[0.114s] Invoking command in '/f1tenth_ws/build/vesc_ackermann': AMENT_PREFIX_PATH=/f1tenth_ws/install/vesc_msgs:${AMENT_PREFIX_PATH} CMAKE_PREFIX_PATH=/f1tenth_ws/install/vesc_msgs:/opt/ros/foxy LD_LIBRARY_PATH=/f1tenth_ws/install/vesc_msgs/lib:/opt/ros/foxy/opt/yaml_cpp_vendor/lib:/opt/ros/foxy/opt/rviz_ogre_vendor/lib:/opt/ros/foxy/lib/aarch64-linux-gnu:/opt/ros/foxy/lib:/usr/local/cuda-10.2/targets/aarch64-linux/lib PYTHONPATH=/f1tenth_ws/install/vesc_msgs/lib/python3.8/site-packages:${PYTHONPATH} /usr/bin/cmake --build /f1tenth_ws/build/vesc_ackermann -- -j6 -l6
[0.420s] [ 28%] Built target vesc_to_odom_node
[0.443s] [ 71%] Built target vesc_ackermann
[0.474s] [100%] Built target ackermann_to_vesc_node
[0.522s] Invoked command in '/f1tenth_ws/build/vesc_ackermann' returned '0': AMENT_PREFIX_PATH=/f1tenth_ws/install/vesc_msgs:${AMENT_PREFIX_PATH} CMAKE_PREFIX_PATH=/f1tenth_ws/install/vesc_msgs:/opt/ros/foxy LD_LIBRARY_PATH=/f1tenth_ws/install/vesc_msgs/lib:/opt/ros/foxy/opt/yaml_cpp_vendor/lib:/opt/ros/foxy/opt/rviz_ogre_vendor/lib:/opt/ros/foxy/lib/aarch64-linux-gnu:/opt/ros/foxy/lib:/usr/local/cuda-10.2/targets/aarch64-linux/lib PYTHONPATH=/f1tenth_ws/install/vesc_msgs/lib/python3.8/site-packages:${PYTHONPATH} /usr/bin/cmake --build /f1tenth_ws/build/vesc_ackermann -- -j6 -l6
[0.668s] Invoking command in '/f1tenth_ws/build/vesc_ackermann': AMENT_PREFIX_PATH=/f1tenth_ws/install/vesc_msgs:${AMENT_PREFIX_PATH} CMAKE_PREFIX_PATH=/f1tenth_ws/install/vesc_msgs:/opt/ros/foxy LD_LIBRARY_PATH=/f1tenth_ws/install/vesc_msgs/lib:/opt/ros/foxy/opt/yaml_cpp_vendor/lib:/opt/ros/foxy/opt/rviz_ogre_vendor/lib:/opt/ros/foxy/lib/aarch64-linux-gnu:/opt/ros/foxy/lib:/usr/local/cuda-10.2/targets/aarch64-linux/lib PYTHONPATH=/f1tenth_ws/install/vesc_msgs/lib/python3.8/site-packages:${PYTHONPATH} /usr/bin/cmake --install /f1tenth_ws/build/vesc_ackermann
[0.708s] -- Install configuration: ""
[0.709s] -- Up-to-date: /f1tenth_ws/install/vesc_ackermann/lib/vesc_ackermann/ackermann_to_vesc_node
[0.710s] -- Up-to-date: /f1tenth_ws/install/vesc_ackermann/lib/vesc_ackermann/vesc_to_odom_node
[0.713s] -- Up-to-date: /f1tenth_ws/install/vesc_ackermann/include
[0.713s] -- Up-to-date: /f1tenth_ws/install/vesc_ackermann/include/vesc_ackermann
[0.713s] -- Up-to-date: /f1tenth_ws/install/vesc_ackermann/include/vesc_ackermann/vesc_to_odom.hpp
[0.714s] -- Up-to-date: /f1tenth_ws/install/vesc_ackermann/include/vesc_ackermann/ackermann_to_vesc.hpp
[0.715s] -- Up-to-date: /f1tenth_ws/install/vesc_ackermann/share/vesc_ackermann/environment/library_path.sh
[0.715s] -- Up-to-date: /f1tenth_ws/install/vesc_ackermann/share/vesc_ackermann/environment/library_path.dsv
[0.716s] -- Up-to-date: /f1tenth_ws/install/vesc_ackermann/lib/libvesc_ackermann.so
[0.717s] -- Up-to-date: /f1tenth_ws/install/vesc_ackermann/share/vesc_ackermann/launch
[0.717s] -- Up-to-date: /f1tenth_ws/install/vesc_ackermann/share/vesc_ackermann/launch/vesc_to_odom_node.launch.xml
[0.718s] -- Up-to-date: /f1tenth_ws/install/vesc_ackermann/share/vesc_ackermann/launch/ackermann_to_vesc_node.launch.xml
[0.718s] -- Up-to-date: /f1tenth_ws/install/vesc_ackermann/share/ament_index/resource_index/package_run_dependencies/vesc_ackermann
[0.719s] -- Up-to-date: /f1tenth_ws/install/vesc_ackermann/share/ament_index/resource_index/parent_prefix_path/vesc_ackermann
[0.719s] -- Up-to-date: /f1tenth_ws/install/vesc_ackermann/share/vesc_ackermann/environment/ament_prefix_path.sh
[0.720s] -- Up-to-date: /f1tenth_ws/install/vesc_ackermann/share/vesc_ackermann/environment/ament_prefix_path.dsv
[0.720s] -- Up-to-date: /f1tenth_ws/install/vesc_ackermann/share/vesc_ackermann/environment/path.sh
[0.721s] -- Up-to-date: /f1tenth_ws/install/vesc_ackermann/share/vesc_ackermann/environment/path.dsv
[0.721s] -- Up-to-date: /f1tenth_ws/install/vesc_ackermann/share/vesc_ackermann/local_setup.bash
[0.722s] -- Up-to-date: /f1tenth_ws/install/vesc_ackermann/share/vesc_ackermann/local_setup.sh
[0.722s] -- Up-to-date: /f1tenth_ws/install/vesc_ackermann/share/vesc_ackermann/local_setup.zsh
[0.723s] -- Up-to-date: /f1tenth_ws/install/vesc_ackermann/share/vesc_ackermann/local_setup.dsv
[0.723s] -- Installing: /f1tenth_ws/install/vesc_ackermann/share/vesc_ackermann/package.dsv
[0.723s] -- Up-to-date: /f1tenth_ws/install/vesc_ackermann/share/ament_index/resource_index/packages/vesc_ackermann
[0.727s] -- Up-to-date: /f1tenth_ws/install/vesc_ackermann/share/ament_index/resource_index/rclcpp_components/vesc_ackermann
[0.728s] -- Up-to-date: /f1tenth_ws/install/vesc_ackermann/share/vesc_ackermann/cmake/ament_cmake_export_dependencies-extras.cmake
[0.731s] -- Up-to-date: /f1tenth_ws/install/vesc_ackermann/share/vesc_ackermann/cmake/ament_cmake_export_include_directories-extras.cmake
[0.735s] -- Up-to-date: /f1tenth_ws/install/vesc_ackermann/share/vesc_ackermann/cmake/ament_cmake_export_libraries-extras.cmake
[0.742s] -- Up-to-date: /f1tenth_ws/install/vesc_ackermann/share/vesc_ackermann/cmake/vesc_ackermannConfig.cmake
[0.745s] -- Up-to-date: /f1tenth_ws/install/vesc_ackermann/share/vesc_ackermann/cmake/vesc_ackermannConfig-version.cmake
[0.756s] -- Up-to-date: /f1tenth_ws/install/vesc_ackermann/share/vesc_ackermann/package.xml
[0.760s] Invoked command in '/f1tenth_ws/build/vesc_ackermann' returned '0': AMENT_PREFIX_PATH=/f1tenth_ws/install/vesc_msgs:${AMENT_PREFIX_PATH} CMAKE_PREFIX_PATH=/f1tenth_ws/install/vesc_msgs:/opt/ros/foxy LD_LIBRARY_PATH=/f1tenth_ws/install/vesc_msgs/lib:/opt/ros/foxy/opt/yaml_cpp_vendor/lib:/opt/ros/foxy/opt/rviz_ogre_vendor/lib:/opt/ros/foxy/lib/aarch64-linux-gnu:/opt/ros/foxy/lib:/usr/local/cuda-10.2/targets/aarch64-linux/lib PYTHONPATH=/f1tenth_ws/install/vesc_msgs/lib/python3.8/site-packages:${PYTHONPATH} /usr/bin/cmake --install /f1tenth_ws/build/vesc_ackermann
