[1.187s] Invoking command in '/f1tenth_ws/src/f1tenth_system/teleop_tools/joy_teleop': AMENT_PREFIX_PATH=/f1tenth_ws/install/teleop_tools_msgs:${AMENT_PREFIX_PATH} CMAKE_PREFIX_PATH=/f1tenth_ws/install/teleop_tools_msgs LD_LIBRARY_PATH=/f1tenth_ws/install/teleop_tools_msgs/lib:/opt/ros/foxy/opt/yaml_cpp_vendor/lib:/opt/ros/foxy/opt/rviz_ogre_vendor/lib:/opt/ros/foxy/lib/aarch64-linux-gnu:/opt/ros/foxy/lib:/usr/local/cuda-10.2/targets/aarch64-linux/lib PYTHONPATH=/f1tenth_ws/install/joy_teleop/lib/python3.8/site-packages:/f1tenth_ws/install/teleop_tools_msgs/lib/python3.8/site-packages:${PYTHONPATH} /usr/bin/python3 setup.py egg_info --egg-base ../../../../build/joy_teleop build --build-base /f1tenth_ws/build/joy_teleop/build install --prefix /f1tenth_ws/install/joy_teleop --record /f1tenth_ws/build/joy_teleop/install.log --single-version-externally-managed
[2.089s] running egg_info
[2.092s] writing ../../../../build/joy_teleop/joy_teleop.egg-info/PKG-INFO
[2.093s] writing dependency_links to ../../../../build/joy_teleop/joy_teleop.egg-info/dependency_links.txt
[2.095s] writing entry points to ../../../../build/joy_teleop/joy_teleop.egg-info/entry_points.txt
[2.096s] writing requirements to ../../../../build/joy_teleop/joy_teleop.egg-info/requires.txt
[2.097s] writing top-level names to ../../../../build/joy_teleop/joy_teleop.egg-info/top_level.txt
[2.274s] reading manifest file '../../../../build/joy_teleop/joy_teleop.egg-info/SOURCES.txt'
[2.278s] writing manifest file '../../../../build/joy_teleop/joy_teleop.egg-info/SOURCES.txt'
[2.279s] running build
[2.279s] running build_py
[2.286s] running install
[2.288s] running install_lib
[2.293s] running install_data
[2.308s] running install_egg_info
[2.308s] removing '/f1tenth_ws/install/joy_teleop/lib/python3.8/site-packages/joy_teleop-0.3.0-py3.8.egg-info' (and everything under it)
[2.309s] Copying ../../../../build/joy_teleop/joy_teleop.egg-info to /f1tenth_ws/install/joy_teleop/lib/python3.8/site-packages/joy_teleop-0.3.0-py3.8.egg-info
[2.309s] running install_scripts
[2.381s] Installing incrementer_server script to /f1tenth_ws/install/joy_teleop/lib/joy_teleop
[2.385s] Installing joy_teleop script to /f1tenth_ws/install/joy_teleop/lib/joy_teleop
[2.386s] writing list of installed files to '/f1tenth_ws/build/joy_teleop/install.log'
[2.480s] Invoked command in '/f1tenth_ws/src/f1tenth_system/teleop_tools/joy_teleop' returned '0': AMENT_PREFIX_PATH=/f1tenth_ws/install/teleop_tools_msgs:${AMENT_PREFIX_PATH} CMAKE_PREFIX_PATH=/f1tenth_ws/install/teleop_tools_msgs LD_LIBRARY_PATH=/f1tenth_ws/install/teleop_tools_msgs/lib:/opt/ros/foxy/opt/yaml_cpp_vendor/lib:/opt/ros/foxy/opt/rviz_ogre_vendor/lib:/opt/ros/foxy/lib/aarch64-linux-gnu:/opt/ros/foxy/lib:/usr/local/cuda-10.2/targets/aarch64-linux/lib PYTHONPATH=/f1tenth_ws/install/joy_teleop/lib/python3.8/site-packages:/f1tenth_ws/install/teleop_tools_msgs/lib/python3.8/site-packages:${PYTHONPATH} /usr/bin/python3 setup.py egg_info --egg-base ../../../../build/joy_teleop build --build-base /f1tenth_ws/build/joy_teleop/build install --prefix /f1tenth_ws/install/joy_teleop --record /f1tenth_ws/build/joy_teleop/install.log --single-version-externally-managed
